<?xml version="1.0" encoding="UTF-8"?>
<coverage generated="1631641926873" clover="3.2.0">
  <project timestamp="1631641926873" name="All files">
    <metrics statements="851" coveredstatements="730" conditionals="396" coveredconditionals="260" methods="192" coveredmethods="163" elements="1439" coveredelements="1153" complexity="0" loc="851" ncloc="851" packages="11" files="36" classes="36"/>
    <package name="src">
      <metrics statements="191" coveredstatements="178" conditionals="84" coveredconditionals="59" methods="38" coveredmethods="33"/>
      <file name="RouterBuilder.ts" path="/Users/marcus.haddon/Documents/me/eighty/src/RouterBuilder.ts">
        <metrics statements="117" coveredstatements="110" conditionals="52" coveredconditionals="40" methods="22" coveredmethods="20"/>
        <line num="1" count="8" type="stmt"/>
        <line num="2" count="8" type="stmt"/>
        <line num="3" count="8" type="stmt"/>
        <line num="6" count="8" type="stmt"/>
        <line num="8" count="8" type="stmt"/>
        <line num="9" count="8" type="stmt"/>
        <line num="10" count="8" type="stmt"/>
        <line num="11" count="8" type="stmt"/>
        <line num="12" count="8" type="stmt"/>
        <line num="13" count="8" type="stmt"/>
        <line num="14" count="8" type="stmt"/>
        <line num="15" count="8" type="stmt"/>
        <line num="16" count="8" type="stmt"/>
        <line num="17" count="8" type="stmt"/>
        <line num="19" count="8" type="stmt"/>
        <line num="21" count="8" type="stmt"/>
        <line num="22" count="8" type="stmt"/>
        <line num="23" count="8" type="stmt"/>
        <line num="24" count="8" type="stmt"/>
        <line num="25" count="8" type="stmt"/>
        <line num="26" count="8" type="stmt"/>
        <line num="37" count="8" type="stmt"/>
        <line num="38" count="11" type="stmt"/>
        <line num="40" count="11" type="stmt"/>
        <line num="46" count="11" type="stmt"/>
        <line num="47" count="11" type="stmt"/>
        <line num="53" count="11" type="stmt"/>
        <line num="54" count="11" type="cond" truecount="1" falsecount="1"/>
        <line num="57" count="16" type="stmt"/>
        <line num="58" count="16" type="cond" truecount="2" falsecount="0"/>
        <line num="60" count="15" type="stmt"/>
        <line num="61" count="15" type="cond" truecount="1" falsecount="1"/>
        <line num="63" count="15" type="stmt"/>
        <line num="66" count="11" type="stmt"/>
        <line num="67" count="16" type="stmt"/>
        <line num="69" count="11" type="stmt"/>
        <line num="70" count="5" type="stmt"/>
        <line num="72" count="11" type="stmt"/>
        <line num="82" count="11" type="stmt"/>
        <line num="84" count="11" type="stmt"/>
        <line num="85" count="11" type="stmt"/>
        <line num="87" count="50" type="stmt"/>
        <line num="88" count="50" type="stmt"/>
        <line num="92" count="11" type="stmt"/>
        <line num="93" count="11" type="stmt"/>
        <line num="95" count="11" type="stmt"/>
        <line num="97" count="11" type="stmt"/>
        <line num="105" count="16" type="stmt"/>
        <line num="109" count="16" type="stmt"/>
        <line num="111" count="28" type="stmt"/>
        <line num="115" count="16" type="stmt"/>
        <line num="122" count="8" type="stmt"/>
        <line num="123" count="28" type="stmt"/>
        <line num="124" count="28" type="cond" truecount="3" falsecount="1"/>
        <line num="126" count="28" type="stmt"/>
        <line num="127" count="28" type="stmt"/>
        <line num="129" count="28" type="cond" truecount="5" falsecount="1"/>
        <line num="130" count="11" type="stmt"/>
        <line num="133" count="28" type="cond" truecount="5" falsecount="1"/>
        <line num="134" count="2" type="stmt"/>
        <line num="135" count="2" type="stmt"/>
        <line num="138" count="28" type="cond" truecount="2" falsecount="0"/>
        <line num="139" count="27" type="stmt"/>
        <line num="140" count="27" type="stmt"/>
        <line num="141" count="27" type="stmt"/>
        <line num="144" count="28" type="stmt"/>
        <line num="146" count="28" type="stmt"/>
        <line num="151" count="28" type="stmt"/>
        <line num="154" count="28" type="cond" truecount="4" falsecount="0"/>
        <line num="156" count="28" type="cond" truecount="2" falsecount="0"/>
        <line num="157" count="3" type="stmt"/>
        <line num="161" count="28" type="stmt"/>
        <line num="162" count="57" type="cond" truecount="2" falsecount="0"/>
        <line num="163" count="57" type="stmt"/>
        <line num="164" count="57" type="stmt"/>
        <line num="166" count="57" type="cond" truecount="2" falsecount="0"/>
        <line num="167" count="8" type="stmt"/>
        <line num="168" count="0" type="stmt"/>
        <line num="171" count="49" type="stmt"/>
        <line num="174" count="28" type="stmt"/>
        <line num="176" count="28" type="stmt"/>
        <line num="183" count="8" type="stmt"/>
        <line num="184" count="11" type="stmt"/>
        <line num="187" count="8" type="stmt"/>
        <line num="188" count="3" type="cond" truecount="1" falsecount="1"/>
        <line num="189" count="0" type="stmt"/>
        <line num="192" count="3" type="cond" truecount="1" falsecount="1"/>
        <line num="193" count="3" type="cond" truecount="1" falsecount="1"/>
        <line num="194" count="3" type="stmt"/>
        <line num="197" count="8" type="stmt"/>
        <line num="198" count="3" type="stmt"/>
        <line num="199" count="3" type="cond" truecount="1" falsecount="1"/>
        <line num="200" count="0" type="stmt"/>
        <line num="203" count="3" type="stmt"/>
        <line num="205" count="3" type="stmt"/>
        <line num="207" count="3" type="cond" truecount="3" falsecount="1"/>
        <line num="208" count="0" type="stmt"/>
        <line num="211" count="3" type="stmt"/>
        <line num="213" count="3" type="stmt"/>
        <line num="214" count="3" type="stmt"/>
        <line num="219" count="3" type="stmt"/>
        <line num="222" count="3" type="stmt"/>
        <line num="226" count="8" type="stmt"/>
        <line num="229" count="8" type="stmt"/>
        <line num="230" count="0" type="stmt"/>
        <line num="231" count="0" type="stmt"/>
        <line num="234" count="0" type="stmt"/>
        <line num="237" count="8" type="stmt"/>
        <line num="238" count="28" type="stmt"/>
        <line num="247" count="28" type="cond" truecount="1" falsecount="1"/>
        <line num="250" count="8" type="stmt"/>
        <line num="251" count="12" type="stmt"/>
        <line num="252" count="21" type="stmt"/>
        <line num="255" count="12" type="stmt"/>
        <line num="259" count="8" type="stmt"/>
        <line num="260" count="27" type="stmt"/>
        <line num="267" count="27" type="cond" truecount="2" falsecount="0"/>
      </file>
      <file name="buildResourceSchemas.ts" path="/Users/marcus.haddon/Documents/me/eighty/src/buildResourceSchemas.ts">
        <metrics statements="32" coveredstatements="30" conditionals="14" coveredconditionals="10" methods="4" coveredmethods="4"/>
        <line num="1" count="8" type="stmt"/>
        <line num="2" count="8" type="stmt"/>
        <line num="3" count="8" type="stmt"/>
        <line num="4" count="8" type="stmt"/>
        <line num="7" count="8" type="stmt"/>
        <line num="8" count="15" type="stmt"/>
        <line num="10" count="15" type="stmt"/>
        <line num="12" count="15" type="stmt"/>
        <line num="14" count="15" type="stmt"/>
        <line num="18" count="8" type="stmt"/>
        <line num="19" count="42" type="cond" truecount="1" falsecount="1"/>
        <line num="21" count="42" type="cond" truecount="4" falsecount="0"/>
        <line num="22" count="25" type="stmt"/>
        <line num="23" count="17" type="cond" truecount="1" falsecount="1"/>
        <line num="24" count="17" type="stmt"/>
        <line num="25" count="0" type="stmt"/>
        <line num="27" count="42" type="stmt"/>
        <line num="30" count="8" type="stmt"/>
        <line num="31" count="25" type="stmt"/>
        <line num="32" count="25" type="stmt"/>
        <line num="34" count="25" type="stmt"/>
        <line num="37" count="8" type="stmt"/>
        <line num="39" count="8" type="stmt"/>
        <line num="40" count="17" type="cond" truecount="1" falsecount="1"/>
        <line num="42" count="17" type="stmt"/>
        <line num="44" count="17" type="cond" truecount="2" falsecount="0"/>
        <line num="46" count="2" type="stmt"/>
        <line num="48" count="2" type="stmt"/>
        <line num="50" count="2" type="cond" truecount="1" falsecount="1"/>
        <line num="51" count="0" type="stmt"/>
        <line num="54" count="2" type="stmt"/>
        <line num="56" count="2" type="stmt"/>
      </file>
      <file name="eighty.ts" path="/Users/marcus.haddon/Documents/me/eighty/src/eighty.ts">
        <metrics statements="19" coveredstatements="15" conditionals="6" coveredconditionals="3" methods="3" coveredmethods="2"/>
        <line num="1" count="8" type="stmt"/>
        <line num="2" count="8" type="stmt"/>
        <line num="5" count="8" type="stmt"/>
        <line num="6" count="8" type="stmt"/>
        <line num="24" count="8" type="stmt"/>
        <line num="27" count="8" type="stmt"/>
        <line num="28" count="6" type="stmt"/>
        <line num="30" count="6" type="stmt"/>
        <line num="33" count="8" type="stmt"/>
        <line num="35" count="11" type="cond" truecount="2" falsecount="0"/>
        <line num="36" count="5" type="stmt"/>
        <line num="37" count="6" type="cond" truecount="1" falsecount="1"/>
        <line num="38" count="6" type="stmt"/>
        <line num="39" count="0" type="cond" truecount="0" falsecount="2"/>
        <line num="40" count="0" type="stmt"/>
        <line num="41" count="0" type="stmt"/>
        <line num="43" count="0" type="stmt"/>
        <line num="46" count="11" type="stmt"/>
        <line num="51" count="11" type="stmt"/>
      </file>
      <file name="errors.ts" path="/Users/marcus.haddon/Documents/me/eighty/src/errors.ts">
        <metrics statements="21" coveredstatements="21" conditionals="12" coveredconditionals="6" methods="6" coveredmethods="6"/>
        <line num="1" count="8" type="stmt"/>
        <line num="2" count="3" type="stmt"/>
        <line num="3" count="3" type="stmt"/>
        <line num="4" count="3" type="cond" truecount="1" falsecount="1"/>
        <line num="5" count="3" type="cond" truecount="1" falsecount="1"/>
        <line num="6" count="3" type="stmt"/>
        <line num="8" count="8" type="stmt"/>
        <line num="10" count="8" type="stmt"/>
        <line num="11" count="4" type="stmt"/>
        <line num="12" count="4" type="stmt"/>
        <line num="13" count="4" type="cond" truecount="1" falsecount="1"/>
        <line num="14" count="4" type="cond" truecount="1" falsecount="1"/>
        <line num="15" count="4" type="stmt"/>
        <line num="17" count="8" type="stmt"/>
        <line num="19" count="8" type="stmt"/>
        <line num="20" count="2" type="stmt"/>
        <line num="21" count="2" type="stmt"/>
        <line num="23" count="2" type="cond" truecount="1" falsecount="1"/>
        <line num="24" count="2" type="cond" truecount="1" falsecount="1"/>
        <line num="25" count="2" type="stmt"/>
        <line num="27" count="8" type="stmt"/>
      </file>
      <file name="index.ts" path="/Users/marcus.haddon/Documents/me/eighty/src/index.ts">
        <metrics statements="2" coveredstatements="2" conditionals="0" coveredconditionals="0" methods="3" coveredmethods="1"/>
        <line num="1" count="4" type="stmt"/>
        <line num="2" count="1" type="stmt"/>
      </file>
    </package>
    <package name="src.auth">
      <metrics statements="72" coveredstatements="56" conditionals="38" coveredconditionals="17" methods="27" coveredmethods="18"/>
      <file name="authentication.ts" path="/Users/marcus.haddon/Documents/me/eighty/src/auth/authentication.ts">
        <metrics statements="5" coveredstatements="5" conditionals="2" coveredconditionals="2" methods="1" coveredmethods="1"/>
        <line num="3" count="8" type="stmt"/>
        <line num="4" count="34" type="cond" truecount="2" falsecount="0"/>
        <line num="5" count="6" type="stmt"/>
        <line num="6" count="6" type="stmt"/>
        <line num="9" count="28" type="stmt"/>
      </file>
      <file name="authorization.ts" path="/Users/marcus.haddon/Documents/me/eighty/src/auth/authorization.ts">
        <metrics statements="66" coveredstatements="50" conditionals="36" coveredconditionals="15" methods="26" coveredmethods="17"/>
        <line num="6" count="8" type="stmt"/>
        <line num="21" count="8" type="stmt"/>
        <line num="23" count="0" type="stmt"/>
        <line num="24" count="0" type="stmt"/>
        <line num="25" count="0" type="cond" truecount="0" falsecount="2"/>
        <line num="27" count="0" type="cond" truecount="0" falsecount="2"/>
        <line num="31" count="8" type="stmt"/>
        <line num="33" count="1" type="stmt"/>
        <line num="35" count="1" type="stmt"/>
        <line num="36" count="1" type="cond" truecount="1" falsecount="1"/>
        <line num="38" count="1" type="cond" truecount="2" falsecount="0"/>
        <line num="42" count="8" type="stmt"/>
        <line num="43" count="2" type="stmt"/>
        <line num="46" count="8" type="stmt"/>
        <line num="47" count="0" type="stmt"/>
        <line num="50" count="8" type="stmt"/>
        <line num="57" count="8" type="cond" truecount="0" falsecount="2"/>
        <line num="58" count="8" type="cond" truecount="0" falsecount="2"/>
        <line num="61" count="8" type="stmt"/>
        <line num="66" count="0" type="cond" truecount="0" falsecount="2"/>
        <line num="67" count="0" type="stmt"/>
        <line num="69" count="0" type="stmt"/>
        <line num="70" count="0" type="stmt"/>
        <line num="71" count="0" type="stmt"/>
        <line num="74" count="0" type="stmt"/>
        <line num="76" count="0" type="stmt"/>
        <line num="79" count="8" type="stmt"/>
        <line num="84" count="3" type="cond" truecount="1" falsecount="1"/>
        <line num="85" count="3" type="stmt"/>
        <line num="87" count="3" type="stmt"/>
        <line num="88" count="3" type="stmt"/>
        <line num="89" count="3" type="stmt"/>
        <line num="92" count="3" type="stmt"/>
        <line num="94" count="3" type="stmt"/>
        <line num="97" count="8" type="stmt"/>
        <line num="98" count="2" type="cond" truecount="1" falsecount="1"/>
        <line num="99" count="2" type="cond" truecount="1" falsecount="1"/>
        <line num="101" count="2" type="stmt"/>
        <line num="102" count="2" type="stmt"/>
        <line num="103" count="2" type="stmt"/>
        <line num="105" count="2" type="stmt"/>
        <line num="106" count="3" type="cond" truecount="2" falsecount="0"/>
        <line num="107" count="1" type="stmt"/>
        <line num="108" count="1" type="stmt"/>
        <line num="109" count="1" type="cond" truecount="1" falsecount="1"/>
        <line num="110" count="1" type="stmt"/>
        <line num="111" count="1" type="cond" truecount="1" falsecount="1"/>
        <line num="112" count="0" type="stmt"/>
        <line num="114" count="1" type="stmt"/>
        <line num="117" count="1" type="cond" truecount="1" falsecount="1"/>
        <line num="118" count="1" type="stmt"/>
        <line num="119" count="1" type="stmt"/>
        <line num="121" count="0" type="stmt"/>
        <line num="124" count="2" type="cond" truecount="1" falsecount="1"/>
        <line num="125" count="0" type="stmt"/>
        <line num="128" count="2" type="stmt"/>
        <line num="129" count="2" type="stmt"/>
        <line num="130" count="2" type="cond" truecount="1" falsecount="1"/>
        <line num="133" count="2" type="cond" truecount="1" falsecount="1"/>
        <line num="134" count="0" type="stmt"/>
        <line num="136" count="2" type="stmt"/>
        <line num="139" count="2" type="cond" truecount="1" falsecount="1"/>
        <line num="140" count="2" type="stmt"/>
        <line num="141" count="2" type="stmt"/>
        <line num="145" count="2" type="stmt"/>
        <line num="148" count="2" type="stmt"/>
      </file>
      <file name="index.ts" path="/Users/marcus.haddon/Documents/me/eighty/src/auth/index.ts">
        <metrics statements="1" coveredstatements="1" conditionals="0" coveredconditionals="0" methods="0" coveredmethods="0"/>
        <line num="1" count="8" type="stmt"/>
      </file>
    </package>
    <package name="src.const">
      <metrics statements="2" coveredstatements="2" conditionals="0" coveredconditionals="0" methods="0" coveredmethods="0"/>
      <file name="operations.ts" path="/Users/marcus.haddon/Documents/me/eighty/src/const/operations.ts">
        <metrics statements="2" coveredstatements="2" conditionals="0" coveredconditionals="0" methods="0" coveredmethods="0"/>
        <line num="11" count="8" type="stmt"/>
        <line num="21" count="8" type="stmt"/>
      </file>
    </package>
    <package name="src.db">
      <metrics statements="129" coveredstatements="106" conditionals="79" coveredconditionals="54" methods="20" coveredmethods="18"/>
      <file name="db.ts" path="/Users/marcus.haddon/Documents/me/eighty/src/db/db.ts">
        <metrics statements="7" coveredstatements="7" conditionals="0" coveredconditionals="0" methods="3" coveredmethods="3"/>
        <line num="4" count="8" type="stmt"/>
        <line num="7" count="8" type="stmt"/>
        <line num="29" count="8" type="stmt"/>
        <line num="30" count="11" type="stmt"/>
        <line num="33" count="8" type="stmt"/>
        <line num="34" count="7" type="stmt"/>
        <line num="36" count="4" type="stmt"/>
      </file>
      <file name="mongodb.ts" path="/Users/marcus.haddon/Documents/me/eighty/src/db/mongodb.ts">
        <metrics statements="122" coveredstatements="99" conditionals="79" coveredconditionals="54" methods="17" coveredmethods="15"/>
        <line num="1" count="7" type="stmt"/>
        <line num="3" count="7" type="stmt"/>
        <line num="7" count="7" type="stmt"/>
        <line num="9" count="7" type="stmt"/>
        <line num="13" count="7" type="stmt"/>
        <line num="14" count="4" type="stmt"/>
        <line num="21" count="4" type="stmt"/>
        <line num="22" count="4" type="cond" truecount="2" falsecount="0"/>
        <line num="23" count="4" type="cond" truecount="1" falsecount="1"/>
        <line num="26" count="7" type="stmt"/>
        <line num="27" count="63" type="cond" truecount="2" falsecount="0"/>
        <line num="28" count="3" type="stmt"/>
        <line num="29" count="3" type="stmt"/>
        <line num="30" count="3" type="stmt"/>
        <line num="33" count="7" type="stmt"/>
        <line num="34" count="8" type="cond" truecount="5" falsecount="0"/>
        <line num="37" count="7" type="stmt"/>
        <line num="38" count="13" type="stmt"/>
        <line num="39" count="13" type="cond" truecount="1" falsecount="1"/>
        <line num="40" count="13" type="cond" truecount="1" falsecount="1"/>
        <line num="41" count="13" type="stmt"/>
        <line num="42" count="13" type="cond" truecount="2" falsecount="0"/>
        <line num="43" count="13" type="cond" truecount="1" falsecount="1"/>
        <line num="45" count="26" type="cond" truecount="1" falsecount="0"/>
        <line num="47" count="13" type="stmt"/>
        <line num="49" count="13" type="cond" truecount="3" falsecount="1"/>
        <line num="53" count="13" type="cond" truecount="2" falsecount="0"/>
        <line num="54" count="2" type="cond" truecount="2" falsecount="0"/>
        <line num="55" count="2" type="cond" truecount="3" falsecount="1"/>
        <line num="59" count="13" type="stmt"/>
        <line num="63" count="13" type="cond" truecount="3" falsecount="1"/>
        <line num="64" count="13" type="cond" truecount="1" falsecount="1"/>
        <line num="65" count="33" type="stmt"/>
        <line num="66" count="33" type="stmt"/>
        <line num="67" count="33" type="stmt"/>
        <line num="70" count="13" type="stmt"/>
        <line num="72" count="13" type="stmt"/>
        <line num="79" count="7" type="stmt"/>
        <line num="80" count="52" type="cond" truecount="1" falsecount="0"/>
        <line num="82" count="26" type="stmt"/>
        <line num="86" count="26" type="cond" truecount="1" falsecount="1"/>
        <line num="90" count="26" type="stmt"/>
        <line num="91" count="26" type="stmt"/>
        <line num="93" count="26" type="stmt"/>
        <line num="96" count="7" type="stmt"/>
        <line num="97" count="0" type="cond" truecount="0" falsecount="1"/>
        <line num="101" count="0" type="stmt"/>
        <line num="105" count="0" type="stmt"/>
        <line num="108" count="0" type="stmt"/>
        <line num="109" count="0" type="stmt"/>
        <line num="112" count="0" type="stmt"/>
        <line num="114" count="0" type="stmt"/>
        <line num="115" count="0" type="stmt"/>
        <line num="116" count="0" type="stmt"/>
        <line num="119" count="7" type="stmt"/>
        <line num="120" count="26" type="cond" truecount="1" falsecount="0"/>
        <line num="123" count="13" type="stmt"/>
        <line num="125" count="13" type="stmt"/>
        <line num="126" count="16" type="stmt"/>
        <line num="127" count="16" type="stmt"/>
        <line num="128" count="16" type="stmt"/>
        <line num="130" count="2" type="cond" truecount="2" falsecount="0"/>
        <line num="131" count="1" type="stmt"/>
        <line num="132" count="1" type="stmt"/>
        <line num="136" count="11" type="stmt"/>
        <line num="137" count="11" type="cond" truecount="1" falsecount="1"/>
        <line num="138" count="11" type="stmt"/>
        <line num="139" count="11" type="cond" truecount="2" falsecount="0"/>
        <line num="140" count="2" type="stmt"/>
        <line num="141" count="3" type="stmt"/>
        <line num="143" count="2" type="stmt"/>
        <line num="147" count="18" type="stmt"/>
        <line num="149" count="9" type="stmt"/>
        <line num="152" count="7" type="stmt"/>
        <line num="153" count="18" type="cond" truecount="1" falsecount="0"/>
        <line num="155" count="9" type="stmt"/>
        <line num="162" count="7" type="stmt"/>
        <line num="163" count="0" type="cond" truecount="0" falsecount="1"/>
        <line num="165" count="0" type="stmt"/>
        <line num="168" count="7" type="stmt"/>
        <line num="170" count="7" type="stmt"/>
        <line num="171" count="13" type="cond" truecount="1" falsecount="1"/>
        <line num="173" count="13" type="stmt"/>
        <line num="174" count="13" type="stmt"/>
        <line num="176" count="13" type="stmt"/>
        <line num="178" count="13" type="stmt"/>
        <line num="179" count="8" type="cond" truecount="2" falsecount="0"/>
        <line num="180" count="1" type="stmt"/>
        <line num="181" count="7" type="cond" truecount="1" falsecount="1"/>
        <line num="182" count="0" type="stmt"/>
        <line num="183" count="7" type="cond" truecount="1" falsecount="1"/>
        <line num="184" count="0" type="stmt"/>
        <line num="185" count="7" type="cond" truecount="1" falsecount="1"/>
        <line num="186" count="7" type="stmt"/>
        <line num="187" count="7" type="cond" truecount="1" falsecount="1"/>
        <line num="188" count="7" type="stmt"/>
        <line num="190" count="0" type="stmt"/>
        <line num="193" count="0" type="stmt"/>
        <line num="197" count="13" type="cond" truecount="1" falsecount="1"/>
        <line num="198" count="0" type="stmt"/>
        <line num="201" count="13" type="stmt"/>
        <line num="204" count="7" type="stmt"/>
        <line num="205" count="1" type="cond" truecount="1" falsecount="1"/>
        <line num="206" count="1" type="stmt"/>
        <line num="207" count="2" type="cond" truecount="1" falsecount="1"/>
        <line num="208" count="0" type="stmt"/>
        <line num="209" count="2" type="stmt"/>
        <line num="212" count="1" type="stmt"/>
        <line num="213" count="0" type="cond" truecount="0" falsecount="2"/>
        <line num="214" count="0" type="stmt"/>
        <line num="215" count="0" type="cond" truecount="0" falsecount="2"/>
        <line num="216" count="0" type="stmt"/>
        <line num="218" count="0" type="stmt"/>
        <line num="222" count="7" type="stmt"/>
        <line num="223" count="7" type="stmt"/>
        <line num="224" count="7" type="cond" truecount="1" falsecount="1"/>
        <line num="225" count="0" type="stmt"/>
        <line num="228" count="7" type="stmt"/>
        <line num="229" count="7" type="cond" truecount="4" falsecount="0"/>
        <line num="230" count="1" type="stmt"/>
        <line num="233" count="7" type="stmt"/>
        <line num="236" count="7" type="stmt"/>
      </file>
    </package>
    <package name="src.documentation">
      <metrics statements="131" coveredstatements="99" conditionals="62" coveredconditionals="38" methods="36" coveredmethods="31"/>
      <file name="buildChecklist.ts" path="/Users/marcus.haddon/Documents/me/eighty/src/documentation/buildChecklist.ts">
        <metrics statements="29" coveredstatements="5" conditionals="11" coveredconditionals="0" methods="4" coveredmethods="0"/>
        <line num="4" count="8" type="stmt"/>
        <line num="6" count="0" type="stmt"/>
        <line num="7" count="0" type="stmt"/>
        <line num="9" count="0" type="stmt"/>
        <line num="15" count="8" type="stmt"/>
        <line num="18" count="0" type="stmt"/>
        <line num="20" count="0" type="stmt"/>
        <line num="21" count="0" type="stmt"/>
        <line num="22" count="0" type="stmt"/>
        <line num="24" count="0" type="stmt"/>
        <line num="25" count="0" type="stmt"/>
        <line num="26" count="0" type="stmt"/>
        <line num="28" count="0" type="stmt"/>
        <line num="31" count="0" type="stmt"/>
        <line num="38" count="8" type="stmt"/>
        <line num="39" count="0" type="cond" truecount="0" falsecount="2"/>
        <line num="40" count="0" type="stmt"/>
        <line num="42" count="0" type="stmt"/>
        <line num="43" count="0" type="stmt"/>
        <line num="44" count="0" type="stmt"/>
        <line num="47" count="0" type="stmt"/>
        <line num="50" count="8" type="stmt"/>
        <line num="51" count="0" type="cond" truecount="0" falsecount="2"/>
        <line num="52" count="0" type="stmt"/>
        <line num="53" count="0" type="cond" truecount="0" falsecount="4"/>
        <line num="54" count="0" type="stmt"/>
        <line num="58" count="0" type="stmt"/>
        <line num="63" count="0" type="stmt"/>
        <line num="66" count="8" type="stmt"/>
      </file>
      <file name="buildDocs.ts" path="/Users/marcus.haddon/Documents/me/eighty/src/documentation/buildDocs.ts">
        <metrics statements="100" coveredstatements="92" conditionals="51" coveredconditionals="38" methods="30" coveredmethods="30"/>
        <line num="6" count="8" type="stmt"/>
        <line num="10" count="8" type="stmt"/>
        <line num="11" count="8" type="stmt"/>
        <line num="14" count="8" type="stmt"/>
        <line num="15" count="11" type="stmt"/>
        <line num="24" count="11" type="stmt"/>
        <line num="27" count="8" type="stmt"/>
        <line num="28" count="11" type="stmt"/>
        <line num="29" count="16" type="cond" truecount="1" falsecount="1"/>
        <line num="31" count="16" type="stmt"/>
        <line num="32" count="28" type="stmt"/>
        <line num="37" count="16" type="stmt"/>
        <line num="39" count="11" type="stmt"/>
        <line num="41" count="28" type="stmt"/>
        <line num="42" count="84" type="stmt"/>
        <line num="43" count="28" type="stmt"/>
        <line num="49" count="28" type="cond" truecount="2" falsecount="0"/>
        <line num="50" count="20" type="stmt"/>
        <line num="54" count="8" type="stmt"/>
        <line num="58" count="11" type="stmt"/>
        <line num="61" count="8" type="stmt"/>
        <line num="66" count="28" type="stmt"/>
        <line num="68" count="28" type="cond" truecount="2" falsecount="0"/>
        <line num="69" count="170" type="stmt"/>
        <line num="76" count="28" type="stmt"/>
        <line num="77" count="28" type="stmt"/>
        <line num="78" count="28" type="stmt"/>
        <line num="80" count="28" type="stmt"/>
        <line num="81" count="28" type="stmt"/>
        <line num="82" count="28" type="stmt"/>
        <line num="83" count="28" type="stmt"/>
        <line num="85" count="28" type="stmt"/>
        <line num="94" count="112" type="stmt"/>
        <line num="95" count="112" type="stmt"/>
        <line num="100" count="28" type="stmt"/>
        <line num="101" count="18" type="stmt"/>
        <line num="112" count="28" type="stmt"/>
        <line num="114" count="28" type="stmt"/>
        <line num="123" count="8" type="stmt"/>
        <line num="124" count="28" type="stmt"/>
        <line num="125" count="28" type="cond" truecount="4" falsecount="0"/>
        <line num="126" count="11" type="stmt"/>
        <line num="129" count="28" type="cond" truecount="2" falsecount="0"/>
        <line num="130" count="2" type="cond" truecount="1" falsecount="1"/>
        <line num="131" count="2" type="stmt"/>
        <line num="132" count="2" type="cond" truecount="1" falsecount="1"/>
        <line num="134" count="2" type="stmt"/>
        <line num="136" count="1" type="stmt"/>
        <line num="138" count="0" type="stmt"/>
        <line num="140" count="1" type="stmt"/>
        <line num="142" count="0" type="stmt"/>
        <line num="144" count="0" type="stmt"/>
        <line num="148" count="2" type="cond" truecount="1" falsecount="1"/>
        <line num="149" count="2" type="stmt"/>
        <line num="151" count="0" type="cond" truecount="0" falsecount="2"/>
        <line num="152" count="0" type="cond" truecount="0" falsecount="2"/>
        <line num="154" count="0" type="stmt"/>
        <line num="155" count="0" type="stmt"/>
        <line num="158" count="0" type="stmt"/>
        <line num="162" count="28" type="stmt"/>
        <line num="165" count="8" type="stmt"/>
        <line num="166" count="23" type="cond" truecount="3" falsecount="0"/>
        <line num="169" count="8" type="stmt"/>
        <line num="183" count="8" type="stmt"/>
        <line num="185" count="3" type="stmt"/>
        <line num="205" count="8" type="stmt"/>
        <line num="211" count="5" type="stmt"/>
        <line num="213" count="5" type="cond" truecount="1" falsecount="1"/>
        <line num="214" count="5" type="stmt"/>
        <line num="216" count="5" type="stmt"/>
        <line num="217" count="5" type="stmt"/>
        <line num="218" count="62" type="stmt"/>
        <line num="224" count="5" type="stmt"/>
        <line num="225" count="30" type="stmt"/>
        <line num="226" count="143" type="cond" truecount="3" falsecount="0"/>
        <line num="227" count="143" type="stmt"/>
        <line num="230" count="30" type="stmt"/>
        <line num="232" count="5" type="stmt"/>
        <line num="234" count="30" type="stmt"/>
        <line num="235" count="30" type="stmt"/>
        <line num="236" count="170" type="stmt"/>
        <line num="242" count="30" type="stmt"/>
        <line num="244" count="5" type="stmt"/>
        <line num="247" count="24" type="stmt"/>
        <line num="253" count="8" type="stmt"/>
        <line num="258" count="32" type="stmt"/>
        <line num="267" count="32" type="stmt"/>
        <line num="284" count="8" type="stmt"/>
        <line num="298" count="5" type="stmt"/>
        <line num="322" count="3" type="stmt"/>
        <line num="330" count="2" type="stmt"/>
        <line num="335" count="8" type="stmt"/>
        <line num="354" count="8" type="stmt"/>
        <line num="361" count="554" type="stmt"/>
        <line num="365" count="554" type="cond" truecount="2" falsecount="0"/>
        <line num="367" count="340" type="stmt"/>
        <line num="368" count="340" type="stmt"/>
        <line num="369" count="340" type="stmt"/>
        <line num="370" count="340" type="stmt"/>
        <line num="373" count="340" type="stmt"/>
      </file>
      <file name="index.ts" path="/Users/marcus.haddon/Documents/me/eighty/src/documentation/index.ts">
        <metrics statements="2" coveredstatements="2" conditionals="0" coveredconditionals="0" methods="2" coveredmethods="1"/>
        <line num="1" count="19" type="stmt"/>
        <line num="2" count="8" type="stmt"/>
      </file>
    </package>
    <package name="src.fixtures">
      <metrics statements="40" coveredstatements="35" conditionals="9" coveredconditionals="5" methods="11" coveredmethods="8"/>
      <file name="index.ts" path="/Users/marcus.haddon/Documents/me/eighty/src/fixtures/index.ts">
        <metrics statements="23" coveredstatements="23" conditionals="5" coveredconditionals="3" methods="7" coveredmethods="7"/>
        <line num="1" count="3" type="stmt"/>
        <line num="3" count="3" type="stmt"/>
        <line num="5" count="3" type="stmt"/>
        <line num="58" count="3" type="stmt"/>
        <line num="59" count="60" type="stmt"/>
        <line num="71" count="6" type="stmt"/>
        <line num="72" count="3" type="cond" truecount="1" falsecount="1"/>
        <line num="73" count="3" type="stmt"/>
        <line num="74" count="3" type="stmt"/>
        <line num="77" count="6" type="cond" truecount="1" falsecount="0"/>
        <line num="78" count="6" type="stmt"/>
        <line num="79" count="6" type="stmt"/>
        <line num="81" count="18" type="stmt"/>
        <line num="82" count="18" type="stmt"/>
        <line num="84" count="60" type="stmt"/>
        <line num="85" count="60" type="stmt"/>
        <line num="87" count="3" type="stmt"/>
        <line num="89" count="6" type="stmt"/>
        <line num="90" count="3" type="cond" truecount="1" falsecount="1"/>
        <line num="91" count="6" type="stmt"/>
        <line num="92" count="6" type="stmt"/>
        <line num="93" count="6" type="stmt"/>
        <line num="94" count="6" type="stmt"/>
      </file>
      <file name="mockAuth.ts" path="/Users/marcus.haddon/Documents/me/eighty/src/fixtures/mockAuth.ts">
        <metrics statements="16" coveredstatements="11" conditionals="4" coveredconditionals="2" methods="4" coveredmethods="1"/>
        <line num="3" count="8" type="stmt"/>
        <line num="7" count="8" type="stmt"/>
        <line num="11" count="8" type="stmt"/>
        <line num="15" count="8" type="stmt"/>
        <line num="20" count="8" type="stmt"/>
        <line num="26" count="8" type="stmt"/>
        <line num="27" count="71" type="cond" truecount="2" falsecount="0"/>
        <line num="28" count="71" type="stmt"/>
        <line num="35" count="71" type="stmt"/>
        <line num="37" count="71" type="stmt"/>
        <line num="40" count="8" type="stmt"/>
        <line num="41" count="0" type="cond" truecount="0" falsecount="2"/>
        <line num="42" count="0" type="stmt"/>
        <line num="43" count="0" type="stmt"/>
        <line num="45" count="0" type="stmt"/>
        <line num="46" count="0" type="stmt"/>
      </file>
      <file name="mockDb.ts" path="/Users/marcus.haddon/Documents/me/eighty/src/fixtures/mockDb.ts">
        <metrics statements="1" coveredstatements="1" conditionals="0" coveredconditionals="0" methods="0" coveredmethods="0"/>
        <line num="3" count="8" type="stmt"/>
      </file>
    </package>
    <package name="src.logging">
      <metrics statements="24" coveredstatements="22" conditionals="6" coveredconditionals="3" methods="10" coveredmethods="8"/>
      <file name="Logger.ts" path="/Users/marcus.haddon/Documents/me/eighty/src/logging/Logger.ts">
        <metrics statements="15" coveredstatements="13" conditionals="6" coveredconditionals="3" methods="7" coveredmethods="5"/>
        <line num="3" count="8" type="stmt"/>
        <line num="5" count="72" type="cond" truecount="1" falsecount="1"/>
        <line num="6" count="72" type="stmt"/>
        <line num="9" count="8" type="stmt"/>
        <line num="10" count="0" type="stmt"/>
        <line num="13" count="32" type="cond" truecount="1" falsecount="1"/>
        <line num="14" count="16" type="stmt"/>
        <line num="17" count="8" type="stmt"/>
        <line num="18" count="0" type="stmt"/>
        <line num="21" count="8" type="stmt"/>
        <line num="22" count="144" type="stmt"/>
        <line num="25" count="8" type="stmt"/>
        <line num="28" count="16" type="cond" truecount="1" falsecount="1"/>
        <line num="30" count="16" type="stmt"/>
        <line num="37" count="8" type="stmt"/>
      </file>
      <file name="buildInitLoggerMW.ts" path="/Users/marcus.haddon/Documents/me/eighty/src/logging/buildInitLoggerMW.ts">
        <metrics statements="9" coveredstatements="9" conditionals="0" coveredconditionals="0" methods="3" coveredmethods="3"/>
        <line num="2" count="8" type="stmt"/>
        <line num="5" count="8" type="stmt"/>
        <line num="7" count="8" type="stmt"/>
        <line num="8" count="72" type="stmt"/>
        <line num="9" count="72" type="stmt"/>
        <line num="18" count="72" type="stmt"/>
        <line num="19" count="72" type="stmt"/>
        <line num="21" count="72" type="stmt"/>
        <line num="22" count="72" type="stmt"/>
      </file>
    </package>
    <package name="src.ops">
      <metrics statements="100" coveredstatements="76" conditionals="34" coveredconditionals="16" methods="19" coveredmethods="18"/>
      <file name="buildCreateOp.ts" path="/Users/marcus.haddon/Documents/me/eighty/src/ops/buildCreateOp.ts">
        <metrics statements="20" coveredstatements="15" conditionals="4" coveredconditionals="3" methods="3" coveredmethods="3"/>
        <line num="7" count="8" type="stmt"/>
        <line num="8" count="5" type="stmt"/>
        <line num="9" count="5" type="stmt"/>
        <line num="14" count="5" type="stmt"/>
        <line num="15" count="4" type="stmt"/>
        <line num="16" count="4" type="stmt"/>
        <line num="18" count="4" type="cond" truecount="1" falsecount="1"/>
        <line num="19" count="0" type="stmt"/>
        <line num="20" count="0" type="stmt"/>
        <line num="22" count="0" type="stmt"/>
        <line num="23" count="0" type="stmt"/>
        <line num="27" count="0" type="stmt"/>
        <line num="31" count="4" type="stmt"/>
        <line num="32" count="4" type="cond" truecount="2" falsecount="0"/>
        <line num="33" count="3" type="stmt"/>
        <line num="36" count="4" type="stmt"/>
        <line num="38" count="4" type="stmt"/>
        <line num="39" count="4" type="stmt"/>
        <line num="41" count="4" type="stmt"/>
        <line num="44" count="5" type="stmt"/>
      </file>
      <file name="buildDeleteOp.ts" path="/Users/marcus.haddon/Documents/me/eighty/src/ops/buildDeleteOp.ts">
        <metrics statements="11" coveredstatements="8" conditionals="4" coveredconditionals="0" methods="3" coveredmethods="3"/>
        <line num="4" count="8" type="stmt"/>
        <line num="5" count="2" type="stmt"/>
        <line num="6" count="2" type="stmt"/>
        <line num="7" count="2" type="stmt"/>
        <line num="10" count="4" type="stmt"/>
        <line num="12" count="0" type="stmt"/>
        <line num="13" count="0" type="cond" truecount="0" falsecount="2"/>
        <line num="16" count="0" type="stmt"/>
        <line num="19" count="2" type="stmt"/>
        <line num="21" count="2" type="stmt"/>
        <line num="24" count="2" type="stmt"/>
      </file>
      <file name="buildGetOneOp.ts" path="/Users/marcus.haddon/Documents/me/eighty/src/ops/buildGetOneOp.ts">
        <metrics statements="19" coveredstatements="14" conditionals="4" coveredconditionals="2" methods="3" coveredmethods="3"/>
        <line num="5" count="8" type="stmt"/>
        <line num="6" count="11" type="stmt"/>
        <line num="7" count="11" type="stmt"/>
        <line num="12" count="20" type="stmt"/>
        <line num="13" count="20" type="stmt"/>
        <line num="17" count="20" type="stmt"/>
        <line num="19" count="3" type="stmt"/>
        <line num="20" count="3" type="stmt"/>
        <line num="24" count="3" type="stmt"/>
        <line num="27" count="17" type="cond" truecount="1" falsecount="1"/>
        <line num="28" count="0" type="stmt"/>
        <line num="29" count="0" type="stmt"/>
        <line num="31" count="0" type="stmt"/>
        <line num="32" count="0" type="stmt"/>
        <line num="36" count="0" type="stmt"/>
        <line num="40" count="17" type="stmt"/>
        <line num="41" count="17" type="stmt"/>
        <line num="43" count="17" type="stmt"/>
        <line num="46" count="11" type="stmt"/>
      </file>
      <file name="buildListOp.ts" path="/Users/marcus.haddon/Documents/me/eighty/src/ops/buildListOp.ts">
        <metrics statements="21" coveredstatements="13" conditionals="8" coveredconditionals="3" methods="4" coveredmethods="3"/>
        <line num="7" count="8" type="stmt"/>
        <line num="8" count="5" type="stmt"/>
        <line num="9" count="5" type="stmt"/>
        <line num="14" count="14" type="stmt"/>
        <line num="15" count="14" type="stmt"/>
        <line num="23" count="14" type="stmt"/>
        <line num="34" count="14" type="stmt"/>
        <line num="36" count="0" type="stmt"/>
        <line num="37" count="0" type="cond" truecount="0" falsecount="2"/>
        <line num="39" count="0" type="stmt"/>
        <line num="42" count="14" type="stmt"/>
        <line num="44" count="14" type="cond" truecount="1" falsecount="1"/>
        <line num="45" count="0" type="stmt"/>
        <line num="46" count="0" type="stmt"/>
        <line num="48" count="0" type="stmt"/>
        <line num="49" count="0" type="cond" truecount="0" falsecount="2"/>
        <line num="51" count="0" type="stmt"/>
        <line num="55" count="14" type="stmt"/>
        <line num="56" count="14" type="stmt"/>
        <line num="58" count="14" type="stmt"/>
        <line num="61" count="5" type="stmt"/>
      </file>
      <file name="buildReplaceOp.ts" path="/Users/marcus.haddon/Documents/me/eighty/src/ops/buildReplaceOp.ts">
        <metrics statements="11" coveredstatements="8" conditionals="8" coveredconditionals="4" methods="3" coveredmethods="3"/>
        <line num="4" count="8" type="stmt"/>
        <line num="5" count="3" type="stmt"/>
        <line num="6" count="3" type="stmt"/>
        <line num="7" count="3" type="stmt"/>
        <line num="10" count="6" type="cond" truecount="4" falsecount="0"/>
        <line num="12" count="0" type="stmt"/>
        <line num="13" count="0" type="cond" truecount="0" falsecount="2"/>
        <line num="16" count="0" type="stmt"/>
        <line num="20" count="3" type="stmt"/>
        <line num="22" count="3" type="stmt"/>
        <line num="25" count="2" type="stmt"/>
      </file>
      <file name="buildupdateOp.ts" path="/Users/marcus.haddon/Documents/me/eighty/src/ops/buildupdateOp.ts">
        <metrics statements="18" coveredstatements="18" conditionals="6" coveredconditionals="4" methods="3" coveredmethods="3"/>
        <line num="8" count="8" type="stmt"/>
        <line num="9" count="15" type="stmt"/>
        <line num="10" count="15" type="stmt"/>
        <line num="12" count="15" type="cond" truecount="2" falsecount="0"/>
        <line num="14" count="2" type="stmt"/>
        <line num="15" count="2" type="stmt"/>
        <line num="16" count="2" type="stmt"/>
        <line num="18" count="2" type="stmt"/>
        <line num="19" count="2" type="stmt"/>
        <line num="22" count="2" type="stmt"/>
        <line num="28" count="13" type="stmt"/>
        <line num="35" count="3" type="stmt"/>
        <line num="36" count="3" type="cond" truecount="1" falsecount="1"/>
        <line num="39" count="3" type="stmt"/>
        <line num="42" count="10" type="stmt"/>
        <line num="43" count="10" type="stmt"/>
        <line num="45" count="10" type="stmt"/>
        <line num="48" count="3" type="stmt"/>
      </file>
    </package>
    <package name="src.types">
      <metrics statements="25" coveredstatements="23" conditionals="0" coveredconditionals="0" methods="2" coveredmethods="0"/>
      <file name="authorization.ts" path="/Users/marcus.haddon/Documents/me/eighty/src/types/authorization.ts">
        <metrics statements="11" coveredstatements="9" conditionals="0" coveredconditionals="0" methods="2" coveredmethods="0"/>
        <line num="1" count="8" type="stmt"/>
        <line num="3" count="8" type="stmt"/>
        <line num="9" count="8" type="stmt"/>
        <line num="15" count="8" type="stmt"/>
        <line num="20" count="8" type="stmt"/>
        <line num="26" count="8" type="stmt"/>
        <line num="35" count="8" type="stmt"/>
        <line num="38" count="8" type="stmt"/>
        <line num="39" count="0" type="stmt"/>
        <line num="40" count="0" type="stmt"/>
        <line num="43" count="8" type="stmt"/>
      </file>
      <file name="database.ts" path="/Users/marcus.haddon/Documents/me/eighty/src/types/database.ts">
        <metrics statements="2" coveredstatements="2" conditionals="0" coveredconditionals="0" methods="0" coveredmethods="0"/>
        <line num="1" count="8" type="stmt"/>
        <line num="3" count="8" type="stmt"/>
      </file>
      <file name="operation.ts" path="/Users/marcus.haddon/Documents/me/eighty/src/types/operation.ts">
        <metrics statements="5" coveredstatements="5" conditionals="0" coveredconditionals="0" methods="0" coveredmethods="0"/>
        <line num="1" count="8" type="stmt"/>
        <line num="2" count="8" type="stmt"/>
        <line num="4" count="8" type="stmt"/>
        <line num="16" count="8" type="stmt"/>
        <line num="26" count="8" type="stmt"/>
      </file>
      <file name="resource.ts" path="/Users/marcus.haddon/Documents/me/eighty/src/types/resource.ts">
        <metrics statements="3" coveredstatements="3" conditionals="0" coveredconditionals="0" methods="0" coveredmethods="0"/>
        <line num="1" count="8" type="stmt"/>
        <line num="2" count="8" type="stmt"/>
        <line num="4" count="8" type="stmt"/>
      </file>
      <file name="schema.ts" path="/Users/marcus.haddon/Documents/me/eighty/src/types/schema.ts">
        <metrics statements="4" coveredstatements="4" conditionals="0" coveredconditionals="0" methods="0" coveredmethods="0"/>
        <line num="1" count="8" type="stmt"/>
        <line num="2" count="8" type="stmt"/>
        <line num="4" count="8" type="stmt"/>
        <line num="6" count="8" type="stmt"/>
      </file>
    </package>
    <package name="src.util">
      <metrics statements="11" coveredstatements="11" conditionals="8" coveredconditionals="8" methods="6" coveredmethods="6"/>
      <file name="index.ts" path="/Users/marcus.haddon/Documents/me/eighty/src/util/index.ts">
        <metrics statements="11" coveredstatements="11" conditionals="8" coveredconditionals="8" methods="6" coveredmethods="6"/>
        <line num="4" count="8" type="stmt"/>
        <line num="5" count="56" type="cond" truecount="4" falsecount="0"/>
        <line num="11" count="36" type="stmt"/>
        <line num="24" count="8" type="stmt"/>
        <line num="33" count="113" type="cond" truecount="2" falsecount="0"/>
        <line num="35" count="56" type="stmt"/>
        <line num="37" count="113" type="stmt"/>
        <line num="38" count="113" type="cond" truecount="2" falsecount="0"/>
        <line num="39" count="62" type="stmt"/>
        <line num="41" count="131" type="stmt"/>
        <line num="43" count="113" type="stmt"/>
      </file>
    </package>
    <package name="src.validation">
      <metrics statements="126" coveredstatements="122" conditionals="76" coveredconditionals="60" methods="23" coveredmethods="23"/>
      <file name="ValidatorProvider.ts" path="/Users/marcus.haddon/Documents/me/eighty/src/validation/ValidatorProvider.ts">
        <metrics statements="8" coveredstatements="8" conditionals="2" coveredconditionals="1" methods="3" coveredmethods="3"/>
        <line num="4" count="9" type="stmt"/>
        <line num="5" count="9" type="stmt"/>
        <line num="7" count="9" type="stmt"/>
        <line num="8" count="15" type="stmt"/>
        <line num="11" count="9" type="stmt"/>
        <line num="12" count="36" type="cond" truecount="1" falsecount="1"/>
        <line num="13" count="36" type="stmt"/>
        <line num="15" count="9" type="stmt"/>
      </file>
      <file name="buildCreateValidator.ts" path="/Users/marcus.haddon/Documents/me/eighty/src/validation/buildCreateValidator.ts">
        <metrics statements="11" coveredstatements="11" conditionals="10" coveredconditionals="8" methods="3" coveredmethods="3"/>
        <line num="3" count="8" type="stmt"/>
        <line num="6" count="8" type="stmt"/>
        <line num="7" count="7" type="stmt"/>
        <line num="8" count="7" type="stmt"/>
        <line num="9" count="11" type="cond" truecount="3" falsecount="1"/>
        <line num="11" count="11" type="cond" truecount="5" falsecount="1"/>
        <line num="12" count="6" type="stmt"/>
        <line num="13" count="4" type="stmt"/>
        <line num="14" count="4" type="stmt"/>
        <line num="19" count="7" type="stmt"/>
        <line num="22" count="7" type="stmt"/>
      </file>
      <file name="buildListValidator.ts" path="/Users/marcus.haddon/Documents/me/eighty/src/validation/buildListValidator.ts">
        <metrics statements="26" coveredstatements="26" conditionals="20" coveredconditionals="16" methods="3" coveredmethods="3"/>
        <line num="3" count="8" type="stmt"/>
        <line num="7" count="8" type="stmt"/>
        <line num="8" count="15" type="stmt"/>
        <line num="9" count="15" type="stmt"/>
        <line num="10" count="15" type="stmt"/>
        <line num="11" count="15" type="stmt"/>
        <line num="13" count="15" type="stmt"/>
        <line num="16" count="8" type="stmt"/>
        <line num="18" count="5" type="stmt"/>
        <line num="19" count="15" type="stmt"/>
        <line num="25" count="60" type="stmt"/>
        <line num="26" count="15" type="cond" truecount="3" falsecount="0"/>
        <line num="27" count="15" type="cond" truecount="3" falsecount="0"/>
        <line num="28" count="15" type="stmt"/>
        <line num="29" count="15" type="stmt"/>
        <line num="30" count="15" type="stmt"/>
        <line num="31" count="15" type="stmt"/>
        <line num="33" count="15" type="stmt"/>
        <line num="34" count="15" type="cond" truecount="8" falsecount="2"/>
        <line num="36" count="15" type="stmt"/>
        <line num="37" count="15" type="stmt"/>
        <line num="38" count="14" type="stmt"/>
        <line num="40" count="1" type="stmt"/>
        <line num="41" count="1" type="cond" truecount="1" falsecount="1"/>
        <line num="49" count="14" type="stmt"/>
        <line num="52" count="5" type="stmt"/>
      </file>
      <file name="buildPatchValidator.ts" path="/Users/marcus.haddon/Documents/me/eighty/src/validation/buildPatchValidator.ts">
        <metrics statements="40" coveredstatements="39" conditionals="22" coveredconditionals="17" methods="4" coveredmethods="4"/>
        <line num="1" count="9" type="stmt"/>
        <line num="3" count="9" type="stmt"/>
        <line num="7" count="9" type="stmt"/>
        <line num="9" count="9" type="stmt"/>
        <line num="10" count="3" type="stmt"/>
        <line num="12" count="3" type="cond" truecount="1" falsecount="1"/>
        <line num="13" count="3" type="cond" truecount="6" falsecount="2"/>
        <line num="16" count="3" type="stmt"/>
        <line num="17" count="17" type="stmt"/>
        <line num="18" count="17" type="cond" truecount="2" falsecount="0"/>
        <line num="19" count="1" type="stmt"/>
        <line num="20" count="1" type="stmt"/>
        <line num="26" count="16" type="cond" truecount="1" falsecount="1"/>
        <line num="27" count="16" type="stmt"/>
        <line num="28" count="16" type="cond" truecount="2" falsecount="0"/>
        <line num="29" count="1" type="stmt"/>
        <line num="30" count="1" type="stmt"/>
        <line num="35" count="15" type="stmt"/>
        <line num="38" count="3" type="stmt"/>
        <line num="41" count="9" type="stmt"/>
        <line num="43" count="6" type="cond" truecount="2" falsecount="0"/>
        <line num="46" count="4" type="stmt"/>
        <line num="48" count="33" type="stmt"/>
        <line num="49" count="33" type="stmt"/>
        <line num="50" count="33" type="stmt"/>
        <line num="51" count="33" type="stmt"/>
        <line num="52" count="33" type="stmt"/>
        <line num="53" count="33" type="stmt"/>
        <line num="56" count="4" type="stmt"/>
        <line num="57" count="21" type="stmt"/>
        <line num="59" count="25" type="stmt"/>
        <line num="60" count="25" type="cond" truecount="2" falsecount="0"/>
        <line num="61" count="6" type="cond" truecount="1" falsecount="1"/>
        <line num="62" count="0" type="stmt"/>
        <line num="65" count="6" type="stmt"/>
        <line num="67" count="19" type="stmt"/>
        <line num="68" count="19" type="stmt"/>
        <line num="69" count="19" type="stmt"/>
        <line num="70" count="4" type="stmt"/>
        <line num="74" count="21" type="stmt"/>
      </file>
      <file name="index.ts" path="/Users/marcus.haddon/Documents/me/eighty/src/validation/index.ts">
        <metrics statements="41" coveredstatements="38" conditionals="22" coveredconditionals="18" methods="10" coveredmethods="10"/>
        <line num="8" count="8" type="stmt"/>
        <line num="10" count="8" type="stmt"/>
        <line num="16" count="8" type="stmt"/>
        <line num="17" count="15" type="stmt"/>
        <line num="18" count="15" type="cond" truecount="1" falsecount="1"/>
        <line num="20" count="0" type="stmt"/>
        <line num="22" count="15" type="stmt"/>
        <line num="24" count="15" type="stmt"/>
        <line num="25" count="9" type="stmt"/>
        <line num="26" count="9" type="cond" truecount="4" falsecount="0"/>
        <line num="28" count="9" type="stmt"/>
        <line num="29" count="9" type="cond" truecount="2" falsecount="0"/>
        <line num="30" count="3" type="cond" truecount="2" falsecount="0"/>
        <line num="31" count="1" type="stmt"/>
        <line num="36" count="2" type="stmt"/>
        <line num="40" count="6" type="stmt"/>
        <line num="42" count="6" type="cond" truecount="3" falsecount="1"/>
        <line num="45" count="6" type="stmt"/>
        <line num="48" count="6" type="stmt"/>
        <line num="51" count="14" type="stmt"/>
        <line num="54" count="8" type="stmt"/>
        <line num="55" count="9" type="stmt"/>
        <line num="58" count="8" type="stmt"/>
        <line num="59" count="12" type="cond" truecount="2" falsecount="0"/>
        <line num="60" count="4" type="stmt"/>
        <line num="61" count="8" type="cond" truecount="2" falsecount="0"/>
        <line num="62" count="4" type="stmt"/>
        <line num="63" count="6" type="cond" truecount="1" falsecount="1"/>
        <line num="64" count="6" type="stmt"/>
        <line num="65" count="6" type="stmt"/>
        <line num="67" count="6" type="stmt"/>
        <line num="68" count="6" type="stmt"/>
        <line num="69" count="6" type="stmt"/>
        <line num="72" count="0" type="stmt"/>
        <line num="76" count="8" type="stmt"/>
        <line num="78" count="2" type="stmt"/>
        <line num="79" count="3" type="stmt"/>
        <line num="83" count="8" type="stmt"/>
        <line num="90" count="8" type="stmt"/>
        <line num="91" count="6" type="cond" truecount="1" falsecount="1"/>
        <line num="92" count="0" type="stmt"/>
      </file>
    </package>
  </project>
</coverage>
