{"/Users/marcus.haddon/Documents/me/eighty/src/RouterBuilder.ts": {"path":"/Users/marcus.haddon/Documents/me/eighty/src/RouterBuilder.ts","statementMap":{"0":{"start":{"line":2,"column":0},"end":{"line":2,"column":41}},"1":{"start":{"line":5,"column":0},"end":{"line":5,"column":71}},"2":{"start":{"line":7,"column":0},"end":{"line":7,"column":53}},"3":{"start":{"line":8,"column":0},"end":{"line":8,"column":34}},"4":{"start":{"line":9,"column":0},"end":{"line":9,"column":55}},"5":{"start":{"line":10,"column":0},"end":{"line":10,"column":72}},"6":{"start":{"line":11,"column":0},"end":{"line":11,"column":52}},"7":{"start":{"line":12,"column":0},"end":{"line":12,"column":54}},"8":{"start":{"line":13,"column":0},"end":{"line":13,"column":52}},"9":{"start":{"line":14,"column":0},"end":{"line":14,"column":52}},"10":{"start":{"line":15,"column":0},"end":{"line":15,"column":52}},"11":{"start":{"line":16,"column":0},"end":{"line":16,"column":48}},"12":{"start":{"line":18,"column":0},"end":{"line":18,"column":67}},"13":{"start":{"line":20,"column":0},"end":{"line":20,"column":84}},"14":{"start":{"line":21,"column":0},"end":{"line":21,"column":45}},"15":{"start":{"line":22,"column":0},"end":{"line":22,"column":82}},"16":{"start":{"line":23,"column":0},"end":{"line":23,"column":79}},"17":{"start":{"line":24,"column":0},"end":{"line":24,"column":58}},"18":{"start":{"line":25,"column":0},"end":{"line":25,"column":44}},"19":{"start":{"line":36,"column":0},"end":{"line":36,"column":13}},"20":{"start":{"line":44,"column":33},"end":{"line":44,"column":53}},"21":{"start":{"line":38,"column":21},"end":{"line":42,"column":11}},"22":{"start":{"line":45,"column":8},"end":{"line":45,"column":51}},"23":{"start":{"line":51,"column":4},"end":{"line":87,"column":6}},"24":{"start":{"line":51,"column":4},"end":{"line":51,"column":27}},"25":{"start":{"line":52,"column":27},"end":{"line":52,"column":54}},"26":{"start":{"line":55,"column":8},"end":{"line":62,"column":10}},"27":{"start":{"line":55,"column":31},"end":{"line":55,"column":40}},"28":{"start":{"line":55,"column":27},"end":{"line":55,"column":31}},"29":{"start":{"line":56,"column":12},"end":{"line":56,"column":47}},"30":{"start":{"line":56,"column":38},"end":{"line":56,"column":47}},"31":{"start":{"line":58,"column":30},"end":{"line":58,"column":53}},"32":{"start":{"line":59,"column":12},"end":{"line":59,"column":37}},"33":{"start":{"line":59,"column":28},"end":{"line":59,"column":37}},"34":{"start":{"line":61,"column":12},"end":{"line":61,"column":71}},"35":{"start":{"line":64,"column":31},"end":{"line":65,"column":57}},"36":{"start":{"line":65,"column":29},"end":{"line":65,"column":57}},"37":{"start":{"line":67,"column":26},"end":{"line":68,"column":61}},"38":{"start":{"line":68,"column":38},"end":{"line":68,"column":60}},"39":{"start":{"line":70,"column":50},"end":{"line":78,"column":10}},"40":{"start":{"line":80,"column":22},"end":{"line":80,"column":63}},"41":{"start":{"line":83,"column":21},"end":{"line":83,"column":50}},"42":{"start":{"line":84,"column":25},"end":{"line":84,"column":57}},"43":{"start":{"line":86,"column":8},"end":{"line":86,"column":63}},"44":{"start":{"line":94,"column":12},"end":{"line":105,"column":6}},"45":{"start":{"line":94,"column":4},"end":{"line":94,"column":12}},"46":{"start":{"line":98,"column":23},"end":{"line":102,"column":14}},"47":{"start":{"line":100,"column":22},"end":{"line":100,"column":null}},"48":{"start":{"line":104,"column":8},"end":{"line":104,"column":22}},"49":{"start":{"line":111,"column":12},"end":{"line":175,"column":null}},"50":{"start":{"line":112,"column":39},"end":{"line":112,"column":41}},"51":{"start":{"line":113,"column":32},"end":{"line":113,"column":57}},"52":{"start":{"line":115,"column":29},"end":{"line":115,"column":68}},"53":{"start":{"line":116,"column":8},"end":{"line":116,"column":39}},"54":{"start":{"line":118,"column":8},"end":{"line":120,"column":null}},"55":{"start":{"line":119,"column":12},"end":{"line":119,"column":50}},"56":{"start":{"line":122,"column":8},"end":{"line":125,"column":null}},"57":{"start":{"line":123,"column":36},"end":{"line":123,"column":95}},"58":{"start":{"line":124,"column":12},"end":{"line":124,"column":46}},"59":{"start":{"line":127,"column":8},"end":{"line":131,"column":null}},"60":{"start":{"line":128,"column":38},"end":{"line":128,"column":62}},"61":{"start":{"line":129,"column":33},"end":{"line":129,"column":60}},"62":{"start":{"line":130,"column":12},"end":{"line":130,"column":43}},"63":{"start":{"line":133,"column":26},"end":{"line":133,"column":42}},"64":{"start":{"line":135,"column":21},"end":{"line":138,"column":10}},"65":{"start":{"line":140,"column":8},"end":{"line":140,"column":31}},"66":{"start":{"line":142,"column":21},"end":{"line":142,"column":25}},"67":{"start":{"line":144,"column":8},"end":{"line":166,"column":null}},"68":{"start":{"line":145,"column":18},"end":{"line":145,"column":60}},"69":{"start":{"line":146,"column":16},"end":{"line":146,"column":21}},"70":{"start":{"line":147,"column":16},"end":{"line":150,"column":null}},"71":{"start":{"line":152,"column":16},"end":{"line":152,"column":80}},"72":{"start":{"line":153,"column":22},"end":{"line":153,"column":77}},"73":{"start":{"line":154,"column":16},"end":{"line":154,"column":29}},"74":{"start":{"line":154,"column":16},"end":{"line":154,"column":25}},"75":{"start":{"line":154,"column":29},"end":{"line":164,"column":20}},"76":{"start":{"line":154,"column":69},"end":{"line":164,"column":18}},"77":{"start":{"line":156,"column":24},"end":{"line":156,"column":50}},"78":{"start":{"line":158,"column":24},"end":{"line":161,"column":26}},"79":{"start":{"line":163,"column":20},"end":{"line":163,"column":97}},"80":{"start":{"line":168,"column":33},"end":{"line":168,"column":56}},"81":{"start":{"line":170,"column":8},"end":{"line":174,"column":10}},"82":{"start":{"line":177,"column":12},"end":{"line":179,"column":null}},"83":{"start":{"line":178,"column":8},"end":{"line":178,"column":33}},"84":{"start":{"line":181,"column":11},"end":{"line":185,"column":null}},"85":{"start":{"line":182,"column":8},"end":{"line":182,"column":91}},"86":{"start":{"line":182,"column":50},"end":{"line":182,"column":91}},"87":{"start":{"line":183,"column":8},"end":{"line":183,"column":99}},"88":{"start":{"line":183,"column":54},"end":{"line":183,"column":99}},"89":{"start":{"line":184,"column":8},"end":{"line":184,"column":57}},"90":{"start":{"line":187,"column":11},"end":{"line":189,"column":null}},"91":{"start":{"line":190,"column":0},"end":{"line":190,"column":null}},"92":{"start":{"line":36,"column":13},"end":{"line":36,"column":26}},"93":{"start":{"line":193,"column":20},"end":{"line":199,"column":1}},"94":{"start":{"line":194,"column":26},"end":{"line":196,"column":5}},"95":{"start":{"line":195,"column":8},"end":{"line":195,"column":30}},"96":{"start":{"line":198,"column":4},"end":{"line":198,"column":16}},"97":{"start":{"line":201,"column":21},"end":{"line":212,"column":1}},"98":{"start":{"line":202,"column":45},"end":{"line":209,"column":6}},"99":{"start":{"line":211,"column":4},"end":{"line":211,"column":39}},"100":{"start":{"line":214,"column":28},"end":{"line":220,"column":1}},"101":{"start":{"line":215,"column":34},"end":{"line":217,"column":5}},"102":{"start":{"line":216,"column":8},"end":{"line":216,"column":15}},"103":{"start":{"line":219,"column":4},"end":{"line":219,"column":24}},"104":{"start":{"line":223,"column":29},"end":{"line":232,"column":1}},"105":{"start":{"line":224,"column":58},"end":{"line":229,"column":6}},"106":{"start":{"line":231,"column":4},"end":{"line":231,"column":47}}},"fnMap":{"0":{"name":"(anonymous_15)","decl":{"start":{"line":36,"column":0},"end":{"line":36,"column":13}},"loc":{"start":{"line":36,"column":0},"end":{"line":190,"column":null}}},"1":{"name":"RouterBuilder","decl":{"start":{"line":44,"column":4},"end":{"line":44,"column":33}},"loc":{"start":{"line":44,"column":53},"end":{"line":46,"column":5}}},"2":{"name":"(anonymous_17)","decl":{"start":{"line":51,"column":4},"end":{"line":51,"column":27}},"loc":{"start":{"line":51,"column":4},"end":{"line":87,"column":5}}},"3":{"name":"(anonymous_18)","decl":{"start":{"line":65,"column":17},"end":{"line":65,"column":25}},"loc":{"start":{"line":65,"column":25},"end":{"line":65,"column":33}}},"4":{"name":"(anonymous_19)","decl":{"start":{"line":68,"column":20},"end":{"line":68,"column":21}},"loc":{"start":{"line":68,"column":33},"end":{"line":68,"column":43}}},"5":{"name":"(anonymous_20)","decl":{"start":{"line":94,"column":4},"end":{"line":94,"column":12}},"loc":{"start":{"line":94,"column":43},"end":{"line":105,"column":5}}},"6":{"name":"(anonymous_21)","decl":{"start":{"line":100,"column":16},"end":{"line":100,"column":18}},"loc":{"start":{"line":100,"column":18},"end":{"line":100,"column":26}}},"7":{"name":"(anonymous_22)","decl":{"start":{"line":111,"column":4},"end":{"line":111,"column":12}},"loc":{"start":{"line":111,"column":60},"end":{"line":175,"column":5}}},"8":{"name":"maybeRunCallbacks","decl":{"start":{"line":144,"column":40},"end":{"line":144,"column":57}},"loc":{"start":{"line":144,"column":66},"end":{"line":166,"column":10}}},"9":{"name":"(anonymous_26)","decl":{"start":{"line":154,"column":61},"end":{"line":154,"column":67}},"loc":{"start":{"line":154,"column":69},"end":{"line":164,"column":18}}},"10":{"name":"(anonymous_27)","decl":{"start":{"line":154,"column":69},"end":{"line":154,"column":null}},"loc":{"start":{"line":154,"column":69},"end":{"line":164,"column":18}}},"11":{"name":"(anonymous_29)","decl":{"start":{"line":177,"column":4},"end":{"line":177,"column":12}},"loc":{"start":{"line":177,"column":42},"end":{"line":179,"column":5}}},"12":{"name":"(anonymous_30)","decl":{"start":{"line":181,"column":4},"end":{"line":181,"column":11}},"loc":{"start":{"line":181,"column":102},"end":{"line":185,"column":5}}},"13":{"name":"(anonymous_31)","decl":{"start":{"line":187,"column":4},"end":{"line":187,"column":11}},"loc":{"start":{"line":187,"column":97},"end":{"line":189,"column":5}}},"14":{"name":"(anonymous_32)","decl":{"start":{"line":193,"column":20},"end":{"line":193,"column":null}},"loc":{"start":{"line":193,"column":20},"end":{"line":199,"column":1}}},"15":{"name":"(anonymous_33)","decl":{"start":{"line":194,"column":26},"end":{"line":194,"column":27}},"loc":{"start":{"line":194,"column":35},"end":{"line":196,"column":5}}},"16":{"name":"(anonymous_34)","decl":{"start":{"line":201,"column":21},"end":{"line":201,"column":22}},"loc":{"start":{"line":201,"column":39},"end":{"line":212,"column":1}}},"17":{"name":"(anonymous_35)","decl":{"start":{"line":214,"column":28},"end":{"line":214,"column":null}},"loc":{"start":{"line":214,"column":28},"end":{"line":220,"column":1}}},"18":{"name":"(anonymous_36)","decl":{"start":{"line":215,"column":34},"end":{"line":215,"column":35}},"loc":{"start":{"line":215,"column":49},"end":{"line":217,"column":5}}},"19":{"name":"(anonymous_37)","decl":{"start":{"line":223,"column":29},"end":{"line":223,"column":30}},"loc":{"start":{"line":223,"column":47},"end":{"line":232,"column":1}}}},"branchMap":{"0":{"loc":{"start":{"line":52,"column":27},"end":{"line":52,"column":48}},"type":"binary-expr","locations":[{"start":{"line":52,"column":27},"end":{"line":52,"column":48}},{"start":{"line":52,"column":52},"end":{"line":52,"column":54}}]},"1":{"loc":{"start":{"line":56,"column":12},"end":{"line":56,"column":47}},"type":"if","locations":[{"start":{"line":56,"column":12},"end":{"line":56,"column":47}},{"start":{"line":56,"column":12},"end":{"line":56,"column":47}}]},"2":{"loc":{"start":{"line":59,"column":12},"end":{"line":59,"column":37}},"type":"if","locations":[{"start":{"line":59,"column":12},"end":{"line":59,"column":37}},{"start":{"line":59,"column":12},"end":{"line":59,"column":37}}]},"3":{"loc":{"start":{"line":99,"column":12},"end":{"line":100,"column":null}},"type":"cond-expr","locations":[{"start":{"line":99,"column":12},"end":{"line":100,"column":null}},{"start":{"line":102,"column":12},"end":{"line":102,"column":14}}]},"4":{"loc":{"start":{"line":113,"column":51},"end":{"line":113,"column":54}},"type":"cond-expr","locations":[{"start":{"line":113,"column":51},"end":{"line":113,"column":54}},{"start":{"line":113,"column":51},"end":{"line":113,"column":57}}]},"5":{"loc":{"start":{"line":113,"column":32},"end":{"line":113,"column":54}},"type":"binary-expr","locations":[{"start":{"line":113,"column":32},"end":{"line":113,"column":54}},{"start":{"line":113,"column":51},"end":{"line":113,"column":54}}]},"6":{"loc":{"start":{"line":118,"column":8},"end":{"line":120,"column":null}},"type":"if","locations":[{"start":{"line":118,"column":8},"end":{"line":120,"column":null}},{"start":{"line":118,"column":8},"end":{"line":120,"column":null}}]},"7":{"loc":{"start":{"line":118,"column":27},"end":{"line":118,"column":29}},"type":"cond-expr","locations":[{"start":{"line":118,"column":27},"end":{"line":118,"column":29}},{"start":{"line":118,"column":12},"end":{"line":118,"column":43}}]},"8":{"loc":{"start":{"line":118,"column":12},"end":{"line":118,"column":29}},"type":"binary-expr","locations":[{"start":{"line":118,"column":12},"end":{"line":118,"column":29}},{"start":{"line":118,"column":12},"end":{"line":118,"column":29}}]},"9":{"loc":{"start":{"line":122,"column":8},"end":{"line":125,"column":null}},"type":"if","locations":[{"start":{"line":122,"column":8},"end":{"line":125,"column":null}},{"start":{"line":122,"column":8},"end":{"line":125,"column":null}}]},"10":{"loc":{"start":{"line":122,"column":27},"end":{"line":122,"column":29}},"type":"cond-expr","locations":[{"start":{"line":122,"column":27},"end":{"line":122,"column":29}},{"start":{"line":122,"column":12},"end":{"line":122,"column":42}}]},"11":{"loc":{"start":{"line":122,"column":12},"end":{"line":122,"column":29}},"type":"binary-expr","locations":[{"start":{"line":122,"column":12},"end":{"line":122,"column":29}},{"start":{"line":122,"column":12},"end":{"line":122,"column":29}}]},"12":{"loc":{"start":{"line":127,"column":8},"end":{"line":131,"column":null}},"type":"if","locations":[{"start":{"line":127,"column":8},"end":{"line":131,"column":null}},{"start":{"line":127,"column":8},"end":{"line":131,"column":null}}]},"13":{"loc":{"start":{"line":146,"column":16},"end":{"line":146,"column":21}},"type":"if","locations":[{"start":{"line":146,"column":16},"end":{"line":146,"column":21}},{"start":{"line":146,"column":16},"end":{"line":146,"column":21}}]},"14":{"loc":{"start":{"line":153,"column":70},"end":{"line":153,"column":73}},"type":"cond-expr","locations":[{"start":{"line":153,"column":70},"end":{"line":153,"column":73}},{"start":{"line":153,"column":70},"end":{"line":153,"column":76}}]},"15":{"loc":{"start":{"line":153,"column":34},"end":{"line":153,"column":73}},"type":"binary-expr","locations":[{"start":{"line":153,"column":34},"end":{"line":153,"column":73}},{"start":{"line":153,"column":70},"end":{"line":153,"column":73}}]},"16":{"loc":{"start":{"line":154,"column":16},"end":{"line":154,"column":25}},"type":"if","locations":[{"start":{"line":154,"column":16},"end":{"line":154,"column":25}},{"start":{"line":154,"column":16},"end":{"line":154,"column":25}}]},"17":{"loc":{"start":{"line":159,"column":81},"end":{"line":159,"column":88}},"type":"binary-expr","locations":[{"start":{"line":159,"column":81},"end":{"line":159,"column":88}},{"start":{"line":159,"column":92},"end":{"line":159,"column":112}}]},"18":{"loc":{"start":{"line":163,"column":62},"end":{"line":163,"column":69}},"type":"binary-expr","locations":[{"start":{"line":163,"column":62},"end":{"line":163,"column":69}},{"start":{"line":163,"column":73},"end":{"line":163,"column":93}}]},"19":{"loc":{"start":{"line":182,"column":8},"end":{"line":182,"column":91}},"type":"if","locations":[{"start":{"line":182,"column":8},"end":{"line":182,"column":91}},{"start":{"line":182,"column":8},"end":{"line":182,"column":91}}]},"20":{"loc":{"start":{"line":183,"column":8},"end":{"line":183,"column":99}},"type":"if","locations":[{"start":{"line":183,"column":8},"end":{"line":183,"column":99}},{"start":{"line":183,"column":8},"end":{"line":183,"column":99}}]},"21":{"loc":{"start":{"line":211,"column":11},"end":{"line":211,"column":23}},"type":"binary-expr","locations":[{"start":{"line":211,"column":11},"end":{"line":211,"column":23}},{"start":{"line":211,"column":27},"end":{"line":211,"column":38}}]},"22":{"loc":{"start":{"line":231,"column":11},"end":{"line":231,"column":23}},"type":"binary-expr","locations":[{"start":{"line":231,"column":11},"end":{"line":231,"column":23}},{"start":{"line":231,"column":27},"end":{"line":231,"column":46}}]}},"s":{"0":7,"1":7,"2":7,"3":7,"4":7,"5":7,"6":7,"7":7,"8":7,"9":7,"10":7,"11":7,"12":7,"13":7,"14":7,"15":7,"16":7,"17":7,"18":7,"19":7,"20":8,"21":8,"22":8,"23":7,"24":8,"25":8,"26":8,"27":16,"28":13,"29":13,"30":1,"31":12,"32":12,"33":0,"34":12,"35":8,"36":13,"37":8,"38":5,"39":8,"40":8,"41":8,"42":8,"43":8,"44":7,"45":13,"46":13,"47":19,"48":13,"49":7,"50":19,"51":19,"52":19,"53":19,"54":19,"55":8,"56":19,"57":2,"58":2,"59":19,"60":18,"61":18,"62":18,"63":19,"64":19,"65":19,"66":19,"67":19,"68":60,"69":112,"70":8,"71":52,"72":52,"73":52,"74":151,"75":10,"76":6,"77":12,"78":0,"79":6,"80":19,"81":19,"82":7,"83":8,"84":7,"85":6,"86":5,"87":6,"88":5,"89":6,"90":7,"91":7,"92":7,"93":7,"94":0,"95":0,"96":0,"97":7,"98":19,"99":19,"100":7,"101":9,"102":21,"103":9,"104":7,"105":18,"106":18},"f":{"0":7,"1":8,"2":8,"3":13,"4":5,"5":13,"6":19,"7":19,"8":60,"9":6,"10":6,"11":8,"12":6,"13":0,"14":0,"15":0,"16":19,"17":9,"18":21,"19":18},"b":{"0":[8,0],"1":[1,12],"2":[0,12],"3":[13,0],"4":[0,19],"5":[19,19],"6":[8,11],"7":[0,19],"8":[19,19],"9":[2,17],"10":[0,19],"11":[19,19],"12":[18,1],"13":[52,8],"14":[47,5],"15":[52,52],"16":[47,5],"17":[0,0],"18":[6,6],"19":[5,1],"20":[5,1],"21":[19,0],"22":[18,9]}}
,"/Users/marcus.haddon/Documents/me/eighty/src/buildResourceSchemas.ts": {"path":"/Users/marcus.haddon/Documents/me/eighty/src/buildResourceSchemas.ts","statementMap":{"0":{"start":{"line":1,"column":0},"end":{"line":1,"column":25}},"1":{"start":{"line":2,"column":0},"end":{"line":2,"column":29}},"2":{"start":{"line":3,"column":0},"end":{"line":3,"column":36}},"3":{"start":{"line":4,"column":0},"end":{"line":4,"column":46}},"4":{"start":{"line":7,"column":29},"end":{"line":15,"column":1}},"5":{"start":{"line":8,"column":22},"end":{"line":8,"column":48}},"6":{"start":{"line":10,"column":19},"end":{"line":10,"column":39}},"7":{"start":{"line":12,"column":4},"end":{"line":12,"column":47}},"8":{"start":{"line":14,"column":4},"end":{"line":14,"column":21}},"9":{"start":{"line":7,"column":13},"end":{"line":7,"column":29}},"10":{"start":{"line":18,"column":26},"end":{"line":28,"column":1}},"11":{"start":{"line":19,"column":4},"end":{"line":19,"column":37}},"12":{"start":{"line":19,"column":30},"end":{"line":19,"column":37}},"13":{"start":{"line":21,"column":4},"end":{"line":25,"column":null}},"14":{"start":{"line":22,"column":8},"end":{"line":22,"column":53}},"15":{"start":{"line":23,"column":11},"end":{"line":25,"column":null}},"16":{"start":{"line":24,"column":8},"end":{"line":24,"column":40}},"17":{"start":{"line":25,"column":13},"end":{"line":25,"column":64}},"18":{"start":{"line":27,"column":4},"end":{"line":27,"column":18}},"19":{"start":{"line":18,"column":13},"end":{"line":18,"column":26}},"20":{"start":{"line":30,"column":23},"end":{"line":35,"column":1}},"21":{"start":{"line":31,"column":17},"end":{"line":31,"column":49}},"22":{"start":{"line":32,"column":19},"end":{"line":32,"column":35}},"23":{"start":{"line":34,"column":4},"end":{"line":34,"column":18}},"24":{"start":{"line":37,"column":19},"end":{"line":37,"column":21}},"25":{"start":{"line":39,"column":21},"end":{"line":57,"column":1}},"26":{"start":{"line":40,"column":4},"end":{"line":40,"column":40}},"27":{"start":{"line":40,"column":30},"end":{"line":40,"column":40}},"28":{"start":{"line":42,"column":21},"end":{"line":42,"column":83}},"29":{"start":{"line":44,"column":4},"end":{"line":44,"column":70}},"30":{"start":{"line":44,"column":36},"end":{"line":44,"column":70}},"31":{"start":{"line":46,"column":20},"end":{"line":46,"column":67}},"32":{"start":{"line":48,"column":19},"end":{"line":48,"column":76}},"33":{"start":{"line":50,"column":4},"end":{"line":52,"column":null}},"34":{"start":{"line":51,"column":8},"end":{"line":51,"column":124}},"35":{"start":{"line":54,"column":4},"end":{"line":54,"column":40}},"36":{"start":{"line":56,"column":4},"end":{"line":56,"column":39}}},"fnMap":{"0":{"name":"(anonymous_7)","decl":{"start":{"line":7,"column":29},"end":{"line":7,"column":30}},"loc":{"start":{"line":7,"column":48},"end":{"line":15,"column":1}}},"1":{"name":"(anonymous_8)","decl":{"start":{"line":18,"column":26},"end":{"line":18,"column":27}},"loc":{"start":{"line":18,"column":45},"end":{"line":28,"column":1}}},"2":{"name":"(anonymous_9)","decl":{"start":{"line":30,"column":23},"end":{"line":30,"column":24}},"loc":{"start":{"line":30,"column":36},"end":{"line":35,"column":1}}},"3":{"name":"(anonymous_10)","decl":{"start":{"line":39,"column":21},"end":{"line":39,"column":22}},"loc":{"start":{"line":39,"column":40},"end":{"line":57,"column":1}}}},"branchMap":{"0":{"loc":{"start":{"line":19,"column":4},"end":{"line":19,"column":37}},"type":"if","locations":[{"start":{"line":19,"column":4},"end":{"line":19,"column":37}},{"start":{"line":19,"column":4},"end":{"line":19,"column":37}}]},"1":{"loc":{"start":{"line":21,"column":4},"end":{"line":25,"column":null}},"type":"if","locations":[{"start":{"line":21,"column":4},"end":{"line":25,"column":null}},{"start":{"line":21,"column":4},"end":{"line":25,"column":null}}]},"2":{"loc":{"start":{"line":21,"column":8},"end":{"line":21,"column":45}},"type":"binary-expr","locations":[{"start":{"line":21,"column":8},"end":{"line":21,"column":45}},{"start":{"line":21,"column":49},"end":{"line":21,"column":85}}]},"3":{"loc":{"start":{"line":23,"column":11},"end":{"line":25,"column":null}},"type":"if","locations":[{"start":{"line":23,"column":11},"end":{"line":25,"column":null}},{"start":{"line":23,"column":11},"end":{"line":25,"column":null}}]},"4":{"loc":{"start":{"line":40,"column":4},"end":{"line":40,"column":40}},"type":"if","locations":[{"start":{"line":40,"column":4},"end":{"line":40,"column":40}},{"start":{"line":40,"column":4},"end":{"line":40,"column":40}}]},"5":{"loc":{"start":{"line":44,"column":4},"end":{"line":44,"column":70}},"type":"if","locations":[{"start":{"line":44,"column":4},"end":{"line":44,"column":70}},{"start":{"line":44,"column":4},"end":{"line":44,"column":70}}]},"6":{"loc":{"start":{"line":50,"column":4},"end":{"line":52,"column":null}},"type":"if","locations":[{"start":{"line":50,"column":4},"end":{"line":52,"column":null}},{"start":{"line":50,"column":4},"end":{"line":52,"column":null}}]}},"s":{"0":7,"1":7,"2":7,"3":7,"4":7,"5":12,"6":12,"7":12,"8":12,"9":7,"10":7,"11":25,"12":0,"13":25,"14":23,"15":2,"16":2,"17":0,"18":25,"19":7,"20":7,"21":23,"22":23,"23":23,"24":7,"25":7,"26":2,"27":0,"28":2,"29":2,"30":1,"31":1,"32":1,"33":1,"34":0,"35":1,"36":1},"f":{"0":12,"1":25,"2":23,"3":2},"b":{"0":[0,25],"1":[23,2],"2":[25,2],"3":[2,0],"4":[0,2],"5":[1,1],"6":[0,1]}}
,"/Users/marcus.haddon/Documents/me/eighty/src/eighty.ts": {"path":"/Users/marcus.haddon/Documents/me/eighty/src/eighty.ts","statementMap":{"0":{"start":{"line":1,"column":0},"end":{"line":1,"column":25}},"1":{"start":{"line":2,"column":0},"end":{"line":2,"column":29}},"2":{"start":{"line":3,"column":0},"end":{"line":3,"column":35}},"3":{"start":{"line":4,"column":0},"end":{"line":4,"column":43}},"4":{"start":{"line":5,"column":0},"end":{"line":5,"column":69}},"5":{"start":{"line":6,"column":0},"end":{"line":6,"column":48}},"6":{"start":{"line":7,"column":0},"end":{"line":7,"column":49}},"7":{"start":{"line":24,"column":24},"end":{"line":24,"column":42}},"8":{"start":{"line":24,"column":40},"end":{"line":24,"column":71}},"9":{"start":{"line":24,"column":13},"end":{"line":24,"column":24}},"10":{"start":{"line":27,"column":27},"end":{"line":31,"column":1}},"11":{"start":{"line":28,"column":19},"end":{"line":28,"column":39}},"12":{"start":{"line":30,"column":4},"end":{"line":30,"column":47}},"13":{"start":{"line":27,"column":13},"end":{"line":27,"column":27}},"14":{"start":{"line":33,"column":22},"end":{"line":112,"column":1}},"15":{"start":{"line":35,"column":4},"end":{"line":44,"column":null}},"16":{"start":{"line":36,"column":8},"end":{"line":36,"column":29}},"17":{"start":{"line":37,"column":11},"end":{"line":44,"column":null}},"18":{"start":{"line":38,"column":8},"end":{"line":38,"column":45}},"19":{"start":{"line":39,"column":11},"end":{"line":44,"column":null}},"20":{"start":{"line":40,"column":25},"end":{"line":40,"column":50}},"21":{"start":{"line":41,"column":8},"end":{"line":41,"column":39}},"22":{"start":{"line":43,"column":8},"end":{"line":43,"column":79}},"23":{"start":{"line":46,"column":26},"end":{"line":46,"column":51}},"24":{"start":{"line":52,"column":8},"end":{"line":52,"column":47}},"25":{"start":{"line":49,"column":25},"end":{"line":49,"column":null}},"26":{"start":{"line":50,"column":12},"end":{"line":50,"column":null}},"27":{"start":{"line":51,"column":16},"end":{"line":51,"column":null}},"28":{"start":{"line":54,"column":19},"end":{"line":54,"column":28}},"29":{"start":{"line":55,"column":4},"end":{"line":55,"column":23}},"30":{"start":{"line":57,"column":41},"end":{"line":57,"column":43}},"31":{"start":{"line":59,"column":4},"end":{"line":62,"column":null}},"32":{"start":{"line":59,"column":45},"end":{"line":59,"column":62}},"33":{"start":{"line":59,"column":15},"end":{"line":59,"column":17}},"34":{"start":{"line":59,"column":22},"end":{"line":59,"column":24}},"35":{"start":{"line":59,"column":31},"end":{"line":59,"column":33}},"36":{"start":{"line":59,"column":39},"end":{"line":59,"column":41}},"37":{"start":{"line":60,"column":8},"end":{"line":60,"column":null}},"38":{"start":{"line":60,"column":64},"end":{"line":60,"column":71}},"39":{"start":{"line":61,"column":8},"end":{"line":61,"column":42}},"40":{"start":{"line":65,"column":4},"end":{"line":65,"column":36}},"41":{"start":{"line":67,"column":25},"end":{"line":67,"column":47}},"42":{"start":{"line":68,"column":4},"end":{"line":68,"column":32}},"43":{"start":{"line":70,"column":48},"end":{"line":103,"column":5}},"44":{"start":{"line":71,"column":25},"end":{"line":71,"column":80}},"45":{"start":{"line":71,"column":54},"end":{"line":71,"column":80}},"46":{"start":{"line":72,"column":8},"end":{"line":74,"column":null}},"47":{"start":{"line":73,"column":12},"end":{"line":73,"column":73}},"48":{"start":{"line":76,"column":8},"end":{"line":102,"column":null}},"49":{"start":{"line":78,"column":16},"end":{"line":80,"column":null}},"50":{"start":{"line":79,"column":20},"end":{"line":79,"column":123}},"51":{"start":{"line":82,"column":54},"end":{"line":82,"column":77}},"52":{"start":{"line":83,"column":16},"end":{"line":90,"column":18}},"53":{"start":{"line":84,"column":20},"end":{"line":88,"column":22}},"54":{"start":{"line":89,"column":20},"end":{"line":89,"column":38}},"55":{"start":{"line":91,"column":16},"end":{"line":98,"column":null}},"56":{"start":{"line":92,"column":20},"end":{"line":96,"column":null}},"57":{"start":{"line":97,"column":20},"end":{"line":97,"column":38}},"58":{"start":{"line":100,"column":16},"end":{"line":100,"column":34}},"59":{"start":{"line":105,"column":5},"end":{"line":105,"column":47}},"60":{"start":{"line":107,"column":4},"end":{"line":111,"column":6}},"61":{"start":{"line":33,"column":13},"end":{"line":33,"column":22}}},"fnMap":{"0":{"name":"(anonymous_8)","decl":{"start":{"line":24,"column":24},"end":{"line":24,"column":25}},"loc":{"start":{"line":24,"column":35},"end":{"line":24,"column":42}}},"1":{"name":"(anonymous_9)","decl":{"start":{"line":27,"column":27},"end":{"line":27,"column":28}},"loc":{"start":{"line":27,"column":44},"end":{"line":31,"column":1}}},"2":{"name":"(anonymous_10)","decl":{"start":{"line":33,"column":22},"end":{"line":33,"column":23}},"loc":{"start":{"line":33,"column":39},"end":{"line":112,"column":1}}},"3":{"name":"(anonymous_11)","decl":{"start":{"line":60,"column":59},"end":{"line":60,"column":60}},"loc":{"start":{"line":60,"column":60},"end":{"line":60,"column":65}}},"4":{"name":"(anonymous_12)","decl":{"start":{"line":70,"column":48},"end":{"line":70,"column":49}},"loc":{"start":{"line":70,"column":69},"end":{"line":103,"column":5}}},"5":{"name":"(anonymous_13)","decl":{"start":{"line":71,"column":47},"end":{"line":71,"column":50}},"loc":{"start":{"line":71,"column":50},"end":{"line":71,"column":57}}},"6":{"name":"(anonymous_14)","decl":{"start":{"line":77,"column":17},"end":{"line":77,"column":18}},"loc":{"start":{"line":77,"column":35},"end":{"line":101,"column":13}}},"7":{"name":"(anonymous_15)","decl":{"start":{"line":83,"column":39},"end":{"line":83,"column":41}},"loc":{"start":{"line":83,"column":41},"end":{"line":90,"column":17}}},"8":{"name":"(anonymous_16)","decl":{"start":{"line":91,"column":39},"end":{"line":91,"column":41}},"loc":{"start":{"line":91,"column":41},"end":{"line":98,"column":17}}}},"branchMap":{"0":{"loc":{"start":{"line":35,"column":4},"end":{"line":44,"column":null}},"type":"if","locations":[{"start":{"line":35,"column":4},"end":{"line":44,"column":null}},{"start":{"line":35,"column":4},"end":{"line":44,"column":null}}]},"1":{"loc":{"start":{"line":37,"column":11},"end":{"line":44,"column":null}},"type":"if","locations":[{"start":{"line":37,"column":11},"end":{"line":44,"column":null}},{"start":{"line":37,"column":11},"end":{"line":44,"column":null}}]},"2":{"loc":{"start":{"line":39,"column":11},"end":{"line":44,"column":null}},"type":"if","locations":[{"start":{"line":39,"column":11},"end":{"line":44,"column":null}},{"start":{"line":39,"column":11},"end":{"line":44,"column":null}}]},"3":{"loc":{"start":{"line":72,"column":8},"end":{"line":74,"column":null}},"type":"if","locations":[{"start":{"line":72,"column":8},"end":{"line":74,"column":null}},{"start":{"line":72,"column":8},"end":{"line":74,"column":null}}]},"4":{"loc":{"start":{"line":78,"column":16},"end":{"line":80,"column":null}},"type":"if","locations":[{"start":{"line":78,"column":16},"end":{"line":80,"column":null}},{"start":{"line":78,"column":16},"end":{"line":80,"column":null}}]},"5":{"loc":{"start":{"line":78,"column":20},"end":{"line":78,"column":40}},"type":"binary-expr","locations":[{"start":{"line":78,"column":20},"end":{"line":78,"column":40}},{"start":{"line":78,"column":44},"end":{"line":78,"column":72}}]}},"s":{"0":7,"1":7,"2":7,"3":7,"4":7,"5":7,"6":7,"7":7,"8":0,"9":7,"10":7,"11":6,"12":6,"13":7,"14":7,"15":8,"16":2,"17":6,"18":6,"19":0,"20":0,"21":0,"22":0,"23":8,"24":8,"25":8,"26":8,"27":8,"28":8,"29":8,"30":8,"31":8,"32":16,"33":35,"34":35,"35":35,"36":35,"37":35,"38":109,"39":35,"40":8,"41":8,"42":8,"43":8,"44":5,"45":8,"46":5,"47":0,"48":5,"49":5,"50":0,"51":5,"52":5,"53":6,"54":6,"55":5,"56":0,"57":0,"58":5,"59":8,"60":8,"61":7},"f":{"0":0,"1":6,"2":8,"3":109,"4":5,"5":8,"6":5,"7":6,"8":0},"b":{"0":[2,6],"1":[6,0],"2":[0,0],"3":[0,5],"4":[0,5],"5":[5,5]}}
,"/Users/marcus.haddon/Documents/me/eighty/src/errors.ts": {"path":"/Users/marcus.haddon/Documents/me/eighty/src/errors.ts","statementMap":{"0":{"start":{"line":1,"column":0},"end":{"line":1,"column":null}},"1":{"start":{"line":1,"column":35},"end":{"line":1,"column":40}},"2":{"start":{"line":4,"column":16},"end":{"line":4,"column":null}},"3":{"start":{"line":5,"column":8},"end":{"line":5,"column":null}},"4":{"start":{"line":2,"column":4},"end":{"line":2,"column":17}},"5":{"start":{"line":3,"column":4},"end":{"line":3,"column":26}},"6":{"start":{"line":6,"column":8},"end":{"line":6,"column":31}},"7":{"start":{"line":8,"column":0},"end":{"line":8,"column":null}},"8":{"start":{"line":1,"column":13},"end":{"line":1,"column":26}},"9":{"start":{"line":10,"column":0},"end":{"line":10,"column":null}},"10":{"start":{"line":10,"column":37},"end":{"line":10,"column":42}},"11":{"start":{"line":13,"column":16},"end":{"line":13,"column":null}},"12":{"start":{"line":14,"column":8},"end":{"line":14,"column":null}},"13":{"start":{"line":11,"column":4},"end":{"line":11,"column":17}},"14":{"start":{"line":12,"column":4},"end":{"line":12,"column":28}},"15":{"start":{"line":15,"column":8},"end":{"line":15,"column":31}},"16":{"start":{"line":17,"column":0},"end":{"line":17,"column":null}},"17":{"start":{"line":10,"column":13},"end":{"line":10,"column":28}},"18":{"start":{"line":19,"column":0},"end":{"line":19,"column":null}},"19":{"start":{"line":19,"column":40},"end":{"line":19,"column":45}},"20":{"start":{"line":23,"column":16},"end":{"line":23,"column":null}},"21":{"start":{"line":24,"column":8},"end":{"line":24,"column":null}},"22":{"start":{"line":20,"column":4},"end":{"line":20,"column":17}},"23":{"start":{"line":21,"column":4},"end":{"line":21,"column":26}},"24":{"start":{"line":25,"column":8},"end":{"line":25,"column":31}},"25":{"start":{"line":27,"column":0},"end":{"line":27,"column":null}},"26":{"start":{"line":19,"column":13},"end":{"line":19,"column":31}}},"fnMap":{"0":{"name":"(anonymous_6)","decl":{"start":{"line":1,"column":0},"end":{"line":1,"column":13}},"loc":{"start":{"line":1,"column":0},"end":{"line":8,"column":null}}},"1":{"name":"NotFoundError","decl":{"start":{"line":4,"column":4},"end":{"line":4,"column":16}},"loc":{"start":{"line":4,"column":37},"end":{"line":7,"column":5}}},"2":{"name":"(anonymous_8)","decl":{"start":{"line":10,"column":0},"end":{"line":10,"column":13}},"loc":{"start":{"line":10,"column":0},"end":{"line":17,"column":null}}},"3":{"name":"BadRequestError","decl":{"start":{"line":13,"column":4},"end":{"line":13,"column":16}},"loc":{"start":{"line":13,"column":39},"end":{"line":16,"column":5}}},"4":{"name":"(anonymous_10)","decl":{"start":{"line":19,"column":0},"end":{"line":19,"column":13}},"loc":{"start":{"line":19,"column":0},"end":{"line":27,"column":null}}},"5":{"name":"AuthorizationError","decl":{"start":{"line":23,"column":4},"end":{"line":23,"column":16}},"loc":{"start":{"line":23,"column":37},"end":{"line":26,"column":5}}}},"branchMap":{"0":{"loc":{"start":{"line":4,"column":16},"end":{"line":4,"column":null}},"type":"if","locations":[{"start":{"line":4,"column":16},"end":{"line":4,"column":null}},{"start":{"line":4,"column":16},"end":{"line":4,"column":null}}]},"1":{"loc":{"start":{"line":5,"column":8},"end":{"line":5,"column":15}},"type":"binary-expr","locations":[{"start":{"line":5,"column":8},"end":{"line":5,"column":15}},{"start":{"line":5,"column":15},"end":{"line":5,"column":null}}]},"2":{"loc":{"start":{"line":13,"column":16},"end":{"line":13,"column":null}},"type":"if","locations":[{"start":{"line":13,"column":16},"end":{"line":13,"column":null}},{"start":{"line":13,"column":16},"end":{"line":13,"column":null}}]},"3":{"loc":{"start":{"line":14,"column":8},"end":{"line":14,"column":15}},"type":"binary-expr","locations":[{"start":{"line":14,"column":8},"end":{"line":14,"column":15}},{"start":{"line":14,"column":15},"end":{"line":14,"column":null}}]},"4":{"loc":{"start":{"line":23,"column":16},"end":{"line":23,"column":null}},"type":"if","locations":[{"start":{"line":23,"column":16},"end":{"line":23,"column":null}},{"start":{"line":23,"column":16},"end":{"line":23,"column":null}}]},"5":{"loc":{"start":{"line":24,"column":8},"end":{"line":24,"column":15}},"type":"binary-expr","locations":[{"start":{"line":24,"column":8},"end":{"line":24,"column":15}},{"start":{"line":24,"column":15},"end":{"line":24,"column":null}}]}},"s":{"0":7,"1":7,"2":3,"3":3,"4":3,"5":3,"6":3,"7":7,"8":7,"9":7,"10":7,"11":4,"12":4,"13":4,"14":4,"15":4,"16":7,"17":7,"18":7,"19":7,"20":2,"21":2,"22":2,"23":2,"24":2,"25":7,"26":7},"f":{"0":7,"1":3,"2":7,"3":4,"4":7,"5":2},"b":{"0":[0,3],"1":[3,0],"2":[0,4],"3":[4,0],"4":[0,2],"5":[2,0]}}
,"/Users/marcus.haddon/Documents/me/eighty/src/auth/authentication.ts": {"path":"/Users/marcus.haddon/Documents/me/eighty/src/auth/authentication.ts","statementMap":{"0":{"start":{"line":3,"column":44},"end":{"line":10,"column":1}},"1":{"start":{"line":4,"column":4},"end":{"line":7,"column":null}},"2":{"start":{"line":5,"column":9},"end":{"line":5,"column":64}},"3":{"start":{"line":6,"column":8},"end":{"line":6,"column":71}},"4":{"start":{"line":9,"column":4},"end":{"line":9,"column":11}},"5":{"start":{"line":3,"column":13},"end":{"line":3,"column":44}}},"fnMap":{"0":{"name":"(anonymous_0)","decl":{"start":{"line":3,"column":44},"end":{"line":3,"column":45}},"loc":{"start":{"line":3,"column":59},"end":{"line":10,"column":1}}}},"branchMap":{"0":{"loc":{"start":{"line":4,"column":4},"end":{"line":7,"column":null}},"type":"if","locations":[{"start":{"line":4,"column":4},"end":{"line":7,"column":null}},{"start":{"line":4,"column":4},"end":{"line":7,"column":null}}]}},"s":{"0":7,"1":38,"2":6,"3":6,"4":32,"5":7},"f":{"0":38},"b":{"0":[6,32]}}
,"/Users/marcus.haddon/Documents/me/eighty/src/auth/authorization.ts": {"path":"/Users/marcus.haddon/Documents/me/eighty/src/auth/authorization.ts","statementMap":{"0":{"start":{"line":6,"column":0},"end":{"line":6,"column":47}},"1":{"start":{"line":21,"column":16},"end":{"line":21,"column":50}},"2":{"start":{"line":21,"column":49},"end":{"line":29,"column":3}},"3":{"start":{"line":23,"column":28},"end":{"line":23,"column":56}},"4":{"start":{"line":24,"column":28},"end":{"line":24,"column":60}},"5":{"start":{"line":25,"column":31},"end":{"line":25,"column":91}},"6":{"start":{"line":27,"column":8},"end":{"line":27,"column":45}},"7":{"start":{"line":31,"column":16},"end":{"line":31,"column":50}},"8":{"start":{"line":31,"column":49},"end":{"line":40,"column":3}},"9":{"start":{"line":33,"column":27},"end":{"line":33,"column":54}},"10":{"start":{"line":35,"column":27},"end":{"line":35,"column":56}},"11":{"start":{"line":36,"column":30},"end":{"line":36,"column":86}},"12":{"start":{"line":38,"column":8},"end":{"line":38,"column":43}},"13":{"start":{"line":42,"column":19},"end":{"line":42,"column":53}},"14":{"start":{"line":42,"column":52},"end":{"line":44,"column":null}},"15":{"start":{"line":43,"column":75},"end":{"line":43,"column":106}},"16":{"start":{"line":46,"column":16},"end":{"line":46,"column":50}},"17":{"start":{"line":46,"column":49},"end":{"line":48,"column":null}},"18":{"start":{"line":47,"column":72},"end":{"line":47,"column":110}},"19":{"start":{"line":50,"column":63},"end":{"line":55,"column":2}},"20":{"start":{"line":57,"column":12},"end":{"line":57,"column":53}},"21":{"start":{"line":57,"column":49},"end":{"line":57,"column":65}},"22":{"start":{"line":58,"column":11},"end":{"line":58,"column":52}},"23":{"start":{"line":58,"column":48},"end":{"line":58,"column":64}},"24":{"start":{"line":61,"column":20},"end":{"line":77,"column":1}},"25":{"start":{"line":66,"column":23},"end":{"line":66,"column":63}},"26":{"start":{"line":67,"column":23},"end":{"line":67,"column":67}},"27":{"start":{"line":69,"column":19},"end":{"line":72,"column":19}},"28":{"start":{"line":70,"column":22},"end":{"line":70,"column":40}},"29":{"start":{"line":71,"column":26},"end":{"line":71,"column":37}},"30":{"start":{"line":74,"column":4},"end":{"line":74,"column":27}},"31":{"start":{"line":76,"column":4},"end":{"line":76,"column":24}},"32":{"start":{"line":79,"column":20},"end":{"line":95,"column":1}},"33":{"start":{"line":84,"column":23},"end":{"line":84,"column":63}},"34":{"start":{"line":85,"column":23},"end":{"line":85,"column":75}},"35":{"start":{"line":87,"column":19},"end":{"line":90,"column":19}},"36":{"start":{"line":88,"column":22},"end":{"line":88,"column":40}},"37":{"start":{"line":89,"column":26},"end":{"line":89,"column":38}},"38":{"start":{"line":92,"column":4},"end":{"line":92,"column":27}},"39":{"start":{"line":94,"column":4},"end":{"line":94,"column":24}},"40":{"start":{"line":97,"column":34},"end":{"line":148,"column":1}},"41":{"start":{"line":98,"column":17},"end":{"line":98,"column":54}},"42":{"start":{"line":100,"column":23},"end":{"line":100,"column":101}},"43":{"start":{"line":100,"column":56},"end":{"line":100,"column":101}},"44":{"start":{"line":101,"column":22},"end":{"line":101,"column":105}},"45":{"start":{"line":101,"column":43},"end":{"line":101,"column":45}},"46":{"start":{"line":101,"column":50},"end":{"line":101,"column":54}},"47":{"start":{"line":101,"column":97},"end":{"line":101,"column":105}},"48":{"start":{"line":102,"column":23},"end":{"line":102,"column":109}},"49":{"start":{"line":102,"column":45},"end":{"line":102,"column":47}},"50":{"start":{"line":102,"column":52},"end":{"line":102,"column":57}},"51":{"start":{"line":102,"column":101},"end":{"line":102,"column":109}},"52":{"start":{"line":104,"column":31},"end":{"line":145,"column":5}},"53":{"start":{"line":105,"column":8},"end":{"line":121,"column":null}},"54":{"start":{"line":106,"column":26},"end":{"line":106,"column":42}},"55":{"start":{"line":107,"column":28},"end":{"line":107,"column":63}},"56":{"start":{"line":107,"column":51},"end":{"line":107,"column":63}},"57":{"start":{"line":108,"column":33},"end":{"line":108,"column":76}},"58":{"start":{"line":109,"column":28},"end":{"line":109,"column":36}},"59":{"start":{"line":110,"column":12},"end":{"line":114,"column":null}},"60":{"start":{"line":111,"column":16},"end":{"line":111,"column":69}},"61":{"start":{"line":113,"column":16},"end":{"line":113,"column":69}},"62":{"start":{"line":116,"column":12},"end":{"line":119,"column":null}},"63":{"start":{"line":117,"column":17},"end":{"line":117,"column":97}},"64":{"start":{"line":118,"column":16},"end":{"line":118,"column":77}},"65":{"start":{"line":120,"column":13},"end":{"line":120,"column":92}},"66":{"start":{"line":123,"column":8},"end":{"line":125,"column":null}},"67":{"start":{"line":124,"column":12},"end":{"line":124,"column":19}},"68":{"start":{"line":127,"column":9},"end":{"line":142,"column":null}},"69":{"start":{"line":128,"column":28},"end":{"line":128,"column":74}},"70":{"start":{"line":128,"column":52},"end":{"line":128,"column":74}},"71":{"start":{"line":129,"column":34},"end":{"line":129,"column":77}},"72":{"start":{"line":132,"column":12},"end":{"line":136,"column":null}},"73":{"start":{"line":133,"column":16},"end":{"line":133,"column":70}},"74":{"start":{"line":135,"column":16},"end":{"line":135,"column":70}},"75":{"start":{"line":138,"column":12},"end":{"line":141,"column":null}},"76":{"start":{"line":139,"column":17},"end":{"line":139,"column":97}},"77":{"start":{"line":140,"column":16},"end":{"line":140,"column":75}},"78":{"start":{"line":144,"column":8},"end":{"line":144,"column":15}},"79":{"start":{"line":147,"column":4},"end":{"line":147,"column":21}},"80":{"start":{"line":97,"column":13},"end":{"line":97,"column":34}}},"fnMap":{"0":{"name":"(anonymous_0)","decl":{"start":{"line":21,"column":16},"end":{"line":21,"column":17}},"loc":{"start":{"line":21,"column":44},"end":{"line":21,"column":50}}},"1":{"name":"inGroup","decl":{"start":{"line":22,"column":18},"end":{"line":22,"column":25}},"loc":{"start":{"line":22,"column":43},"end":{"line":28,"column":5}}},"2":{"name":"(anonymous_2)","decl":{"start":{"line":31,"column":16},"end":{"line":31,"column":17}},"loc":{"start":{"line":31,"column":44},"end":{"line":31,"column":50}}},"3":{"name":"hasRole","decl":{"start":{"line":32,"column":18},"end":{"line":32,"column":25}},"loc":{"start":{"line":32,"column":43},"end":{"line":39,"column":5}}},"4":{"name":"(anonymous_4)","decl":{"start":{"line":42,"column":19},"end":{"line":42,"column":20}},"loc":{"start":{"line":42,"column":47},"end":{"line":42,"column":53}}},"5":{"name":"isResource","decl":{"start":{"line":43,"column":19},"end":{"line":43,"column":29}},"loc":{"start":{"line":43,"column":71},"end":{"line":43,"column":107}}},"6":{"name":"(anonymous_6)","decl":{"start":{"line":46,"column":16},"end":{"line":46,"column":17}},"loc":{"start":{"line":46,"column":44},"end":{"line":46,"column":50}}},"7":{"name":"isOwner","decl":{"start":{"line":47,"column":19},"end":{"line":47,"column":26}},"loc":{"start":{"line":47,"column":68},"end":{"line":47,"column":111}}},"8":{"name":"(anonymous_8)","decl":{"start":{"line":57,"column":12},"end":{"line":57,"column":13}},"loc":{"start":{"line":57,"column":44},"end":{"line":57,"column":53}}},"9":{"name":"(anonymous_9)","decl":{"start":{"line":58,"column":11},"end":{"line":58,"column":12}},"loc":{"start":{"line":58,"column":43},"end":{"line":58,"column":52}}},"10":{"name":"(anonymous_10)","decl":{"start":{"line":61,"column":20},"end":{"line":61,"column":null}},"loc":{"start":{"line":64,"column":27},"end":{"line":77,"column":1}}},"11":{"name":"(anonymous_11)","decl":{"start":{"line":70,"column":13},"end":{"line":70,"column":18}},"loc":{"start":{"line":70,"column":18},"end":{"line":70,"column":26}}},"12":{"name":"(anonymous_12)","decl":{"start":{"line":71,"column":16},"end":{"line":71,"column":17}},"loc":{"start":{"line":71,"column":21},"end":{"line":71,"column":33}}},"13":{"name":"(anonymous_13)","decl":{"start":{"line":79,"column":20},"end":{"line":79,"column":null}},"loc":{"start":{"line":82,"column":27},"end":{"line":95,"column":1}}},"14":{"name":"(anonymous_14)","decl":{"start":{"line":88,"column":13},"end":{"line":88,"column":18}},"loc":{"start":{"line":88,"column":18},"end":{"line":88,"column":26}}},"15":{"name":"(anonymous_15)","decl":{"start":{"line":89,"column":16},"end":{"line":89,"column":17}},"loc":{"start":{"line":89,"column":21},"end":{"line":89,"column":27}}},"16":{"name":"(anonymous_16)","decl":{"start":{"line":97,"column":34},"end":{"line":97,"column":35}},"loc":{"start":{"line":97,"column":82},"end":{"line":148,"column":1}}},"17":{"name":"(anonymous_17)","decl":{"start":{"line":100,"column":41},"end":{"line":100,"column":52}},"loc":{"start":{"line":100,"column":52},"end":{"line":100,"column":69}}},"18":{"name":"(anonymous_18)","decl":{"start":{"line":101,"column":37},"end":{"line":101,"column":38}},"loc":{"start":{"line":101,"column":45},"end":{"line":101,"column":53}}},"19":{"name":"(anonymous_19)","decl":{"start":{"line":101,"column":62},"end":{"line":101,"column":63}},"loc":{"start":{"line":101,"column":68},"end":{"line":101,"column":98}}},"20":{"name":"(anonymous_20)","decl":{"start":{"line":102,"column":38},"end":{"line":102,"column":39}},"loc":{"start":{"line":102,"column":47},"end":{"line":102,"column":56}}},"21":{"name":"(anonymous_21)","decl":{"start":{"line":102,"column":65},"end":{"line":102,"column":66}},"loc":{"start":{"line":102,"column":71},"end":{"line":102,"column":102}}},"22":{"name":"(anonymous_22)","decl":{"start":{"line":104,"column":31},"end":{"line":104,"column":32}},"loc":{"start":{"line":104,"column":46},"end":{"line":145,"column":5}}},"23":{"name":"(anonymous_23)","decl":{"start":{"line":107,"column":42},"end":{"line":107,"column":47}},"loc":{"start":{"line":107,"column":47},"end":{"line":107,"column":56}}},"24":{"name":"(anonymous_24)","decl":{"start":{"line":127,"column":34},"end":{"line":127,"column":35}},"loc":{"start":{"line":127,"column":76},"end":{"line":142,"column":9}}},"25":{"name":"(anonymous_25)","decl":{"start":{"line":128,"column":43},"end":{"line":128,"column":48}},"loc":{"start":{"line":128,"column":48},"end":{"line":128,"column":57}}}},"branchMap":{"0":{"loc":{"start":{"line":25,"column":31},"end":{"line":25,"column":44}},"type":"binary-expr","locations":[{"start":{"line":25,"column":31},"end":{"line":25,"column":44}},{"start":{"line":25,"column":48},"end":{"line":25,"column":91}}]},"1":{"loc":{"start":{"line":27,"column":15},"end":{"line":27,"column":26}},"type":"binary-expr","locations":[{"start":{"line":27,"column":15},"end":{"line":27,"column":26}},{"start":{"line":27,"column":30},"end":{"line":27,"column":44}}]},"2":{"loc":{"start":{"line":36,"column":30},"end":{"line":36,"column":42}},"type":"binary-expr","locations":[{"start":{"line":36,"column":30},"end":{"line":36,"column":42}},{"start":{"line":36,"column":46},"end":{"line":36,"column":86}}]},"3":{"loc":{"start":{"line":38,"column":15},"end":{"line":38,"column":25}},"type":"binary-expr","locations":[{"start":{"line":38,"column":15},"end":{"line":38,"column":25}},{"start":{"line":38,"column":29},"end":{"line":38,"column":42}}]},"4":{"loc":{"start":{"line":57,"column":49},"end":{"line":57,"column":53}},"type":"binary-expr","locations":[{"start":{"line":57,"column":49},"end":{"line":57,"column":53}},{"start":{"line":57,"column":57},"end":{"line":57,"column":64}}]},"5":{"loc":{"start":{"line":58,"column":48},"end":{"line":58,"column":52}},"type":"binary-expr","locations":[{"start":{"line":58,"column":48},"end":{"line":58,"column":52}},{"start":{"line":58,"column":56},"end":{"line":58,"column":63}}]},"6":{"loc":{"start":{"line":66,"column":42},"end":{"line":66,"column":47}},"type":"cond-expr","locations":[{"start":{"line":66,"column":42},"end":{"line":66,"column":47}},{"start":{"line":66,"column":50},"end":{"line":66,"column":63}}]},"7":{"loc":{"start":{"line":84,"column":42},"end":{"line":84,"column":47}},"type":"cond-expr","locations":[{"start":{"line":84,"column":42},"end":{"line":84,"column":47}},{"start":{"line":84,"column":50},"end":{"line":84,"column":63}}]},"8":{"loc":{"start":{"line":98,"column":37},"end":{"line":98,"column":44}},"type":"cond-expr","locations":[{"start":{"line":98,"column":37},"end":{"line":98,"column":44}},{"start":{"line":98,"column":47},"end":{"line":98,"column":54}}]},"9":{"loc":{"start":{"line":105,"column":8},"end":{"line":121,"column":null}},"type":"if","locations":[{"start":{"line":105,"column":8},"end":{"line":121,"column":null}},{"start":{"line":105,"column":8},"end":{"line":121,"column":null}}]},"10":{"loc":{"start":{"line":108,"column":67},"end":{"line":108,"column":70}},"type":"cond-expr","locations":[{"start":{"line":108,"column":67},"end":{"line":108,"column":70}},{"start":{"line":108,"column":73},"end":{"line":108,"column":75}}]},"11":{"loc":{"start":{"line":110,"column":12},"end":{"line":114,"column":null}},"type":"if","locations":[{"start":{"line":110,"column":12},"end":{"line":114,"column":null}},{"start":{"line":110,"column":12},"end":{"line":114,"column":null}}]},"12":{"loc":{"start":{"line":116,"column":12},"end":{"line":119,"column":null}},"type":"if","locations":[{"start":{"line":116,"column":12},"end":{"line":119,"column":null}},{"start":{"line":116,"column":12},"end":{"line":119,"column":null}}]},"13":{"loc":{"start":{"line":123,"column":8},"end":{"line":125,"column":null}},"type":"if","locations":[{"start":{"line":123,"column":8},"end":{"line":125,"column":null}},{"start":{"line":123,"column":8},"end":{"line":125,"column":null}}]},"14":{"loc":{"start":{"line":129,"column":68},"end":{"line":129,"column":71}},"type":"cond-expr","locations":[{"start":{"line":129,"column":68},"end":{"line":129,"column":71}},{"start":{"line":129,"column":74},"end":{"line":129,"column":76}}]},"15":{"loc":{"start":{"line":132,"column":12},"end":{"line":136,"column":null}},"type":"if","locations":[{"start":{"line":132,"column":12},"end":{"line":136,"column":null}},{"start":{"line":132,"column":12},"end":{"line":136,"column":null}}]},"16":{"loc":{"start":{"line":138,"column":12},"end":{"line":141,"column":null}},"type":"if","locations":[{"start":{"line":138,"column":12},"end":{"line":141,"column":null}},{"start":{"line":138,"column":12},"end":{"line":141,"column":null}}]}},"s":{"0":7,"1":7,"2":0,"3":0,"4":0,"5":0,"6":0,"7":7,"8":1,"9":1,"10":1,"11":1,"12":1,"13":7,"14":1,"15":2,"16":7,"17":0,"18":0,"19":7,"20":7,"21":0,"22":7,"23":0,"24":7,"25":0,"26":0,"27":0,"28":0,"29":0,"30":0,"31":0,"32":7,"33":3,"34":3,"35":3,"36":3,"37":3,"38":3,"39":3,"40":7,"41":2,"42":2,"43":2,"44":2,"45":2,"46":2,"47":2,"48":2,"49":2,"50":2,"51":2,"52":2,"53":3,"54":1,"55":1,"56":1,"57":1,"58":1,"59":1,"60":0,"61":1,"62":1,"63":1,"64":1,"65":0,"66":2,"67":0,"68":2,"69":2,"70":2,"71":2,"72":2,"73":0,"74":2,"75":2,"76":2,"77":2,"78":2,"79":2,"80":7},"f":{"0":0,"1":0,"2":1,"3":1,"4":1,"5":2,"6":0,"7":0,"8":0,"9":0,"10":0,"11":0,"12":0,"13":3,"14":3,"15":3,"16":2,"17":2,"18":2,"19":2,"20":2,"21":2,"22":3,"23":1,"24":2,"25":2},"b":{"0":[0,0],"1":[0,0],"2":[1,0],"3":[1,1],"4":[0,0],"5":[0,0],"6":[0,0],"7":[3,0],"8":[2,0],"9":[1,2],"10":[1,0],"11":[0,1],"12":[1,0],"13":[0,2],"14":[2,0],"15":[0,2],"16":[2,0]}}
,"/Users/marcus.haddon/Documents/me/eighty/src/auth/index.ts": {"path":"/Users/marcus.haddon/Documents/me/eighty/src/auth/index.ts","statementMap":{"0":{"start":{"line":1,"column":0},"end":{"line":1,"column":33}}},"fnMap":{},"branchMap":{},"s":{"0":7},"f":{},"b":{}}
,"/Users/marcus.haddon/Documents/me/eighty/src/const/operations.ts": {"path":"/Users/marcus.haddon/Documents/me/eighty/src/const/operations.ts","statementMap":{"0":{"start":{"line":11,"column":13},"end":{"line":19,"column":2}},"1":{"start":{"line":21,"column":13},"end":{"line":29,"column":2}}},"fnMap":{},"branchMap":{},"s":{"0":7,"1":7},"f":{},"b":{}}
,"/Users/marcus.haddon/Documents/me/eighty/src/db/db.ts": {"path":"/Users/marcus.haddon/Documents/me/eighty/src/db/db.ts","statementMap":{"0":{"start":{"line":6,"column":0},"end":{"line":6,"column":42}},"1":{"start":{"line":30,"column":31},"end":{"line":32,"column":1}},"2":{"start":{"line":31,"column":4},"end":{"line":31,"column":43}},"3":{"start":{"line":30,"column":13},"end":{"line":30,"column":31}},"4":{"start":{"line":34,"column":13},"end":{"line":38,"column":3}},"5":{"start":{"line":37,"column":23},"end":{"line":37,"column":44}}},"fnMap":{"0":{"name":"(anonymous_0)","decl":{"start":{"line":30,"column":31},"end":{"line":30,"column":32}},"loc":{"start":{"line":30,"column":50},"end":{"line":32,"column":1}}},"1":{"name":"(anonymous_1)","decl":{"start":{"line":37,"column":17},"end":{"line":37,"column":23}},"loc":{"start":{"line":37,"column":17},"end":{"line":37,"column":27}}}},"branchMap":{},"s":{"0":7,"1":7,"2":8,"3":7,"4":7,"5":8},"f":{"0":8,"1":8},"b":{}}
,"/Users/marcus.haddon/Documents/me/eighty/src/db/mongodb.ts": {"path":"/Users/marcus.haddon/Documents/me/eighty/src/db/mongodb.ts","statementMap":{"0":{"start":{"line":1,"column":0},"end":{"line":1,"column":89}},"1":{"start":{"line":3,"column":0},"end":{"line":3,"column":66}},"2":{"start":{"line":7,"column":0},"end":{"line":7,"column":59}},"3":{"start":{"line":9,"column":0},"end":{"line":9,"column":68}},"4":{"start":{"line":13,"column":0},"end":{"line":13,"column":13}},"5":{"start":{"line":14,"column":12},"end":{"line":14,"column":30}},"6":{"start":{"line":21,"column":8},"end":{"line":21,"column":51}},"7":{"start":{"line":22,"column":8},"end":{"line":22,"column":64}},"8":{"start":{"line":23,"column":8},"end":{"line":23,"column":146}},"9":{"start":{"line":23,"column":30},"end":{"line":23,"column":146}},"10":{"start":{"line":26,"column":10},"end":{"line":31,"column":null}},"11":{"start":{"line":27,"column":8},"end":{"line":27,"column":35}},"12":{"start":{"line":27,"column":28},"end":{"line":27,"column":35}},"13":{"start":{"line":28,"column":8},"end":{"line":28,"column":13}},"14":{"start":{"line":28,"column":21},"end":{"line":28,"column":71}},"15":{"start":{"line":28,"column":8},"end":{"line":28,"column":71}},"16":{"start":{"line":29,"column":8},"end":{"line":29,"column":13}},"17":{"start":{"line":29,"column":18},"end":{"line":29,"column":51}},"18":{"start":{"line":29,"column":8},"end":{"line":29,"column":51}},"19":{"start":{"line":30,"column":8},"end":{"line":30,"column":30}},"20":{"start":{"line":33,"column":10},"end":{"line":35,"column":null}},"21":{"start":{"line":34,"column":8},"end":{"line":34,"column":38}},"22":{"start":{"line":37,"column":10},"end":{"line":77,"column":null}},"23":{"start":{"line":38,"column":16},"end":{"line":38,"column":null}},"24":{"start":{"line":39,"column":8},"end":{"line":39,"column":12}},"25":{"start":{"line":39,"column":12},"end":{"line":39,"column":null}},"26":{"start":{"line":40,"column":8},"end":{"line":40,"column":13}},"27":{"start":{"line":40,"column":13},"end":{"line":40,"column":null}},"28":{"start":{"line":41,"column":12},"end":{"line":41,"column":null}},"29":{"start":{"line":42,"column":8},"end":{"line":42,"column":13}},"30":{"start":{"line":42,"column":13},"end":{"line":42,"column":null}},"31":{"start":{"line":43,"column":8},"end":{"line":43,"column":15}},"32":{"start":{"line":43,"column":15},"end":{"line":43,"column":null}},"33":{"start":{"line":45,"column":8},"end":{"line":45,"column":29}},"34":{"start":{"line":47,"column":14},"end":{"line":47,"column":60}},"35":{"start":{"line":49,"column":12},"end":{"line":51,"column":null}},"36":{"start":{"line":53,"column":8},"end":{"line":57,"column":null}},"37":{"start":{"line":54,"column":18},"end":{"line":54,"column":56}},"38":{"start":{"line":55,"column":12},"end":{"line":56,"column":47}},"39":{"start":{"line":59,"column":20},"end":{"line":61,"column":null}},"40":{"start":{"line":59,"column":14},"end":{"line":61,"column":null}},"41":{"start":{"line":63,"column":20},"end":{"line":63,"column":null}},"42":{"start":{"line":63,"column":14},"end":{"line":63,"column":null}},"43":{"start":{"line":64,"column":14},"end":{"line":68,"column":11}},"44":{"start":{"line":65,"column":24},"end":{"line":65,"column":57}},"45":{"start":{"line":66,"column":12},"end":{"line":66,"column":30}},"46":{"start":{"line":67,"column":12},"end":{"line":67,"column":26}},"47":{"start":{"line":70,"column":22},"end":{"line":70,"column":56}},"48":{"start":{"line":70,"column":14},"end":{"line":70,"column":null}},"49":{"start":{"line":72,"column":8},"end":{"line":76,"column":null}},"50":{"start":{"line":79,"column":10},"end":{"line":94,"column":null}},"51":{"start":{"line":80,"column":8},"end":{"line":80,"column":29}},"52":{"start":{"line":82,"column":20},"end":{"line":84,"column":null}},"53":{"start":{"line":82,"column":14},"end":{"line":84,"column":null}},"54":{"start":{"line":86,"column":8},"end":{"line":88,"column":10}},"55":{"start":{"line":86,"column":18},"end":{"line":88,"column":10}},"56":{"start":{"line":90,"column":14},"end":{"line":90,"column":61}},"57":{"start":{"line":91,"column":8},"end":{"line":91,"column":29}},"58":{"start":{"line":93,"column":8},"end":{"line":93,"column":25}},"59":{"start":{"line":96,"column":10},"end":{"line":117,"column":null}},"60":{"start":{"line":97,"column":8},"end":{"line":97,"column":29}},"61":{"start":{"line":101,"column":18},"end":{"line":104,"column":14}},"62":{"start":{"line":105,"column":18},"end":{"line":106,"column":42}},"63":{"start":{"line":105,"column":12},"end":{"line":106,"column":42}},"64":{"start":{"line":108,"column":12},"end":{"line":108,"column":29}},"65":{"start":{"line":109,"column":12},"end":{"line":109,"column":20}},"66":{"start":{"line":112,"column":14},"end":{"line":112,"column":35}},"67":{"start":{"line":114,"column":14},"end":{"line":114,"column":70}},"68":{"start":{"line":115,"column":8},"end":{"line":115,"column":30}},"69":{"start":{"line":116,"column":8},"end":{"line":116,"column":26}},"70":{"start":{"line":119,"column":10},"end":{"line":150,"column":null}},"71":{"start":{"line":120,"column":8},"end":{"line":120,"column":29}},"72":{"start":{"line":123,"column":25},"end":{"line":123,"column":null}},"73":{"start":{"line":123,"column":14},"end":{"line":123,"column":null}},"74":{"start":{"line":125,"column":12},"end":{"line":125,"column":49}},"75":{"start":{"line":126,"column":8},"end":{"line":134,"column":null}},"76":{"start":{"line":126,"column":19},"end":{"line":126,"column":25}},"77":{"start":{"line":127,"column":12},"end":{"line":133,"column":null}},"78":{"start":{"line":128,"column":16},"end":{"line":128,"column":59}},"79":{"start":{"line":130,"column":16},"end":{"line":130,"column":63}},"80":{"start":{"line":130,"column":56},"end":{"line":130,"column":63}},"81":{"start":{"line":131,"column":16},"end":{"line":131,"column":54}},"82":{"start":{"line":132,"column":16},"end":{"line":132,"column":96}},"83":{"start":{"line":136,"column":14},"end":{"line":136,"column":67}},"84":{"start":{"line":137,"column":8},"end":{"line":145,"column":null}},"85":{"start":{"line":138,"column":18},"end":{"line":138,"column":90}},"86":{"start":{"line":139,"column":12},"end":{"line":144,"column":null}},"87":{"start":{"line":140,"column":22},"end":{"line":142,"column":null}},"88":{"start":{"line":141,"column":32},"end":{"line":141,"column":47}},"89":{"start":{"line":143,"column":16},"end":{"line":143,"column":null}},"90":{"start":{"line":147,"column":8},"end":{"line":147,"column":60}},"91":{"start":{"line":149,"column":8},"end":{"line":149,"column":24}},"92":{"start":{"line":152,"column":10},"end":{"line":160,"column":null}},"93":{"start":{"line":153,"column":8},"end":{"line":153,"column":29}},"94":{"start":{"line":155,"column":20},"end":{"line":159,"column":null}},"95":{"start":{"line":155,"column":14},"end":{"line":159,"column":null}},"96":{"start":{"line":162,"column":10},"end":{"line":167,"column":null}},"97":{"start":{"line":163,"column":8},"end":{"line":163,"column":29}},"98":{"start":{"line":165,"column":8},"end":{"line":166,"column":50}},"99":{"start":{"line":168,"column":0},"end":{"line":168,"column":null}},"100":{"start":{"line":13,"column":13},"end":{"line":13,"column":26}},"101":{"start":{"line":170,"column":32},"end":{"line":202,"column":1}},"102":{"start":{"line":171,"column":4},"end":{"line":171,"column":38}},"103":{"start":{"line":171,"column":28},"end":{"line":171,"column":38}},"104":{"start":{"line":173,"column":35},"end":{"line":173,"column":37}},"105":{"start":{"line":174,"column":68},"end":{"line":174,"column":70}},"106":{"start":{"line":176,"column":20},"end":{"line":176,"column":53}},"107":{"start":{"line":178,"column":4},"end":{"line":195,"column":null}},"108":{"start":{"line":178,"column":29},"end":{"line":178,"column":36}},"109":{"start":{"line":178,"column":13},"end":{"line":178,"column":15}},"110":{"start":{"line":178,"column":18},"end":{"line":178,"column":20}},"111":{"start":{"line":178,"column":23},"end":{"line":178,"column":25}},"112":{"start":{"line":179,"column":8},"end":{"line":194,"column":null}},"113":{"start":{"line":180,"column":12},"end":{"line":180,"column":65}},"114":{"start":{"line":181,"column":15},"end":{"line":194,"column":null}},"115":{"start":{"line":182,"column":12},"end":{"line":182,"column":31}},"116":{"start":{"line":183,"column":15},"end":{"line":194,"column":null}},"117":{"start":{"line":184,"column":12},"end":{"line":184,"column":40}},"118":{"start":{"line":185,"column":15},"end":{"line":194,"column":null}},"119":{"start":{"line":186,"column":27},"end":{"line":186,"column":42}},"120":{"start":{"line":187,"column":12},"end":{"line":191,"column":null}},"121":{"start":{"line":188,"column":16},"end":{"line":188,"column":41}},"122":{"start":{"line":190,"column":16},"end":{"line":190,"column":46}},"123":{"start":{"line":193,"column":12},"end":{"line":193,"column":60}},"124":{"start":{"line":197,"column":4},"end":{"line":199,"column":6}},"125":{"start":{"line":198,"column":8},"end":{"line":198,"column":31}},"126":{"start":{"line":201,"column":4},"end":{"line":201,"column":19}},"127":{"start":{"line":170,"column":13},"end":{"line":170,"column":32}},"128":{"start":{"line":204,"column":18},"end":{"line":220,"column":1}},"129":{"start":{"line":205,"column":4},"end":{"line":219,"column":null}},"130":{"start":{"line":206,"column":20},"end":{"line":210,"column":10}},"131":{"start":{"line":207,"column":12},"end":{"line":208,"column":84}},"132":{"start":{"line":208,"column":16},"end":{"line":208,"column":84}},"133":{"start":{"line":209,"column":12},"end":{"line":209,"column":35}},"134":{"start":{"line":212,"column":8},"end":{"line":212,"column":23}},"135":{"start":{"line":213,"column":11},"end":{"line":219,"column":null}},"136":{"start":{"line":214,"column":8},"end":{"line":214,"column":34}},"137":{"start":{"line":215,"column":11},"end":{"line":219,"column":null}},"138":{"start":{"line":216,"column":8},"end":{"line":216,"column":null}},"139":{"start":{"line":218,"column":8},"end":{"line":218,"column":79}},"140":{"start":{"line":222,"column":19},"end":{"line":222,"column":70}},"141":{"start":{"line":222,"column":64},"end":{"line":234,"column":7}},"142":{"start":{"line":223,"column":15},"end":{"line":223,"column":17}},"143":{"start":{"line":223,"column":20},"end":{"line":223,"column":22}},"144":{"start":{"line":224,"column":8},"end":{"line":226,"column":null}},"145":{"start":{"line":225,"column":12},"end":{"line":225,"column":75}},"146":{"start":{"line":228,"column":25},"end":{"line":228,"column":41}},"147":{"start":{"line":229,"column":8},"end":{"line":231,"column":null}},"148":{"start":{"line":230,"column":12},"end":{"line":230,"column":null}},"149":{"start":{"line":233,"column":8},"end":{"line":233,"column":35}},"150":{"start":{"line":236,"column":49},"end":{"line":245,"column":2}}},"fnMap":{"0":{"name":"(anonymous_16)","decl":{"start":{"line":13,"column":0},"end":{"line":13,"column":13}},"loc":{"start":{"line":13,"column":0},"end":{"line":168,"column":null}}},"1":{"name":"MongoDbClient","decl":{"start":{"line":20,"column":4},"end":{"line":20,"column":null}},"loc":{"start":{"line":20,"column":4},"end":{"line":24,"column":5}}},"2":{"name":"(anonymous_18)","decl":{"start":{"line":26,"column":4},"end":{"line":26,"column":10}},"loc":{"start":{"line":26,"column":4},"end":{"line":31,"column":null}}},"3":{"name":"(anonymous_21)","decl":{"start":{"line":33,"column":4},"end":{"line":33,"column":10}},"loc":{"start":{"line":33,"column":4},"end":{"line":35,"column":null}}},"4":{"name":"(anonymous_24)","decl":{"start":{"line":37,"column":4},"end":{"line":37,"column":10}},"loc":{"start":{"line":44,"column":14},"end":{"line":77,"column":null}}},"5":{"name":"(anonymous_27)","decl":{"start":{"line":64,"column":44},"end":{"line":64,"column":45}},"loc":{"start":{"line":64,"column":45},"end":{"line":68,"column":9}}},"6":{"name":"(anonymous_28)","decl":{"start":{"line":79,"column":4},"end":{"line":79,"column":10}},"loc":{"start":{"line":79,"column":48},"end":{"line":94,"column":null}}},"7":{"name":"(anonymous_31)","decl":{"start":{"line":96,"column":4},"end":{"line":96,"column":10}},"loc":{"start":{"line":96,"column":69},"end":{"line":117,"column":null}}},"8":{"name":"(anonymous_34)","decl":{"start":{"line":119,"column":4},"end":{"line":119,"column":10}},"loc":{"start":{"line":119,"column":65},"end":{"line":150,"column":null}}},"9":{"name":"(anonymous_37)","decl":{"start":{"line":141,"column":25},"end":{"line":141,"column":28}},"loc":{"start":{"line":141,"column":28},"end":{"line":141,"column":35}}},"10":{"name":"(anonymous_38)","decl":{"start":{"line":152,"column":4},"end":{"line":152,"column":10}},"loc":{"start":{"line":152,"column":96},"end":{"line":160,"column":null}}},"11":{"name":"(anonymous_41)","decl":{"start":{"line":162,"column":4},"end":{"line":162,"column":10}},"loc":{"start":{"line":162,"column":49},"end":{"line":167,"column":null}}},"12":{"name":"(anonymous_44)","decl":{"start":{"line":170,"column":32},"end":{"line":170,"column":33}},"loc":{"start":{"line":170,"column":60},"end":{"line":202,"column":1}}},"13":{"name":"(anonymous_45)","decl":{"start":{"line":204,"column":18},"end":{"line":204,"column":19}},"loc":{"start":{"line":204,"column":42},"end":{"line":220,"column":1}}},"14":{"name":"(anonymous_46)","decl":{"start":{"line":206,"column":29},"end":{"line":206,"column":30}},"loc":{"start":{"line":206,"column":30},"end":{"line":210,"column":9}}},"15":{"name":"(anonymous_47)","decl":{"start":{"line":222,"column":19},"end":{"line":222,"column":20}},"loc":{"start":{"line":222,"column":39},"end":{"line":222,"column":70}}},"16":{"name":"(anonymous_48)","decl":{"start":{"line":223,"column":9},"end":{"line":223,"column":10}},"loc":{"start":{"line":223,"column":22},"end":{"line":234,"column":5}}}},"branchMap":{"0":{"loc":{"start":{"line":22,"column":22},"end":{"line":22,"column":52}},"type":"binary-expr","locations":[{"start":{"line":22,"column":22},"end":{"line":22,"column":52}},{"start":{"line":22,"column":56},"end":{"line":22,"column":63}}]},"1":{"loc":{"start":{"line":23,"column":8},"end":{"line":23,"column":146}},"type":"if","locations":[{"start":{"line":23,"column":8},"end":{"line":23,"column":146}},{"start":{"line":23,"column":8},"end":{"line":23,"column":146}}]},"2":{"loc":{"start":{"line":27,"column":8},"end":{"line":27,"column":35}},"type":"if","locations":[{"start":{"line":27,"column":8},"end":{"line":27,"column":35}},{"start":{"line":27,"column":8},"end":{"line":27,"column":35}}]},"3":{"loc":{"start":{"line":34,"column":8},"end":{"line":34,"column":38}},"type":"switch","locations":[{"start":{"line":34,"column":8},"end":{"line":34,"column":38}}]},"4":{"loc":{"start":{"line":34,"column":24},"end":{"line":34,"column":26}},"type":"cond-expr","locations":[{"start":{"line":34,"column":24},"end":{"line":34,"column":26}},{"start":{"line":34,"column":24},"end":{"line":34,"column":37}}]},"5":{"loc":{"start":{"line":34,"column":14},"end":{"line":34,"column":26}},"type":"binary-expr","locations":[{"start":{"line":34,"column":14},"end":{"line":34,"column":26}},{"start":{"line":34,"column":24},"end":{"line":34,"column":26}}]},"6":{"loc":{"start":{"line":39,"column":15},"end":{"line":39,"column":16}},"type":"cond-expr","locations":[{"start":{"line":39,"column":15},"end":{"line":39,"column":16}},{"start":{"line":39,"column":16},"end":{"line":39,"column":null}}]},"7":{"loc":{"start":{"line":40,"column":16},"end":{"line":40,"column":18}},"type":"cond-expr","locations":[{"start":{"line":40,"column":16},"end":{"line":40,"column":18}},{"start":{"line":40,"column":18},"end":{"line":40,"column":null}}]},"8":{"loc":{"start":{"line":42,"column":16},"end":{"line":42,"column":21}},"type":"cond-expr","locations":[{"start":{"line":42,"column":16},"end":{"line":42,"column":21}},{"start":{"line":42,"column":21},"end":{"line":42,"column":null}}]},"9":{"loc":{"start":{"line":43,"column":18},"end":{"line":43,"column":20}},"type":"cond-expr","locations":[{"start":{"line":43,"column":18},"end":{"line":43,"column":20}},{"start":{"line":43,"column":20},"end":{"line":43,"column":null}}]},"10":{"loc":{"start":{"line":45,"column":8},"end":{"line":45,"column":29}},"type":"switch","locations":[{"start":{"line":45,"column":8},"end":{"line":45,"column":29}}]},"11":{"loc":{"start":{"line":49,"column":31},"end":{"line":49,"column":null}},"type":"cond-expr","locations":[{"start":{"line":49,"column":31},"end":{"line":49,"column":null}},{"start":{"line":49,"column":31},"end":{"line":51,"column":36}}]},"12":{"loc":{"start":{"line":49,"column":24},"end":{"line":49,"column":null}},"type":"binary-expr","locations":[{"start":{"line":49,"column":24},"end":{"line":49,"column":null}},{"start":{"line":49,"column":31},"end":{"line":49,"column":null}}]},"13":{"loc":{"start":{"line":53,"column":8},"end":{"line":57,"column":null}},"type":"if","locations":[{"start":{"line":53,"column":8},"end":{"line":57,"column":null}},{"start":{"line":53,"column":8},"end":{"line":57,"column":null}}]},"14":{"loc":{"start":{"line":54,"column":49},"end":{"line":54,"column":50}},"type":"cond-expr","locations":[{"start":{"line":54,"column":49},"end":{"line":54,"column":50}},{"start":{"line":54,"column":53},"end":{"line":54,"column":55}}]},"15":{"loc":{"start":{"line":55,"column":33},"end":{"line":55,"column":null}},"type":"cond-expr","locations":[{"start":{"line":55,"column":33},"end":{"line":55,"column":null}},{"start":{"line":55,"column":24},"end":{"line":56,"column":46}}]},"16":{"loc":{"start":{"line":55,"column":24},"end":{"line":55,"column":null}},"type":"binary-expr","locations":[{"start":{"line":55,"column":24},"end":{"line":55,"column":null}},{"start":{"line":55,"column":24},"end":{"line":55,"column":null}}]},"17":{"loc":{"start":{"line":63,"column":29},"end":{"line":63,"column":31}},"type":"cond-expr","locations":[{"start":{"line":63,"column":29},"end":{"line":63,"column":31}},{"start":{"line":63,"column":26},"end":{"line":63,"column":40}}]},"18":{"loc":{"start":{"line":63,"column":26},"end":{"line":63,"column":31}},"type":"binary-expr","locations":[{"start":{"line":63,"column":26},"end":{"line":63,"column":31}},{"start":{"line":63,"column":26},"end":{"line":63,"column":31}}]},"19":{"loc":{"start":{"line":64,"column":29},"end":{"line":64,"column":32}},"type":"binary-expr","locations":[{"start":{"line":64,"column":29},"end":{"line":64,"column":32}},{"start":{"line":64,"column":36},"end":{"line":64,"column":38}}]},"20":{"loc":{"start":{"line":80,"column":8},"end":{"line":80,"column":29}},"type":"switch","locations":[{"start":{"line":80,"column":8},"end":{"line":80,"column":29}}]},"21":{"loc":{"start":{"line":86,"column":8},"end":{"line":88,"column":10}},"type":"if","locations":[{"start":{"line":86,"column":8},"end":{"line":88,"column":10}},{"start":{"line":86,"column":8},"end":{"line":88,"column":10}}]},"22":{"loc":{"start":{"line":97,"column":8},"end":{"line":97,"column":29}},"type":"switch","locations":[{"start":{"line":97,"column":8},"end":{"line":97,"column":29}}]},"23":{"loc":{"start":{"line":120,"column":8},"end":{"line":120,"column":29}},"type":"switch","locations":[{"start":{"line":120,"column":8},"end":{"line":120,"column":29}}]},"24":{"loc":{"start":{"line":130,"column":16},"end":{"line":130,"column":63}},"type":"if","locations":[{"start":{"line":130,"column":16},"end":{"line":130,"column":63}},{"start":{"line":130,"column":16},"end":{"line":130,"column":63}}]},"25":{"loc":{"start":{"line":137,"column":8},"end":{"line":145,"column":null}},"type":"if","locations":[{"start":{"line":137,"column":8},"end":{"line":145,"column":null}},{"start":{"line":137,"column":8},"end":{"line":145,"column":null}}]},"26":{"loc":{"start":{"line":139,"column":12},"end":{"line":144,"column":null}},"type":"if","locations":[{"start":{"line":139,"column":12},"end":{"line":144,"column":null}},{"start":{"line":139,"column":12},"end":{"line":144,"column":null}}]},"27":{"loc":{"start":{"line":153,"column":8},"end":{"line":153,"column":29}},"type":"switch","locations":[{"start":{"line":153,"column":8},"end":{"line":153,"column":29}}]},"28":{"loc":{"start":{"line":163,"column":8},"end":{"line":163,"column":29}},"type":"switch","locations":[{"start":{"line":163,"column":8},"end":{"line":163,"column":29}}]},"29":{"loc":{"start":{"line":171,"column":4},"end":{"line":171,"column":38}},"type":"if","locations":[{"start":{"line":171,"column":4},"end":{"line":171,"column":38}},{"start":{"line":171,"column":4},"end":{"line":171,"column":38}}]},"30":{"loc":{"start":{"line":179,"column":8},"end":{"line":194,"column":null}},"type":"if","locations":[{"start":{"line":179,"column":8},"end":{"line":194,"column":null}},{"start":{"line":179,"column":8},"end":{"line":194,"column":null}}]},"31":{"loc":{"start":{"line":181,"column":15},"end":{"line":194,"column":null}},"type":"if","locations":[{"start":{"line":181,"column":15},"end":{"line":194,"column":null}},{"start":{"line":181,"column":15},"end":{"line":194,"column":null}}]},"32":{"loc":{"start":{"line":183,"column":15},"end":{"line":194,"column":null}},"type":"if","locations":[{"start":{"line":183,"column":15},"end":{"line":194,"column":null}},{"start":{"line":183,"column":15},"end":{"line":194,"column":null}}]},"33":{"loc":{"start":{"line":185,"column":15},"end":{"line":194,"column":null}},"type":"if","locations":[{"start":{"line":185,"column":15},"end":{"line":194,"column":null}},{"start":{"line":185,"column":15},"end":{"line":194,"column":null}}]},"34":{"loc":{"start":{"line":187,"column":12},"end":{"line":191,"column":null}},"type":"if","locations":[{"start":{"line":187,"column":12},"end":{"line":191,"column":null}},{"start":{"line":187,"column":12},"end":{"line":191,"column":null}}]},"35":{"loc":{"start":{"line":197,"column":4},"end":{"line":199,"column":6}},"type":"if","locations":[{"start":{"line":197,"column":4},"end":{"line":199,"column":6}},{"start":{"line":197,"column":4},"end":{"line":199,"column":6}}]},"36":{"loc":{"start":{"line":205,"column":4},"end":{"line":219,"column":null}},"type":"if","locations":[{"start":{"line":205,"column":4},"end":{"line":219,"column":null}},{"start":{"line":205,"column":4},"end":{"line":219,"column":null}}]},"37":{"loc":{"start":{"line":207,"column":12},"end":{"line":208,"column":84}},"type":"if","locations":[{"start":{"line":207,"column":12},"end":{"line":208,"column":84}},{"start":{"line":207,"column":12},"end":{"line":208,"column":84}}]},"38":{"loc":{"start":{"line":213,"column":11},"end":{"line":219,"column":null}},"type":"if","locations":[{"start":{"line":213,"column":11},"end":{"line":219,"column":null}},{"start":{"line":213,"column":11},"end":{"line":219,"column":null}}]},"39":{"loc":{"start":{"line":215,"column":11},"end":{"line":219,"column":null}},"type":"if","locations":[{"start":{"line":215,"column":11},"end":{"line":219,"column":null}},{"start":{"line":215,"column":11},"end":{"line":219,"column":null}}]},"40":{"loc":{"start":{"line":224,"column":8},"end":{"line":226,"column":null}},"type":"if","locations":[{"start":{"line":224,"column":8},"end":{"line":226,"column":null}},{"start":{"line":224,"column":8},"end":{"line":226,"column":null}}]},"41":{"loc":{"start":{"line":229,"column":8},"end":{"line":231,"column":null}},"type":"if","locations":[{"start":{"line":229,"column":8},"end":{"line":231,"column":null}},{"start":{"line":229,"column":8},"end":{"line":231,"column":null}}]},"42":{"loc":{"start":{"line":229,"column":12},"end":{"line":229,"column":31}},"type":"binary-expr","locations":[{"start":{"line":229,"column":12},"end":{"line":229,"column":31}},{"start":{"line":229,"column":35},"end":{"line":229,"column":54}}]}},"s":{"0":7,"1":7,"2":7,"3":7,"4":7,"5":8,"6":8,"7":8,"8":8,"9":0,"10":7,"11":87,"12":80,"13":7,"14":7,"15":7,"16":7,"17":7,"18":7,"19":7,"20":7,"21":16,"22":7,"23":14,"24":14,"25":14,"26":14,"27":14,"28":14,"29":14,"30":14,"31":14,"32":14,"33":28,"34":14,"35":14,"36":14,"37":2,"38":2,"39":14,"40":14,"41":14,"42":14,"43":14,"44":53,"45":53,"46":53,"47":14,"48":14,"49":14,"50":7,"51":72,"52":36,"53":36,"54":36,"55":3,"56":33,"57":33,"58":33,"59":7,"60":8,"61":4,"62":4,"63":4,"64":0,"65":0,"66":4,"67":4,"68":4,"69":4,"70":7,"71":28,"72":14,"73":14,"74":14,"75":14,"76":17,"77":17,"78":17,"79":2,"80":1,"81":1,"82":1,"83":12,"84":12,"85":12,"86":12,"87":2,"88":3,"89":2,"90":20,"91":10,"92":7,"93":26,"94":13,"95":13,"96":7,"97":6,"98":6,"99":7,"100":7,"101":7,"102":14,"103":0,"104":14,"105":14,"106":14,"107":14,"108":28,"109":8,"110":8,"111":8,"112":8,"113":1,"114":7,"115":0,"116":7,"117":0,"118":7,"119":7,"120":7,"121":7,"122":0,"123":0,"124":14,"125":0,"126":14,"127":7,"128":7,"129":1,"130":1,"131":2,"132":0,"133":2,"134":1,"135":0,"136":0,"137":0,"138":0,"139":0,"140":7,"141":7,"142":7,"143":7,"144":7,"145":0,"146":7,"147":7,"148":1,"149":7,"150":7},"f":{"0":7,"1":8,"2":87,"3":8,"4":14,"5":53,"6":36,"7":4,"8":14,"9":3,"10":13,"11":3,"12":14,"13":1,"14":2,"15":7,"16":7},"b":{"0":[8,8],"1":[0,8],"2":[80,7],"3":[8],"4":[1,7],"5":[8,8],"6":[0,14],"7":[0,14],"8":[12,2],"9":[0,14],"10":[14],"11":[0,14],"12":[14,14],"13":[2,12],"14":[1,1],"15":[0,2],"16":[2,2],"17":[0,14],"18":[14,14],"19":[14,0],"20":[36],"21":[3,33],"22":[4],"23":[14],"24":[1,1],"25":[12,0],"26":[2,10],"27":[13],"28":[3],"29":[0,14],"30":[1,7],"31":[0,7],"32":[0,7],"33":[7,0],"34":[7,0],"35":[0,14],"36":[1,0],"37":[0,2],"38":[0,0],"39":[0,0],"40":[0,7],"41":[1,6],"42":[7,2]}}
[...]
:37,"column":93}},"21":{"start":{"line":38,"column":13},"end":{"line":38,"column":61}},"22":{"start":{"line":40,"column":13},"end":{"line":40,"column":85}},"23":{"start":{"line":41,"column":12},"end":{"line":43,"column":23}},"24":{"start":{"line":49,"column":8},"end":{"line":49,"column":15}},"25":{"start":{"line":52,"column":4},"end":{"line":52,"column":30}},"26":{"start":{"line":16,"column":13},"end":{"line":16,"column":63}}},"fnMap":{"0":{"name":"(anonymous_0)","decl":{"start":{"line":7,"column":25},"end":{"line":7,"column":26}},"loc":{"start":{"line":7,"column":37},"end":{"line":14,"column":1}}},"1":{"name":"(anonymous_1)","decl":{"start":{"line":16,"column":63},"end":{"line":16,"column":64}},"loc":{"start":{"line":16,"column":82},"end":{"line":53,"column":1}}},"2":{"name":"(anonymous_2)","decl":{"start":{"line":18,"column":40},"end":{"line":18,"column":41}},"loc":{"start":{"line":18,"column":55},"end":{"line":50,"column":5}}}},"branchMap":{"0":{"loc":{"start":{"line":26,"column":22},"end":{"line":26,"column":32}},"type":"binary-expr","locations":[{"start":{"line":26,"column":22},"end":{"line":26,"column":32}},{"start":{"line":26,"column":36},"end":{"line":26,"column":66}},{"start":{"line":26,"column":70},"end":{"line":26,"column":72}}]},"1":{"loc":{"start":{"line":27,"column":21},"end":{"line":27,"column":30}},"type":"binary-expr","locations":[{"start":{"line":27,"column":21},"end":{"line":27,"column":30}},{"start":{"line":27,"column":34},"end":{"line":27,"column":63}},{"start":{"line":27,"column":67},"end":{"line":27,"column":68}}]},"2":{"loc":{"start":{"line":34,"column":23},"end":{"line":34,"column":69}},"type":"binary-expr","locations":[{"start":{"line":34,"column":23},"end":{"line":34,"column":69}},{"start":{"line":34,"column":73},"end":{"line":34,"column":81}}]},"3":{"loc":{"start":{"line":34,"column":48},"end":{"line":34,"column":50}},"type":"cond-expr","locations":[{"start":{"line":34,"column":48},"end":{"line":34,"column":50}},{"start":{"line":34,"column":48},"end":{"line":34,"column":69}}]},"4":{"loc":{"start":{"line":34,"column":23},"end":{"line":34,"column":50}},"type":"binary-expr","locations":[{"start":{"line":34,"column":23},"end":{"line":34,"column":50}},{"start":{"line":34,"column":48},"end":{"line":34,"column":50}}]},"5":{"loc":{"start":{"line":34,"column":42},"end":{"line":34,"column":44}},"type":"cond-expr","locations":[{"start":{"line":34,"column":42},"end":{"line":34,"column":44}},{"start":{"line":34,"column":42},"end":{"line":34,"column":48}}]},"6":{"loc":{"start":{"line":34,"column":23},"end":{"line":34,"column":44}},"type":"binary-expr","locations":[{"start":{"line":34,"column":23},"end":{"line":34,"column":44}},{"start":{"line":34,"column":42},"end":{"line":34,"column":44}}]},"7":{"loc":{"start":{"line":41,"column":30},"end":{"line":41,"column":38}},"type":"binary-expr","locations":[{"start":{"line":41,"column":30},"end":{"line":41,"column":38}},{"start":{"line":41,"column":42},"end":{"line":41,"column":45}}]},"8":{"loc":{"start":{"line":42,"column":33},"end":{"line":42,"column":42}},"type":"binary-expr","locations":[{"start":{"line":42,"column":33},"end":{"line":42,"column":42}},{"start":{"line":42,"column":46},"end":{"line":42,"column":69}}]}},"s":{"0":7,"1":7,"2":15,"3":15,"4":15,"5":15,"6":15,"7":7,"8":2,"9":15,"10":60,"11":15,"12":15,"13":15,"14":15,"15":15,"16":15,"17":15,"18":15,"19":15,"20":15,"21":14,"22":1,"23":1,"24":14,"25":2,"26":7},"f":{"0":15,"1":2,"2":15},"b":{"0":[15,2,13],"1":[15,1,14],"2":[15,0],"3":[0,15],"4":[15,15],"5":[0,15],"6":[15,15],"7":[1,0],"8":[1,0]}}
,"/Users/marcus.haddon/Documents/me/eighty/src/validation/buildPatchValidator.ts": {"path":"/Users/marcus.haddon/Documents/me/eighty/src/validation/buildPatchValidator.ts","statementMap":{"0":{"start":{"line":1,"column":0},"end":{"line":1,"column":57}},"1":{"start":{"line":3,"column":0},"end":{"line":3,"column":60}},"2":{"start":{"line":7,"column":0},"end":{"line":7,"column":56}},"3":{"start":{"line":9,"column":64},"end":{"line":39,"column":1}},"4":{"start":{"line":10,"column":22},"end":{"line":10,"column":62}},"5":{"start":{"line":12,"column":4},"end":{"line":14,"column":null}},"6":{"start":{"line":13,"column":8},"end":{"line":13,"column":106}},"7":{"start":{"line":16,"column":42},"end":{"line":36,"column":5}},"8":{"start":{"line":17,"column":27},"end":{"line":17,"column":50}},"9":{"start":{"line":18,"column":8},"end":{"line":23,"column":null}},"10":{"start":{"line":19,"column":13},"end":{"line":19,"column":87}},"11":{"start":{"line":20,"column":12},"end":{"line":22,"column":23}},"12":{"start":{"line":26,"column":8},"end":{"line":33,"column":null}},"13":{"start":{"line":27,"column":29},"end":{"line":27,"column":53}},"14":{"start":{"line":28,"column":12},"end":{"line":32,"column":null}},"15":{"start":{"line":29,"column":17},"end":{"line":29,"column":113}},"16":{"start":{"line":30,"column":16},"end":{"line":31,"column":77}},"17":{"start":{"line":35,"column":8},"end":{"line":35,"column":15}},"18":{"start":{"line":38,"column":4},"end":{"line":38,"column":32}},"19":{"start":{"line":9,"column":13},"end":{"line":9,"column":64}},"20":{"start":{"line":41,"column":35},"end":{"line":78,"column":1}},"21":{"start":{"line":43,"column":4},"end":{"line":43,"column":null}},"22":{"start":{"line":46,"column":53},"end":{"line":46,"column":55}},"23":{"start":{"line":48,"column":4},"end":{"line":54,"column":null}},"24":{"start":{"line":48,"column":35},"end":{"line":48,"column":41}},"25":{"start":{"line":48,"column":35},"end":{"line":48,"column":68}},"26":{"start":{"line":48,"column":15},"end":{"line":48,"column":17}},"27":{"start":{"line":48,"column":21},"end":{"line":48,"column":23}},"28":{"start":{"line":48,"column":29},"end":{"line":48,"column":31}},"29":{"start":{"line":49,"column":25},"end":{"line":49,"column":51}},"30":{"start":{"line":50,"column":25},"end":{"line":50,"column":62}},"31":{"start":{"line":51,"column":29},"end":{"line":51,"column":63}},"32":{"start":{"line":52,"column":8},"end":{"line":52,"column":37}},"33":{"start":{"line":53,"column":8},"end":{"line":53,"column":44}},"34":{"start":{"line":56,"column":4},"end":{"line":77,"column":null}},"35":{"start":{"line":57,"column":35},"end":{"line":57,"column":37}},"36":{"start":{"line":59,"column":8},"end":{"line":74,"column":null}},"37":{"start":{"line":59,"column":42},"end":{"line":59,"column":49}},"38":{"start":{"line":59,"column":19},"end":{"line":59,"column":21}},"39":{"start":{"line":59,"column":23},"end":{"line":59,"column":25}},"40":{"start":{"line":59,"column":29},"end":{"line":59,"column":31}},"41":{"start":{"line":59,"column":36},"end":{"line":59,"column":38}},"42":{"start":{"line":60,"column":12},"end":{"line":60,"column":37}},"43":{"start":{"line":61,"column":12},"end":{"line":67,"column":null}},"44":{"start":{"line":62,"column":16},"end":{"line":64,"column":null}},"45":{"start":{"line":63,"column":20},"end":{"line":63,"column":93}},"46":{"start":{"line":66,"column":16},"end":{"line":66,"column":25}},"47":{"start":{"line":68,"column":27},"end":{"line":68,"column":43}},"48":{"start":{"line":69,"column":27},"end":{"line":69,"column":50}},"49":{"start":{"line":70,"column":12},"end":{"line":73,"column":null}},"50":{"start":{"line":70,"column":30},"end":{"line":70,"column":36}},"51":{"start":{"line":70,"column":30},"end":{"line":70,"column":43}},"52":{"start":{"line":70,"column":26},"end":{"line":70,"column":30}},"53":{"start":{"line":71,"column":16},"end":{"line":71,"column":46}},"54":{"start":{"line":72,"column":16},"end":{"line":72,"column":99}},"55":{"start":{"line":76,"column":8},"end":{"line":76,"column":24}},"56":{"start":{"line":41,"column":13},"end":{"line":41,"column":35}}},"fnMap":{"0":{"name":"(anonymous_0)","decl":{"start":{"line":9,"column":64},"end":{"line":9,"column":65}},"loc":{"start":{"line":9,"column":83},"end":{"line":39,"column":1}}},"1":{"name":"(anonymous_1)","decl":{"start":{"line":16,"column":42},"end":{"line":16,"column":43}},"loc":{"start":{"line":16,"column":57},"end":{"line":36,"column":5}}},"2":{"name":"(anonymous_2)","decl":{"start":{"line":41,"column":35},"end":{"line":41,"column":null}},"loc":{"start":{"line":43,"column":55},"end":{"line":78,"column":1}}},"3":{"name":"(anonymous_3)","decl":{"start":{"line":56,"column":11},"end":{"line":56,"column":12}},"loc":{"start":{"line":56,"column":26},"end":{"line":77,"column":5}}}},"branchMap":{"0":{"loc":{"start":{"line":12,"column":4},"end":{"line":14,"column":null}},"type":"if","locations":[{"start":{"line":12,"column":4},"end":{"line":14,"column":null}},{"start":{"line":12,"column":4},"end":{"line":14,"column":null}}]},"1":{"loc":{"start":{"line":13,"column":83},"end":{"line":13,"column":85}},"type":"cond-expr","locations":[{"start":{"line":13,"column":83},"end":{"line":13,"column":85}},{"start":{"line":13,"column":83},"end":{"line":13,"column":104}}]},"2":{"loc":{"start":{"line":13,"column":56},"end":{"line":13,"column":85}},"type":"binary-expr","locations":[{"start":{"line":13,"column":56},"end":{"line":13,"column":85}},{"start":{"line":13,"column":83},"end":{"line":13,"column":85}}]},"3":{"loc":{"start":{"line":13,"column":75},"end":{"line":13,"column":77}},"type":"cond-expr","locations":[{"start":{"line":13,"column":75},"end":{"line":13,"column":77}},{"start":{"line":13,"column":75},"end":{"line":13,"column":83}}]},"4":{"loc":{"start":{"line":13,"column":56},"end":{"line":13,"column":77}},"type":"binary-expr","locations":[{"start":{"line":13,"column":56},"end":{"line":13,"column":77}},{"start":{"line":13,"column":75},"end":{"line":13,"column":77}}]},"5":{"loc":{"start":{"line":18,"column":8},"end":{"line":23,"column":null}},"type":"if","locations":[{"start":{"line":18,"column":8},"end":{"line":23,"column":null}},{"start":{"line":18,"column":8},"end":{"line":23,"column":null}}]},"6":{"loc":{"start":{"line":26,"column":8},"end":{"line":33,"column":null}},"type":"if","locations":[{"start":{"line":26,"column":8},"end":{"line":33,"column":null}},{"start":{"line":26,"column":8},"end":{"line":33,"column":null}}]},"7":{"loc":{"start":{"line":28,"column":12},"end":{"line":32,"column":null}},"type":"if","locations":[{"start":{"line":28,"column":12},"end":{"line":32,"column":null}},{"start":{"line":28,"column":12},"end":{"line":32,"column":null}}]},"8":{"loc":{"start":{"line":43,"column":4},"end":{"line":43,"column":null}},"type":"if","locations":[{"start":{"line":43,"column":4},"end":{"line":43,"column":null}},{"start":{"line":43,"column":4},"end":{"line":43,"column":null}}]},"9":{"loc":{"start":{"line":61,"column":12},"end":{"line":67,"column":null}},"type":"if","locations":[{"start":{"line":61,"column":12},"end":{"line":67,"column":null}},{"start":{"line":61,"column":12},"end":{"line":67,"column":null}}]},"10":{"loc":{"start":{"line":62,"column":16},"end":{"line":64,"column":null}},"type":"if","locations":[{"start":{"line":62,"column":16},"end":{"line":64,"column":null}},{"start":{"line":62,"column":16},"end":{"line":64,"column":null}}]}},"s":{"0":8,"1":8,"2":8,"3":8,"4":3,"5":3,"6":3,"7":3,"8":18,"9":18,"10":1,"11":1,"12":17,"13":17,"14":17,"15":1,"16":1,"17":16,"18":3,"19":8,"20":8,"21":6,"22":4,"23":4,"24":4,"25":4,"26":33,"27":33,"28":33,"29":33,"30":33,"31":33,"32":33,"33":33,"34":4,"35":22,"36":22,"37":44,"38":26,"39":26,"40":26,"41":26,"42":26,"43":26,"44":7,"45":0,"46":7,"47":19,"48":19,"49":19,"50":19,"51":19,"52":4,"53":4,"54":4,"55":22,"56":8},"f":{"0":3,"1":18,"2":4,"3":22},"b":{"0":[3,0],"1":[0,3],"2":[3,3],"3":[0,3],"4":[3,3],"5":[1,17],"6":[17,0],"7":[1,16],"8":[2,2],"9":[7,19],"10":[0,7]}}
,"/Users/marcus.haddon/Documents/me/eighty/src/validation/index.ts": {"path":"/Users/marcus.haddon/Documents/me/eighty/src/validation/index.ts","statementMap":{"0":{"start":{"line":8,"column":0},"end":{"line":8,"column":44}},"1":{"start":{"line":10,"column":0},"end":{"line":10,"column":56}},"2":{"start":{"line":16,"column":28},"end":{"line":52,"column":1}},"3":{"start":{"line":17,"column":22},"end":{"line":17,"column":62}},"4":{"start":{"line":18,"column":4},"end":{"line":21,"column":null}},"5":{"start":{"line":20,"column":8},"end":{"line":20,"column":21}},"6":{"start":{"line":22,"column":48},"end":{"line":22,"column":50}},"7":{"start":{"line":25,"column":27},"end":{"line":25,"column":66}},"8":{"start":{"line":26,"column":26},"end":{"line":26,"column":74}},"9":{"start":{"line":28,"column":26},"end":{"line":28,"column":47}},"10":{"start":{"line":29,"column":8},"end":{"line":38,"column":null}},"11":{"start":{"line":30,"column":12},"end":{"line":35,"column":14}},"12":{"start":{"line":31,"column":16},"end":{"line":34,"column":19}},"13":{"start":{"line":36,"column":12},"end":{"line":36,"column":42}},"14":{"start":{"line":40,"column":26},"end":{"line":40,"column":64}},"15":{"start":{"line":42,"column":8},"end":{"line":46,"column":null}},"16":{"start":{"line":45,"column":12},"end":{"line":45,"column":80}},"17":{"start":{"line":45,"column":49},"end":{"line":45,"column":79}},"18":{"start":{"line":48,"column":8},"end":{"line":48,"column":36}},"19":{"start":{"line":24,"column":4},"end":{"line":49,"column":null}},"20":{"start":{"line":24,"column":15},"end":{"line":24,"column":23}},"21":{"start":{"line":51,"column":4},"end":{"line":51,"column":21}},"22":{"start":{"line":16,"column":13},"end":{"line":16,"column":28}},"23":{"start":{"line":54,"column":27},"end":{"line":56,"column":1}},"24":{"start":{"line":55,"column":4},"end":{"line":55,"column":83}},"25":{"start":{"line":58,"column":23},"end":{"line":74,"column":1}},"26":{"start":{"line":59,"column":4},"end":{"line":73,"column":null}},"27":{"start":{"line":60,"column":8},"end":{"line":60,"column":30}},"28":{"start":{"line":61,"column":11},"end":{"line":73,"column":null}},"29":{"start":{"line":62,"column":8},"end":{"line":62,"column":48}},"30":{"start":{"line":62,"column":31},"end":{"line":62,"column":47}},"31":{"start":{"line":63,"column":11},"end":{"line":73,"column":null}},"32":{"start":{"line":64,"column":24},"end":{"line":65,"column":81}},"33":{"start":{"line":65,"column":23},"end":{"line":65,"column":25}},"34":{"start":{"line":65,"column":31},"end":{"line":65,"column":33}},"35":{"start":{"line":65,"column":38},"end":{"line":65,"column":81}},"36":{"start":{"line":67,"column":52},"end":{"line":67,"column":54}},"37":{"start":{"line":68,"column":8},"end":{"line":68,"column":64}},"38":{"start":{"line":68,"column":30},"end":{"line":68,"column":32}},"39":{"start":{"line":68,"column":35},"end":{"line":68,"column":37}},"40":{"start":{"line":68,"column":42},"end":{"line":68,"column":63}},"41":{"start":{"line":69,"column":8},"end":{"line":69,"column":25}},"42":{"start":{"line":72,"column":8},"end":{"line":72,"column":58}},"43":{"start":{"line":76,"column":65},"end":{"line":81,"column":2}},"44":{"start":{"line":78,"column":19},"end":{"line":78,"column":null}},"45":{"start":{"line":79,"column":18},"end":{"line":79,"column":null}},"46":{"start":{"line":83,"column":20},"end":{"line":88,"column":null}},"47":{"start":{"line":90,"column":23},"end":{"line":94,"column":1}},"48":{"start":{"line":91,"column":4},"end":{"line":93,"column":null}},"49":{"start":{"line":92,"column":8},"end":{"line":92,"column":102}}},"fnMap":{"0":{"name":"(anonymous_0)","decl":{"start":{"line":16,"column":28},"end":{"line":16,"column":29}},"loc":{"start":{"line":16,"column":105},"end":{"line":52,"column":1}}},"1":{"name":"(anonymous_2)","decl":{"start":{"line":45,"column":43},"end":{"line":45,"column":45}},"loc":{"start":{"line":45,"column":45},"end":{"line":45,"column":63}}},"2":{"name":"(anonymous_3)","decl":{"start":{"line":54,"column":27},"end":{"line":54,"column":28}},"loc":{"start":{"line":54,"column":64},"end":{"line":56,"column":1}}},"3":{"name":"(anonymous_4)","decl":{"start":{"line":58,"column":23},"end":{"line":58,"column":24}},"loc":{"start":{"line":58,"column":62},"end":{"line":74,"column":1}}},"4":{"name":"(anonymous_5)","decl":{"start":{"line":62,"column":23},"end":{"line":62,"column":27}},"loc":{"start":{"line":62,"column":27},"end":{"line":62,"column":40}}},"5":{"name":"(anonymous_6)","decl":{"start":{"line":65,"column":17},"end":{"line":65,"column":18}},"loc":{"start":{"line":65,"column":33},"end":{"line":65,"column":40}}},"6":{"name":"(anonymous_7)","decl":{"start":{"line":68,"column":24},"end":{"line":68,"column":25}},"loc":{"start":{"line":68,"column":37},"end":{"line":68,"column":51}}},"7":{"name":"(anonymous_8)","decl":{"start":{"line":78,"column":12},"end":{"line":78,"column":15}},"loc":{"start":{"line":78,"column":15},"end":{"line":78,"column":22}}},"8":{"name":"(anonymous_9)","decl":{"start":{"line":79,"column":11},"end":{"line":79,"column":14}},"loc":{"start":{"line":79,"column":14},"end":{"line":79,"column":21}}},"9":{"name":"(anonymous_10)","decl":{"start":{"line":90,"column":23},"end":{"line":90,"column":24}},"loc":{"start":{"line":90,"column":60},"end":{"line":94,"column":1}}}},"branchMap":{"0":{"loc":{"start":{"line":18,"column":4},"end":{"line":21,"column":null}},"type":"if","locations":[{"start":{"line":18,"column":4},"end":{"line":21,"column":null}},{"start":{"line":18,"column":4},"end":{"line":21,"column":null}}]},"1":{"loc":{"start":{"line":26,"column":55},"end":{"line":26,"column":57}},"type":"cond-expr","locations":[{"start":{"line":26,"column":55},"end":{"line":26,"column":57}},{"start":{"line":26,"column":55},"end":{"line":26,"column":74}}]},"2":{"loc":{"start":{"line":26,"column":26},"end":{"line":26,"column":57}},"type":"binary-expr","locations":[{"start":{"line":26,"column":26},"end":{"line":26,"column":57}},{"start":{"line":26,"column":55},"end":{"line":26,"column":57}}]},"3":{"loc":{"start":{"line":29,"column":8},"end":{"line":38,"column":null}},"type":"if","locations":[{"start":{"line":29,"column":8},"end":{"line":38,"column":null}},{"start":{"line":29,"column":8},"end":{"line":38,"column":null}}]},"4":{"loc":{"start":{"line":30,"column":12},"end":{"line":35,"column":14}},"type":"if","locations":[{"start":{"line":30,"column":12},"end":{"line":35,"column":14}},{"start":{"line":30,"column":12},"end":{"line":35,"column":14}}]},"5":{"loc":{"start":{"line":42,"column":8},"end":{"line":46,"column":null}},"type":"if","locations":[{"start":{"line":42,"column":8},"end":{"line":46,"column":null}},{"start":{"line":42,"column":8},"end":{"line":46,"column":null}}]},"6":{"loc":{"start":{"line":42,"column":12},"end":{"line":42,"column":30}},"type":"binary-expr","locations":[{"start":{"line":42,"column":12},"end":{"line":42,"column":30}},{"start":{"line":42,"column":34},"end":{"line":42,"column":63}}]},"7":{"loc":{"start":{"line":59,"column":4},"end":{"line":73,"column":null}},"type":"if","locations":[{"start":{"line":59,"column":4},"end":{"line":73,"column":null}},{"start":{"line":59,"column":4},"end":{"line":73,"column":null}}]},"8":{"loc":{"start":{"line":61,"column":11},"end":{"line":73,"column":null}},"type":"if","locations":[{"start":{"line":61,"column":11},"end":{"line":73,"column":null}},{"start":{"line":61,"column":11},"end":{"line":73,"column":null}}]},"9":{"loc":{"start":{"line":63,"column":11},"end":{"line":73,"column":null}},"type":"if","locations":[{"start":{"line":63,"column":11},"end":{"line":73,"column":null}},{"start":{"line":63,"column":11},"end":{"line":73,"column":null}}]},"10":{"loc":{"start":{"line":91,"column":4},"end":{"line":93,"column":null}},"type":"if","locations":[{"start":{"line":91,"column":4},"end":{"line":93,"column":null}},{"start":{"line":91,"column":4},"end":{"line":93,"column":null}}]}},"s":{"0":7,"1":7,"2":7,"3":15,"4":15,"5":0,"6":15,"7":9,"8":9,"9":9,"10":9,"11":3,"12":1,"13":2,"14":6,"15":6,"16":6,"17":6,"18":6,"19":15,"20":9,"21":14,"22":7,"23":7,"24":9,"25":7,"26":12,"27":4,"28":8,"29":2,"30":4,"31":6,"32":6,"33":6,"34":6,"35":6,"36":6,"37":6,"38":6,"39":6,"40":6,"41":6,"42":0,"43":7,"44":2,"45":3,"46":7,"47":7,"48":6,"49":0},"f":{"0":15,"1":6,"2":9,"3":12,"4":4,"5":6,"6":6,"7":2,"8":3,"9":6},"b":{"0":[0,15],"1":[3,6],"2":[9,9],"3":[3,6],"4":[1,2],"5":[6,0],"6":[6,6],"7":[4,8],"8":[2,6],"9":[6,0],"10":[0,6]}}
}
