{"/Users/marcus.haddon/Documents/me/eighty/dist/RouterBuilder.js": {"path":"/Users/marcus.haddon/Documents/me/eighty/dist/RouterBuilder.js","statementMap":{"0":{"start":{"line":2,"column":16},"end":{"line":10,"column":1}},"1":{"start":{"line":3,"column":28},"end":{"line":3,"column":110}},"2":{"start":{"line":3,"column":91},"end":{"line":3,"column":106}},"3":{"start":{"line":4,"column":4},"end":{"line":9,"column":7}},"4":{"start":{"line":5,"column":36},"end":{"line":5,"column":97}},"5":{"start":{"line":5,"column":42},"end":{"line":5,"column":70}},"6":{"start":{"line":5,"column":85},"end":{"line":5,"column":95}},"7":{"start":{"line":6,"column":35},"end":{"line":6,"column":100}},"8":{"start":{"line":6,"column":41},"end":{"line":6,"column":73}},"9":{"start":{"line":6,"column":88},"end":{"line":6,"column":98}},"10":{"start":{"line":7,"column":32},"end":{"line":7,"column":116}},"11":{"start":{"line":8,"column":8},"end":{"line":8,"column":78}},"12":{"start":{"line":11,"column":18},"end":{"line":37,"column":1}},"13":{"start":{"line":12,"column":12},"end":{"line":12,"column":104}},"14":{"start":{"line":12,"column":43},"end":{"line":12,"column":68}},"15":{"start":{"line":12,"column":57},"end":{"line":12,"column":68}},"16":{"start":{"line":12,"column":69},"end":{"line":12,"column":81}},"17":{"start":{"line":13,"column":4},"end":{"line":13,"column":157}},"18":{"start":{"line":13,"column":138},"end":{"line":13,"column":150}},"19":{"start":{"line":14,"column":23},"end":{"line":14,"column":68}},"20":{"start":{"line":14,"column":45},"end":{"line":14,"column":65}},"21":{"start":{"line":16,"column":8},"end":{"line":16,"column":70}},"22":{"start":{"line":16,"column":15},"end":{"line":16,"column":70}},"23":{"start":{"line":17,"column":8},"end":{"line":34,"column":66}},"24":{"start":{"line":17,"column":18},"end":{"line":34,"column":66}},"25":{"start":{"line":18,"column":12},"end":{"line":18,"column":169}},"26":{"start":{"line":18,"column":160},"end":{"line":18,"column":169}},"27":{"start":{"line":19,"column":12},"end":{"line":19,"column":52}},"28":{"start":{"line":19,"column":26},"end":{"line":19,"column":52}},"29":{"start":{"line":20,"column":12},"end":{"line":32,"column":13}},"30":{"start":{"line":21,"column":32},"end":{"line":21,"column":39}},"31":{"start":{"line":21,"column":40},"end":{"line":21,"column":46}},"32":{"start":{"line":22,"column":24},"end":{"line":22,"column":34}},"33":{"start":{"line":22,"column":35},"end":{"line":22,"column":72}},"34":{"start":{"line":23,"column":24},"end":{"line":23,"column":34}},"35":{"start":{"line":23,"column":35},"end":{"line":23,"column":45}},"36":{"start":{"line":23,"column":46},"end":{"line":23,"column":55}},"37":{"start":{"line":23,"column":56},"end":{"line":23,"column":65}},"38":{"start":{"line":24,"column":24},"end":{"line":24,"column":41}},"39":{"start":{"line":24,"column":42},"end":{"line":24,"column":55}},"40":{"start":{"line":24,"column":56},"end":{"line":24,"column":65}},"41":{"start":{"line":26,"column":20},"end":{"line":26,"column":128}},"42":{"start":{"line":26,"column":110},"end":{"line":26,"column":116}},"43":{"start":{"line":26,"column":117},"end":{"line":26,"column":126}},"44":{"start":{"line":27,"column":20},"end":{"line":27,"column":106}},"45":{"start":{"line":27,"column":81},"end":{"line":27,"column":97}},"46":{"start":{"line":27,"column":98},"end":{"line":27,"column":104}},"47":{"start":{"line":28,"column":20},"end":{"line":28,"column":89}},"48":{"start":{"line":28,"column":57},"end":{"line":28,"column":72}},"49":{"start":{"line":28,"column":73},"end":{"line":28,"column":80}},"50":{"start":{"line":28,"column":81},"end":{"line":28,"column":87}},"51":{"start":{"line":29,"column":20},"end":{"line":29,"column":87}},"52":{"start":{"line":29,"column":47},"end":{"line":29,"column":62}},"53":{"start":{"line":29,"column":63},"end":{"line":29,"column":78}},"54":{"start":{"line":29,"column":79},"end":{"line":29,"column":85}},"55":{"start":{"line":30,"column":20},"end":{"line":30,"column":42}},"56":{"start":{"line":30,"column":30},"end":{"line":30,"column":42}},"57":{"start":{"line":31,"column":20},"end":{"line":31,"column":33}},"58":{"start":{"line":31,"column":34},"end":{"line":31,"column":43}},"59":{"start":{"line":33,"column":12},"end":{"line":33,"column":39}},"60":{"start":{"line":34,"column":22},"end":{"line":34,"column":34}},"61":{"start":{"line":34,"column":35},"end":{"line":34,"column":41}},"62":{"start":{"line":34,"column":54},"end":{"line":34,"column":64}},"63":{"start":{"line":35,"column":8},"end":{"line":35,"column":35}},"64":{"start":{"line":35,"column":23},"end":{"line":35,"column":35}},"65":{"start":{"line":35,"column":36},"end":{"line":35,"column":89}},"66":{"start":{"line":38,"column":15},"end":{"line":48,"column":1}},"67":{"start":{"line":39,"column":12},"end":{"line":39,"column":59}},"68":{"start":{"line":39,"column":65},"end":{"line":39,"column":74}},"69":{"start":{"line":39,"column":80},"end":{"line":39,"column":81}},"70":{"start":{"line":40,"column":4},"end":{"line":40,"column":28}},"71":{"start":{"line":40,"column":11},"end":{"line":40,"column":28}},"72":{"start":{"line":41,"column":4},"end":{"line":46,"column":6}},"73":{"start":{"line":41,"column":43},"end":{"line":46,"column":6}},"74":{"start":{"line":43,"column":12},"end":{"line":43,"column":47}},"75":{"start":{"line":43,"column":36},"end":{"line":43,"column":47}},"76":{"start":{"line":44,"column":12},"end":{"line":44,"column":52}},"77":{"start":{"line":47,"column":4},"end":{"line":47,"column":91}},"78":{"start":{"line":49,"column":13},"end":{"line":64,"column":1}},"79":{"start":{"line":50,"column":12},"end":{"line":50,"column":62}},"80":{"start":{"line":51,"column":4},"end":{"line":51,"column":21}},"81":{"start":{"line":51,"column":12},"end":{"line":51,"column":21}},"82":{"start":{"line":52,"column":12},"end":{"line":52,"column":21}},"83":{"start":{"line":52,"column":31},"end":{"line":52,"column":33}},"84":{"start":{"line":53,"column":4},"end":{"line":62,"column":5}},"85":{"start":{"line":54,"column":8},"end":{"line":54,"column":83}},"86":{"start":{"line":54,"column":66},"end":{"line":54,"column":83}},"87":{"start":{"line":56,"column":20},"end":{"line":56,"column":41}},"88":{"start":{"line":58,"column":8},"end":{"line":61,"column":41}},"89":{"start":{"line":59,"column":12},"end":{"line":59,"column":61}},"90":{"start":{"line":59,"column":51},"end":{"line":59,"column":61}},"91":{"start":{"line":61,"column":18},"end":{"line":61,"column":39}},"92":{"start":{"line":61,"column":25},"end":{"line":61,"column":39}},"93":{"start":{"line":63,"column":4},"end":{"line":63,"column":14}},"94":{"start":{"line":65,"column":20},"end":{"line":69,"column":1}},"95":{"start":{"line":66,"column":4},"end":{"line":67,"column":24}},"96":{"start":{"line":66,"column":17},"end":{"line":66,"column":18}},"97":{"start":{"line":66,"column":25},"end":{"line":66,"column":36}},"98":{"start":{"line":66,"column":42},"end":{"line":66,"column":51}},"99":{"start":{"line":67,"column":8},"end":{"line":67,"column":24}},"100":{"start":{"line":68,"column":4},"end":{"line":68,"column":14}},"101":{"start":{"line":70,"column":22},"end":{"line":72,"column":1}},"102":{"start":{"line":71,"column":4},"end":{"line":71,"column":62}},"103":{"start":{"line":73,"column":0},"end":{"line":73,"column":62}},"104":{"start":{"line":74,"column":0},"end":{"line":74,"column":31}},"105":{"start":{"line":75,"column":27},"end":{"line":75,"column":73}},"106":{"start":{"line":76,"column":19},"end":{"line":76,"column":48}},"107":{"start":{"line":77,"column":11},"end":{"line":77,"column":29}},"108":{"start":{"line":78,"column":13},"end":{"line":78,"column":30}},"109":{"start":{"line":79,"column":29},"end":{"line":79,"column":62}},"110":{"start":{"line":80,"column":26},"end":{"line":80,"column":64}},"111":{"start":{"line":81,"column":22},"end":{"line":81,"column":52}},"112":{"start":{"line":82,"column":23},"end":{"line":82,"column":54}},"113":{"start":{"line":83,"column":22},"end":{"line":83,"column":52}},"114":{"start":{"line":84,"column":22},"end":{"line":84,"column":52}},"115":{"start":{"line":85,"column":22},"end":{"line":85,"column":52}},"116":{"start":{"line":86,"column":20},"end":{"line":86,"column":48}},"117":{"start":{"line":87,"column":26},"end":{"line":87,"column":67}},"118":{"start":{"line":88,"column":29},"end":{"line":88,"column":73}},"119":{"start":{"line":89,"column":13},"end":{"line":89,"column":30}},"120":{"start":{"line":90,"column":28},"end":{"line":90,"column":71}},"121":{"start":{"line":91,"column":27},"end":{"line":91,"column":69}},"122":{"start":{"line":92,"column":22},"end":{"line":92,"column":53}},"123":{"start":{"line":93,"column":22},"end":{"line":93,"column":48}},"124":{"start":{"line":94,"column":35},"end":{"line":257,"column":3}},"125":{"start":{"line":96,"column":8},"end":{"line":96,"column":29}},"126":{"start":{"line":97,"column":8},"end":{"line":97,"column":35}},"127":{"start":{"line":98,"column":8},"end":{"line":98,"column":56}},"128":{"start":{"line":103,"column":4},"end":{"line":145,"column":6}},"129":{"start":{"line":105,"column":20},"end":{"line":105,"column":24}},"130":{"start":{"line":106,"column":25},"end":{"line":106,"column":52}},"131":{"start":{"line":107,"column":8},"end":{"line":125,"column":9}},"132":{"start":{"line":109,"column":12},"end":{"line":117,"column":13}},"133":{"start":{"line":109,"column":35},"end":{"line":109,"column":54}},"134":{"start":{"line":109,"column":72},"end":{"line":109,"column":90}},"135":{"start":{"line":110,"column":31},"end":{"line":110,"column":50}},"136":{"start":{"line":111,"column":16},"end":{"line":112,"column":29}},"137":{"start":{"line":112,"column":20},"end":{"line":112,"column":29}},"138":{"start":{"line":113,"column":32},"end":{"line":113,"column":78}},"139":{"start":{"line":114,"column":16},"end":{"line":115,"column":29}},"140":{"start":{"line":115,"column":20},"end":{"line":115,"column":29}},"141":{"start":{"line":116,"column":16},"end":{"line":116,"column":95}},"142":{"start":{"line":119,"column":24},"end":{"line":119,"column":47}},"143":{"start":{"line":121,"column":12},"end":{"line":124,"column":49}},"144":{"start":{"line":122,"column":16},"end":{"line":122,"column":108}},"145":{"start":{"line":122,"column":87},"end":{"line":122,"column":108}},"146":{"start":{"line":124,"column":22},"end":{"line":124,"column":47}},"147":{"start":{"line":124,"column":31},"end":{"line":124,"column":47}},"148":{"start":{"line":127,"column":29},"end":{"line":128,"column":78}},"149":{"start":{"line":128,"column":39},"end":{"line":128,"column":75}},"150":{"start":{"line":129,"column":24},"end":{"line":130,"column":119}},"151":{"start":{"line":130,"column":46},"end":{"line":130,"column":116}},"152":{"start":{"line":131,"column":32},"end":{"line":139,"column":14}},"153":{"start":{"line":140,"column":23},"end":{"line":140,"column":101}},"154":{"start":{"line":142,"column":19},"end":{"line":142,"column":48}},"155":{"start":{"line":143,"column":23},"end":{"line":143,"column":55}},"156":{"start":{"line":144,"column":8},"end":{"line":144,"column":79}},"157":{"start":{"line":152,"column":4},"end":{"line":157,"column":6}},"158":{"start":{"line":154,"column":20},"end":{"line":154,"column":24}},"159":{"start":{"line":155,"column":21},"end":{"line":155,"column":144}},"160":{"start":{"line":155,"column":97},"end":{"line":155,"column":135}},"161":{"start":{"line":156,"column":8},"end":{"line":156,"column":22}},"162":{"start":{"line":163,"column":4},"end":{"line":242,"column":6}},"163":{"start":{"line":165,"column":26},"end":{"line":165,"column":28}},"164":{"start":{"line":166,"column":30},"end":{"line":166,"column":100}},"165":{"start":{"line":167,"column":27},"end":{"line":167,"column":86}},"166":{"start":{"line":168,"column":8},"end":{"line":168,"column":39}},"167":{"start":{"line":169,"column":8},"end":{"line":171,"column":9}},"168":{"start":{"line":170,"column":12},"end":{"line":170,"column":57}},"169":{"start":{"line":172,"column":8},"end":{"line":175,"column":9}},"170":{"start":{"line":173,"column":34},"end":{"line":173,"column":109}},"171":{"start":{"line":174,"column":12},"end":{"line":174,"column":46}},"172":{"start":{"line":176,"column":8},"end":{"line":180,"column":9}},"173":{"start":{"line":177,"column":36},"end":{"line":177,"column":60}},"174":{"start":{"line":178,"column":31},"end":{"line":178,"column":58}},"175":{"start":{"line":179,"column":12},"end":{"line":179,"column":43}},"176":{"start":{"line":181,"column":24},"end":{"line":181,"column":40}},"177":{"start":{"line":182,"column":19},"end":{"line":185,"column":10}},"178":{"start":{"line":186,"column":8},"end":{"line":186,"column":31}},"179":{"start":{"line":187,"column":19},"end":{"line":187,"column":23}},"180":{"start":{"line":188,"column":8},"end":{"line":235,"column":11}},"181":{"start":{"line":190,"column":12},"end":{"line":234,"column":15}},"182":{"start":{"line":192,"column":28},"end":{"line":192,"column":32}},"183":{"start":{"line":193,"column":16},"end":{"line":233,"column":19}},"184":{"start":{"line":194,"column":20},"end":{"line":232,"column":21}},"185":{"start":{"line":196,"column":28},"end":{"line":196,"column":101}},"186":{"start":{"line":197,"column":28},"end":{"line":197,"column":64}},"187":{"start":{"line":197,"column":40},"end":{"line":197,"column":64}},"188":{"start":{"line":198,"column":28},"end":{"line":198,"column":111}},"189":{"start":{"line":199,"column":28},"end":{"line":199,"column":52}},"190":{"start":{"line":201,"column":28},"end":{"line":201,"column":97}},"191":{"start":{"line":202,"column":28},"end":{"line":202,"column":128}},"192":{"start":{"line":203,"column":28},"end":{"line":203,"column":43}},"193":{"start":{"line":204,"column":28},"end":{"line":204,"column":61}},"194":{"start":{"line":204,"column":37},"end":{"line":204,"column":61}},"195":{"start":{"line":205,"column":28},"end":{"line":224,"column":41}},"196":{"start":{"line":205,"column":91},"end":{"line":224,"column":35}},"197":{"start":{"line":207,"column":36},"end":{"line":223,"column":39}},"198":{"start":{"line":208,"column":40},"end":{"line":222,"column":41}},"199":{"start":{"line":210,"column":48},"end":{"line":210,"column":74}},"200":{"start":{"line":211,"column":48},"end":{"line":211,"column":83}},"201":{"start":{"line":213,"column":48},"end":{"line":213,"column":58}},"202":{"start":{"line":214,"column":48},"end":{"line":214,"column":72}},"203":{"start":{"line":216,"column":48},"end":{"line":216,"column":64}},"204":{"start":{"line":217,"column":48},"end":{"line":217,"column":156}},"205":{"start":{"line":218,"column":48},"end":{"line":218,"column":72}},"206":{"start":{"line":220,"column":48},"end":{"line":220,"column":127}},"207":{"start":{"line":221,"column":48},"end":{"line":221,"column":70}},"208":{"start":{"line":226,"column":28},"end":{"line":226,"column":45}},"209":{"start":{"line":227,"column":28},"end":{"line":227,"column":41}},"210":{"start":{"line":229,"column":28},"end":{"line":229,"column":31}},"211":{"start":{"line":230,"column":28},"end":{"line":230,"column":41}},"212":{"start":{"line":231,"column":32},"end":{"line":231,"column":54}},"213":{"start":{"line":236,"column":27},"end":{"line":236,"column":69}},"214":{"start":{"line":237,"column":8},"end":{"line":241,"column":10}},"215":{"start":{"line":243,"column":4},"end":{"line":245,"column":6}},"216":{"start":{"line":244,"column":8},"end":{"line":244,"column":49}},"217":{"start":{"line":246,"column":4},"end":{"line":252,"column":6}},"218":{"start":{"line":247,"column":8},"end":{"line":248,"column":53}},"219":{"start":{"line":248,"column":12},"end":{"line":248,"column":53}},"220":{"start":{"line":249,"column":8},"end":{"line":250,"column":57}},"221":{"start":{"line":250,"column":12},"end":{"line":250,"column":57}},"222":{"start":{"line":251,"column":8},"end":{"line":251,"column":57}},"223":{"start":{"line":253,"column":4},"end":{"line":255,"column":6}},"224":{"start":{"line":256,"column":4},"end":{"line":256,"column":25}},"225":{"start":{"line":258,"column":0},"end":{"line":258,"column":38}},"226":{"start":{"line":260,"column":18},"end":{"line":265,"column":1}},"227":{"start":{"line":261,"column":15},"end":{"line":263,"column":5}},"228":{"start":{"line":262,"column":8},"end":{"line":262,"column":30}},"229":{"start":{"line":264,"column":4},"end":{"line":264,"column":16}},"230":{"start":{"line":266,"column":19},"end":{"line":276,"column":1}},"231":{"start":{"line":267,"column":19},"end":{"line":274,"column":5}},"232":{"start":{"line":275,"column":4},"end":{"line":275,"column":39}},"233":{"start":{"line":277,"column":26},"end":{"line":282,"column":1}},"234":{"start":{"line":278,"column":23},"end":{"line":280,"column":5}},"235":{"start":{"line":279,"column":8},"end":{"line":279,"column":15}},"236":{"start":{"line":281,"column":4},"end":{"line":281,"column":24}},"237":{"start":{"line":284,"column":27},"end":{"line":292,"column":1}},"238":{"start":{"line":285,"column":19},"end":{"line":290,"column":5}},"239":{"start":{"line":291,"column":4},"end":{"line":291,"column":47}}},"fnMap":{"0":{"name":"(anonymous_0)","decl":{"start":{"line":2,"column":44},"end":{"line":2,"column":45}},"loc":{"start":{"line":2,"column":89},"end":{"line":10,"column":1}},"line":2},"1":{"name":"adopt","decl":{"start":{"line":3,"column":13},"end":{"line":3,"column":18}},"loc":{"start":{"line":3,"column":26},"end":{"line":3,"column":112}},"line":3},"2":{"name":"(anonymous_2)","decl":{"start":{"line":3,"column":70},"end":{"line":3,"column":71}},"loc":{"start":{"line":3,"column":89},"end":{"line":3,"column":108}},"line":3},"3":{"name":"(anonymous_3)","decl":{"start":{"line":4,"column":36},"end":{"line":4,"column":37}},"loc":{"start":{"line":4,"column":63},"end":{"line":9,"column":5}},"line":4},"4":{"name":"fulfilled","decl":{"start":{"line":5,"column":17},"end":{"line":5,"column":26}},"loc":{"start":{"line":5,"column":34},"end":{"line":5,"column":99}},"line":5},"5":{"name":"rejected","decl":{"start":{"line":6,"column":17},"end":{"line":6,"column":25}},"loc":{"start":{"line":6,"column":33},"end":{"line":6,"column":102}},"line":6},"6":{"name":"step","decl":{"start":{"line":7,"column":17},"end":{"line":7,"column":21}},"loc":{"start":{"line":7,"column":30},"end":{"line":7,"column":118}},"line":7},"7":{"name":"(anonymous_7)","decl":{"start":{"line":11,"column":48},"end":{"line":11,"column":49}},"loc":{"start":{"line":11,"column":73},"end":{"line":37,"column":1}},"line":11},"8":{"name":"(anonymous_8)","decl":{"start":{"line":12,"column":30},"end":{"line":12,"column":31}},"loc":{"start":{"line":12,"column":41},"end":{"line":12,"column":83}},"line":12},"9":{"name":"(anonymous_9)","decl":{"start":{"line":13,"column":125},"end":{"line":13,"column":126}},"loc":{"start":{"line":13,"column":136},"end":{"line":13,"column":152}},"line":13},"10":{"name":"verb","decl":{"start":{"line":14,"column":13},"end":{"line":14,"column":17}},"loc":{"start":{"line":14,"column":21},"end":{"line":14,"column":70}},"line":14},"11":{"name":"(anonymous_11)","decl":{"start":{"line":14,"column":30},"end":{"line":14,"column":31}},"loc":{"start":{"line":14,"column":43},"end":{"line":14,"column":67}},"line":14},"12":{"name":"step","decl":{"start":{"line":15,"column":13},"end":{"line":15,"column":17}},"loc":{"start":{"line":15,"column":22},"end":{"line":36,"column":5}},"line":15},"13":{"name":"(anonymous_13)","decl":{"start":{"line":38,"column":42},"end":{"line":38,"column":43}},"loc":{"start":{"line":38,"column":54},"end":{"line":48,"column":1}},"line":38},"14":{"name":"(anonymous_14)","decl":{"start":{"line":42,"column":14},"end":{"line":42,"column":15}},"loc":{"start":{"line":42,"column":26},"end":{"line":45,"column":9}},"line":42},"15":{"name":"(anonymous_15)","decl":{"start":{"line":49,"column":38},"end":{"line":49,"column":39}},"loc":{"start":{"line":49,"column":54},"end":{"line":64,"column":1}},"line":49},"16":{"name":"(anonymous_16)","decl":{"start":{"line":65,"column":52},"end":{"line":65,"column":53}},"loc":{"start":{"line":65,"column":72},"end":{"line":69,"column":1}},"line":65},"17":{"name":"(anonymous_17)","decl":{"start":{"line":70,"column":56},"end":{"line":70,"column":57}},"loc":{"start":{"line":70,"column":71},"end":{"line":72,"column":1}},"line":70},"18":{"name":"(anonymous_18)","decl":{"start":{"line":94,"column":35},"end":{"line":94,"column":36}},"loc":{"start":{"line":94,"column":47},"end":{"line":257,"column":1}},"line":94},"19":{"name":"RouterBuilder","decl":{"start":{"line":95,"column":13},"end":{"line":95,"column":26}},"loc":{"start":{"line":95,"column":35},"end":{"line":99,"column":5}},"line":95},"20":{"name":"(anonymous_20)","decl":{"start":{"line":103,"column":54},"end":{"line":103,"column":55}},"loc":{"start":{"line":103,"column":66},"end":{"line":145,"column":5}},"line":103},"21":{"name":"(anonymous_21)","decl":{"start":{"line":128,"column":17},"end":{"line":128,"column":18}},"loc":{"start":{"line":128,"column":37},"end":{"line":128,"column":77}},"line":128},"22":{"name":"(anonymous_22)","decl":{"start":{"line":130,"column":20},"end":{"line":130,"column":21}},"loc":{"start":{"line":130,"column":44},"end":{"line":130,"column":118}},"line":130},"23":{"name":"(anonymous_23)","decl":{"start":{"line":152,"column":43},"end":{"line":152,"column":44}},"loc":{"start":{"line":152,"column":63},"end":{"line":157,"column":5}},"line":152},"24":{"name":"(anonymous_24)","decl":{"start":{"line":155,"column":81},"end":{"line":155,"column":82}},"loc":{"start":{"line":155,"column":95},"end":{"line":155,"column":137}},"line":155},"25":{"name":"(anonymous_25)","decl":{"start":{"line":163,"column":41},"end":{"line":163,"column":42}},"loc":{"start":{"line":163,"column":65},"end":{"line":242,"column":5}},"line":163},"26":{"name":"maybeRunCallbacks","decl":{"start":{"line":188,"column":34},"end":{"line":188,"column":51}},"loc":{"start":{"line":188,"column":62},"end":{"line":235,"column":9}},"line":188},"27":{"name":"(anonymous_27)","decl":{"start":{"line":190,"column":51},"end":{"line":190,"column":52}},"loc":{"start":{"line":190,"column":63},"end":{"line":234,"column":13}},"line":190},"28":{"name":"(anonymous_28)","decl":{"start":{"line":193,"column":41},"end":{"line":193,"column":42}},"loc":{"start":{"line":193,"column":55},"end":{"line":233,"column":17}},"line":193},"29":{"name":"(anonymous_29)","decl":{"start":{"line":205,"column":75},"end":{"line":205,"column":76}},"loc":{"start":{"line":205,"column":89},"end":{"line":224,"column":37}},"line":205},"30":{"name":"(anonymous_30)","decl":{"start":{"line":205,"column":131},"end":{"line":205,"column":132}},"loc":{"start":{"line":205,"column":143},"end":{"line":224,"column":33}},"line":205},"31":{"name":"(anonymous_31)","decl":{"start":{"line":207,"column":61},"end":{"line":207,"column":62}},"loc":{"start":{"line":207,"column":75},"end":{"line":223,"column":37}},"line":207},"32":{"name":"(anonymous_32)","decl":{"start":{"line":243,"column":40},"end":{"line":243,"column":41}},"loc":{"start":{"line":243,"column":58},"end":{"line":245,"column":5}},"line":243},"33":{"name":"(anonymous_33)","decl":{"start":{"line":246,"column":54},"end":{"line":246,"column":55}},"loc":{"start":{"line":246,"column":86},"end":{"line":252,"column":5}},"line":246},"34":{"name":"(anonymous_34)","decl":{"start":{"line":253,"column":54},"end":{"line":253,"column":55}},"loc":{"start":{"line":253,"column":86},"end":{"line":255,"column":5}},"line":253},"35":{"name":"(anonymous_35)","decl":{"start":{"line":260,"column":18},"end":{"line":260,"column":19}},"loc":{"start":{"line":260,"column":30},"end":{"line":265,"column":1}},"line":260},"36":{"name":"(anonymous_36)","decl":{"start":{"line":261,"column":15},"end":{"line":261,"column":16}},"loc":{"start":{"line":261,"column":35},"end":{"line":263,"column":5}},"line":261},"37":{"name":"(anonymous_37)","decl":{"start":{"line":266,"column":19},"end":{"line":266,"column":20}},"loc":{"start":{"line":266,"column":33},"end":{"line":276,"column":1}},"line":266},"38":{"name":"(anonymous_38)","decl":{"start":{"line":277,"column":26},"end":{"line":277,"column":27}},"loc":{"start":{"line":277,"column":38},"end":{"line":282,"column":1}},"line":277},"39":{"name":"(anonymous_39)","decl":{"start":{"line":278,"column":23},"end":{"line":278,"column":24}},"loc":{"start":{"line":278,"column":49},"end":{"line":280,"column":5}},"line":278},"40":{"name":"(anonymous_40)","decl":{"start":{"line":284,"column":27},"end":{"line":284,"column":28}},"loc":{"start":{"line":284,"column":41},"end":{"line":292,"column":1}},"line":284}},"branchMap":{"0":{"loc":{"start":{"line":2,"column":16},"end":{"line":10,"column":1}},"type":"binary-expr","locations":[{"start":{"line":2,"column":17},"end":{"line":2,"column":21}},{"start":{"line":2,"column":25},"end":{"line":2,"column":39}},{"start":{"line":2,"column":44},"end":{"line":10,"column":1}}],"line":2},"1":{"loc":{"start":{"line":3,"column":35},"end":{"line":3,"column":109}},"type":"cond-expr","locations":[{"start":{"line":3,"column":56},"end":{"line":3,"column":61}},{"start":{"line":3,"column":64},"end":{"line":3,"column":109}}],"line":3},"2":{"loc":{"start":{"line":4,"column":16},"end":{"line":4,"column":34}},"type":"binary-expr","locations":[{"start":{"line":4,"column":16},"end":{"line":4,"column":17}},{"start":{"line":4,"column":22},"end":{"line":4,"column":33}}],"line":4},"3":{"loc":{"start":{"line":7,"column":32},"end":{"line":7,"column":115}},"type":"cond-expr","locations":[{"start":{"line":7,"column":46},"end":{"line":7,"column":67}},{"start":{"line":7,"column":70},"end":{"line":7,"column":115}}],"line":7},"4":{"loc":{"start":{"line":8,"column":51},"end":{"line":8,"column":67}},"type":"binary-expr","locations":[{"start":{"line":8,"column":51},"end":{"line":8,"column":61}},{"start":{"line":8,"column":65},"end":{"line":8,"column":67}}],"line":8},"5":{"loc":{"start":{"line":11,"column":18},"end":{"line":37,"column":1}},"type":"binary-expr","locations":[{"start":{"line":11,"column":19},"end":{"line":11,"column":23}},{"start":{"line":11,"column":27},"end":{"line":11,"column":43}},{"start":{"line":11,"column":48},"end":{"line":37,"column":1}}],"line":11},"6":{"loc":{"start":{"line":12,"column":43},"end":{"line":12,"column":68}},"type":"if","locations":[{"start":{"line":12,"column":43},"end":{"line":12,"column":68}},{"start":{"line":12,"column":43},"end":{"line":12,"column":68}}],"line":12},"7":{"loc":{"start":{"line":13,"column":71},"end":{"line":13,"column":153}},"type":"binary-expr","locations":[{"start":{"line":13,"column":71},"end":{"line":13,"column":99}},{"start":{"line":13,"column":104},"end":{"line":13,"column":152}}],"line":13},"8":{"loc":{"start":{"line":16,"column":8},"end":{"line":16,"column":70}},"type":"if","locations":[{"start":{"line":16,"column":8},"end":{"line":16,"column":70}},{"start":{"line":16,"column":8},"end":{"line":16,"column":70}}],"line":16},"9":{"loc":{"start":{"line":18,"column":12},"end":{"line":18,"column":169}},"type":"if","locations":[{"start":{"line":18,"column":12},"end":{"line":18,"column":169}},{"start":{"line":18,"column":12},"end":{"line":18,"column":169}}],"line":18},"10":{"loc":{"start":{"line":18,"column":23},"end":{"line":18,"column":158}},"type":"binary-expr","locations":[{"start":{"line":18,"column":23},"end":{"line":18,"column":24}},{"start":{"line":18,"column":29},"end":{"line":18,"column":125}},{"start":{"line":18,"column":130},"end":{"line":18,"column":158}}],"line":18},"11":{"loc":{"start":{"line":18,"column":33},"end":{"line":18,"column":125}},"type":"cond-expr","locations":[{"start":{"line":18,"column":45},"end":{"line":18,"column":56}},{"start":{"line":18,"column":59},"end":{"line":18,"column":125}}],"line":18},"12":{"loc":{"start":{"line":18,"column":59},"end":{"line":18,"column":125}},"type":"cond-expr","locations":[{"start":{"line":18,"column":67},"end":{"line":18,"column":116}},{"start":{"line":18,"column":119},"end":{"line":18,"column":125}}],"line":18},"13":{"loc":{"start":{"line":18,"column":67},"end":{"line":18,"column":116}},"type":"binary-expr","locations":[{"start":{"line":18,"column":67},"end":{"line":18,"column":77}},{"start":{"line":18,"column":82},"end":{"line":18,"column":115}}],"line":18},"14":{"loc":{"start":{"line":18,"column":82},"end":{"line":18,"column":112}},"type":"binary-expr","locations":[{"start":{"line":18,"column":83},"end":{"line":18,"column":98}},{"start":{"line":18,"column":103},"end":{"line":18,"column":112}}],"line":18},"15":{"loc":{"start":{"line":19,"column":12},"end":{"line":19,"column":52}},"type":"if","locations":[{"start":{"line":19,"column":12},"end":{"line":19,"column":52}},{"start":{"line":19,"column":12},"end":{"line":19,"column":52}}],"line":19},"16":{"loc":{"start":{"line":20,"column":12},"end":{"line":32,"column":13}},"type":"switch","locations":[{"start":{"line":21,"column":16},"end":{"line":21,"column":23}},{"start":{"line":21,"column":24},"end":{"line":21,"column":46}},{"start":{"line":22,"column":16},"end":{"line":22,"column":72}},{"start":{"line":23,"column":16},"end":{"line":23,"column":65}},{"start":{"line":24,"column":16},"end":{"line":24,"column":65}},{"start":{"line":25,"column":16},"end":{"line":31,"column":43}}],"line":20},"17":{"loc":{"start":{"line":26,"column":20},"end":{"line":26,"column":128}},"type":"if","locations":[{"start":{"line":26,"column":20},"end":{"line":26,"column":128}},{"start":{"line":26,"column":20},"end":{"line":26,"column":128}}],"line":26},"18":{"loc":{"start":{"line":26,"column":24},"end":{"line":26,"column":106}},"type":"binary-expr","locations":[{"start":{"line":26,"column":24},"end":{"line":26,"column":74}},{"start":{"line":26,"column":79},"end":{"line":26,"column":90}},{"start":{"line":26,"column":94},"end":{"line":26,"column":105}}],"line":26},"19":{"loc":{"start":{"line":26,"column":42},"end":{"line":26,"column":73}},"type":"binary-expr","locations":[{"start":{"line":26,"column":42},"end":{"line":26,"column":54}},{"start":{"line":26,"column":58},"end":{"line":26,"column":73}}],"line":26},"20":{"loc":{"start":{"line":27,"column":20},"end":{"line":27,"column":106}},"type":"if","locations":[{"start":{"line":27,"column":20},"end":{"line":27,"column":106}},{"start":{"line":27,"column":20},"end":{"line":27,"column":106}}],"line":27},"21":{"loc":{"start":{"line":27,"column":24},"end":{"line":27,"column":77}},"type":"binary-expr","locations":[{"start":{"line":27,"column":24},"end":{"line":27,"column":35}},{"start":{"line":27,"column":40},"end":{"line":27,"column":42}},{"start":{"line":27,"column":47},"end":{"line":27,"column":59}},{"start":{"line":27,"column":63},"end":{"line":27,"column":75}}],"line":27},"22":{"loc":{"start":{"line":28,"column":20},"end":{"line":28,"column":89}},"type":"if","locations":[{"start":{"line":28,"column":20},"end":{"line":28,"column":89}},{"start":{"line":28,"column":20},"end":{"line":28,"column":89}}],"line":28},"23":{"loc":{"start":{"line":28,"column":24},"end":{"line":28,"column":53}},"type":"binary-expr","locations":[{"start":{"line":28,"column":24},"end":{"line":28,"column":35}},{"start":{"line":28,"column":39},"end":{"line":28,"column":53}}],"line":28},"24":{"loc":{"start":{"line":29,"column":20},"end":{"line":29,"column":87}},"type":"if","locations":[{"start":{"line":29,"column":20},"end":{"line":29,"column":87}},{"start":{"line":29,"column":20},"end":{"line":29,"column":87}}],"line":29},"25":{"loc":{"start":{"line":29,"column":24},"end":{"line":29,"column":43}},"type":"binary-expr","locations":[{"start":{"line":29,"column":24},"end":{"line":29,"column":25}},{"start":{"line":29,"column":29},"end":{"line":29,"column":43}}],"line":29},"26":{"loc":{"start":{"line":30,"column":20},"end":{"line":30,"column":42}},"type":"if","locations":[{"start":{"line":30,"column":20},"end":{"line":30,"column":42}},{"start":{"line":30,"column":20},"end":{"line":30,"column":42}}],"line":30},"27":{"loc":{"start":{"line":35,"column":8},"end":{"line":35,"column":35}},"type":"if","locations":[{"start":{"line":35,"column":8},"end":{"line":35,"column":35}},{"start":{"line":35,"column":8},"end":{"line":35,"column":35}}],"line":35},"28":{"loc":{"start":{"line":35,"column":52},"end":{"line":35,"column":74}},"type":"cond-expr","locations":[{"start":{"line":35,"column":60},"end":{"line":35,"column":65}},{"start":{"line":35,"column":68},"end":{"line":35,"column":74}}],"line":35},"29":{"loc":{"start":{"line":38,"column":15},"end":{"line":48,"column":1}},"type":"binary-expr","locations":[{"start":{"line":38,"column":16},"end":{"line":38,"column":20}},{"start":{"line":38,"column":24},"end":{"line":38,"column":37}},{"start":{"line":38,"column":42},"end":{"line":48,"column":1}}],"line":38},"30":{"loc":{"start":{"line":39,"column":12},"end":{"line":39,"column":59}},"type":"binary-expr","locations":[{"start":{"line":39,"column":12},"end":{"line":39,"column":40}},{"start":{"line":39,"column":44},"end":{"line":39,"column":59}}],"line":39},"31":{"loc":{"start":{"line":39,"column":65},"end":{"line":39,"column":74}},"type":"binary-expr","locations":[{"start":{"line":39,"column":65},"end":{"line":39,"column":66}},{"start":{"line":39,"column":70},"end":{"line":39,"column":74}}],"line":39},"32":{"loc":{"start":{"line":40,"column":4},"end":{"line":40,"column":28}},"type":"if","locations":[{"start":{"line":40,"column":4},"end":{"line":40,"column":28}},{"start":{"line":40,"column":4},"end":{"line":40,"column":28}}],"line":40},"33":{"loc":{"start":{"line":41,"column":4},"end":{"line":46,"column":6}},"type":"if","locations":[{"start":{"line":41,"column":4},"end":{"line":46,"column":6}},{"start":{"line":41,"column":4},"end":{"line":46,"column":6}}],"line":41},"34":{"loc":{"start":{"line":41,"column":8},"end":{"line":41,"column":41}},"type":"binary-expr","locations":[{"start":{"line":41,"column":8},"end":{"line":41,"column":9}},{"start":{"line":41,"column":13},"end":{"line":41,"column":41}}],"line":41},"35":{"loc":{"start":{"line":43,"column":12},"end":{"line":43,"column":47}},"type":"if","locations":[{"start":{"line":43,"column":12},"end":{"line":43,"column":47}},{"start":{"line":43,"column":12},"end":{"line":43,"column":47}}],"line":43},"36":{"loc":{"start":{"line":43,"column":16},"end":{"line":43,"column":34}},"type":"binary-expr","locations":[{"start":{"line":43,"column":16},"end":{"line":43,"column":17}},{"start":{"line":43,"column":21},"end":{"line":43,"column":34}}],"line":43},"37":{"loc":{"start":{"line":44,"column":28},"end":{"line":44,"column":39}},"type":"binary-expr","locations":[{"start":{"line":44,"column":28},"end":{"line":44,"column":29}},{"start":{"line":44,"column":33},"end":{"line":44,"column":39}}],"line":44},"38":{"loc":{"start":{"line":47,"column":24},"end":{"line":47,"column":89}},"type":"cond-expr","locations":[{"start":{"line":47,"column":28},"end":{"line":47,"column":53}},{"start":{"line":47,"column":56},"end":{"line":47,"column":89}}],"line":47},"39":{"loc":{"start":{"line":49,"column":13},"end":{"line":64,"column":1}},"type":"binary-expr","locations":[{"start":{"line":49,"column":14},"end":{"line":49,"column":18}},{"start":{"line":49,"column":22},"end":{"line":49,"column":33}},{"start":{"line":49,"column":38},"end":{"line":64,"column":1}}],"line":49},"40":{"loc":{"start":{"line":50,"column":12},"end":{"line":50,"column":62}},"type":"binary-expr","locations":[{"start":{"line":50,"column":12},"end":{"line":50,"column":40}},{"start":{"line":50,"column":44},"end":{"line":50,"column":62}}],"line":50},"41":{"loc":{"start":{"line":51,"column":4},"end":{"line":51,"column":21}},"type":"if","locations":[{"start":{"line":51,"column":4},"end":{"line":51,"column":21}},{"start":{"line":51,"column":4},"end":{"line":51,"column":21}}],"line":51},"42":{"loc":{"start":{"line":54,"column":15},"end":{"line":54,"column":64}},"type":"binary-expr","locations":[{"start":{"line":54,"column":16},"end":{"line":54,"column":28}},{"start":{"line":54,"column":32},"end":{"line":54,"column":39}},{"start":{"line":54,"column":44},"end":{"line":54,"column":64}}],"line":54},"43":{"loc":{"start":{"line":59,"column":12},"end":{"line":59,"column":61}},"type":"if","locations":[{"start":{"line":59,"column":12},"end":{"line":59,"column":61}},{"start":{"line":59,"column":12},"end":{"line":59,"column":61}}],"line":59},"44":{"loc":{"start":{"line":59,"column":16},"end":{"line":59,"column":49}},"type":"binary-expr","locations":[{"start":{"line":59,"column":16},"end":{"line":59,"column":17}},{"start":{"line":59,"column":21},"end":{"line":59,"column":28}},{"start":{"line":59,"column":33},"end":{"line":59,"column":48}}],"line":59},"45":{"loc":{"start":{"line":61,"column":18},"end":{"line":61,"column":39}},"type":"if","locations":[{"start":{"line":61,"column":18},"end":{"line":61,"column":39}},{"start":{"line":61,"column":18},"end":{"line":61,"column":39}}],"line":61},"46":{"loc":{"start":{"line":65,"column":20},"end":{"line":69,"column":1}},"type":"binary-expr","locations":[{"start":{"line":65,"column":21},"end":{"line":65,"column":25}},{"start":{"line":65,"column":29},"end":{"line":65,"column":47}},{"start":{"line":65,"column":52},"end":{"line":69,"column":1}}],"line":65},"47":{"loc":{"start":{"line":70,"column":22},"end":{"line":72,"column":1}},"type":"binary-expr","locations":[{"start":{"line":70,"column":23},"end":{"line":70,"column":27}},{"start":{"line":70,"column":31},"end":{"line":70,"column":51}},{"start":{"line":70,"column":56},"end":{"line":72,"column":1}}],"line":70},"48":{"loc":{"start":{"line":71,"column":11},"end":{"line":71,"column":61}},"type":"cond-expr","locations":[{"start":{"line":71,"column":37},"end":{"line":71,"column":40}},{"start":{"line":71,"column":43},"end":{"line":71,"column":61}}],"line":71},"49":{"loc":{"start":{"line":71,"column":12},"end":{"line":71,"column":33}},"type":"binary-expr","locations":[{"start":{"line":71,"column":12},"end":{"line":71,"column":15}},{"start":{"line":71,"column":19},"end":{"line":71,"column":33}}],"line":71},"50":{"loc":{"start":{"line":106,"column":25},"end":{"line":106,"column":52}},"type":"binary-expr","locations":[{"start":{"line":106,"column":25},"end":{"line":106,"column":46}},{"start":{"line":106,"column":50},"end":{"line":106,"column":52}}],"line":106},"51":{"loc":{"start":{"line":111,"column":16},"end":{"line":112,"column":29}},"type":"if","locations":[{"start":{"line":111,"column":16},"end":{"line":112,"column":29}},{"start":{"line":111,"column":16},"end":{"line":112,"column":29}}],"line":111},"52":{"loc":{"start":{"line":114,"column":16},"end":{"line":115,"column":29}},"type":"if","locations":[{"start":{"line":114,"column":16},"end":{"line":115,"column":29}},{"start":{"line":114,"column":16},"end":{"line":115,"column":29}}],"line":114},"53":{"loc":{"start":{"line":122,"column":16},"end":{"line":122,"column":108}},"type":"if","locations":[{"start":{"line":122,"column":16},"end":{"line":122,"column":108}},{"start":{"line":122,"column":16},"end":{"line":122,"column":108}}],"line":122},"54":{"loc":{"start":{"line":122,"column":20},"end":{"line":122,"column":85}},"type":"binary-expr","locations":[{"start":{"line":122,"column":20},"end":{"line":122,"column":33}},{"start":{"line":122,"column":37},"end":{"line":122,"column":56}},{"start":{"line":122,"column":61},"end":{"line":122,"column":84}}],"line":122},"55":{"loc":{"start":{"line":124,"column":22},"end":{"line":124,"column":47}},"type":"if","locations":[{"start":{"line":124,"column":22},"end":{"line":124,"column":47}},{"start":{"line":124,"column":22},"end":{"line":124,"column":47}}],"line":124},"56":{"loc":{"start":{"line":155,"column":21},"end":{"line":155,"column":144}},"type":"cond-expr","locations":[{"start":{"line":155,"column":44},"end":{"line":155,"column":138}},{"start":{"line":155,"column":142},"end":{"line":155,"column":144}}],"line":155},"57":{"loc":{"start":{"line":166,"column":30},"end":{"line":166,"column":100}},"type":"cond-expr","locations":[{"start":{"line":166,"column":85},"end":{"line":166,"column":91}},{"start":{"line":166,"column":94},"end":{"line":166,"column":100}}],"line":166},"58":{"loc":{"start":{"line":166,"column":30},"end":{"line":166,"column":82}},"type":"binary-expr","locations":[{"start":{"line":166,"column":30},"end":{"line":166,"column":65}},{"start":{"line":166,"column":69},"end":{"line":166,"column":82}}],"line":166},"59":{"loc":{"start":{"line":169,"column":8},"end":{"line":171,"column":9}},"type":"if","locations":[{"start":{"line":169,"column":8},"end":{"line":171,"column":9}},{"start":{"line":169,"column":8},"end":{"line":171,"column":9}}],"line":169},"60":{"loc":{"start":{"line":169,"column":12},"end":{"line":169,"column":108}},"type":"cond-expr","locations":[{"start":{"line":169,"column":69},"end":{"line":169,"column":75}},{"start":{"line":169,"column":78},"end":{"line":169,"column":108}}],"line":169},"61":{"loc":{"start":{"line":169,"column":12},"end":{"line":169,"column":66}},"type":"binary-expr","locations":[{"start":{"line":169,"column":12},"end":{"line":169,"column":36}},{"start":{"line":169,"column":40},"end":{"line":169,"column":66}}],"line":169},"62":{"loc":{"start":{"line":172,"column":8},"end":{"line":175,"column":9}},"type":"if","locations":[{"start":{"line":172,"column":8},"end":{"line":175,"column":9}},{"start":{"line":172,"column":8},"end":{"line":175,"column":9}}],"line":172},"63":{"loc":{"start":{"line":172,"column":12},"end":{"line":172,"column":107}},"type":"cond-expr","locations":[{"start":{"line":172,"column":69},"end":{"line":172,"column":75}},{"start":{"line":172,"column":78},"end":{"line":172,"column":107}}],"line":172},"64":{"loc":{"start":{"line":172,"column":12},"end":{"line":172,"column":66}},"type":"binary-expr","locations":[{"start":{"line":172,"column":12},"end":{"line":172,"column":36}},{"start":{"line":172,"column":40},"end":{"line":172,"column":66}}],"line":172},"65":{"loc":{"start":{"line":176,"column":8},"end":{"line":180,"column":9}},"type":"if","locations":[{"start":{"line":176,"column":8},"end":{"line":180,"column":9}},{"start":{"line":176,"column":8},"end":{"line":180,"column":9}}],"line":176},"66":{"loc":{"start":{"line":194,"column":20},"end":{"line":232,"column":21}},"type":"switch","locations":[{"start":{"line":195,"column":24},"end":{"line":199,"column":52}},{"start":{"line":200,"column":24},"end":{"line":224,"column":41}},{"start":{"line":225,"column":24},"end":{"line":227,"column":41}},{"start":{"line":228,"column":24},"end":{"line":230,"column":41}},{"start":{"line":231,"column":24},"end":{"line":231,"column":54}}],"line":194},"67":{"loc":{"start":{"line":197,"column":28},"end":{"line":197,"column":64}},"type":"if","locations":[{"start":{"line":197,"column":28},"end":{"line":197,"column":64}},{"start":{"line":197,"column":28},"end":{"line":197,"column":64}}],"line":197},"68":{"loc":{"start":{"line":202,"column":40},"end":{"line":202,"column":127}},"type":"cond-expr","locations":[{"start":{"line":202,"column":112},"end":{"line":202,"column":118}},{"start":{"line":202,"column":121},"end":{"line":202,"column":127}}],"line":202},"69":{"loc":{"start":{"line":202,"column":40},"end":{"line":202,"column":109}},"type":"binary-expr","locations":[{"start":{"line":202,"column":40},"end":{"line":202,"column":92}},{"start":{"line":202,"column":96},"end":{"line":202,"column":109}}],"line":202},"70":{"loc":{"start":{"line":204,"column":28},"end":{"line":204,"column":61}},"type":"if","locations":[{"start":{"line":204,"column":28},"end":{"line":204,"column":61}},{"start":{"line":204,"column":28},"end":{"line":204,"column":61}}],"line":204},"71":{"loc":{"start":{"line":208,"column":40},"end":{"line":222,"column":41}},"type":"switch","locations":[{"start":{"line":209,"column":44},"end":{"line":211,"column":83}},{"start":{"line":212,"column":44},"end":{"line":214,"column":72}},{"start":{"line":215,"column":44},"end":{"line":218,"column":72}},{"start":{"line":219,"column":44},"end":{"line":221,"column":70}}],"line":208},"72":{"loc":{"start":{"line":217,"column":117},"end":{"line":217,"column":148}},"type":"binary-expr","locations":[{"start":{"line":217,"column":117},"end":{"line":217,"column":124}},{"start":{"line":217,"column":128},"end":{"line":217,"column":148}}],"line":217},"73":{"loc":{"start":{"line":220,"column":93},"end":{"line":220,"column":124}},"type":"binary-expr","locations":[{"start":{"line":220,"column":93},"end":{"line":220,"column":100}},{"start":{"line":220,"column":104},"end":{"line":220,"column":124}}],"line":220},"74":{"loc":{"start":{"line":247,"column":8},"end":{"line":248,"column":53}},"type":"if","locations":[{"start":{"line":247,"column":8},"end":{"line":248,"column":53}},{"start":{"line":247,"column":8},"end":{"line":248,"column":53}}],"line":247},"75":{"loc":{"start":{"line":249,"column":8},"end":{"line":250,"column":57}},"type":"if","locations":[{"start":{"line":249,"column":8},"end":{"line":250,"column":57}},{"start":{"line":249,"column":8},"end":{"line":250,"column":57}}],"line":249},"76":{"loc":{"start":{"line":275,"column":11},"end":{"line":275,"column":38}},"type":"binary-expr","locations":[{"start":{"line":275,"column":11},"end":{"line":275,"column":23}},{"start":{"line":275,"column":27},"end":{"line":275,"column":38}}],"line":275},"77":{"loc":{"start":{"line":291,"column":11},"end":{"line":291,"column":46}},"type":"binary-expr","locations":[{"start":{"line":291,"column":11},"end":{"line":291,"column":23}},{"start":{"line":291,"column":27},"end":{"line":291,"column":46}}],"line":291}},"s":{"0":7,"1":0,"2":0,"3":0,"4":0,"5":0,"6":0,"7":0,"8":0,"9":0,"10":0,"11":0,"12":7,"13":0,"14":0,"15":0,"16":0,"17":0,"18":0,"19":0,"20":0,"21":0,"22":0,"23":0,"24":0,"25":0,"26":0,"27":0,"28":0,"29":0,"30":0,"31":0,"32":0,"33":0,"34":0,"35":0,"36":0,"37":0,"38":0,"39":0,"40":0,"41":0,"42":0,"43":0,"44":0,"45":0,"46":0,"47":0,"48":0,"49":0,"50":0,"51":0,"52":0,"53":0,"54":0,"55":0,"56":0,"57":0,"58":0,"59":0,"60":0,"61":0,"62":0,"63":0,"64":0,"65":0,"66":7,"67":0,"68":0,"69":0,"70":0,"71":0,"72":0,"73":0,"74":0,"75":0,"76":0,"77":0,"78":7,"79":0,"80":0,"81":0,"82":0,"83":0,"84":0,"85":0,"86":0,"87":0,"88":0,"89":0,"90":0,"91":0,"92":0,"93":0,"94":7,"95":0,"96":0,"97":0,"98":0,"99":0,"100":0,"101":7,"102":7,"103":7,"104":7,"105":7,"106":7,"107":7,"108":7,"109":7,"110":7,"111":7,"112":7,"113":7,"114":7,"115":7,"116":7,"117":7,"118":7,"119":7,"120":7,"121":7,"122":7,"123":7,"124":7,"125":0,"126":0,"127":0,"128":7,"129":0,"130":0,"131":0,"132":0,"133":0,"134":0,"135":0,"136":0,"137":0,"138":0,"139":0,"140":0,"141":0,"142":0,"143":0,"144":0,"145":0,"146":0,"147":0,"148":0,"149":0,"150":0,"151":0,"152":0,"153":0,"154":0,"155":0,"156":0,"157":7,"158":0,"159":0,"160":0,"161":0,"162":7,"163":0,"164":0,"165":0,"166":0,"167":0,"168":0,"169":0,"170":0,"171":0,"172":0,"173":0,"174":0,"175":0,"176":0,"177":0,"178":0,"179":0,"180":0,"181":0,"182":0,"183":0,"184":0,"185":0,"186":0,"187":0,"188":0,"189":0,"190":0,"191":0,"192":0,"193":0,"194":0,"195":0,"196":0,"197":0,"198":0,"199":0,"200":0,"201":0,"202":0,"203":0,"204":0,"205":0,"206":0,"207":0,"208":0,"209":0,"210":0,"211":0,"212":0,"213":0,"214":0,"215":7,"216":0,"217":7,"218":0,"219":0,"220":0,"221":0,"222":0,"223":7,"224":7,"225":7,"226":7,"227":0,"228":0,"229":0,"230":7,"231":0,"232":0,"233":7,"234":0,"235":0,"236":0,"237":7,"238":0,"239":0},"f":{"0":0,"1":0,"2":0,"3":0,"4":0,"5":0,"6":0,"7":0,"8":0,"9":0,"10":0,"11":0,"12":0,"13":0,"14":0,"15":0,"16":0,"17":7,"18":7,"19":0,"20":0,"21":0,"22":0,"23":0,"24":0,"25":0,"26":0,"27":0,"28":0,"29":0,"30":0,"31":0,"32":0,"33":0,"34":0,"35":0,"36":0,"37":0,"38":0,"39":0,"40":0},"b":{"0":[7,7,7],"1":[0,0],"2":[0,0],"3":[0,0],"4":[0,0],"5":[7,7,7],"6":[0,0],"7":[0,0],"8":[0,0],"9":[0,0],"10":[0,0,0],"11":[0,0],"12":[0,0],"13":[0,0],"14":[0,0],"15":[0,0],"16":[0,0,0,0,0,0],"17":[0,0],"18":[0,0,0],"19":[0,0],"20":[0,0],"21":[0,0,0,0],"22":[0,0],"23":[0,0],"24":[0,0],"25":[0,0],"26":[0,0],"27":[0,0],"28":[0,0],"29":[7,7,7],"30":[0,0],"31":[0,0],"32":[0,0],"33":[0,0],"34":[0,0],"35":[0,0],"36":[0,0],"37":[0,0],"38":[0,0],"39":[7,7,7],"40":[0,0],"41":[0,0],"42":[0,0,0],"43":[0,0],"44":[0,0,0],"45":[0,0],"46":[7,7,7],"47":[7,7,7],"48":[0,7],"49":[7,7],"50":[0,0],"51":[0,0],"52":[0,0],"53":[0,0],"54":[0,0,0],"55":[0,0],"56":[0,0],"57":[0,0],"58":[0,0],"59":[0,0],"60":[0,0],"61":[0,0],"62":[0,0],"63":[0,0],"64":[0,0],"65":[0,0],"66":[0,0,0,0,0],"67":[0,0],"68":[0,0],"69":[0,0],"70":[0,0],"71":[0,0,0,0],"72":[0,0],"73":[0,0],"74":[0,0],"75":[0,0],"76":[0,0],"77":[0,0]},"inputSourceMap":null,"_coverageSchema":"1a1c01bbd47fc00a2c39e90264f33305004495a9","hash":"d79b5d69e194206620294bbc92e7d2709aaac62a"}
,"/Users/marcus.haddon/Documents/me/eighty/dist/buildResourceSchemas.js": {"path":"/Users/marcus.haddon/Documents/me/eighty/dist/buildResourceSchemas.js","statementMap":{"0":{"start":{"line":2,"column":22},"end":{"line":8,"column":3}},"1":{"start":{"line":3,"column":4},"end":{"line":3,"column":33}},"2":{"start":{"line":3,"column":26},"end":{"line":3,"column":33}},"3":{"start":{"line":4,"column":4},"end":{"line":4,"column":89}},"4":{"start":{"line":4,"column":71},"end":{"line":4,"column":83}},"5":{"start":{"line":6,"column":4},"end":{"line":6,"column":33}},"6":{"start":{"line":6,"column":26},"end":{"line":6,"column":33}},"7":{"start":{"line":7,"column":4},"end":{"line":7,"column":17}},"8":{"start":{"line":9,"column":25},"end":{"line":13,"column":2}},"9":{"start":{"line":10,"column":4},"end":{"line":10,"column":72}},"10":{"start":{"line":12,"column":4},"end":{"line":12,"column":21}},"11":{"start":{"line":14,"column":19},"end":{"line":20,"column":1}},"12":{"start":{"line":15,"column":4},"end":{"line":15,"column":42}},"13":{"start":{"line":15,"column":31},"end":{"line":15,"column":42}},"14":{"start":{"line":16,"column":17},"end":{"line":16,"column":19}},"15":{"start":{"line":17,"column":4},"end":{"line":17,"column":141}},"16":{"start":{"line":17,"column":21},"end":{"line":17,"column":141}},"17":{"start":{"line":17,"column":40},"end":{"line":17,"column":141}},"18":{"start":{"line":17,"column":109},"end":{"line":17,"column":141}},"19":{"start":{"line":18,"column":4},"end":{"line":18,"column":36}},"20":{"start":{"line":19,"column":4},"end":{"line":19,"column":18}},"21":{"start":{"line":21,"column":22},"end":{"line":23,"column":1}},"22":{"start":{"line":22,"column":4},"end":{"line":22,"column":62}},"23":{"start":{"line":24,"column":0},"end":{"line":24,"column":62}},"24":{"start":{"line":25,"column":0},"end":{"line":25,"column":52}},"25":{"start":{"line":26,"column":9},"end":{"line":26,"column":36}},"26":{"start":{"line":27,"column":11},"end":{"line":27,"column":40}},"27":{"start":{"line":28,"column":19},"end":{"line":28,"column":57}},"28":{"start":{"line":29,"column":10},"end":{"line":29,"column":57}},"29":{"start":{"line":30,"column":20},"end":{"line":35,"column":1}},"30":{"start":{"line":31,"column":20},"end":{"line":31,"column":56}},"31":{"start":{"line":32,"column":17},"end":{"line":32,"column":45}},"32":{"start":{"line":33,"column":4},"end":{"line":33,"column":47}},"33":{"start":{"line":34,"column":4},"end":{"line":34,"column":21}},"34":{"start":{"line":36,"column":0},"end":{"line":36,"column":38}},"35":{"start":{"line":37,"column":17},"end":{"line":51,"column":1}},"36":{"start":{"line":38,"column":4},"end":{"line":39,"column":15}},"37":{"start":{"line":39,"column":8},"end":{"line":39,"column":15}},"38":{"start":{"line":41,"column":4},"end":{"line":49,"column":5}},"39":{"start":{"line":42,"column":8},"end":{"line":42,"column":53}},"40":{"start":{"line":44,"column":9},"end":{"line":49,"column":5}},"41":{"start":{"line":45,"column":8},"end":{"line":45,"column":40}},"42":{"start":{"line":48,"column":8},"end":{"line":48,"column":59}},"43":{"start":{"line":50,"column":4},"end":{"line":50,"column":18}},"44":{"start":{"line":52,"column":0},"end":{"line":52,"column":32}},"45":{"start":{"line":53,"column":21},"end":{"line":57,"column":1}},"46":{"start":{"line":54,"column":15},"end":{"line":54,"column":47}},"47":{"start":{"line":55,"column":17},"end":{"line":55,"column":33}},"48":{"start":{"line":56,"column":4},"end":{"line":56,"column":18}},"49":{"start":{"line":58,"column":12},"end":{"line":58,"column":14}},"50":{"start":{"line":59,"column":19},"end":{"line":72,"column":1}},"51":{"start":{"line":60,"column":4},"end":{"line":61,"column":18}},"52":{"start":{"line":61,"column":8},"end":{"line":61,"column":18}},"53":{"start":{"line":62,"column":19},"end":{"line":62,"column":81}},"54":{"start":{"line":63,"column":4},"end":{"line":64,"column":42}},"55":{"start":{"line":64,"column":8},"end":{"line":64,"column":42}},"56":{"start":{"line":65,"column":18},"end":{"line":65,"column":64}},"57":{"start":{"line":66,"column":17},"end":{"line":66,"column":74}},"58":{"start":{"line":67,"column":4},"end":{"line":69,"column":5}},"59":{"start":{"line":68,"column":8},"end":{"line":68,"column":129}},"60":{"start":{"line":70,"column":4},"end":{"line":70,"column":40}},"61":{"start":{"line":71,"column":4},"end":{"line":71,"column":18}}},"fnMap":{"0":{"name":"(anonymous_0)","decl":{"start":{"line":2,"column":74},"end":{"line":2,"column":75}},"loc":{"start":{"line":2,"column":96},"end":{"line":5,"column":1}},"line":2},"1":{"name":"(anonymous_1)","decl":{"start":{"line":4,"column":58},"end":{"line":4,"column":59}},"loc":{"start":{"line":4,"column":69},"end":{"line":4,"column":85}},"line":4},"2":{"name":"(anonymous_2)","decl":{"start":{"line":5,"column":6},"end":{"line":5,"column":7}},"loc":{"start":{"line":5,"column":28},"end":{"line":8,"column":1}},"line":5},"3":{"name":"(anonymous_3)","decl":{"start":{"line":9,"column":80},"end":{"line":9,"column":81}},"loc":{"start":{"line":9,"column":95},"end":{"line":11,"column":1}},"line":9},"4":{"name":"(anonymous_4)","decl":{"start":{"line":11,"column":5},"end":{"line":11,"column":6}},"loc":{"start":{"line":11,"column":20},"end":{"line":13,"column":1}},"line":11},"5":{"name":"(anonymous_5)","decl":{"start":{"line":14,"column":50},"end":{"line":14,"column":51}},"loc":{"start":{"line":14,"column":65},"end":{"line":20,"column":1}},"line":14},"6":{"name":"(anonymous_6)","decl":{"start":{"line":21,"column":56},"end":{"line":21,"column":57}},"loc":{"start":{"line":21,"column":71},"end":{"line":23,"column":1}},"line":21},"7":{"name":"(anonymous_7)","decl":{"start":{"line":30,"column":20},"end":{"line":30,"column":21}},"loc":{"start":{"line":30,"column":40},"end":{"line":35,"column":1}},"line":30},"8":{"name":"(anonymous_8)","decl":{"start":{"line":37,"column":17},"end":{"line":37,"column":18}},"loc":{"start":{"line":37,"column":37},"end":{"line":51,"column":1}},"line":37},"9":{"name":"(anonymous_9)","decl":{"start":{"line":53,"column":21},"end":{"line":53,"column":22}},"loc":{"start":{"line":53,"column":37},"end":{"line":57,"column":1}},"line":53},"10":{"name":"(anonymous_10)","decl":{"start":{"line":59,"column":19},"end":{"line":59,"column":20}},"loc":{"start":{"line":59,"column":39},"end":{"line":72,"column":1}},"line":59}},"branchMap":{"0":{"loc":{"start":{"line":2,"column":22},"end":{"line":8,"column":3}},"type":"binary-expr","locations":[{"start":{"line":2,"column":23},"end":{"line":2,"column":27}},{"start":{"line":2,"column":31},"end":{"line":2,"column":51}},{"start":{"line":2,"column":57},"end":{"line":8,"column":2}}],"line":2},"1":{"loc":{"start":{"line":2,"column":57},"end":{"line":8,"column":2}},"type":"cond-expr","locations":[{"start":{"line":2,"column":74},"end":{"line":5,"column":1}},{"start":{"line":5,"column":6},"end":{"line":8,"column":1}}],"line":2},"2":{"loc":{"start":{"line":3,"column":4},"end":{"line":3,"column":33}},"type":"if","locations":[{"start":{"line":3,"column":4},"end":{"line":3,"column":33}},{"start":{"line":3,"column":4},"end":{"line":3,"column":33}}],"line":3},"3":{"loc":{"start":{"line":6,"column":4},"end":{"line":6,"column":33}},"type":"if","locations":[{"start":{"line":6,"column":4},"end":{"line":6,"column":33}},{"start":{"line":6,"column":4},"end":{"line":6,"column":33}}],"line":6},"4":{"loc":{"start":{"line":9,"column":25},"end":{"line":13,"column":2}},"type":"binary-expr","locations":[{"start":{"line":9,"column":26},"end":{"line":9,"column":30}},{"start":{"line":9,"column":34},"end":{"line":9,"column":57}},{"start":{"line":9,"column":63},"end":{"line":13,"column":1}}],"line":9},"5":{"loc":{"start":{"line":9,"column":63},"end":{"line":13,"column":1}},"type":"cond-expr","locations":[{"start":{"line":9,"column":80},"end":{"line":11,"column":1}},{"start":{"line":11,"column":5},"end":{"line":13,"column":1}}],"line":9},"6":{"loc":{"start":{"line":14,"column":19},"end":{"line":20,"column":1}},"type":"binary-expr","locations":[{"start":{"line":14,"column":20},"end":{"line":14,"column":24}},{"start":{"line":14,"column":28},"end":{"line":14,"column":45}},{"start":{"line":14,"column":50},"end":{"line":20,"column":1}}],"line":14},"7":{"loc":{"start":{"line":15,"column":4},"end":{"line":15,"column":42}},"type":"if","locations":[{"start":{"line":15,"column":4},"end":{"line":15,"column":42}},{"start":{"line":15,"column":4},"end":{"line":15,"column":42}}],"line":15},"8":{"loc":{"start":{"line":15,"column":8},"end":{"line":15,"column":29}},"type":"binary-expr","locations":[{"start":{"line":15,"column":8},"end":{"line":15,"column":11}},{"start":{"line":15,"column":15},"end":{"line":15,"column":29}}],"line":15},"9":{"loc":{"start":{"line":17,"column":4},"end":{"line":17,"column":141}},"type":"if","locations":[{"start":{"line":17,"column":4},"end":{"line":17,"column":141}},{"start":{"line":17,"column":4},"end":{"line":17,"column":141}}],"line":17},"10":{"loc":{"start":{"line":17,"column":40},"end":{"line":17,"column":141}},"type":"if","locations":[{"start":{"line":17,"column":40},"end":{"line":17,"column":141}},{"start":{"line":17,"column":40},"end":{"line":17,"column":141}}],"line":17},"11":{"loc":{"start":{"line":17,"column":44},"end":{"line":17,"column":107}},"type":"binary-expr","locations":[{"start":{"line":17,"column":44},"end":{"line":17,"column":59}},{"start":{"line":17,"column":63},"end":{"line":17,"column":107}}],"line":17},"12":{"loc":{"start":{"line":21,"column":22},"end":{"line":23,"column":1}},"type":"binary-expr","locations":[{"start":{"line":21,"column":23},"end":{"line":21,"column":27}},{"start":{"line":21,"column":31},"end":{"line":21,"column":51}},{"start":{"line":21,"column":56},"end":{"line":23,"column":1}}],"line":21},"13":{"loc":{"start":{"line":22,"column":11},"end":{"line":22,"column":61}},"type":"cond-expr","locations":[{"start":{"line":22,"column":37},"end":{"line":22,"column":40}},{"start":{"line":22,"column":43},"end":{"line":22,"column":61}}],"line":22},"14":{"loc":{"start":{"line":22,"column":12},"end":{"line":22,"column":33}},"type":"binary-expr","locations":[{"start":{"line":22,"column":12},"end":{"line":22,"column":15}},{"start":{"line":22,"column":19},"end":{"line":22,"column":33}}],"line":22},"15":{"loc":{"start":{"line":38,"column":4},"end":{"line":39,"column":15}},"type":"if","locations":[{"start":{"line":38,"column":4},"end":{"line":39,"column":15}},{"start":{"line":38,"column":4},"end":{"line":39,"column":15}}],"line":38},"16":{"loc":{"start":{"line":41,"column":4},"end":{"line":49,"column":5}},"type":"if","locations":[{"start":{"line":41,"column":4},"end":{"line":49,"column":5}},{"start":{"line":41,"column":4},"end":{"line":49,"column":5}}],"line":41},"17":{"loc":{"start":{"line":41,"column":8},"end":{"line":41,"column":85}},"type":"binary-expr","locations":[{"start":{"line":41,"column":8},"end":{"line":41,"column":45}},{"start":{"line":41,"column":49},"end":{"line":41,"column":85}}],"line":41},"18":{"loc":{"start":{"line":44,"column":9},"end":{"line":49,"column":5}},"type":"if","locations":[{"start":{"line":44,"column":9},"end":{"line":49,"column":5}},{"start":{"line":44,"column":9},"end":{"line":49,"column":5}}],"line":44},"19":{"loc":{"start":{"line":60,"column":4},"end":{"line":61,"column":18}},"type":"if","locations":[{"start":{"line":60,"column":4},"end":{"line":61,"column":18}},{"start":{"line":60,"column":4},"end":{"line":61,"column":18}}],"line":60},"20":{"loc":{"start":{"line":63,"column":4},"end":{"line":64,"column":42}},"type":"if","locations":[{"start":{"line":63,"column":4},"end":{"line":64,"column":42}},{"start":{"line":63,"column":4},"end":{"line":64,"column":42}}],"line":63},"21":{"loc":{"start":{"line":67,"column":4},"end":{"line":69,"column":5}},"type":"if","locations":[{"start":{"line":67,"column":4},"end":{"line":69,"column":5}},{"start":{"line":67,"column":4},"end":{"line":69,"column":5}}],"line":67}},"s":{"0":7,"1":742,"2":742,"3":742,"4":0,"5":0,"6":0,"7":0,"8":7,"9":14,"10":0,"11":7,"12":21,"13":7,"14":14,"15":14,"16":14,"17":742,"18":742,"19":14,"20":14,"21":7,"22":7,"23":7,"24":7,"25":7,"26":7,"27":7,"28":7,"29":7,"30":0,"31":0,"32":0,"33":0,"34":7,"35":7,"36":0,"37":0,"38":0,"39":0,"40":0,"41":0,"42":0,"43":0,"44":7,"45":7,"46":0,"47":0,"48":0,"49":7,"50":7,"51":0,"52":0,"53":0,"54":0,"55":0,"56":0,"57":0,"58":0,"59":0,"60":0,"61":0},"f":{"0":742,"1":0,"2":0,"3":14,"4":0,"5":21,"6":7,"7":0,"8":0,"9":0,"10":0},"b":{"0":[7,7,7],"1":[7,0],"2":[742,0],"3":[0,0],"4":[7,7,7],"5":[7,0],"6":[7,7,7],"7":[7,14],"8":[21,21],"9":[14,0],"10":[742,0],"11":[742,742],"12":[7,7,7],"13":[0,7],"14":[7,7],"15":[0,0],"16":[0,0],"17":[0,0],"18":[0,0],"19":[0,0],"20":[0,0],"21":[0,0]},"inputSourceMap":null,"_coverageSchema":"1a1c01bbd47fc00a2c39e90264f33305004495a9","hash":"1f00b3dfe4b69cfc9b564a66750d1a180eedb935"}
,"/Users/marcus.haddon/Documents/me/eighty/dist/eighty.js": {"path":"/Users/marcus.haddon/Documents/me/eighty/dist/eighty.js","statementMap":{"0":{"start":{"line":2,"column":22},"end":{"line":8,"column":3}},"1":{"start":{"line":3,"column":4},"end":{"line":3,"column":33}},"2":{"start":{"line":3,"column":26},"end":{"line":3,"column":33}},"3":{"start":{"line":4,"column":4},"end":{"line":4,"column":89}},"4":{"start":{"line":4,"column":71},"end":{"line":4,"column":83}},"5":{"start":{"line":6,"column":4},"end":{"line":6,"column":33}},"6":{"start":{"line":6,"column":26},"end":{"line":6,"column":33}},"7":{"start":{"line":7,"column":4},"end":{"line":7,"column":17}},"8":{"start":{"line":9,"column":25},"end":{"line":13,"column":2}},"9":{"start":{"line":10,"column":4},"end":{"line":10,"column":72}},"10":{"start":{"line":12,"column":4},"end":{"line":12,"column":21}},"11":{"start":{"line":14,"column":19},"end":{"line":20,"column":1}},"12":{"start":{"line":15,"column":4},"end":{"line":15,"column":42}},"13":{"start":{"line":15,"column":31},"end":{"line":15,"column":42}},"14":{"start":{"line":16,"column":17},"end":{"line":16,"column":19}},"15":{"start":{"line":17,"column":4},"end":{"line":17,"column":141}},"16":{"start":{"line":17,"column":21},"end":{"line":17,"column":141}},"17":{"start":{"line":17,"column":40},"end":{"line":17,"column":141}},"18":{"start":{"line":17,"column":109},"end":{"line":17,"column":141}},"19":{"start":{"line":18,"column":4},"end":{"line":18,"column":36}},"20":{"start":{"line":19,"column":4},"end":{"line":19,"column":18}},"21":{"start":{"line":21,"column":15},"end":{"line":31,"column":1}},"22":{"start":{"line":22,"column":12},"end":{"line":22,"column":59}},"23":{"start":{"line":22,"column":65},"end":{"line":22,"column":74}},"24":{"start":{"line":22,"column":80},"end":{"line":22,"column":81}},"25":{"start":{"line":23,"column":4},"end":{"line":23,"column":28}},"26":{"start":{"line":23,"column":11},"end":{"line":23,"column":28}},"27":{"start":{"line":24,"column":4},"end":{"line":29,"column":6}},"28":{"start":{"line":24,"column":43},"end":{"line":29,"column":6}},"29":{"start":{"line":26,"column":12},"end":{"line":26,"column":47}},"30":{"start":{"line":26,"column":36},"end":{"line":26,"column":47}},"31":{"start":{"line":27,"column":12},"end":{"line":27,"column":52}},"32":{"start":{"line":30,"column":4},"end":{"line":30,"column":91}},"33":{"start":{"line":32,"column":13},"end":{"line":47,"column":1}},"34":{"start":{"line":33,"column":12},"end":{"line":33,"column":62}},"35":{"start":{"line":34,"column":4},"end":{"line":34,"column":21}},"36":{"start":{"line":34,"column":12},"end":{"line":34,"column":21}},"37":{"start":{"line":35,"column":12},"end":{"line":35,"column":21}},"38":{"start":{"line":35,"column":31},"end":{"line":35,"column":33}},"39":{"start":{"line":36,"column":4},"end":{"line":45,"column":5}},"40":{"start":{"line":37,"column":8},"end":{"line":37,"column":83}},"41":{"start":{"line":37,"column":66},"end":{"line":37,"column":83}},"42":{"start":{"line":39,"column":20},"end":{"line":39,"column":41}},"43":{"start":{"line":41,"column":8},"end":{"line":44,"column":41}},"44":{"start":{"line":42,"column":12},"end":{"line":42,"column":61}},"45":{"start":{"line":42,"column":51},"end":{"line":42,"column":61}},"46":{"start":{"line":44,"column":18},"end":{"line":44,"column":39}},"47":{"start":{"line":44,"column":25},"end":{"line":44,"column":39}},"48":{"start":{"line":46,"column":4},"end":{"line":46,"column":14}},"49":{"start":{"line":48,"column":20},"end":{"line":52,"column":1}},"50":{"start":{"line":49,"column":4},"end":{"line":50,"column":24}},"51":{"start":{"line":49,"column":17},"end":{"line":49,"column":18}},"52":{"start":{"line":49,"column":25},"end":{"line":49,"column":36}},"53":{"start":{"line":49,"column":42},"end":{"line":49,"column":51}},"54":{"start":{"line":50,"column":8},"end":{"line":50,"column":24}},"55":{"start":{"line":51,"column":4},"end":{"line":51,"column":14}},"56":{"start":{"line":53,"column":22},"end":{"line":55,"column":1}},"57":{"start":{"line":54,"column":4},"end":{"line":54,"column":62}},"58":{"start":{"line":56,"column":0},"end":{"line":56,"column":62}},"59":{"start":{"line":57,"column":0},"end":{"line":57,"column":65}},"60":{"start":{"line":58,"column":9},"end":{"line":58,"column":36}},"61":{"start":{"line":59,"column":11},"end":{"line":59,"column":40}},"62":{"start":{"line":60,"column":20},"end":{"line":60,"column":42}},"63":{"start":{"line":61,"column":16},"end":{"line":61,"column":51}},"64":{"start":{"line":62,"column":15},"end":{"line":62,"column":40}},"65":{"start":{"line":63,"column":22},"end":{"line":63,"column":48}},"66":{"start":{"line":64,"column":22},"end":{"line":64,"column":48}},"67":{"start":{"line":65,"column":15},"end":{"line":65,"column":71}},"68":{"start":{"line":65,"column":31},"end":{"line":65,"column":69}},"69":{"start":{"line":66,"column":0},"end":{"line":66,"column":28}},"70":{"start":{"line":67,"column":18},"end":{"line":70,"column":1}},"71":{"start":{"line":68,"column":17},"end":{"line":68,"column":37}},"72":{"start":{"line":69,"column":4},"end":{"line":69,"column":56}},"73":{"start":{"line":71,"column":0},"end":{"line":71,"column":34}},"74":{"start":{"line":72,"column":13},"end":{"line":140,"column":1}},"75":{"start":{"line":75,"column":4},"end":{"line":87,"column":5}},"76":{"start":{"line":76,"column":8},"end":{"line":76,"column":29}},"77":{"start":{"line":78,"column":9},"end":{"line":87,"column":5}},"78":{"start":{"line":79,"column":8},"end":{"line":79,"column":53}},"79":{"start":{"line":81,"column":9},"end":{"line":87,"column":5}},"80":{"start":{"line":82,"column":23},"end":{"line":82,"column":56}},"81":{"start":{"line":83,"column":8},"end":{"line":83,"column":47}},"82":{"start":{"line":86,"column":8},"end":{"line":86,"column":79}},"83":{"start":{"line":88,"column":24},"end":{"line":88,"column":65}},"84":{"start":{"line":89,"column":13},"end":{"line":89,"column":52}},"85":{"start":{"line":89,"column":74},"end":{"line":89,"column":94}},"86":{"start":{"line":89,"column":103},"end":{"line":89,"column":110}},"87":{"start":{"line":89,"column":123},"end":{"line":89,"column":134}},"88":{"start":{"line":90,"column":17},"end":{"line":90,"column":36}},"89":{"start":{"line":91,"column":4},"end":{"line":91,"column":37}},"90":{"start":{"line":92,"column":27},"end":{"line":92,"column":29}},"91":{"start":{"line":93,"column":4},"end":{"line":106,"column":5}},"92":{"start":{"line":94,"column":8},"end":{"line":98,"column":9}},"93":{"start":{"line":94,"column":39},"end":{"line":94,"column":66}},"94":{"start":{"line":94,"column":92},"end":{"line":94,"column":118}},"95":{"start":{"line":95,"column":21},"end":{"line":95,"column":48}},"96":{"start":{"line":95,"column":58},"end":{"line":95,"column":66}},"97":{"start":{"line":95,"column":78},"end":{"line":95,"column":88}},"98":{"start":{"line":95,"column":99},"end":{"line":95,"column":108}},"99":{"start":{"line":96,"column":12},"end":{"line":96,"column":108}},"100":{"start":{"line":96,"column":77},"end":{"line":96,"column":91}},"101":{"start":{"line":97,"column":12},"end":{"line":97,"column":82}},"102":{"start":{"line":100,"column":20},"end":{"line":100,"column":43}},"103":{"start":{"line":102,"column":8},"end":{"line":105,"column":45}},"104":{"start":{"line":103,"column":12},"end":{"line":103,"column":136}},"105":{"start":{"line":103,"column":107},"end":{"line":103,"column":136}},"106":{"start":{"line":105,"column":18},"end":{"line":105,"column":43}},"107":{"start":{"line":105,"column":27},"end":{"line":105,"column":43}},"108":{"start":{"line":108,"column":4},"end":{"line":108,"column":36}},"109":{"start":{"line":109,"column":23},"end":{"line":109,"column":61}},"110":{"start":{"line":110,"column":4},"end":{"line":110,"column":32}},"111":{"start":{"line":111,"column":25},"end":{"line":133,"column":5}},"112":{"start":{"line":112,"column":23},"end":{"line":112,"column":98}},"113":{"start":{"line":112,"column":62},"end":{"line":112,"column":95}},"114":{"start":{"line":113,"column":8},"end":{"line":115,"column":9}},"115":{"start":{"line":114,"column":12},"end":{"line":114,"column":73}},"116":{"start":{"line":116,"column":8},"end":{"line":132,"column":10}},"117":{"start":{"line":118,"column":16},"end":{"line":120,"column":17}},"118":{"start":{"line":119,"column":20},"end":{"line":119,"column":135}},"119":{"start":{"line":121,"column":33},"end":{"line":121,"column":35}},"120":{"start":{"line":122,"column":16},"end":{"line":125,"column":18}},"121":{"start":{"line":123,"column":20},"end":{"line":123,"column":80}},"122":{"start":{"line":124,"column":20},"end":{"line":124,"column":38}},"123":{"start":{"line":126,"column":16},"end":{"line":129,"column":18}},"124":{"start":{"line":127,"column":20},"end":{"line":127,"column":80}},"125":{"start":{"line":128,"column":20},"end":{"line":128,"column":38}},"126":{"start":{"line":130,"column":16},"end":{"line":130,"column":34}},"127":{"start":{"line":134,"column":4},"end":{"line":134,"column":38}},"128":{"start":{"line":135,"column":4},"end":{"line":139,"column":6}},"129":{"start":{"line":141,"column":0},"end":{"line":141,"column":24}}},"fnMap":{"0":{"name":"(anonymous_0)","decl":{"start":{"line":2,"column":74},"end":{"line":2,"column":75}},"loc":{"start":{"line":2,"column":96},"end":{"line":5,"column":1}},"line":2},"1":{"name":"(anonymous_1)","decl":{"start":{"line":4,"column":58},"end":{"line":4,"column":59}},"loc":{"start":{"line":4,"column":69},"end":{"line":4,"column":85}},"line":4},"2":{"name":"(anonymous_2)","decl":{"start":{"line":5,"column":6},"end":{"line":5,"column":7}},"loc":{"start":{"line":5,"column":28},"end":{"line":8,"column":1}},"line":5},"3":{"name":"(anonymous_3)","decl":{"start":{"line":9,"column":80},"end":{"line":9,"column":81}},"loc":{"start":{"line":9,"column":95},"end":{"line":11,"column":1}},"line":9},"4":{"name":"(anonymous_4)","decl":{"start":{"line":11,"column":5},"end":{"line":11,"column":6}},"loc":{"start":{"line":11,"column":20},"end":{"line":13,"column":1}},"line":11},"5":{"name":"(anonymous_5)","decl":{"start":{"line":14,"column":50},"end":{"line":14,"column":51}},"loc":{"start":{"line":14,"column":65},"end":{"line":20,"column":1}},"line":14},"6":{"name":"(anonymous_6)","decl":{"start":{"line":21,"column":42},"end":{"line":21,"column":43}},"loc":{"start":{"line":21,"column":54},"end":{"line":31,"column":1}},"line":21},"7":{"name":"(anonymous_7)","decl":{"start":{"line":25,"column":14},"end":{"line":25,"column":15}},"loc":{"start":{"line":25,"column":26},"end":{"line":28,"column":9}},"line":25},"8":{"name":"(anonymous_8)","decl":{"start":{"line":32,"column":38},"end":{"line":32,"column":39}},"loc":{"start":{"line":32,"column":54},"end":{"line":47,"column":1}},"line":32},"9":{"name":"(anonymous_9)","decl":{"start":{"line":48,"column":52},"end":{"line":48,"column":53}},"loc":{"start":{"line":48,"column":72},"end":{"line":52,"column":1}},"line":48},"10":{"name":"(anonymous_10)","decl":{"start":{"line":53,"column":56},"end":{"line":53,"column":57}},"loc":{"start":{"line":53,"column":71},"end":{"line":55,"column":1}},"line":53},"11":{"name":"(anonymous_11)","decl":{"start":{"line":65,"column":15},"end":{"line":65,"column":16}},"loc":{"start":{"line":65,"column":29},"end":{"line":65,"column":71}},"line":65},"12":{"name":"(anonymous_12)","decl":{"start":{"line":67,"column":18},"end":{"line":67,"column":19}},"loc":{"start":{"line":67,"column":38},"end":{"line":70,"column":1}},"line":67},"13":{"name":"(anonymous_13)","decl":{"start":{"line":72,"column":13},"end":{"line":72,"column":14}},"loc":{"start":{"line":72,"column":29},"end":{"line":140,"column":1}},"line":72},"14":{"name":"(anonymous_14)","decl":{"start":{"line":96,"column":62},"end":{"line":96,"column":63}},"loc":{"start":{"line":96,"column":75},"end":{"line":96,"column":93}},"line":96},"15":{"name":"(anonymous_15)","decl":{"start":{"line":111,"column":25},"end":{"line":111,"column":26}},"loc":{"start":{"line":111,"column":49},"end":{"line":133,"column":5}},"line":111},"16":{"name":"(anonymous_16)","decl":{"start":{"line":112,"column":45},"end":{"line":112,"column":46}},"loc":{"start":{"line":112,"column":60},"end":{"line":112,"column":97}},"line":112},"17":{"name":"(anonymous_17)","decl":{"start":{"line":117,"column":17},"end":{"line":117,"column":18}},"loc":{"start":{"line":117,"column":31},"end":{"line":131,"column":13}},"line":117},"18":{"name":"(anonymous_18)","decl":{"start":{"line":122,"column":39},"end":{"line":122,"column":40}},"loc":{"start":{"line":122,"column":53},"end":{"line":125,"column":17}},"line":122},"19":{"name":"(anonymous_19)","decl":{"start":{"line":126,"column":39},"end":{"line":126,"column":40}},"loc":{"start":{"line":126,"column":53},"end":{"line":129,"column":17}},"line":126}},"branchMap":{"0":{"loc":{"start":{"line":2,"column":22},"end":{"line":8,"column":3}},"type":"binary-expr","locations":[{"start":{"line":2,"column":23},"end":{"line":2,"column":27}},{"start":{"line":2,"column":31},"end":{"line":2,"column":51}},{"start":{"line":2,"column":57},"end":{"line":8,"column":2}}],"line":2},"1":{"loc":{"start":{"line":2,"column":57},"end":{"line":8,"column":2}},"type":"cond-expr","locations":[{"start":{"line":2,"column":74},"end":{"line":5,"column":1}},{"start":{"line":5,"column":6},"end":{"line":8,"column":1}}],"line":2},"2":{"loc":{"start":{"line":3,"column":4},"end":{"line":3,"column":33}},"type":"if","locations":[{"start":{"line":3,"column":4},"end":{"line":3,"column":33}},{"start":{"line":3,"column":4},"end":{"line":3,"column":33}}],"line":3},"3":{"loc":{"start":{"line":6,"column":4},"end":{"line":6,"column":33}},"type":"if","locations":[{"start":{"line":6,"column":4},"end":{"line":6,"column":33}},{"start":{"line":6,"column":4},"end":{"line":6,"column":33}}],"line":6},"4":{"loc":{"start":{"line":9,"column":25},"end":{"line":13,"column":2}},"type":"binary-expr","locations":[{"start":{"line":9,"column":26},"end":{"line":9,"column":30}},{"start":{"line":9,"column":34},"end":{"line":9,"column":57}},{"start":{"line":9,"column":63},"end":{"line":13,"column":1}}],"line":9},"5":{"loc":{"start":{"line":9,"column":63},"end":{"line":13,"column":1}},"type":"cond-expr","locations":[{"start":{"line":9,"column":80},"end":{"line":11,"column":1}},{"start":{"line":11,"column":5},"end":{"line":13,"column":1}}],"line":9},"6":{"loc":{"start":{"line":14,"column":19},"end":{"line":20,"column":1}},"type":"binary-expr","locations":[{"start":{"line":14,"column":20},"end":{"line":14,"column":24}},{"start":{"line":14,"column":28},"end":{"line":14,"column":45}},{"start":{"line":14,"column":50},"end":{"line":20,"column":1}}],"line":14},"7":{"loc":{"start":{"line":15,"column":4},"end":{"line":15,"column":42}},"type":"if","locations":[{"start":{"line":15,"column":4},"end":{"line":15,"column":42}},{"start":{"line":15,"column":4},"end":{"line":15,"column":42}}],"line":15},"8":{"loc":{"start":{"line":15,"column":8},"end":{"line":15,"column":29}},"type":"binary-expr","locations":[{"start":{"line":15,"column":8},"end":{"line":15,"column":11}},{"start":{"line":15,"column":15},"end":{"line":15,"column":29}}],"line":15},"9":{"loc":{"start":{"line":17,"column":4},"end":{"line":17,"column":141}},"type":"if","locations":[{"start":{"line":17,"column":4},"end":{"line":17,"column":141}},{"start":{"line":17,"column":4},"end":{"line":17,"column":141}}],"line":17},"10":{"loc":{"start":{"line":17,"column":40},"end":{"line":17,"column":141}},"type":"if","locations":[{"start":{"line":17,"column":40},"end":{"line":17,"column":141}},{"start":{"line":17,"column":40},"end":{"line":17,"column":141}}],"line":17},"11":{"loc":{"start":{"line":17,"column":44},"end":{"line":17,"column":107}},"type":"binary-expr","locations":[{"start":{"line":17,"column":44},"end":{"line":17,"column":59}},{"start":{"line":17,"column":63},"end":{"line":17,"column":107}}],"line":17},"12":{"loc":{"start":{"line":21,"column":15},"end":{"line":31,"column":1}},"type":"binary-expr","locations":[{"start":{"line":21,"column":16},"end":{"line":21,"column":20}},{"start":{"line":21,"column":24},"end":{"line":21,"column":37}},{"start":{"line":21,"column":42},"end":{"line":31,"column":1}}],"line":21},"13":{"loc":{"start":{"line":22,"column":12},"end":{"line":22,"column":59}},"type":"binary-expr","locations":[{"start":{"line":22,"column":12},"end":{"line":22,"column":40}},{"start":{"line":22,"column":44},"end":{"line":22,"column":59}}],"line":22},"14":{"loc":{"start":{"line":22,"column":65},"end":{"line":22,"column":74}},"type":"binary-expr","locations":[{"start":{"line":22,"column":65},"end":{"line":22,"column":66}},{"start":{"line":22,"column":70},"end":{"line":22,"column":74}}],"line":22},"15":{"loc":{"start":{"line":23,"column":4},"end":{"line":23,"column":28}},"type":"if","locations":[{"start":{"line":23,"column":4},"end":{"line":23,"column":28}},{"start":{"line":23,"column":4},"end":{"line":23,"column":28}}],"line":23},"16":{"loc":{"start":{"line":24,"column":4},"end":{"line":29,"column":6}},"type":"if","locations":[{"start":{"line":24,"column":4},"end":{"line":29,"column":6}},{"start":{"line":24,"column":4},"end":{"line":29,"column":6}}],"line":24},"17":{"loc":{"start":{"line":24,"column":8},"end":{"line":24,"column":41}},"type":"binary-expr","locations":[{"start":{"line":24,"column":8},"end":{"line":24,"column":9}},{"start":{"line":24,"column":13},"end":{"line":24,"column":41}}],"line":24},"18":{"loc":{"start":{"line":26,"column":12},"end":{"line":26,"column":47}},"type":"if","locations":[{"start":{"line":26,"column":12},"end":{"line":26,"column":47}},{"start":{"line":26,"column":12},"end":{"line":26,"column":47}}],"line":26},"19":{"loc":{"start":{"line":26,"column":16},"end":{"line":26,"column":34}},"type":"binary-expr","locations":[{"start":{"line":26,"column":16},"end":{"line":26,"column":17}},{"start":{"line":26,"column":21},"end":{"line":26,"column":34}}],"line":26},"20":{"loc":{"start":{"line":27,"column":28},"end":{"line":27,"column":39}},"type":"binary-expr","locations":[{"start":{"line":27,"column":28},"end":{"line":27,"column":29}},{"start":{"line":27,"column":33},"end":{"line":27,"column":39}}],"line":27},"21":{"loc":{"start":{"line":30,"column":24},"end":{"line":30,"column":89}},"type":"cond-expr","locations":[{"start":{"line":30,"column":28},"end":{"line":30,"column":53}},{"start":{"line":30,"column":56},"end":{"line":30,"column":89}}],"line":30},"22":{"loc":{"start":{"line":32,"column":13},"end":{"line":47,"column":1}},"type":"binary-expr","locations":[{"start":{"line":32,"column":14},"end":{"line":32,"column":18}},{"start":{"line":32,"column":22},"end":{"line":32,"column":33}},{"start":{"line":32,"column":38},"end":{"line":47,"column":1}}],"line":32},"23":{"loc":{"start":{"line":33,"column":12},"end":{"line":33,"column":62}},"type":"binary-expr","location
[...]
}},"23":{"start":{"line":41,"column":12},"end":{"line":43,"column":23}},"24":{"start":{"line":49,"column":8},"end":{"line":49,"column":15}},"25":{"start":{"line":52,"column":4},"end":{"line":52,"column":30}},"26":{"start":{"line":16,"column":13},"end":{"line":16,"column":63}}},"fnMap":{"0":{"name":"(anonymous_0)","decl":{"start":{"line":7,"column":25},"end":{"line":7,"column":26}},"loc":{"start":{"line":7,"column":37},"end":{"line":14,"column":1}}},"1":{"name":"(anonymous_1)","decl":{"start":{"line":16,"column":63},"end":{"line":16,"column":64}},"loc":{"start":{"line":16,"column":82},"end":{"line":53,"column":1}}},"2":{"name":"(anonymous_2)","decl":{"start":{"line":18,"column":40},"end":{"line":18,"column":41}},"loc":{"start":{"line":18,"column":55},"end":{"line":50,"column":5}}}},"branchMap":{"0":{"loc":{"start":{"line":26,"column":22},"end":{"line":26,"column":32}},"type":"binary-expr","locations":[{"start":{"line":26,"column":22},"end":{"line":26,"column":32}},{"start":{"line":26,"column":36},"end":{"line":26,"column":66}},{"start":{"line":26,"column":70},"end":{"line":26,"column":72}}]},"1":{"loc":{"start":{"line":27,"column":21},"end":{"line":27,"column":30}},"type":"binary-expr","locations":[{"start":{"line":27,"column":21},"end":{"line":27,"column":30}},{"start":{"line":27,"column":34},"end":{"line":27,"column":63}},{"start":{"line":27,"column":67},"end":{"line":27,"column":68}}]},"2":{"loc":{"start":{"line":34,"column":23},"end":{"line":34,"column":69}},"type":"binary-expr","locations":[{"start":{"line":34,"column":23},"end":{"line":34,"column":69}},{"start":{"line":34,"column":73},"end":{"line":34,"column":81}}]},"3":{"loc":{"start":{"line":34,"column":48},"end":{"line":34,"column":50}},"type":"cond-expr","locations":[{"start":{"line":34,"column":48},"end":{"line":34,"column":50}},{"start":{"line":34,"column":48},"end":{"line":34,"column":69}}]},"4":{"loc":{"start":{"line":34,"column":23},"end":{"line":34,"column":50}},"type":"binary-expr","locations":[{"start":{"line":34,"column":23},"end":{"line":34,"column":50}},{"start":{"line":34,"column":48},"end":{"line":34,"column":50}}]},"5":{"loc":{"start":{"line":34,"column":42},"end":{"line":34,"column":44}},"type":"cond-expr","locations":[{"start":{"line":34,"column":42},"end":{"line":34,"column":44}},{"start":{"line":34,"column":42},"end":{"line":34,"column":48}}]},"6":{"loc":{"start":{"line":34,"column":23},"end":{"line":34,"column":44}},"type":"binary-expr","locations":[{"start":{"line":34,"column":23},"end":{"line":34,"column":44}},{"start":{"line":34,"column":42},"end":{"line":34,"column":44}}]},"7":{"loc":{"start":{"line":41,"column":30},"end":{"line":41,"column":38}},"type":"binary-expr","locations":[{"start":{"line":41,"column":30},"end":{"line":41,"column":38}},{"start":{"line":41,"column":42},"end":{"line":41,"column":45}}]},"8":{"loc":{"start":{"line":42,"column":33},"end":{"line":42,"column":42}},"type":"binary-expr","locations":[{"start":{"line":42,"column":33},"end":{"line":42,"column":42}},{"start":{"line":42,"column":46},"end":{"line":42,"column":69}}]}},"s":{"0":8,"1":8,"2":0,"3":0,"4":0,"5":0,"6":0,"7":8,"8":0,"9":0,"10":0,"11":0,"12":0,"13":0,"14":0,"15":0,"16":0,"17":0,"18":0,"19":0,"20":0,"21":0,"22":0,"23":0,"24":0,"25":0,"26":8},"f":{"0":0,"1":0,"2":0},"b":{"0":[0,0,0],"1":[0,0,0],"2":[0,0],"3":[0,0],"4":[0,0],"5":[0,0],"6":[0,0],"7":[0,0],"8":[0,0]}}
,"/Users/marcus.haddon/Documents/me/eighty/src/validation/buildPatchValidator.ts": {"path":"/Users/marcus.haddon/Documents/me/eighty/src/validation/buildPatchValidator.ts","statementMap":{"0":{"start":{"line":1,"column":0},"end":{"line":1,"column":57}},"1":{"start":{"line":3,"column":0},"end":{"line":3,"column":60}},"2":{"start":{"line":7,"column":0},"end":{"line":7,"column":56}},"3":{"start":{"line":9,"column":64},"end":{"line":39,"column":1}},"4":{"start":{"line":10,"column":22},"end":{"line":10,"column":62}},"5":{"start":{"line":12,"column":4},"end":{"line":14,"column":null}},"6":{"start":{"line":13,"column":8},"end":{"line":13,"column":106}},"7":{"start":{"line":16,"column":42},"end":{"line":36,"column":5}},"8":{"start":{"line":17,"column":27},"end":{"line":17,"column":50}},"9":{"start":{"line":18,"column":8},"end":{"line":23,"column":null}},"10":{"start":{"line":19,"column":13},"end":{"line":19,"column":87}},"11":{"start":{"line":20,"column":12},"end":{"line":22,"column":23}},"12":{"start":{"line":26,"column":8},"end":{"line":33,"column":null}},"13":{"start":{"line":27,"column":29},"end":{"line":27,"column":53}},"14":{"start":{"line":28,"column":12},"end":{"line":32,"column":null}},"15":{"start":{"line":29,"column":17},"end":{"line":29,"column":113}},"16":{"start":{"line":30,"column":16},"end":{"line":31,"column":77}},"17":{"start":{"line":35,"column":8},"end":{"line":35,"column":15}},"18":{"start":{"line":38,"column":4},"end":{"line":38,"column":32}},"19":{"start":{"line":9,"column":13},"end":{"line":9,"column":64}},"20":{"start":{"line":41,"column":35},"end":{"line":78,"column":1}},"21":{"start":{"line":43,"column":4},"end":{"line":43,"column":null}},"22":{"start":{"line":46,"column":53},"end":{"line":46,"column":55}},"23":{"start":{"line":48,"column":4},"end":{"line":54,"column":null}},"24":{"start":{"line":48,"column":35},"end":{"line":48,"column":70}},"25":{"start":{"line":48,"column":68},"end":{"line":48,"column":70}},"26":{"start":{"line":48,"column":15},"end":{"line":48,"column":17}},"27":{"start":{"line":48,"column":21},"end":{"line":48,"column":23}},"28":{"start":{"line":48,"column":29},"end":{"line":48,"column":31}},"29":{"start":{"line":49,"column":25},"end":{"line":49,"column":51}},"30":{"start":{"line":50,"column":25},"end":{"line":50,"column":62}},"31":{"start":{"line":51,"column":29},"end":{"line":51,"column":63}},"32":{"start":{"line":52,"column":8},"end":{"line":52,"column":37}},"33":{"start":{"line":53,"column":8},"end":{"line":53,"column":44}},"34":{"start":{"line":56,"column":4},"end":{"line":77,"column":null}},"35":{"start":{"line":57,"column":35},"end":{"line":57,"column":37}},"36":{"start":{"line":59,"column":8},"end":{"line":74,"column":null}},"37":{"start":{"line":59,"column":42},"end":{"line":59,"column":51}},"38":{"start":{"line":59,"column":49},"end":{"line":59,"column":51}},"39":{"start":{"line":59,"column":19},"end":{"line":59,"column":21}},"40":{"start":{"line":59,"column":23},"end":{"line":59,"column":25}},"41":{"start":{"line":59,"column":29},"end":{"line":59,"column":31}},"42":{"start":{"line":59,"column":36},"end":{"line":59,"column":38}},"43":{"start":{"line":60,"column":12},"end":{"line":60,"column":37}},"44":{"start":{"line":61,"column":12},"end":{"line":67,"column":null}},"45":{"start":{"line":62,"column":16},"end":{"line":64,"column":null}},"46":{"start":{"line":63,"column":20},"end":{"line":63,"column":93}},"47":{"start":{"line":66,"column":16},"end":{"line":66,"column":25}},"48":{"start":{"line":68,"column":27},"end":{"line":68,"column":43}},"49":{"start":{"line":69,"column":27},"end":{"line":69,"column":50}},"50":{"start":{"line":70,"column":12},"end":{"line":73,"column":null}},"51":{"start":{"line":70,"column":30},"end":{"line":70,"column":45}},"52":{"start":{"line":70,"column":43},"end":{"line":70,"column":45}},"53":{"start":{"line":70,"column":26},"end":{"line":70,"column":30}},"54":{"start":{"line":71,"column":16},"end":{"line":71,"column":46}},"55":{"start":{"line":72,"column":16},"end":{"line":72,"column":99}},"56":{"start":{"line":76,"column":8},"end":{"line":76,"column":24}},"57":{"start":{"line":41,"column":13},"end":{"line":41,"column":35}}},"fnMap":{"0":{"name":"(anonymous_3)","decl":{"start":{"line":9,"column":64},"end":{"line":9,"column":65}},"loc":{"start":{"line":9,"column":83},"end":{"line":39,"column":1}}},"1":{"name":"(anonymous_4)","decl":{"start":{"line":16,"column":42},"end":{"line":16,"column":43}},"loc":{"start":{"line":16,"column":57},"end":{"line":36,"column":5}}},"2":{"name":"(anonymous_5)","decl":{"start":{"line":41,"column":35},"end":{"line":41,"column":null}},"loc":{"start":{"line":43,"column":55},"end":{"line":78,"column":1}}},"3":{"name":"(anonymous_6)","decl":{"start":{"line":56,"column":11},"end":{"line":56,"column":12}},"loc":{"start":{"line":56,"column":26},"end":{"line":77,"column":5}}}},"branchMap":{"0":{"loc":{"start":{"line":12,"column":4},"end":{"line":14,"column":null}},"type":"if","locations":[{"start":{"line":12,"column":4},"end":{"line":14,"column":null}},{"start":{"line":12,"column":4},"end":{"line":14,"column":null}}]},"1":{"loc":{"start":{"line":13,"column":83},"end":{"line":13,"column":85}},"type":"cond-expr","locations":[{"start":{"line":13,"column":83},"end":{"line":13,"column":85}},{"start":{"line":13,"column":83},"end":{"line":13,"column":104}}]},"2":{"loc":{"start":{"line":13,"column":56},"end":{"line":13,"column":85}},"type":"binary-expr","locations":[{"start":{"line":13,"column":56},"end":{"line":13,"column":85}},{"start":{"line":13,"column":83},"end":{"line":13,"column":85}}]},"3":{"loc":{"start":{"line":13,"column":75},"end":{"line":13,"column":77}},"type":"cond-expr","locations":[{"start":{"line":13,"column":75},"end":{"line":13,"column":77}},{"start":{"line":13,"column":75},"end":{"line":13,"column":83}}]},"4":{"loc":{"start":{"line":13,"column":56},"end":{"line":13,"column":77}},"type":"binary-expr","locations":[{"start":{"line":13,"column":56},"end":{"line":13,"column":77}},{"start":{"line":13,"column":75},"end":{"line":13,"column":77}}]},"5":{"loc":{"start":{"line":18,"column":8},"end":{"line":23,"column":null}},"type":"if","locations":[{"start":{"line":18,"column":8},"end":{"line":23,"column":null}},{"start":{"line":18,"column":8},"end":{"line":23,"column":null}}]},"6":{"loc":{"start":{"line":26,"column":8},"end":{"line":33,"column":null}},"type":"if","locations":[{"start":{"line":26,"column":8},"end":{"line":33,"column":null}},{"start":{"line":26,"column":8},"end":{"line":33,"column":null}}]},"7":{"loc":{"start":{"line":28,"column":12},"end":{"line":32,"column":null}},"type":"if","locations":[{"start":{"line":28,"column":12},"end":{"line":32,"column":null}},{"start":{"line":28,"column":12},"end":{"line":32,"column":null}}]},"8":{"loc":{"start":{"line":43,"column":4},"end":{"line":43,"column":null}},"type":"if","locations":[{"start":{"line":43,"column":4},"end":{"line":43,"column":null}},{"start":{"line":43,"column":4},"end":{"line":43,"column":null}}]},"9":{"loc":{"start":{"line":61,"column":12},"end":{"line":67,"column":null}},"type":"if","locations":[{"start":{"line":61,"column":12},"end":{"line":67,"column":null}},{"start":{"line":61,"column":12},"end":{"line":67,"column":null}}]},"10":{"loc":{"start":{"line":62,"column":16},"end":{"line":64,"column":null}},"type":"if","locations":[{"start":{"line":62,"column":16},"end":{"line":64,"column":null}},{"start":{"line":62,"column":16},"end":{"line":64,"column":null}}]}},"s":{"0":9,"1":9,"2":9,"3":9,"4":0,"5":0,"6":0,"7":0,"8":0,"9":0,"10":0,"11":0,"12":0,"13":0,"14":0,"15":0,"16":0,"17":0,"18":0,"19":9,"20":9,"21":1,"22":1,"23":1,"24":1,"25":1,"26":6,"27":6,"28":6,"29":6,"30":6,"31":6,"32":6,"33":6,"34":1,"35":0,"36":0,"37":0,"38":0,"39":0,"40":0,"41":0,"42":0,"43":0,"44":0,"45":0,"46":0,"47":0,"48":0,"49":0,"50":0,"51":0,"52":0,"53":0,"54":0,"55":0,"56":0,"57":9},"f":{"0":0,"1":0,"2":1,"3":0},"b":{"0":[0,0],"1":[0,0],"2":[0,0],"3":[0,0],"4":[0,0],"5":[0,0],"6":[0,0],"7":[0,0],"8":[0,1],"9":[0,0],"10":[0,0]}}
,"/Users/marcus.haddon/Documents/me/eighty/src/validation/index.ts": {"path":"/Users/marcus.haddon/Documents/me/eighty/src/validation/index.ts","statementMap":{"0":{"start":{"line":8,"column":0},"end":{"line":8,"column":44}},"1":{"start":{"line":10,"column":0},"end":{"line":10,"column":56}},"2":{"start":{"line":16,"column":28},"end":{"line":52,"column":1}},"3":{"start":{"line":17,"column":22},"end":{"line":17,"column":62}},"4":{"start":{"line":18,"column":4},"end":{"line":21,"column":null}},"5":{"start":{"line":20,"column":8},"end":{"line":20,"column":21}},"6":{"start":{"line":22,"column":48},"end":{"line":22,"column":50}},"7":{"start":{"line":25,"column":27},"end":{"line":25,"column":66}},"8":{"start":{"line":26,"column":26},"end":{"line":26,"column":74}},"9":{"start":{"line":28,"column":26},"end":{"line":28,"column":47}},"10":{"start":{"line":29,"column":8},"end":{"line":38,"column":null}},"11":{"start":{"line":30,"column":12},"end":{"line":35,"column":14}},"12":{"start":{"line":31,"column":16},"end":{"line":34,"column":19}},"13":{"start":{"line":36,"column":12},"end":{"line":36,"column":42}},"14":{"start":{"line":40,"column":26},"end":{"line":40,"column":64}},"15":{"start":{"line":42,"column":8},"end":{"line":46,"column":null}},"16":{"start":{"line":45,"column":12},"end":{"line":45,"column":80}},"17":{"start":{"line":45,"column":49},"end":{"line":45,"column":79}},"18":{"start":{"line":48,"column":8},"end":{"line":48,"column":36}},"19":{"start":{"line":24,"column":4},"end":{"line":49,"column":null}},"20":{"start":{"line":24,"column":15},"end":{"line":24,"column":23}},"21":{"start":{"line":51,"column":4},"end":{"line":51,"column":21}},"22":{"start":{"line":16,"column":13},"end":{"line":16,"column":28}},"23":{"start":{"line":54,"column":27},"end":{"line":56,"column":1}},"24":{"start":{"line":55,"column":4},"end":{"line":55,"column":83}},"25":{"start":{"line":58,"column":23},"end":{"line":74,"column":1}},"26":{"start":{"line":59,"column":4},"end":{"line":73,"column":null}},"27":{"start":{"line":60,"column":8},"end":{"line":60,"column":30}},"28":{"start":{"line":61,"column":11},"end":{"line":73,"column":null}},"29":{"start":{"line":62,"column":8},"end":{"line":62,"column":48}},"30":{"start":{"line":62,"column":31},"end":{"line":62,"column":47}},"31":{"start":{"line":63,"column":11},"end":{"line":73,"column":null}},"32":{"start":{"line":64,"column":24},"end":{"line":65,"column":81}},"33":{"start":{"line":65,"column":18},"end":{"line":65,"column":20}},"34":{"start":{"line":65,"column":23},"end":{"line":65,"column":25}},"35":{"start":{"line":65,"column":31},"end":{"line":65,"column":33}},"36":{"start":{"line":65,"column":38},"end":{"line":65,"column":81}},"37":{"start":{"line":67,"column":52},"end":{"line":67,"column":54}},"38":{"start":{"line":68,"column":8},"end":{"line":68,"column":64}},"39":{"start":{"line":68,"column":25},"end":{"line":68,"column":27}},"40":{"start":{"line":68,"column":30},"end":{"line":68,"column":32}},"41":{"start":{"line":68,"column":35},"end":{"line":68,"column":37}},"42":{"start":{"line":68,"column":42},"end":{"line":68,"column":63}},"43":{"start":{"line":69,"column":8},"end":{"line":69,"column":25}},"44":{"start":{"line":72,"column":8},"end":{"line":72,"column":58}},"45":{"start":{"line":76,"column":65},"end":{"line":81,"column":2}},"46":{"start":{"line":78,"column":19},"end":{"line":78,"column":null}},"47":{"start":{"line":79,"column":18},"end":{"line":79,"column":null}},"48":{"start":{"line":83,"column":20},"end":{"line":88,"column":null}},"49":{"start":{"line":90,"column":23},"end":{"line":94,"column":1}},"50":{"start":{"line":91,"column":4},"end":{"line":93,"column":null}},"51":{"start":{"line":92,"column":8},"end":{"line":92,"column":102}}},"fnMap":{"0":{"name":"(anonymous_1)","decl":{"start":{"line":16,"column":28},"end":{"line":16,"column":29}},"loc":{"start":{"line":16,"column":105},"end":{"line":52,"column":1}}},"1":{"name":"(anonymous_3)","decl":{"start":{"line":45,"column":43},"end":{"line":45,"column":45}},"loc":{"start":{"line":45,"column":45},"end":{"line":45,"column":63}}},"2":{"name":"(anonymous_4)","decl":{"start":{"line":54,"column":27},"end":{"line":54,"column":28}},"loc":{"start":{"line":54,"column":64},"end":{"line":56,"column":1}}},"3":{"name":"(anonymous_5)","decl":{"start":{"line":58,"column":23},"end":{"line":58,"column":24}},"loc":{"start":{"line":58,"column":62},"end":{"line":74,"column":1}}},"4":{"name":"(anonymous_6)","decl":{"start":{"line":62,"column":23},"end":{"line":62,"column":27}},"loc":{"start":{"line":62,"column":27},"end":{"line":62,"column":40}}},"5":{"name":"(anonymous_7)","decl":{"start":{"line":65,"column":17},"end":{"line":65,"column":18}},"loc":{"start":{"line":65,"column":33},"end":{"line":65,"column":40}}},"6":{"name":"(anonymous_8)","decl":{"start":{"line":68,"column":24},"end":{"line":68,"column":25}},"loc":{"start":{"line":68,"column":37},"end":{"line":68,"column":51}}},"7":{"name":"(anonymous_9)","decl":{"start":{"line":78,"column":12},"end":{"line":78,"column":15}},"loc":{"start":{"line":78,"column":15},"end":{"line":78,"column":22}}},"8":{"name":"(anonymous_10)","decl":{"start":{"line":79,"column":11},"end":{"line":79,"column":14}},"loc":{"start":{"line":79,"column":14},"end":{"line":79,"column":21}}},"9":{"name":"(anonymous_11)","decl":{"start":{"line":90,"column":23},"end":{"line":90,"column":24}},"loc":{"start":{"line":90,"column":60},"end":{"line":94,"column":1}}}},"branchMap":{"0":{"loc":{"start":{"line":18,"column":4},"end":{"line":21,"column":null}},"type":"if","locations":[{"start":{"line":18,"column":4},"end":{"line":21,"column":null}},{"start":{"line":18,"column":4},"end":{"line":21,"column":null}}]},"1":{"loc":{"start":{"line":26,"column":55},"end":{"line":26,"column":57}},"type":"cond-expr","locations":[{"start":{"line":26,"column":55},"end":{"line":26,"column":57}},{"start":{"line":26,"column":55},"end":{"line":26,"column":74}}]},"2":{"loc":{"start":{"line":26,"column":26},"end":{"line":26,"column":57}},"type":"binary-expr","locations":[{"start":{"line":26,"column":26},"end":{"line":26,"column":57}},{"start":{"line":26,"column":55},"end":{"line":26,"column":57}}]},"3":{"loc":{"start":{"line":29,"column":8},"end":{"line":38,"column":null}},"type":"if","locations":[{"start":{"line":29,"column":8},"end":{"line":38,"column":null}},{"start":{"line":29,"column":8},"end":{"line":38,"column":null}}]},"4":{"loc":{"start":{"line":30,"column":12},"end":{"line":35,"column":14}},"type":"if","locations":[{"start":{"line":30,"column":12},"end":{"line":35,"column":14}},{"start":{"line":30,"column":12},"end":{"line":35,"column":14}}]},"5":{"loc":{"start":{"line":42,"column":8},"end":{"line":46,"column":null}},"type":"if","locations":[{"start":{"line":42,"column":8},"end":{"line":46,"column":null}},{"start":{"line":42,"column":8},"end":{"line":46,"column":null}}]},"6":{"loc":{"start":{"line":42,"column":12},"end":{"line":42,"column":30}},"type":"binary-expr","locations":[{"start":{"line":42,"column":12},"end":{"line":42,"column":30}},{"start":{"line":42,"column":34},"end":{"line":42,"column":63}}]},"7":{"loc":{"start":{"line":59,"column":4},"end":{"line":73,"column":null}},"type":"if","locations":[{"start":{"line":59,"column":4},"end":{"line":73,"column":null}},{"start":{"line":59,"column":4},"end":{"line":73,"column":null}}]},"8":{"loc":{"start":{"line":61,"column":11},"end":{"line":73,"column":null}},"type":"if","locations":[{"start":{"line":61,"column":11},"end":{"line":73,"column":null}},{"start":{"line":61,"column":11},"end":{"line":73,"column":null}}]},"9":{"loc":{"start":{"line":63,"column":11},"end":{"line":73,"column":null}},"type":"if","locations":[{"start":{"line":63,"column":11},"end":{"line":73,"column":null}},{"start":{"line":63,"column":11},"end":{"line":73,"column":null}}]},"10":{"loc":{"start":{"line":91,"column":4},"end":{"line":93,"column":null}},"type":"if","locations":[{"start":{"line":91,"column":4},"end":{"line":93,"column":null}},{"start":{"line":91,"column":4},"end":{"line":93,"column":null}}]}},"s":{"0":8,"1":8,"2":8,"3":0,"4":0,"5":0,"6":0,"7":0,"8":0,"9":0,"10":0,"11":0,"12":0,"13":0,"14":0,"15":0,"16":0,"17":0,"18":0,"19":0,"20":0,"21":0,"22":8,"23":8,"24":0,"25":8,"26":0,"27":0,"28":0,"29":0,"30":0,"31":0,"32":0,"33":0,"34":0,"35":0,"36":0,"37":0,"38":0,"39":0,"40":0,"41":0,"42":0,"43":0,"44":0,"45":8,"46":0,"47":0,"48":8,"49":8,"50":0,"51":0},"f":{"0":0,"1":0,"2":0,"3":0,"4":0,"5":0,"6":0,"7":0,"8":0,"9":0},"b":{"0":[0,0],"1":[0,0],"2":[0,0],"3":[0,0],"4":[0,0],"5":[0,0],"6":[0,0],"7":[0,0],"8":[0,0],"9":[0,0],"10":[0,0]}}
}
