TN:
SF:dist/RouterBuilder.js
FN:2,(anonymous_0)
FN:3,adopt
FN:3,(anonymous_2)
FN:4,(anonymous_3)
FN:5,fulfilled
FN:6,rejected
FN:7,step
FN:11,(anonymous_7)
FN:12,(anonymous_8)
FN:13,(anonymous_9)
FN:14,verb
FN:14,(anonymous_11)
FN:15,step
FN:38,(anonymous_13)
FN:42,(anonymous_14)
FN:49,(anonymous_15)
FN:65,(anonymous_16)
FN:70,(anonymous_17)
FN:94,(anonymous_18)
FN:95,RouterBuilder
FN:103,(anonymous_20)
FN:128,(anonymous_21)
FN:130,(anonymous_22)
FN:152,(anonymous_23)
FN:155,(anonymous_24)
FN:163,(anonymous_25)
FN:188,maybeRunCallbacks
FN:190,(anonymous_27)
FN:193,(anonymous_28)
FN:205,(anonymous_29)
FN:205,(anonymous_30)
FN:207,(anonymous_31)
FN:243,(anonymous_32)
FN:246,(anonymous_33)
FN:253,(anonymous_34)
FN:260,(anonymous_35)
FN:261,(anonymous_36)
FN:266,(anonymous_37)
FN:277,(anonymous_38)
FN:278,(anonymous_39)
FN:284,(anonymous_40)
FNF:41
FNH:2
FNDA:0,(anonymous_0)
FNDA:0,adopt
FNDA:0,(anonymous_2)
FNDA:0,(anonymous_3)
FNDA:0,fulfilled
FNDA:0,rejected
FNDA:0,step
FNDA:0,(anonymous_7)
FNDA:0,(anonymous_8)
FNDA:0,(anonymous_9)
FNDA:0,verb
FNDA:0,(anonymous_11)
FNDA:0,step
FNDA:0,(anonymous_13)
FNDA:0,(anonymous_14)
FNDA:0,(anonymous_15)
FNDA:0,(anonymous_16)
FNDA:7,(anonymous_17)
FNDA:7,(anonymous_18)
FNDA:0,RouterBuilder
FNDA:0,(anonymous_20)
FNDA:0,(anonymous_21)
FNDA:0,(anonymous_22)
FNDA:0,(anonymous_23)
FNDA:0,(anonymous_24)
FNDA:0,(anonymous_25)
FNDA:0,maybeRunCallbacks
FNDA:0,(anonymous_27)
FNDA:0,(anonymous_28)
FNDA:0,(anonymous_29)
FNDA:0,(anonymous_30)
FNDA:0,(anonymous_31)
FNDA:0,(anonymous_32)
FNDA:0,(anonymous_33)
FNDA:0,(anonymous_34)
FNDA:0,(anonymous_35)
FNDA:0,(anonymous_36)
FNDA:0,(anonymous_37)
FNDA:0,(anonymous_38)
FNDA:0,(anonymous_39)
FNDA:0,(anonymous_40)
DA:2,7
DA:3,0
DA:4,0
DA:5,0
DA:6,0
DA:7,0
DA:8,0
DA:11,7
DA:12,0
DA:13,0
DA:14,0
DA:16,0
DA:17,0
DA:18,0
DA:19,0
DA:20,0
DA:21,0
DA:22,0
DA:23,0
DA:24,0
DA:26,0
DA:27,0
DA:28,0
DA:29,0
DA:30,0
DA:31,0
DA:33,0
DA:34,0
DA:35,0
DA:38,7
DA:39,0
DA:40,0
DA:41,0
DA:43,0
DA:44,0
DA:47,0
DA:49,7
DA:50,0
DA:51,0
DA:52,0
DA:53,0
DA:54,0
DA:56,0
DA:58,0
DA:59,0
DA:61,0
DA:63,0
DA:65,7
DA:66,0
DA:67,0
DA:68,0
DA:70,7
DA:71,7
DA:73,7
DA:74,7
DA:75,7
DA:76,7
DA:77,7
DA:78,7
DA:79,7
DA:80,7
DA:81,7
DA:82,7
DA:83,7
DA:84,7
DA:85,7
DA:86,7
DA:87,7
DA:88,7
DA:89,7
DA:90,7
DA:91,7
DA:92,7
DA:93,7
DA:94,7
DA:96,0
DA:97,0
DA:98,0
DA:103,7
DA:105,0
DA:106,0
DA:107,0
DA:109,0
DA:110,0
DA:111,0
DA:112,0
DA:113,0
DA:114,0
DA:115,0
DA:116,0
DA:119,0
DA:121,0
DA:122,0
DA:124,0
DA:127,0
DA:128,0
DA:129,0
DA:130,0
DA:131,0
DA:140,0
DA:142,0
DA:143,0
DA:144,0
DA:152,7
DA:154,0
DA:155,0
DA:156,0
DA:163,7
DA:165,0
DA:166,0
DA:167,0
DA:168,0
DA:169,0
DA:170,0
DA:172,0
DA:173,0
DA:174,0
DA:176,0
DA:177,0
DA:178,0
DA:179,0
DA:181,0
DA:182,0
DA:186,0
DA:187,0
DA:188,0
DA:190,0
DA:192,0
DA:193,0
DA:194,0
DA:196,0
DA:197,0
DA:198,0
DA:199,0
DA:201,0
DA:202,0
DA:203,0
DA:204,0
DA:205,0
DA:207,0
DA:208,0
DA:210,0
DA:211,0
DA:213,0
DA:214,0
DA:216,0
DA:217,0
DA:218,0
DA:220,0
DA:221,0
DA:226,0
DA:227,0
DA:229,0
DA:230,0
DA:231,0
DA:236,0
DA:237,0
DA:243,7
DA:244,0
DA:246,7
DA:247,0
DA:248,0
DA:249,0
DA:250,0
DA:251,0
DA:253,7
DA:256,7
DA:258,7
DA:260,7
DA:261,0
DA:262,0
DA:264,0
DA:266,7
DA:267,0
DA:275,0
DA:277,7
DA:278,0
DA:279,0
DA:281,0
DA:284,7
DA:285,0
DA:291,0
LF:182
LH:41
BRDA:2,0,0,7
BRDA:2,0,1,7
BRDA:2,0,2,7
BRDA:3,1,0,0
BRDA:3,1,1,0
BRDA:4,2,0,0
BRDA:4,2,1,0
BRDA:7,3,0,0
BRDA:7,3,1,0
BRDA:8,4,0,0
BRDA:8,4,1,0
BRDA:11,5,0,7
BRDA:11,5,1,7
BRDA:11,5,2,7
BRDA:12,6,0,0
BRDA:12,6,1,0
BRDA:13,7,0,0
BRDA:13,7,1,0
BRDA:16,8,0,0
BRDA:16,8,1,0
BRDA:18,9,0,0
BRDA:18,9,1,0
BRDA:18,10,0,0
BRDA:18,10,1,0
BRDA:18,10,2,0
BRDA:18,11,0,0
BRDA:18,11,1,0
BRDA:18,12,0,0
BRDA:18,12,1,0
BRDA:18,13,0,0
BRDA:18,13,1,0
BRDA:18,14,0,0
BRDA:18,14,1,0
BRDA:19,15,0,0
BRDA:19,15,1,0
BRDA:20,16,0,0
BRDA:20,16,1,0
BRDA:20,16,2,0
BRDA:20,16,3,0
BRDA:20,16,4,0
BRDA:20,16,5,0
BRDA:26,17,0,0
BRDA:26,17,1,0
BRDA:26,18,0,0
BRDA:26,18,1,0
BRDA:26,18,2,0
BRDA:26,19,0,0
BRDA:26,19,1,0
BRDA:27,20,0,0
BRDA:27,20,1,0
BRDA:27,21,0,0
BRDA:27,21,1,0
BRDA:27,21,2,0
BRDA:27,21,3,0
BRDA:28,22,0,0
BRDA:28,22,1,0
BRDA:28,23,0,0
BRDA:28,23,1,0
BRDA:29,24,0,0
BRDA:29,24,1,0
BRDA:29,25,0,0
BRDA:29,25,1,0
BRDA:30,26,0,0
BRDA:30,26,1,0
BRDA:35,27,0,0
BRDA:35,27,1,0
BRDA:35,28,0,0
BRDA:35,28,1,0
BRDA:38,29,0,7
BRDA:38,29,1,7
BRDA:38,29,2,7
BRDA:39,30,0,0
BRDA:39,30,1,0
BRDA:39,31,0,0
BRDA:39,31,1,0
BRDA:40,32,0,0
BRDA:40,32,1,0
BRDA:41,33,0,0
BRDA:41,33,1,0
BRDA:41,34,0,0
BRDA:41,34,1,0
BRDA:43,35,0,0
BRDA:43,35,1,0
BRDA:43,36,0,0
BRDA:43,36,1,0
BRDA:44,37,0,0
BRDA:44,37,1,0
BRDA:47,38,0,0
BRDA:47,38,1,0
BRDA:49,39,0,7
BRDA:49,39,1,7
BRDA:49,39,2,7
BRDA:50,40,0,0
BRDA:50,40,1,0
BRDA:51,41,0,0
BRDA:51,41,1,0
BRDA:54,42,0,0
BRDA:54,42,1,0
BRDA:54,42,2,0
BRDA:59,43,0,0
BRDA:59,43,1,0
BRDA:59,44,0,0
BRDA:59,44,1,0
BRDA:59,44,2,0
BRDA:61,45,0,0
BRDA:61,45,1,0
BRDA:65,46,0,7
BRDA:65,46,1,7
BRDA:65,46,2,7
BRDA:70,47,0,7
BRDA:70,47,1,7
BRDA:70,47,2,7
BRDA:71,48,0,0
BRDA:71,48,1,7
BRDA:71,49,0,7
BRDA:71,49,1,7
BRDA:106,50,0,0
BRDA:106,50,1,0
BRDA:111,51,0,0
BRDA:111,51,1,0
BRDA:114,52,0,0
BRDA:114,52,1,0
BRDA:122,53,0,0
BRDA:122,53,1,0
BRDA:122,54,0,0
BRDA:122,54,1,0
BRDA:122,54,2,0
BRDA:124,55,0,0
BRDA:124,55,1,0
BRDA:155,56,0,0
BRDA:155,56,1,0
BRDA:166,57,0,0
BRDA:166,57,1,0
BRDA:166,58,0,0
BRDA:166,58,1,0
BRDA:169,59,0,0
BRDA:169,59,1,0
BRDA:169,60,0,0
BRDA:169,60,1,0
BRDA:169,61,0,0
BRDA:169,61,1,0
BRDA:172,62,0,0
BRDA:172,62,1,0
BRDA:172,63,0,0
BRDA:172,63,1,0
BRDA:172,64,0,0
BRDA:172,64,1,0
BRDA:176,65,0,0
BRDA:176,65,1,0
BRDA:194,66,0,0
BRDA:194,66,1,0
BRDA:194,66,2,0
BRDA:194,66,3,0
BRDA:194,66,4,0
BRDA:197,67,0,0
BRDA:197,67,1,0
BRDA:202,68,0,0
BRDA:202,68,1,0
BRDA:202,69,0,0
BRDA:202,69,1,0
BRDA:204,70,0,0
BRDA:204,70,1,0
BRDA:208,71,0,0
BRDA:208,71,1,0
BRDA:208,71,2,0
BRDA:208,71,3,0
BRDA:217,72,0,0
BRDA:217,72,1,0
BRDA:220,73,0,0
BRDA:220,73,1,0
BRDA:247,74,0,0
BRDA:247,74,1,0
BRDA:249,75,0,0
BRDA:249,75,1,0
BRDA:275,76,0,0
BRDA:275,76,1,0
BRDA:291,77,0,0
BRDA:291,77,1,0
BRF:178
BRH:21
end_of_record
TN:
SF:dist/buildResourceSchemas.js
FN:2,(anonymous_0)
FN:4,(anonymous_1)
FN:5,(anonymous_2)
FN:9,(anonymous_3)
FN:11,(anonymous_4)
FN:14,(anonymous_5)
FN:21,(anonymous_6)
FN:30,(anonymous_7)
FN:37,(anonymous_8)
FN:53,(anonymous_9)
FN:59,(anonymous_10)
FNF:11
FNH:4
FNDA:742,(anonymous_0)
FNDA:0,(anonymous_1)
FNDA:0,(anonymous_2)
FNDA:14,(anonymous_3)
FNDA:0,(anonymous_4)
FNDA:21,(anonymous_5)
FNDA:7,(anonymous_6)
FNDA:0,(anonymous_7)
FNDA:0,(anonymous_8)
FNDA:0,(anonymous_9)
FNDA:0,(anonymous_10)
DA:2,7
DA:3,742
DA:4,742
DA:6,0
DA:7,0
DA:9,7
DA:10,14
DA:12,0
DA:14,7
DA:15,21
DA:16,14
DA:17,742
DA:18,14
DA:19,14
DA:21,7
DA:22,7
DA:24,7
DA:25,7
DA:26,7
DA:27,7
DA:28,7
DA:29,7
DA:30,7
DA:31,0
DA:32,0
DA:33,0
DA:34,0
DA:36,7
DA:37,7
DA:38,0
DA:39,0
DA:41,0
DA:42,0
DA:44,0
DA:45,0
DA:48,0
DA:50,0
DA:52,7
DA:53,7
DA:54,0
DA:55,0
DA:56,0
DA:58,7
DA:59,7
DA:60,0
DA:61,0
DA:62,0
DA:63,0
DA:64,0
DA:65,0
DA:66,0
DA:67,0
DA:68,0
DA:70,0
DA:71,0
LF:55
LH:26
BRDA:2,0,0,7
BRDA:2,0,1,7
BRDA:2,0,2,7
BRDA:2,1,0,7
BRDA:2,1,1,0
BRDA:3,2,0,742
BRDA:3,2,1,0
BRDA:6,3,0,0
BRDA:6,3,1,0
BRDA:9,4,0,7
BRDA:9,4,1,7
BRDA:9,4,2,7
BRDA:9,5,0,7
BRDA:9,5,1,0
BRDA:14,6,0,7
BRDA:14,6,1,7
BRDA:14,6,2,7
BRDA:15,7,0,7
BRDA:15,7,1,14
BRDA:15,8,0,21
BRDA:15,8,1,21
BRDA:17,9,0,14
BRDA:17,9,1,0
BRDA:17,10,0,742
BRDA:17,10,1,0
BRDA:17,11,0,742
BRDA:17,11,1,742
BRDA:21,12,0,7
BRDA:21,12,1,7
BRDA:21,12,2,7
BRDA:22,13,0,0
BRDA:22,13,1,7
BRDA:22,14,0,7
BRDA:22,14,1,7
BRDA:38,15,0,0
BRDA:38,15,1,0
BRDA:41,16,0,0
BRDA:41,16,1,0
BRDA:41,17,0,0
BRDA:41,17,1,0
BRDA:44,18,0,0
BRDA:44,18,1,0
BRDA:60,19,0,0
BRDA:60,19,1,0
BRDA:63,20,0,0
BRDA:63,20,1,0
BRDA:67,21,0,0
BRDA:67,21,1,0
BRF:48
BRH:26
end_of_record
TN:
SF:dist/eighty.js
FN:2,(anonymous_0)
FN:4,(anonymous_1)
FN:5,(anonymous_2)
FN:9,(anonymous_3)
FN:11,(anonymous_4)
FN:14,(anonymous_5)
FN:21,(anonymous_6)
FN:25,(anonymous_7)
FN:32,(anonymous_8)
FN:48,(anonymous_9)
FN:53,(anonymous_10)
FN:65,(anonymous_11)
FN:67,(anonymous_12)
FN:72,(anonymous_13)
FN:96,(anonymous_14)
FN:111,(anonymous_15)
FN:112,(anonymous_16)
FN:117,(anonymous_17)
FN:122,(anonymous_18)
FN:126,(anonymous_19)
FNF:20
FNH:4
FNDA:742,(anonymous_0)
FNDA:0,(anonymous_1)
FNDA:0,(anonymous_2)
FNDA:14,(anonymous_3)
FNDA:0,(anonymous_4)
FNDA:14,(anonymous_5)
FNDA:0,(anonymous_6)
FNDA:0,(anonymous_7)
FNDA:0,(anonymous_8)
FNDA:0,(anonymous_9)
FNDA:7,(anonymous_10)
FNDA:0,(anonymous_11)
FNDA:0,(anonymous_12)
FNDA:0,(anonymous_13)
FNDA:0,(anonymous_14)
FNDA:0,(anonymous_15)
FNDA:0,(anonymous_16)
FNDA:0,(anonymous_17)
FNDA:0,(anonymous_18)
FNDA:0,(anonymous_19)
DA:2,7
DA:3,742
DA:4,742
DA:6,0
DA:7,0
DA:9,7
DA:10,14
DA:12,0
DA:14,7
DA:15,14
DA:16,14
DA:17,742
DA:18,14
DA:19,14
DA:21,7
DA:22,0
DA:23,0
DA:24,0
DA:26,0
DA:27,0
DA:30,0
DA:32,7
DA:33,0
DA:34,0
DA:35,0
DA:36,0
DA:37,0
DA:39,0
DA:41,0
DA:42,0
DA:44,0
DA:46,0
DA:48,7
DA:49,0
DA:50,0
DA:51,0
DA:53,7
DA:54,7
DA:56,7
DA:57,7
DA:58,7
DA:59,7
DA:60,7
DA:61,7
DA:62,7
DA:63,7
DA:64,7
DA:65,7
DA:66,7
DA:67,7
DA:68,0
DA:69,0
DA:71,7
DA:72,7
DA:75,0
DA:76,0
DA:78,0
DA:79,0
DA:81,0
DA:82,0
DA:83,0
DA:86,0
DA:88,0
DA:89,0
DA:90,0
DA:91,0
DA:92,0
DA:93,0
DA:94,0
DA:95,0
DA:96,0
DA:97,0
DA:100,0
DA:102,0
DA:103,0
DA:105,0
DA:108,0
DA:109,0
DA:110,0
DA:111,0
DA:112,0
DA:113,0
DA:114,0
DA:116,0
DA:118,0
DA:119,0
DA:121,0
DA:122,0
DA:123,0
DA:124,0
DA:126,0
DA:127,0
DA:128,0
DA:130,0
DA:134,0
DA:135,0
DA:141,7
LF:97
LH:31
BRDA:2,0,0,7
BRDA:2,0,1,7
BRDA:2,0,2,7
BRDA:2,1,0,7
BRDA:2,1,1,0
BRDA:3,2,0,742
BRDA:3,2,1,0
BRDA:6,3,0,0
BRDA:6,3,1,0
BRDA:9,4,0,7
BRDA:9,4,1,7
BRDA:9,4,2,7
BRDA:9,5,0,7
BRDA:9,5,1,0
BRDA:14,6,0,7
BRDA:14,6,1,7
BRDA:14,6,2,7
BRDA:15,7,0,0
BRDA:15,7,1,14
BRDA:15,8,0,14
BRDA:15,8,1,14
BRDA:17,9,0,14
BRDA:17,9,1,0
BRDA:17,10,0,742
BRDA:17,10,1,0
BRDA:17,11,0,742
BRDA:17,11,1,742
BRDA:21,12,0,7
BRDA:21,12,1,7
BRDA:21,12,2,7
BRDA:22,13,0,0
BRDA:22,13,1,0
BRDA:22,14,0,0
BRDA:22,14,1,0
BRDA:23,15,0,0
BRDA:23,15,1,0
BRDA:24,16,0,0
BRDA:24,16,1,0
BRDA:24,17,0,0
BRDA:24,17,1,0
BRDA:26,18,0,0
BRDA:26,18,1,0
BRDA:26,19,0,0
BRDA:26,19,1,0
BRDA:27,20,0,0
BRDA:27,20,1,0
BRDA:30,21,0,0
BRDA:30,21,1,0
BRDA:32,22,0,7
BRDA:32,22,1,7
BRDA:32,22,2,7
BRDA:33,23,0,0
BRDA:33,23,1,0
BRDA:34,24,0,0
BRDA:34,24,1,0
BRDA:37,25,0,0
BRDA:37,25,1,0
BRDA:37,25,2,0
BRDA:42,26,0,0
BRDA:42,26,1,0
BRDA:42,27,0,0
BRDA:42,27,1,0
BRDA:42,27,2,0
BRDA:44,28,0,0
BRDA:44,28,1,0
BRDA:48,29,0,7
BRDA:48,29,1,7
BRDA:48,29,2,7
BRDA:53,30,0,7
BRDA:53,30,1,7
BRDA:53,30,2,7
BRDA:54,31,0,0
BRDA:54,31,1,7
BRDA:54,32,0,7
BRDA:54,32,1,7
BRDA:75,33,0,0
BRDA:75,33,1,0
BRDA:78,34,0,0
BRDA:78,34,1,0
BRDA:81,35,0,0
BRDA:81,35,1,0
BRDA:103,36,0,0
BRDA:103,36,1,0
BRDA:103,37,0,0
BRDA:103,37,1,0
BRDA:103,37,2,0
BRDA:105,38,0,0
BRDA:105,38,1,0
BRDA:113,39,0,0
BRDA:113,39,1,0
BRDA:118,40,0,0
BRDA:118,40,1,0
BRDA:118,41,0,0
BRDA:118,41,1,0
BRF:94
BRH:34
end_of_record
TN:
SF:dist/errors.js
FN:2,(anonymous_0)
FN:3,(anonymous_1)
FN:5,(anonymous_2)
FN:6,(anonymous_3)
FN:9,(anonymous_4)
FN:13,__
FN:19,(anonymous_6)
FN:21,NotFoundError
FN:32,(anonymous_8)
FN:34,BadRequestError
FN:45,(anonymous_10)
FN:47,AuthorizationError
FNF:12
FNH:7
FNDA:7,(anonymous_0)
FNDA:7,(anonymous_1)
FNDA:0,(anonymous_2)
FNDA:0,(anonymous_3)
FNDA:21,(anonymous_4)
FNDA:21,__
FNDA:7,(anonymous_6)
FNDA:0,NotFoundError
FNDA:7,(anonymous_8)
FNDA:0,BadRequestError
FNDA:7,(anonymous_10)
FNDA:0,AuthorizationError
DA:2,7
DA:3,7
DA:4,7
DA:5,0
DA:6,0
DA:7,7
DA:9,7
DA:10,21
DA:11,0
DA:12,21
DA:13,21
DA:14,21
DA:17,7
DA:18,7
DA:19,7
DA:20,7
DA:22,0
DA:23,0
DA:24,0
DA:25,0
DA:26,0
DA:27,0
DA:29,7
DA:31,7
DA:32,7
DA:33,7
DA:35,0
DA:36,0
DA:37,0
DA:38,0
DA:39,0
DA:40,0
DA:42,7
DA:44,7
DA:45,7
DA:46,7
DA:48,0
DA:49,0
DA:50,0
DA:51,0
DA:52,0
DA:53,0
DA:55,7
DA:57,7
LF:44
LH:23
BRDA:2,0,0,7
BRDA:2,0,1,7
BRDA:2,0,2,7
BRDA:4,1,0,7
BRDA:4,1,1,0
BRDA:4,1,2,0
BRDA:4,1,3,0
BRDA:6,2,0,0
BRDA:6,2,1,0
BRDA:10,3,0,0
BRDA:10,3,1,21
BRDA:10,4,0,21
BRDA:10,4,1,0
BRDA:14,5,0,0
BRDA:14,5,1,21
BRDA:22,6,0,0
BRDA:22,6,1,0
BRDA:23,7,0,0
BRDA:23,7,1,0
BRDA:35,8,0,0
BRDA:35,8,1,0
BRDA:36,9,0,0
BRDA:36,9,1,0
BRDA:48,10,0,0
BRDA:48,10,1,0
BRDA:49,11,0,0
BRDA:49,11,1,0
BRF:27
BRH:7
end_of_record
TN:
SF:dist/auth/authentication.js
FN:4,(anonymous_0)
FNF:1
FNH:0
FNDA:0,(anonymous_0)
DA:2,7
DA:3,7
DA:4,7
DA:5,0
DA:6,0
DA:7,0
DA:9,0
DA:11,7
LF:8
LH:4
BRDA:5,0,0,0
BRDA:5,0,1,0
BRF:2
BRH:0
end_of_record
TN:
SF:dist/auth/authorization.js
FN:5,(anonymous_0)
FN:6,inGroup
FN:13,(anonymous_2)
FN:14,hasRole
FN:21,(anonymous_4)
FN:22,isResource
FN:24,(anonymous_6)
FN:25,isOwner
FN:33,(anonymous_8)
FN:34,(anonymous_9)
FN:35,(anonymous_10)
FN:39,(anonymous_11)
FN:40,(anonymous_12)
FN:45,(anonymous_13)
FN:49,(anonymous_14)
FN:50,(anonymous_15)
FN:55,(anonymous_16)
FN:57,(anonymous_17)
FN:58,(anonymous_18)
FN:61,(anonymous_19)
FN:62,(anonymous_20)
FN:65,(anonymous_21)
FN:66,(anonymous_22)
FN:69,(anonymous_23)
FN:87,(anonymous_24)
FN:88,(anonymous_25)
FNF:26
FNH:0
FNDA:0,(anonymous_0)
FNDA:0,inGroup
FNDA:0,(anonymous_2)
FNDA:0,hasRole
FNDA:0,(anonymous_4)
FNDA:0,isResource
FNDA:0,(anonymous_6)
FNDA:0,isOwner
FNDA:0,(anonymous_8)
FNDA:0,(anonymous_9)
FNDA:0,(anonymous_10)
FNDA:0,(anonymous_11)
FNDA:0,(anonymous_12)
FNDA:0,(anonymous_13)
FNDA:0,(anonymous_14)
FNDA:0,(anonymous_15)
FNDA:0,(anonymous_16)
FNDA:0,(anonymous_17)
FNDA:0,(anonymous_18)
FNDA:0,(anonymous_19)
FNDA:0,(anonymous_20)
FNDA:0,(anonymous_21)
FNDA:0,(anonymous_22)
FNDA:0,(anonymous_23)
FNDA:0,(anonymous_24)
FNDA:0,(anonymous_25)
DA:2,7
DA:3,7
DA:4,7
DA:5,7
DA:7,0
DA:8,0
DA:9,0
DA:10,0
DA:13,7
DA:15,0
DA:16,0
DA:17,0
DA:18,0
DA:21,7
DA:22,0
DA:24,7
DA:25,0
DA:27,7
DA:33,7
DA:34,7
DA:35,7
DA:36,0
DA:37,0
DA:38,0
DA:39,0
DA:40,0
DA:42,0
DA:43,0
DA:45,7
DA:46,0
DA:47,0
DA:48,0
DA:49,0
DA:50,0
DA:52,0
DA:53,0
DA:55,7
DA:56,0
DA:57,0
DA:58,0
DA:59,0
DA:60,0
DA:61,0
DA:62,0
DA:63,0
DA:64,0
DA:65,0
DA:66,0
DA:67,0
DA:68,0
DA:69,0
DA:70,0
DA:71,0
DA:72,0
DA:73,0
DA:76,0
DA:78,0
DA:79,0
DA:80,0
DA:82,0
DA:84,0
DA:85,0
DA:87,0
DA:88,0
DA:89,0
DA:91,0
DA:92,0
DA:95,0
DA:97,0
DA:98,0
DA:99,0
DA:102,0
DA:104,0
DA:106,7
LF:74
LH:14
BRDA:9,0,0,0
BRDA:9,0,1,0
BRDA:10,1,0,0
BRDA:10,1,1,0
BRDA:17,2,0,0
BRDA:17,2,1,0
BRDA:18,3,0,0
BRDA:18,3,1,0
BRDA:33,4,0,0
BRDA:33,4,1,0
BRDA:34,5,0,0
BRDA:34,5,1,0
BRDA:36,6,0,0
BRDA:36,6,1,0
BRDA:46,7,0,0
BRDA:46,7,1,0
BRDA:56,8,0,0
BRDA:56,8,1,0
BRDA:67,9,0,0
BRDA:67,9,1,0
BRDA:70,10,0,0
BRDA:70,10,1,0
BRDA:72,11,0,0
BRDA:72,11,1,0
BRDA:78,12,0,0
BRDA:78,12,1,0
BRDA:84,13,0,0
BRDA:84,13,1,0
BRDA:89,14,0,0
BRDA:89,14,1,0
BRDA:91,15,0,0
BRDA:91,15,1,0
BRDA:97,16,0,0
BRDA:97,16,1,0
BRF:34
BRH:0
end_of_record
TN:
SF:dist/auth/index.js
FN:2,(anonymous_0)
FN:4,(anonymous_1)
FN:5,(anonymous_2)
FN:9,(anonymous_3)
FNF:4
FNH:2
FNDA:7,(anonymous_0)
FNDA:0,(anonymous_1)
FNDA:0,(anonymous_2)
FNDA:7,(anonymous_3)
DA:2,7
DA:3,7
DA:4,7
DA:6,0
DA:7,0
DA:9,7
DA:10,7
DA:12,7
DA:13,7
LF:9
LH:7
BRDA:2,0,0,7
BRDA:2,0,1,7
BRDA:2,0,2,7
BRDA:2,1,0,7
BRDA:2,1,1,0
BRDA:3,2,0,7
BRDA:3,2,1,0
BRDA:6,3,0,0
BRDA:6,3,1,0
BRDA:9,4,0,7
BRDA:9,4,1,7
BRDA:9,4,2,7
BRDA:10,5,0,7
BRDA:10,5,1,0
BRDA:10,6,0,7
BRDA:10,6,1,7
BRF:16
BRH:11
end_of_record
TN:
SF:dist/const/operations.js
FNF:0
FNH:0
DA:2,7
DA:3,7
DA:4,7
DA:13,7
LF:4
LH:4
BRF:0
BRH:0
end_of_record
TN:
SF:dist/db/db.js
FN:5,(anonymous_0)
FN:12,(anonymous_1)
FNF:2
FNH:0
FNDA:0,(anonymous_0)
FNDA:0,(anonymous_1)
DA:2,7
DA:3,7
DA:4,7
DA:5,7
DA:6,0
DA:8,7
DA:9,7
DA:12,0
LF:8
LH:6
BRF:0
BRH:0
end_of_record
TN:
SF:dist/db/mongodb.js
FN:2,(anonymous_0)
FN:3,(anonymous_1)
FN:13,(anonymous_2)
FN:14,adopt
FN:14,(anonymous_4)
FN:15,(anonymous_5)
FN:16,fulfilled
FN:17,rejected
FN:18,step
FN:22,(anonymous_9)
FN:23,(anonymous_10)
FN:24,(anonymous_11)
FN:25,verb
FN:25,(anonymous_13)
FN:26,step
FN:49,(anonymous_15)
FN:53,(anonymous_16)
FN:60,(anonymous_17)
FN:76,(anonymous_18)
FN:87,(anonymous_19)
FN:88,MongoDbClient
FN:95,(anonymous_21)
FN:96,(anonymous_22)
FN:98,(anonymous_23)
FN:117,(anonymous_24)
FN:119,(anonymous_25)
FN:120,(anonymous_26)
FN:130,(anonymous_27)
FN:133,(anonymous_28)
FN:136,(anonymous_29)
FN:155,(anonymous_30)
FN:172,(anonymous_31)
FN:173,(anonymous_32)
FN:175,(anonymous_33)
FN:194,(anonymous_34)
FN:195,(anonymous_35)
FN:197,(anonymous_36)
FN:224,(anonymous_37)
FN:225,(anonymous_38)
FN:228,(anonymous_39)
FN:263,(anonymous_40)
FN:276,(anonymous_41)
FN:277,(anonymous_42)
FN:279,(anonymous_43)
FN:293,(anonymous_44)
FN:294,(anonymous_45)
FN:295,(anonymous_46)
FN:312,(anonymous_47)
FN:360,(anonymous_48)
FN:362,(anonymous_49)
FN:379,(anonymous_50)
FN:380,(anonymous_51)
FNF:52
FNH:1
FNDA:0,(anonymous_0)
FNDA:0,(anonymous_1)
FNDA:0,(anonymous_2)
FNDA:0,adopt
FNDA:0,(anonymous_4)
FNDA:0,(anonymous_5)
FNDA:0,fulfilled
FNDA:0,rejected
FNDA:0,step
FNDA:0,(anonymous_9)
FNDA:0,(anonymous_10)
FNDA:0,(anonymous_11)
FNDA:0,verb
FNDA:0,(anonymous_13)
FNDA:0,step
FNDA:0,(anonymous_15)
FNDA:0,(anonymous_16)
FNDA:0,(anonymous_17)
FNDA:0,(anonymous_18)
FNDA:7,(anonymous_19)
FNDA:0,MongoDbClient
FNDA:0,(anonymous_21)
FNDA:0,(anonymous_22)
FNDA:0,(anonymous_23)
FNDA:0,(anonymous_24)
FNDA:0,(anonymous_25)
FNDA:0,(anonymous_26)
FNDA:0,(anonymous_27)
FNDA:0,(anonymous_28)
FNDA:0,(anonymous_29)
FNDA:0,(anonymous_30)
FNDA:0,(anonymous_31)
FNDA:0,(anonymous_32)
FNDA:0,(anonymous_33)
FNDA:0,(anonymous_34)
FNDA:0,(anonymous_35)
FNDA:0,(anonymous_36)
FNDA:0,(anonymous_37)
FNDA:0,(anonymous_38)
FNDA:0,(anonymous_39)
FNDA:0,(anonymous_40)
FNDA:0,(anonymous_41)
FNDA:0,(anonymous_42)
FNDA:0,(anonymous_43)
FNDA:0,(anonymous_44)
FNDA:0,(anonymous_45)
FNDA:0,(anonymous_46)
FNDA:0,(anonymous_47)
FNDA:0,(anonymous_48)
FNDA:0,(anonymous_49)
FNDA:0,(anonymous_50)
FNDA:0,(anonymous_51)
DA:2,7
DA:3,0
DA:4,0
DA:5,0
DA:6,0
DA:7,0
DA:9,0
DA:11,0
DA:13,7
DA:14,0
DA:15,0
DA:16,0
DA:17,0
DA:18,0
DA:19,0
DA:22,7
DA:23,0
DA:24,0
DA:25,0
DA:27,0
DA:28,0
DA:29,0
DA:30,0
DA:31,0
DA:32,0
DA:33,0
DA:34,0
DA:35,0
DA:37,0
DA:38,0
DA:39,0
DA:40,0
DA:41,0
DA:42,0
DA:44,0
DA:45,0
DA:46,0
DA:49,7
DA:50,0
DA:51,0
DA:52,0
DA:54,0
DA:55,0
DA:58,0
DA:60,7
DA:61,0
DA:62,0
DA:63,0
DA:64,0
DA:65,0
DA:67,0
DA:69,0
DA:70,0
DA:72,0
DA:74,0
DA:76,7
DA:77,0
DA:78,0
DA:79,0
DA:81,7
DA:82,7
DA:83,7
DA:84,7
DA:85,7
DA:86,7
DA:87,7
DA:89,0
DA:90,0
DA:91,0
DA:92,0
DA:93,0
DA:95,7
DA:96,0
DA:98,0
DA:99,0
DA:101,0
DA:102,0
DA:103,0
DA:104,0
DA:106,0
DA:107,0
DA:108,0
DA:110,0
DA:111,0
DA:112,0
DA:117,7
DA:119,0
DA:120,0
DA:121,0
DA:122,0
DA:124,0
DA:125,0
DA:130,7
DA:132,0
DA:133,0
DA:136,0
DA:137,0
DA:138,0
DA:140,0
DA:141,0
DA:142,0
DA:143,0
DA:144,0
DA:145,0
DA:147,0
DA:151,0
DA:152,0
DA:154,0
DA:155,0
DA:156,0
DA:157,0
DA:158,0
DA:160,0
DA:162,0
DA:163,0
DA:172,7
DA:173,0
DA:175,0
DA:176,0
DA:177,0
DA:179,0
DA:180,0
DA:184,0
DA:185,0
DA:186,0
DA:187,0
DA:188,0
DA:189,0
DA:194,7
DA:195,0
DA:197,0
DA:198,0
DA:199,0
DA:201,0
DA:202,0
DA:204,0
DA:205,0
DA:206,0
DA:209,0
DA:210,0
DA:212,0
DA:213,0
DA:214,0
DA:216,0
DA:217,0
DA:218,0
DA:219,0
DA:224,7
DA:225,0
DA:228,0
DA:229,0
DA:230,0
DA:232,0
DA:233,0
DA:235,0
DA:236,0
DA:237,0
DA:238,0
DA:239,0
DA:240,0
DA:241,0
DA:244,0
DA:245,0
DA:246,0
DA:247,0
DA:251,0
DA:253,0
DA:254,0
DA:256,0
DA:258,0
DA:259,0
DA:260,0
DA:261,0
DA:262,0
DA:263,0
DA:265,0
DA:268,0
DA:270,0
DA:271,0
DA:276,7
DA:277,0
DA:279,0
DA:280,0
DA:281,0
DA:283,0
DA:284,0
DA:287,0
DA:288,0
DA:293,7
DA:294,0
DA:295,0
DA:296,0
DA:297,0
DA:299,0
DA:300,0
DA:303,0
DA:304,0
DA:309,7
DA:311,7
DA:312,7
DA:314,0
DA:315,0
DA:316,0
DA:317,0
DA:319,0
DA:320,0
DA:321,0
DA:322,0
DA:323,0
DA:324,0
DA:326,0
DA:327,0
DA:329,0
DA:330,0
DA:332,0
DA:333,0
DA:334,0
DA:335,0
DA:338,0
DA:342,0
DA:346,0
DA:348,0
DA:349,0
DA:351,0
DA:353,0
DA:354,0
DA:357,0
DA:359,7
DA:360,7
DA:361,0
DA:362,0
DA:363,0
DA:364,0
DA:365,0
DA:367,0
DA:369,0
DA:370,0
DA:372,0
DA:373,0
DA:376,0
DA:379,7
DA:382,0
DA:383,0
DA:384,0
DA:386,0
DA:387,0
DA:388,0
DA:390,0
DA:392,7
LF:249
LH:28
BRDA:2,0,0,7
BRDA:2,0,1,7
BRDA:2,0,2,7
BRDA:3,1,0,0
BRDA:3,1,1,0
BRDA:6,2,0,0
BRDA:6,2,1,0
BRDA:13,3,0,7
BRDA:13,3,1,7
BRDA:13,3,2,7
BRDA:14,4,0,0
BRDA:14,4,1,0
BRDA:15,5,0,0
BRDA:15,5,1,0
BRDA:18,6,0,0
BRDA:18,6,1,0
BRDA:19,7,0,0
BRDA:19,7,1,0
BRDA:22,8,0,7
BRDA:22,8,1,7
BRDA:22,8,2,7
BRDA:23,9,0,0
BRDA:23,9,1,0
BRDA:24,10,0,0
BRDA:24,10,1,0
BRDA:27,11,0,0
BRDA:27,11,1,0
BRDA:29,12,0,0
BRDA:29,12,1,0
BRDA:29,13,0,0
BRDA:29,13,1,0
BRDA:29,13,2,0
BRDA:29,14,0,0
BRDA:29,14,1,0
BRDA:29,15,0,0
BRDA:29,15,1,0
BRDA:29,16,0,0
BRDA:29,16,1,0
BRDA:29,17,0,0
BRDA:29,17,1,0
BRDA:30,18,0,0
BRDA:30,18,1,0
BRDA:31,19,0,0
BRDA:31,19,1,0
BRDA:31,19,2,0
BRDA:31,19,3,0
BRDA:31,19,4,0
BRDA:31,19,5,0
BRDA:37,20,0,0
BRDA:37,20,1,0
BRDA:37,21,0,0
BRDA:37,21,1,0
BRDA:37,21,2,0
BRDA:37,22,0,0
BRDA:37,22,1,0
BRDA:38,23,0,0
BRDA:38,23,1,0
BRDA:38,24,0,0
BRDA:38,24,1,0
BRDA:38,24,2,0
BRDA:38,24,3,0
BRDA:39,25,0,0
BRDA:39,25,1,0
BRDA:39,26,0,0
BRDA:39,26,1,0
BRDA:40,27,0,0
BRDA:40,27,1,0
BRDA:40,28,0,0
BRDA:40,28,1,0
BRDA:41,29,0,0
BRDA:41,29,1,0
BRDA:46,30,0,0
BRDA:46,30,1,0
BRDA:46,31,0,0
BRDA:46,31,1,0
BRDA:49,32,0,7
BRDA:49,32,1,7
BRDA:49,32,2,7
BRDA:50,33,0,0
BRDA:50,33,1,0
BRDA:50,34,0,0
BRDA:50,34,1,0
BRDA:51,35,0,0
BRDA:51,35,1,0
BRDA:52,36,0,0
BRDA:52,36,1,0
BRDA:52,37,0,0
BRDA:52,37,1,0
BRDA:54,38,0,0
BRDA:54,38,1,0
BRDA:54,39,0,0
BRDA:54,39,1,0
BRDA:55,40,0,0
BRDA:55,40,1,0
BRDA:58,41,0,0
BRDA:58,41,1,0
BRDA:60,42,0,7
BRDA:60,42,1,7
BRDA:60,42,2,7
BRDA:61,43,0,0
BRDA:61,43,1,0
BRDA:62,44,0,0
BRDA:62,44,1,0
BRDA:65,45,0,0
BRDA:65,45,1,0
BRDA:65,45,2,0
BRDA:70,46,0,0
BRDA:70,46,1,0
BRDA:70,47,0,0
BRDA:70,47,1,0
BRDA:70,47,2,0
BRDA:72,48,0,0
BRDA:72,48,1,0
BRDA:76,49,0,7
BRDA:76,49,1,7
BRDA:76,49,2,7
BRDA:91,50,0,0
BRDA:91,50,1,0
BRDA:92,51,0,0
BRDA:92,51,1,0
BRDA:99,52,0,0
BRDA:99,52,1,0
BRDA:99,52,2,0
BRDA:101,53,0,0
BRDA:101,53,1,0
BRDA:121,54,0,0
BRDA:121,54,1,0
BRDA:122,55,0,0
BRDA:122,55,1,0
BRDA:122,56,0,0
BRDA:122,56,1,0
BRDA:132,57,0,0
BRDA:132,57,1,0
BRDA:132,58,0,0
BRDA:132,58,1,0
BRDA:132,59,0,0
BRDA:132,59,1,0
BRDA:132,60,0,0
BRDA:132,60,1,0
BRDA:137,61,0,0
BRDA:137,61,1,0
BRDA:137,61,2,0
BRDA:137,61,3,0
BRDA:137,61,4,0
BRDA:142,62,0,0
BRDA:142,62,1,0
BRDA:142,63,0,0
BRDA:142,63,1,0
BRDA:143,64,0,0
BRDA:143,64,1,0
BRDA:144,65,0,0
BRDA:144,65,1,0
BRDA:145,66,0,0
BRDA:145,66,1,0
BRDA:145,67,0,0
BRDA:145,67,1,0
BRDA:152,68,0,0
BRDA:152,68,1,0
BRDA:152,69,0,0
BRDA:152,69,1,0
BRDA:155,70,0,0
BRDA:155,70,1,0
BRDA:176,71,0,0
BRDA:176,71,1,0
BRDA:176,71,2,0
BRDA:185,72,0,0
BRDA:185,72,1,0
BRDA:198,73,0,0
BRDA:198,73,1,0
BRDA:198,73,2,0
BRDA:198,73,3,0
BRDA:198,73,4,0
BRDA:198,73,5,0
BRDA:229,74,0,0
BRDA:229,74,1,0
BRDA:229,74,2,0
BRDA:229,74,3,0
BRDA:244,75,0,0
BRDA:244,75,1,0
BRDA:254,76,0,0
BRDA:254,76,1,0
BRDA:254,77,0,0
BRDA:254,77,1,0
BRDA:254,77,2,0
BRDA:256,78,0,0
BRDA:256,78,1,0
BRDA:259,79,0,0
BRDA:259,79,1,0
BRDA:261,80,0,0
BRDA:261,80,1,0
BRDA:280,81,0,0
BRDA:280,81,1,0
BRDA:280,81,2,0
BRDA:296,82,0,0
BRDA:296,82,1,0
BRDA:296,82,2,0
BRDA:314,83,0,0
BRDA:314,83,1,0
BRDA:323,84,0,0
BRDA:323,84,1,0
BRDA:326,85,0,0
BRDA:326,85,1,0
BRDA:329,86,0,0
BRDA:329,86,1,0
BRDA:332,87,0,0
BRDA:332,87,1,0
BRDA:334,88,0,0
BRDA:334,88,1,0
BRDA:349,89,0,0
BRDA:349,89,1,0
BRDA:349,90,0,0
BRDA:349,90,1,0
BRDA:349,90,2,0
BRDA:351,91,0,0
BRDA:351,91,1,0
BRDA:353,92,0,0
BRDA:353,92,1,0
BRDA:361,93,0,0
BRDA:361,93,1,0
BRDA:363,94,0,0
BRDA:363,94,1,0
BRDA:369,95,0,0
BRDA:369,95,1,0
BRDA:372,96,0,0
BRDA:372,96,1,0
BRDA:383,97,0,0
BRDA:383,97,1,0
BRDA:387,98,0,0
BRDA:387,98,1,0
BRDA:387,99,0,0
BRDA:387,99,1,0
BRF:231
BRH:18
end_of_record
TN:
SF:dist/documentation/buildChecklist.js
FN:2,(anonymous_0)
FN:18,(anonymous_1)
FN:23,(anonymous_2)
FN:27,(anonymous_3)
FN:36,(anonymous_4)
FN:43,(anonymous_5)
FN:63,(anonymous_6)
FN:83,(anonymous_7)
FNF:8
FNH:0
FNDA:0,(anonymous_0)
FNDA:0,(anonymous_1)
FNDA:0,(anonymous_2)
FNDA:0,(anonymous_3)
FNDA:0,(anonymous_4)
FNDA:0,(anonymous_5)
FNDA:0,(anonymous_6)
FNDA:0,(anonymous_7)
DA:2,7
DA:3,0
DA:4,0
DA:5,0
DA:6,0
DA:7,0
DA:9,0
DA:11,0
DA:12,0
DA:14,0
DA:16,0
DA:18,7
DA:19,0
DA:20,0
DA:21,0
DA:23,7
DA:24,0
DA:25,0
DA:26,0
DA:28,0
DA:29,0
DA:32,0
DA:34,7
DA:35,7
DA:36,7
DA:38,0
DA:39,0
DA:40,0
DA:42,7
DA:43,7
DA:46,0
DA:48,0
DA:49,0
DA:50,0
DA:52,0
DA:53,0
DA:54,0
DA:56,0
DA:58,0
DA:63,7
DA:65,0
DA:66,0
DA:67,0
DA:68,0
DA:69,0
DA:70,0
DA:71,0
DA:74,0
DA:76,0
DA:77,0
DA:79,0
DA:81,0
DA:83,7
DA:84,0
DA:85,0
DA:86,0
DA:87,0
DA:88,0
DA:91,0
DA:95,0
DA:97,7
LF:61
LH:11
BRDA:2,0,0,7
BRDA:2,0,1,7
BRDA:2,0,2,7
BRDA:3,1,0,0
BRDA:3,1,1,0
BRDA:4,2,0,0
BRDA:4,2,1,0
BRDA:7,3,0,0
BRDA:7,3,1,0
BRDA:7,3,2,0
BRDA:12,4,0,0
BRDA:12,4,1,0
BRDA:12,5,0,0
BRDA:12,5,1,0
BRDA:12,5,2,0
BRDA:14,6,0,0
BRDA:14,6,1,0
BRDA:18,7,0,7
BRDA:18,7,1,7
BRDA:18,7,2,7
BRDA:23,8,0,7
BRDA:23,8,1,7
BRDA:23,8,2,7
BRDA:24,9,0,0
BRDA:24,9,1,0
BRDA:24,10,0,0
BRDA:24,10,1,0
BRDA:25,11,0,0
BRDA:25,11,1,0
BRDA:26,12,0,0
BRDA:26,12,1,0
BRDA:26,13,0,0
BRDA:26,13,1,0
BRDA:28,14,0,0
BRDA:28,14,1,0
BRDA:28,15,0,0
BRDA:28,15,1,0
BRDA:29,16,0,0
BRDA:29,16,1,0
BRDA:32,17,0,0
BRDA:32,17,1,0
BRDA:46,18,0,0
BRDA:46,18,1,0
BRDA:46,18,2,0
BRDA:65,19,0,0
BRDA:65,19,1,0
BRDA:77,20,0,0
BRDA:77,20,1,0
BRDA:77,21,0,0
BRDA:77,21,1,0
BRDA:77,21,2,0
BRDA:79,22,0,0
BRDA:79,22,1,0
BRDA:84,23,0,0
BRDA:84,23,1,0
BRDA:87,24,0,0
BRDA:87,24,1,0
BRDA:87,25,0,0
BRDA:87,25,1,0
BRF:59
BRH:9
end_of_record
TN:
SF:dist/documentation/buildDocs.js
FN:2,(anonymous_0)
FN:3,(anonymous_1)
FN:13,(anonymous_2)
FN:29,(anonymous_3)
FN:34,(anonymous_4)
FN:38,(anonymous_5)
FN:50,(anonymous_6)
FN:62,(anonymous_7)
FN:64,(anonymous_8)
FN:68,(anonymous_9)
FN:72,(anonymous_10)
FN:103,(anonymous_11)
FN:107,(anonymous_12)
FN:144,(anonymous_13)
FN:156,(anonymous_14)
FN:164,(anonymous_15)
FN:193,(anonymous_16)
FN:196,(anonymous_17)
FN:209,(anonymous_18)
FN:228,(anonymous_19)
FN:236,(anonymous_20)
FN:240,(anonymous_21)
FN:241,(anonymous_22)
FN:242,(anonymous_23)
FN:245,(anonymous_24)
FN:247,(anonymous_25)
FN:250,(anonymous_26)
FN:259,(anonymous_27)
FN:262,(anonymous_28)
FN:272,(anonymous_29)
FN:284,(anonymous_30)
FN:317,(anonymous_31)
FN:341,(anonymous_32)
FN:349,(anonymous_33)
FN:371,(anonymous_34)
FN:378,(anonymous_35)
FNF:36
FNH:5
FNDA:0,(anonymous_0)
FNDA:0,(anonymous_1)
FNDA:70,(anonymous_2)
FNDA:21,(anonymous_3)
FNDA:0,(anonymous_4)
FNDA:0,(anonymous_5)
FNDA:0,(anonymous_6)
FNDA:0,(anonymous_7)
FNDA:0,(anonymous_8)
FNDA:0,(anonymous_9)
FNDA:0,(anonymous_10)
FNDA:0,(anonymous_11)
FNDA:0,(anonymous_12)
FNDA:0,(anonymous_13)
FNDA:0,(anonymous_14)
FNDA:0,(anonymous_15)
FNDA:0,(anonymous_16)
FNDA:0,(anonymous_17)
FNDA:0,(anonymous_18)
FNDA:0,(anonymous_19)
FNDA:0,(anonymous_20)
FNDA:0,(anonymous_21)
FNDA:0,(anonymous_22)
FNDA:0,(anonymous_23)
FNDA:0,(anonymous_24)
FNDA:0,(anonymous_25)
FNDA:0,(anonymous_26)
FNDA:0,(anonymous_27)
FNDA:21,(anonymous_28)
FNDA:28,(anonymous_29)
FNDA:28,(anonymous_30)
FNDA:0,(anonymous_31)
FNDA:0,(anonymous_32)
FNDA:0,(anonymous_33)
FNDA:0,(anonymous_34)
FNDA:0,(anonymous_35)
DA:2,7
DA:3,0
DA:4,0
DA:5,0
DA:6,0
DA:7,0
DA:9,0
DA:11,0
DA:13,7
DA:14,70
DA:15,70
DA:16,70
DA:17,70
DA:18,168
DA:20,0
DA:22,70
DA:23,70
DA:25,70
DA:27,70
DA:29,7
DA:30,21
DA:31,63
DA:32,21
DA:34,7
DA:35,0
DA:36,0
DA:37,0
DA:39,0
DA:40,0
DA:43,0
DA:45,7
DA:46,7
DA:47,7
DA:48,7
DA:49,7
DA:50,7
DA:51,0
DA:59,0
DA:61,7
DA:62,7
DA:64,0
DA:65,0
DA:66,0
DA:67,0
DA:69,0
DA:70,0
DA:72,0
DA:73,0
DA:74,0
DA:75,0
DA:76,0
DA:77,0
DA:78,0
DA:83,0
DA:84,0
DA:89,0
DA:93,0
DA:95,0
DA:96,0
DA:98,0
DA:101,0
DA:103,7
DA:105,0
DA:106,0
DA:107,0
DA:113,0
DA:114,0
DA:115,0
DA:116,0
DA:117,0
DA:118,0
DA:119,0
DA:120,0
DA:128,0
DA:129,0
DA:130,0
DA:131,0
DA:136,0
DA:138,0
DA:139,0
DA:141,0
DA:144,0
DA:145,0
DA:147,0
DA:148,0
DA:156,7
DA:157,0
DA:158,0
DA:159,0
DA:161,0
DA:162,0
DA:163,0
DA:165,0
DA:167,0
DA:169,0
DA:171,0
DA:173,0
DA:175,0
DA:178,0
DA:179,0
DA:182,0
DA:183,0
DA:184,0
DA:185,0
DA:188,0
DA:191,0
DA:193,7
DA:194,0
DA:196,7
DA:209,7
DA:210,0
DA:228,7
DA:229,0
DA:231,0
DA:232,0
DA:233,0
DA:234,0
DA:235,0
DA:236,0
DA:239,0
DA:240,0
DA:241,0
DA:242,0
DA:245,0
DA:246,0
DA:248,0
DA:249,0
DA:250,0
DA:251,0
DA:252,0
DA:259,0
DA:260,0
DA:262,21
DA:267,7
DA:273,28
DA:274,28
DA:285,28
DA:286,28
DA:303,7
DA:317,0
DA:341,0
DA:349,0
DA:353,7
DA:371,7
DA:372,0
DA:375,0
DA:376,0
DA:377,0
DA:379,0
DA:380,0
DA:381,0
DA:384,0
LF:152
LH:39
BRDA:2,0,0,7
BRDA:2,0,1,7
BRDA:2,0,2,7
BRDA:3,1,0,0
BRDA:3,1,1,0
BRDA:6,2,0,0
BRDA:6,2,1,0
BRDA:13,3,0,7
BRDA:13,3,1,7
BRDA:13,3,2,7
BRDA:14,4,0,70
BRDA:14,4,1,70
BRDA:15,5,0,0
BRDA:15,5,1,70
BRDA:18,6,0,238
BRDA:18,6,1,168
BRDA:18,6,2,182
BRDA:23,7,0,0
BRDA:23,7,1,70
BRDA:23,8,0,70
BRDA:23,8,1,70
BRDA:23,8,2,56
BRDA:25,9,0,0
BRDA:25,9,1,70
BRDA:29,10,0,7
BRDA:29,10,1,7
BRDA:29,10,2,7
BRDA:34,11,0,7
BRDA:34,11,1,7
BRDA:34,11,2,7
BRDA:35,12,0,0
BRDA:35,12,1,0
BRDA:35,13,0,0
BRDA:35,13,1,0
BRDA:36,14,0,0
BRDA:36,14,1,0
BRDA:37,15,0,0
BRDA:37,15,1,0
BRDA:37,16,0,0
BRDA:37,16,1,0
BRDA:39,17,0,0
BRDA:39,17,1,0
BRDA:39,18,0,0
BRDA:39,18,1,0
BRDA:40,19,0,0
BRDA:40,19,1,0
BRDA:43,20,0,0
BRDA:43,20,1,0
BRDA:54,21,0,0
BRDA:54,21,1,0
BRDA:65,22,0,0
BRDA:65,22,1,0
BRDA:83,23,0,0
BRDA:83,23,1,0
BRDA:96,24,0,0
BRDA:96,24,1,0
BRDA:96,25,0,0
BRDA:96,25,1,0
BRDA:96,25,2,0
BRDA:98,26,0,0
BRDA:98,26,1,0
BRDA:106,27,0,0
BRDA:106,27,1,0
BRDA:139,28,0,0
BRDA:139,28,1,0
BRDA:139,29,0,0
BRDA:139,29,1,0
BRDA:139,29,2,0
BRDA:141,30,0,0
BRDA:141,30,1,0
BRDA:158,31,0,0
BRDA:158,31,1,0
BRDA:158,32,0,0
BRDA:158,32,1,0
BRDA:161,33,0,0
BRDA:161,33,1,0
BRDA:163,34,0,0
BRDA:163,34,1,0
BRDA:165,35,0,0
BRDA:165,35,1,0
BRDA:165,35,2,0
BRDA:165,35,3,0
BRDA:165,35,4,0
BRDA:178,36,0,0
BRDA:178,36,1,0
BRDA:182,37,0,0
BRDA:182,37,1,0
BRDA:183,38,0,0
BRDA:183,38,1,0
BRDA:194,39,0,0
BRDA:194,39,1,0
BRDA:194,39,2,0
BRDA:231,40,0,0
BRDA:231,40,1,0
BRDA:236,41,0,0
BRDA:236,41,1,0
BRDA:236,41,2,0
BRDA:241,42,0,0
BRDA:241,42,1,0
BRDA:241,42,2,0
BRDA:254,43,0,0
BRDA:254,43,1,0
BRDA:265,44,0,21
BRDA:265,44,1,7
BRDA:265,44,2,14
BRDA:265,44,3,7
BRDA:265,44,4,7
BRDA:265,44,5,7
BRDA:265,44,6,0
BRDA:375,45,0,0
BRDA:375,45,1,0
BRF:111
BRH:29
end_of_record
TN:
SF:dist/documentation/index.js
FN:5,(anonymous_0)
FN:7,(anonymous_1)
FNF:2
FNH:0
FNDA:0,(anonymous_0)
FNDA:0,(anonymous_1)
DA:2,7
DA:3,7
DA:4,7
DA:5,7
DA:6,7
DA:7,7
LF:6
LH:6
BRF:0
BRH:0
end_of_record
TN:
SF:dist/fixtures/index.js
FN:2,(anonymous_0)
FN:4,(anonymous_1)
FN:5,(anonymous_2)
FN:9,(anonymous_3)
FN:11,(anonymous_4)
FN:14,(anonymous_5)
FN:21,(anonymous_6)
FN:22,adopt
FN:22,(anonymous_8)
FN:23,(anonymous_9)
FN:24,fulfilled
FN:25,rejected
FN:26,step
FN:30,(anonymous_13)
FN:31,(anonymous_14)
FN:32,(anonymous_15)
FN:33,verb
FN:33,(anonymous_17)
FN:34,step
FN:113,(anonymous_19)
FN:124,(anonymous_20)
FN:124,(anonymous_21)
FN:126,(anonymous_22)
FN:146,(anonymous_23)
FN:149,(anonymous_24)
FN:150,(anonymous_25)
FN:153,(anonymous_26)
FN:159,(anonymous_27)
FN:159,(anonymous_28)
FN:160,(anonymous_29)
FNF:30
FNH:4
FNDA:504,(anonymous_0)
FNDA:0,(anonymous_1)
FNDA:0,(anonymous_2)
FNDA:7,(anonymous_3)
FNDA:0,(anonymous_4)
FNDA:7,(anonymous_5)
FNDA:0,(anonymous_6)
FNDA:0,adopt
FNDA:0,(anonymous_8)
FNDA:0,(anonymous_9)
FNDA:0,fulfilled
FNDA:0,rejected
FNDA:0,step
FNDA:0,(anonymous_13)
FNDA:0,(anonymous_14)
FNDA:0,(anonymous_15)
FNDA:0,verb
FNDA:0,(anonymous_17)
FNDA:0,step
FNDA:140,(anonymous_19)
FNDA:0,(anonymous_20)
FNDA:0,(anonymous_21)
FNDA:0,(anonymous_22)
FNDA:0,(anonymous_23)
FNDA:0,(anonymous_24)
FNDA:0,(anonymous_25)
FNDA:0,(anonymous_26)
FNDA:0,(anonymous_27)
FNDA:0,(anonymous_28)
FNDA:0,(anonymous_29)
DA:2,7
DA:3,504
DA:4,504
DA:6,0
DA:7,0
DA:9,7
DA:10,7
DA:12,0
DA:14,7
DA:15,7
DA:16,7
DA:17,602
DA:18,7
DA:19,7
DA:21,7
DA:22,0
DA:23,0
DA:24,0
DA:25,0
DA:26,0
DA:27,0
DA:30,7
DA:31,0
DA:32,0
DA:33,0
DA:35,0
DA:36,0
DA:37,0
DA:38,0
DA:39,0
DA:40,0
DA:41,0
DA:42,0
DA:43,0
DA:45,0
DA:46,0
DA:47,0
DA:48,0
DA:49,0
DA:50,0
DA:52,0
DA:53,0
DA:54,0
DA:57,7
DA:58,7
DA:59,7
DA:60,7
DA:61,7
DA:112,7
DA:113,140
DA:124,7
DA:126,0
DA:127,0
DA:129,0
DA:130,0
DA:132,0
DA:133,0
DA:135,0
DA:136,0
DA:137,0
DA:139,0
DA:140,0
DA:142,0
DA:143,0
DA:145,0
DA:146,0
DA:148,0
DA:149,0
DA:150,0
DA:152,0
DA:153,0
DA:154,0
DA:158,7
DA:159,7
DA:160,0
DA:161,0
DA:163,0
DA:164,0
DA:165,0
DA:167,0
DA:168,0
DA:170,0
DA:171,0
DA:173,0
DA:174,0
DA:176,0
DA:177,0
DA:181,7
LF:88
LH:24
BRDA:2,0,0,7
BRDA:2,0,1,7
BRDA:2,0,2,7
BRDA:2,1,0,7
BRDA:2,1,1,0
BRDA:3,2,0,504
BRDA:3,2,1,0
BRDA:6,3,0,0
BRDA:6,3,1,0
BRDA:9,4,0,7
BRDA:9,4,1,7
BRDA:9,4,2,7
BRDA:9,5,0,7
BRDA:9,5,1,0
BRDA:14,6,0,7
BRDA:14,6,1,7
BRDA:14,6,2,7
BRDA:15,7,0,0
BRDA:15,7,1,7
BRDA:15,8,0,7
BRDA:15,8,1,7
BRDA:17,9,0,7
BRDA:17,9,1,0
BRDA:17,10,0,504
BRDA:17,10,1,98
BRDA:17,11,0,602
BRDA:17,11,1,602
BRDA:21,12,0,7
BRDA:21,12,1,7
BRDA:21,12,2,7
BRDA:22,13,0,0
BRDA:22,13,1,0
BRDA:23,14,0,0
BRDA:23,14,1,0
BRDA:26,15,0,0
BRDA:26,15,1,0
BRDA:27,16,0,0
BRDA:27,16,1,0
BRDA:30,17,0,7
BRDA:30,17,1,7
BRDA:30,17,2,7
BRDA:31,18,0,0
BRDA:31,18,1,0
BRDA:32,19,0,0
BRDA:32,19,1,0
BRDA:35,20,0,0
BRDA:35,20,1,0
BRDA:37,21,0,0
BRDA:37,21,1,0
BRDA:37,22,0,0
BRDA:37,22,1,0
BRDA:37,22,2,0
BRDA:37,23,0,0
BRDA:37,23,1,0
BRDA:37,24,0,0
BRDA:37,24,1,0
BRDA:37,25,0,0
BRDA:37,25,1,0
BRDA:37,26,0,0
BRDA:37,26,1,0
BRDA:38,27,0,0
BRDA:38,27,1,0
BRDA:39,28,0,0
BRDA:39,28,1,0
BRDA:39,28,2,0
BRDA:39,28,3,0
BRDA:39,28,4,0
BRDA:39,28,5,0
BRDA:45,29,0,0
BRDA:45,29,1,0
BRDA:45,30,0,0
BRDA:45,30,1,0
BRDA:45,30,2,0
BRDA:45,31,0,0
BRDA:45,31,1,0
BRDA:46,32,0,0
BRDA:46,32,1,0
BRDA:46,33,0,0
BRDA:46,33,1,0
BRDA:46,33,2,0
BRDA:46,33,3,0
BRDA:47,34,0,0
BRDA:47,34,1,0
BRDA:47,35,0,0
BRDA:47,35,1,0
BRDA:48,36,0,0
BRDA:48,36,1,0
BRDA:48,37,0,0
BRDA:48,37,1,0
BRDA:49,38,0,0
BRDA:49,38,1,0
BRDA:54,39,0,0
BRDA:54,39,1,0
BRDA:54,40,0,0
BRDA:54,40,1,0
BRDA:127,41,0,0
BRDA:127,41,1,0
BRDA:127,41,2,0
BRDA:127,41,3,0
BRDA:127,41,4,0
BRDA:127,41,5,0
BRDA:127,41,6,0
BRDA:127,41,7,0
BRDA:127,41,8,0
BRDA:129,42,0,0
BRDA:129,42,1,0
BRDA:161,43,0,0
BRDA:161,43,1,0
BRDA:161,43,2,0
BRDA:161,43,3,0
BRDA:161,43,4,0
BRDA:163,44,0,0
BRDA:163,44,1,0
BRF:113
BRH:26
end_of_record
TN:
SF:dist/fixtures/mockAuth.js
FN:2,(anonymous_0)
FN:3,(anonymous_1)
FN:37,(anonymous_2)
FN:50,(anonymous_3)
FN:50,(anonymous_4)
FN:53,(anonymous_5)
FNF:6
FNH:0
FNDA:0,(anonymous_0)
FNDA:0,(anonymous_1)
FNDA:0,(anonymous_2)
FNDA:0,(anonymous_3)
FNDA:0,(anonymous_4)
FNDA:0,(anonymous_5)
DA:2,7
DA:3,0
DA:4,0
DA:5,0
DA:6,0
DA:7,0
DA:9,0
DA:11,0
DA:13,7
DA:14,7
DA:15,7
DA:19,7
DA:23,7
DA:27,7
DA:32,7
DA:37,7
DA:38,0
DA:39,0
DA:46,0
DA:47,0
DA:49,7
DA:50,7
DA:51,0
DA:52,0
DA:53,0
DA:54,0
DA:55,0
DA:57,7
LF:28
LH:12
BRDA:2,0,0,7
BRDA:2,0,1,7
BRDA:2,0,2,7
BRDA:3,1,0,0
BRDA:3,1,1,0
BRDA:6,2,0,0
BRDA:6,2,1,0
BRDA:38,3,0,0
BRDA:38,3,1,0
BRDA:51,4,0,0
BRDA:51,4,1,0
BRF:11
BRH:3
end_of_record
TN:
SF:dist/logging/Logger.js
FN:2,(anonymous_0)
FN:3,(anonymous_1)
FN:15,(anonymous_2)
FN:16,Logger
FN:20,(anonymous_4)
FN:23,(anonymous_5)
FN:27,(anonymous_6)
FN:30,(anonymous_7)
FN:33,(anonymous_8)
FNF:9
FNH:1
FNDA:0,(anonymous_0)
FNDA:0,(anonymous_1)
FNDA:7,(anonymous_2)
FNDA:0,Logger
FNDA:0,(anonymous_4)
FNDA:0,(anonymous_5)
FNDA:0,(anonymous_6)
FNDA:0,(anonymous_7)
FNDA:0,(anonymous_8)
DA:2,7
DA:3,0
DA:4,0
DA:5,0
DA:6,0
DA:7,0
DA:9,0
DA:11,0
DA:13,7
DA:14,7
DA:15,7
DA:17,0
DA:18,0
DA:20,7
DA:21,0
DA:23,7
DA:24,0
DA:25,0
DA:27,7
DA:28,0
DA:30,7
DA:31,0
DA:33,7
DA:34,0
DA:35,0
DA:37,7
DA:39,7
LF:27
LH:11
BRDA:2,0,0,7
BRDA:2,0,1,7
BRDA:2,0,2,7
BRDA:3,1,0,0
BRDA:3,1,1,0
BRDA:6,2,0,0
BRDA:6,2,1,0
BRDA:17,3,0,0
BRDA:17,3,1,0
BRDA:24,4,0,0
BRDA:24,4,1,0
BRDA:34,5,0,0
BRDA:34,5,1,0
BRF:13
BRH:3
end_of_record
TN:
SF:dist/logging/buildInitLoggerMW.js
FN:2,(anonymous_0)
FN:3,adopt
FN:3,(anonymous_2)
FN:4,(anonymous_3)
FN:5,fulfilled
FN:6,rejected
FN:7,step
FN:11,(anonymous_7)
FN:12,(anonymous_8)
FN:13,(anonymous_9)
FN:14,verb
FN:14,(anonymous_11)
FN:15,step
FN:42,(anonymous_13)
FN:43,(anonymous_14)
FN:43,(anonymous_15)
FN:45,(anonymous_16)
FNF:17
FNH:0
FNDA:0,(anonymous_0)
FNDA:0,adopt
FNDA:0,(anonymous_2)
FNDA:0,(anonymous_3)
FNDA:0,fulfilled
FNDA:0,rejected
FNDA:0,step
FNDA:0,(anonymous_7)
FNDA:0,(anonymous_8)
FNDA:0,(anonymous_9)
FNDA:0,verb
FNDA:0,(anonymous_11)
FNDA:0,step
FNDA:0,(anonymous_13)
FNDA:0,(anonymous_14)
FNDA:0,(anonymous_15)
FNDA:0,(anonymous_16)
DA:2,7
DA:3,0
DA:4,0
DA:5,0
DA:6,0
DA:7,0
DA:8,0
DA:11,7
DA:12,0
DA:13,0
DA:14,0
DA:16,0
DA:17,0
DA:18,0
DA:19,0
DA:20,0
DA:21,0
DA:22,0
DA:23,0
DA:24,0
DA:26,0
DA:27,0
DA:28,0
DA:29,0
DA:30,0
DA:31,0
DA:33,0
DA:34,0
DA:35,0
DA:38,7
DA:39,7
DA:40,7
DA:41,7
DA:42,7
DA:43,0
DA:45,0
DA:46,0
DA:54,0
DA:55,0
DA:56,0
DA:57,0
DA:58,0
DA:62,7
LF:43
LH:8
BRDA:2,0,0,7
BRDA:2,0,1,7
BRDA:2,0,2,7
BRDA:3,1,0,0
BRDA:3,1,1,0
BRDA:4,2,0,0
BRDA:4,2,1,0
BRDA:7,3,0,0
BRDA:7,3,1,0
BRDA:8,4,0,0
BRDA:8,4,1,0
BRDA:11,5,0,7
BRDA:11,5,1,7
BRDA:11,5,2,7
BRDA:12,6,0,0
BRDA:12,6,1,0
BRDA:13,7,0,0
BRDA:13,7,1,0
BRDA:16,8,0,0
BRDA:16,8,1,0
BRDA:18,9,0,0
BRDA:18,9,1,0
BRDA:18,10,0,0
BRDA:18,10,1,0
BRDA:18,10,2,0
BRDA:18,11,0,0
BRDA:18,11,1,0
BRDA:18,12,0,0
BRDA:18,12,1,0
BRDA:18,13,0,0
BRDA:18,13,1,0
BRDA:18,14,0,0
BRDA:18,14,1,0
BRDA:19,15,0,0
BRDA:19,15,1,0
BRDA:20,16,0,0
BRDA:20,16,1,0
BRDA:20,16,2,0
BRDA:20,16,3,0
BRDA:20,16,4,0
BRDA:20,16,5,0
BRDA:26,17,0,0
BRDA:26,17,1,0
BRDA:26,18,0,0
BRDA:26,18,1,0
BRDA:26,18,2,0
BRDA:26,19,0,0
BRDA:26,19,1,0
BRDA:27,20,0,0
BRDA:27,20,1,0
BRDA:27,21,0,0
BRDA:27,21,1,0
BRDA:27,21,2,0
BRDA:27,21,3,0
BRDA:28,22,0,0
BRDA:28,22,1,0
BRDA:28,23,0,0
BRDA:28,23,1,0
BRDA:29,24,0,0
BRDA:29,24,1,0
BRDA:29,25,0,0
BRDA:29,25,1,0
BRDA:30,26,0,0
BRDA:30,26,1,0
BRDA:35,27,0,0
BRDA:35,27,1,0
BRDA:35,28,0,0
BRDA:35,28,1,0
BRF:68
BRH:6
end_of_record
TN:
SF:dist/ops/buildCreateOp.js
FN:2,(anonymous_0)
FN:3,adopt
FN:3,(anonymous_2)
FN:4,(anonymous_3)
FN:5,fulfilled
FN:6,rejected
FN:7,step
FN:11,(anonymous_7)
FN:12,(anonymous_8)
FN:13,(anonymous_9)
FN:14,verb
FN:14,(anonymous_11)
FN:15,step
FN:40,(anonymous_13)
FN:42,(anonymous_14)
FN:42,(anonymous_15)
FN:44,(anonymous_16)
FNF:17
FNH:0
FNDA:0,(anonymous_0)
FNDA:0,adopt
FNDA:0,(anonymous_2)
FNDA:0,(anonymous_3)
FNDA:0,fulfilled
FNDA:0,rejected
FNDA:0,step
FNDA:0,(anonymous_7)
FNDA:0,(anonymous_8)
FNDA:0,(anonymous_9)
FNDA:0,verb
FNDA:0,(anonymous_11)
FNDA:0,step
FNDA:0,(anonymous_13)
FNDA:0,(anonymous_14)
FNDA:0,(anonymous_15)
FNDA:0,(anonymous_16)
DA:2,7
DA:3,0
DA:4,0
DA:5,0
DA:6,0
DA:7,0
DA:8,0
DA:11,7
DA:12,0
DA:13,0
DA:14,0
DA:16,0
DA:17,0
DA:18,0
DA:19,0
DA:20,0
DA:21,0
DA:22,0
DA:23,0
DA:24,0
DA:26,0
DA:27,0
DA:28,0
DA:29,0
DA:30,0
DA:31,0
DA:33,0
DA:34,0
DA:35,0
DA:38,7
DA:39,7
DA:40,7
DA:41,0
DA:42,0
DA:44,0
DA:45,0
DA:47,0
DA:48,0
DA:49,0
DA:50,0
DA:51,0
DA:54,0
DA:55,0
DA:59,0
DA:62,0
DA:63,0
DA:64,0
DA:66,0
DA:68,0
DA:69,0
DA:72,0
DA:73,0
DA:77,0
DA:79,7
LF:54
LH:6
BRDA:2,0,0,7
BRDA:2,0,1,7
BRDA:2,0,2,7
BRDA:3,1,0,0
BRDA:3,1,1,0
BRDA:4,2,0,0
BRDA:4,2,1,0
BRDA:7,3,0,0
BRDA:7,3,1,0
BRDA:8,4,0,0
BRDA:8,4,1,0
BRDA:11,5,0,7
BRDA:11,5,1,7
BRDA:11,5,2,7
BRDA:12,6,0,0
BRDA:12,6,1,0
BRDA:13,7,0,0
BRDA:13,7,1,0
BRDA:16,8,0,0
BRDA:16,8,1,0
BRDA:18,9,0,0
BRDA:18,9,1,0
BRDA:18,10,0,0
BRDA:18,10,1,0
BRDA:18,10,2,0
BRDA:18,11,0,0
BRDA:18,11,1,0
BRDA:18,12,0,0
BRDA:18,12,1,0
BRDA:18,13,0,0
BRDA:18,13,1,0
BRDA:18,14,0,0
BRDA:18,14,1,0
BRDA:19,15,0,0
BRDA:19,15,1,0
BRDA:20,16,0,0
BRDA:20,16,1,0
BRDA:20,16,2,0
BRDA:20,16,3,0
BRDA:20,16,4,0
BRDA:20,16,5,0
BRDA:26,17,0,0
BRDA:26,17,1,0
BRDA:26,18,0,0
BRDA:26,18,1,0
BRDA:26,18,2,0
BRDA:26,19,0,0
BRDA:26,19,1,0
BRDA:27,20,0,0
BRDA:27,20,1,0
BRDA:27,21,0,0
BRDA:27,21,1,0
BRDA:27,21,2,0
BRDA:27,21,3,0
BRDA:28,22,0,0
BRDA:28,22,1,0
BRDA:28,23,0,0
BRDA:28,23,1,0
BRDA:29,24,0,0
BRDA:29,24,1,0
BRDA:29,25,0,0
BRDA:29,25,1,0
BRDA:30,26,0,0
BRDA:30,26,1,0
BRDA:35,27,0,0
BRDA:35,27,1,0
BRDA:35,28,0,0
BRDA:35,28,1,0
BRDA:45,29,0,0
BRDA:45,29,1,0
BRDA:49,30,0,0
BRDA:49,30,1,0
BRDA:63,31,0,0
BRDA:63,31,1,0
BRF:74
BRH:6
end_of_record
TN:
SF:dist/ops/buildDeleteOp.js
FN:2,(anonymous_0)
FN:3,adopt
FN:3,(anonymous_2)
FN:4,(anonymous_3)
FN:5,fulfilled
FN:6,rejected
FN:7,step
FN:11,(anonymous_7)
FN:12,(anonymous_8)
FN:13,(anonymous_9)
FN:14,verb
FN:14,(anonymous_11)
FN:15,step
FN:40,(anonymous_13)
FN:42,(anonymous_14)
FN:42,(anonymous_15)
FN:44,(anonymous_16)
FNF:17
FNH:0
FNDA:0,(anonymous_0)
FNDA:0,adopt
FNDA:0,(anonymous_2)
FNDA:0,(anonymous_3)
FNDA:0,fulfilled
FNDA:0,rejected
FNDA:0,step
FNDA:0,(anonymous_7)
FNDA:0,(anonymous_8)
FNDA:0,(anonymous_9)
FNDA:0,verb
FNDA:0,(anonymous_11)
FNDA:0,step
FNDA:0,(anonymous_13)
FNDA:0,(anonymous_14)
FNDA:0,(anonymous_15)
FNDA:0,(anonymous_16)
DA:2,7
DA:3,0
DA:4,0
DA:5,0
DA:6,0
DA:7,0
DA:8,0
DA:11,7
DA:12,0
DA:13,0
DA:14,0
DA:16,0
DA:17,0
DA:18,0
DA:19,0
DA:20,0
DA:21,0
DA:22,0
DA:23,0
DA:24,0
DA:26,0
DA:27,0
DA:28,0
DA:29,0
DA:30,0
DA:31,0
DA:33,0
DA:34,0
DA:35,0
DA:38,7
DA:39,7
DA:40,7
DA:41,0
DA:42,0
DA:44,0
DA:45,0
DA:47,0
DA:48,0
DA:49,0
DA:51,0
DA:52,0
DA:54,0
DA:55,0
DA:57,0
DA:58,0
DA:59,0
DA:62,0
DA:64,0
DA:65,0
DA:69,0
DA:71,7
LF:51
LH:6
BRDA:2,0,0,7
BRDA:2,0,1,7
BRDA:2,0,2,7
BRDA:3,1,0,0
BRDA:3,1,1,0
BRDA:4,2,0,0
BRDA:4,2,1,0
BRDA:7,3,0,0
BRDA:7,3,1,0
BRDA:8,4,0,0
BRDA:8,4,1,0
BRDA:11,5,0,7
BRDA:11,5,1,7
BRDA:11,5,2,7
BRDA:12,6,0,0
BRDA:12,6,1,0
BRDA:13,7,0,0
BRDA:13,7,1,0
BRDA:16,8,0,0
BRDA:16,8,1,0
BRDA:18,9,0,0
BRDA:18,9,1,0
BRDA:18,10,0,0
BRDA:18,10,1,0
BRDA:18,10,2,0
BRDA:18,11,0,0
BRDA:18,11,1,0
BRDA:18,12,0,0
BRDA:18,12,1,0
BRDA:18,13,0,0
BRDA:18,13,1,0
BRDA:18,14,0,0
BRDA:18,14,1,0
BRDA:19,15,0,0
BRDA:19,15,1,0
BRDA:20,16,0,0
BRDA:20,16,1,0
BRDA:20,16,2,0
BRDA:20,16,3,0
BRDA:20,16,4,0
BRDA:20,16,5,0
BRDA:26,17,0,0
BRDA:26,17,1,0
BRDA:26,18,0,0
BRDA:26,18,1,0
BRDA:26,18,2,0
BRDA:26,19,0,0
BRDA:26,19,1,0
BRDA:27,20,0,0
BRDA:27,20,1,0
BRDA:27,21,0,0
BRDA:27,21,1,0
BRDA:27,21,2,0
BRDA:27,21,3,0
BRDA:28,22,0,0
BRDA:28,22,1,0
BRDA:28,23,0,0
BRDA:28,23,1,0
BRDA:29,24,0,0
BRDA:29,24,1,0
BRDA:29,25,0,0
BRDA:29,25,1,0
BRDA:30,26,0,0
BRDA:30,26,1,0
BRDA:35,27,0,0
BRDA:35,27,1,0
BRDA:35,28,0,0
BRDA:35,28,1,0
BRDA:45,29,0,0
BRDA:45,29,1,0
BRDA:45,29,2,0
BRDA:45,29,3,0
BRDA:45,29,4,0
BRDA:59,30,0,0
BRDA:59,30,1,0
BRDA:60,31,0,0
BRDA:60,31,1,0
BRF:77
BRH:6
end_of_record
TN:
SF:dist/ops/buildGetOneOp.js
FN:2,(anonymous_0)
FN:3,adopt
FN:3,(anonymous_2)
FN:4,(anonymous_3)
FN:5,fulfilled
FN:6,rejected
FN:7,step
FN:11,(anonymous_7)
FN:12,(anonymous_8)
FN:13,(anonymous_9)
FN:14,verb
FN:14,(anonymous_11)
FN:15,step
FN:40,(anonymous_13)
FN:42,(anonymous_14)
FN:42,(anonymous_15)
FN:44,(anonymous_16)
FNF:17
FNH:0
FNDA:0,(anonymous_0)
FNDA:0,adopt
FNDA:0,(anonymous_2)
FNDA:0,(anonymous_3)
FNDA:0,fulfilled
FNDA:0,rejected
FNDA:0,step
FNDA:0,(anonymous_7)
FNDA:0,(anonymous_8)
FNDA:0,(anonymous_9)
FNDA:0,verb
FNDA:0,(anonymous_11)
FNDA:0,step
FNDA:0,(anonymous_13)
FNDA:0,(anonymous_14)
FNDA:0,(anonymous_15)
FNDA:0,(anonymous_16)
DA:2,7
DA:3,0
DA:4,0
DA:5,0
DA:6,0
DA:7,0
DA:8,0
DA:11,7
DA:12,0
DA:13,0
DA:14,0
DA:16,0
DA:17,0
DA:18,0
DA:19,0
DA:20,0
DA:21,0
DA:22,0
DA:23,0
DA:24,0
DA:26,0
DA:27,0
DA:28,0
DA:29,0
DA:30,0
DA:31,0
DA:33,0
DA:34,0
DA:35,0
DA:38,7
DA:39,7
DA:40,7
DA:41,0
DA:42,0
DA:44,0
DA:45,0
DA:47,0
DA:48,0
DA:50,0
DA:51,0
DA:53,0
DA:54,0
DA:56,0
DA:57,0
DA:58,0
DA:62,0
DA:64,0
DA:65,0
DA:66,0
DA:69,0
DA:70,0
DA:74,0
DA:77,0
DA:78,0
DA:82,0
DA:86,0
DA:88,7
LF:57
LH:6
BRDA:2,0,0,7
BRDA:2,0,1,7
BRDA:2,0,2,7
BRDA:3,1,0,0
BRDA:3,1,1,0
BRDA:4,2,0,0
BRDA:4,2,1,0
BRDA:7,3,0,0
BRDA:7,3,1,0
BRDA:8,4,0,0
BRDA:8,4,1,0
BRDA:11,5,0,7
BRDA:11,5,1,7
BRDA:11,5,2,7
BRDA:12,6,0,0
BRDA:12,6,1,0
BRDA:13,7,0,0
BRDA:13,7,1,0
BRDA:16,8,0,0
BRDA:16,8,1,0
BRDA:18,9,0,0
BRDA:18,9,1,0
BRDA:18,10,0,0
BRDA:18,10,1,0
BRDA:18,10,2,0
BRDA:18,11,0,0
BRDA:18,11,1,0
BRDA:18,12,0,0
BRDA:18,12,1,0
BRDA:18,13,0,0
BRDA:18,13,1,0
BRDA:18,14,0,0
BRDA:18,14,1,0
BRDA:19,15,0,0
BRDA:19,15,1,0
BRDA:20,16,0,0
BRDA:20,16,1,0
BRDA:20,16,2,0
BRDA:20,16,3,0
BRDA:20,16,4,0
BRDA:20,16,5,0
BRDA:26,17,0,0
BRDA:26,17,1,0
BRDA:26,18,0,0
BRDA:26,18,1,0
BRDA:26,18,2,0
BRDA:26,19,0,0
BRDA:26,19,1,0
BRDA:27,20,0,0
BRDA:27,20,1,0
BRDA:27,21,0,0
BRDA:27,21,1,0
BRDA:27,21,2,0
BRDA:27,21,3,0
BRDA:28,22,0,0
BRDA:28,22,1,0
BRDA:28,23,0,0
BRDA:28,23,1,0
BRDA:29,24,0,0
BRDA:29,24,1,0
BRDA:29,25,0,0
BRDA:29,25,1,0
BRDA:30,26,0,0
BRDA:30,26,1,0
BRDA:35,27,0,0
BRDA:35,27,1,0
BRDA:35,28,0,0
BRDA:35,28,1,0
BRDA:45,29,0,0
BRDA:45,29,1,0
BRDA:45,29,2,0
BRDA:45,29,3,0
BRDA:45,29,4,0
BRDA:59,30,0,0
BRDA:59,30,1,0
BRDA:64,31,0,0
BRDA:64,31,1,0
BRF:77
BRH:6
end_of_record
TN:
SF:dist/ops/buildListOp.js
FN:2,(anonymous_0)
FN:3,adopt
FN:3,(anonymous_2)
FN:4,(anonymous_3)
FN:5,fulfilled
FN:6,rejected
FN:7,step
FN:11,(anonymous_7)
FN:12,(anonymous_8)
FN:13,(anonymous_9)
FN:14,verb
FN:14,(anonymous_11)
FN:15,step
FN:40,(anonymous_13)
FN:42,(anonymous_14)
FN:42,(anonymous_15)
FN:44,(anonymous_16)
FN:75,(anonymous_17)
FNF:18
FNH:0
FNDA:0,(anonymous_0)
FNDA:0,adopt
FNDA:0,(anonymous_2)
FNDA:0,(anonymous_3)
FNDA:0,fulfilled
FNDA:0,rejected
FNDA:0,step
FNDA:0,(anonymous_7)
FNDA:0,(anonymous_8)
FNDA:0,(anonymous_9)
FNDA:0,verb
FNDA:0,(anonymous_11)
FNDA:0,step
FNDA:0,(anonymous_13)
FNDA:0,(anonymous_14)
FNDA:0,(anonymous_15)
FNDA:0,(anonymous_16)
FNDA:0,(anonymous_17)
DA:2,7
DA:3,0
DA:4,0
DA:5,0
DA:6,0
DA:7,0
DA:8,0
DA:11,7
DA:12,0
DA:13,0
DA:14,0
DA:16,0
DA:17,0
DA:18,0
DA:19,0
DA:20,0
DA:21,0
DA:22,0
DA:23,0
DA:24,0
DA:26,0
DA:27,0
DA:28,0
DA:29,0
DA:30,0
DA:31,0
DA:33,0
DA:34,0
DA:35,0
DA:38,7
DA:39,7
DA:40,7
DA:41,0
DA:42,0
DA:44,0
DA:45,0
DA:47,0
DA:48,0
DA:56,0
DA:58,0
DA:59,0
DA:61,0
DA:62,0
DA:64,0
DA:65,0
DA:66,0
DA:70,0
DA:72,0
DA:73,0
DA:74,0
DA:75,0
DA:78,0
DA:79,0
DA:83,0
DA:86,0
DA:89,0
DA:93,0
DA:95,7
LF:58
LH:6
BRDA:2,0,0,7
BRDA:2,0,1,7
BRDA:2,0,2,7
BRDA:3,1,0,0
BRDA:3,1,1,0
BRDA:4,2,0,0
BRDA:4,2,1,0
BRDA:7,3,0,0
BRDA:7,3,1,0
BRDA:8,4,0,0
BRDA:8,4,1,0
BRDA:11,5,0,7
BRDA:11,5,1,7
BRDA:11,5,2,7
BRDA:12,6,0,0
BRDA:12,6,1,0
BRDA:13,7,0,0
BRDA:13,7,1,0
BRDA:16,8,0,0
BRDA:16,8,1,0
BRDA:18,9,0,0
BRDA:18,9,1,0
BRDA:18,10,0,0
BRDA:18,10,1,0
BRDA:18,10,2,0
BRDA:18,11,0,0
BRDA:18,11,1,0
BRDA:18,12,0,0
BRDA:18,12,1,0
BRDA:18,13,0,0
BRDA:18,13,1,0
BRDA:18,14,0,0
BRDA:18,14,1,0
BRDA:19,15,0,0
BRDA:19,15,1,0
BRDA:20,16,0,0
BRDA:20,16,1,0
BRDA:20,16,2,0
BRDA:20,16,3,0
BRDA:20,16,4,0
BRDA:20,16,5,0
BRDA:26,17,0,0
BRDA:26,17,1,0
BRDA:26,18,0,0
BRDA:26,18,1,0
BRDA:26,18,2,0
BRDA:26,19,0,0
BRDA:26,19,1,0
BRDA:27,20,0,0
BRDA:27,20,1,0
BRDA:27,21,0,0
BRDA:27,21,1,0
BRDA:27,21,2,0
BRDA:27,21,3,0
BRDA:28,22,0,0
BRDA:28,22,1,0
BRDA:28,23,0,0
BRDA:28,23,1,0
BRDA:29,24,0,0
BRDA:29,24,1,0
BRDA:29,25,0,0
BRDA:29,25,1,0
BRDA:30,26,0,0
BRDA:30,26,1,0
BRDA:35,27,0,0
BRDA:35,27,1,0
BRDA:35,28,0,0
BRDA:35,28,1,0
BRDA:45,29,0,0
BRDA:45,29,1,0
BRDA:45,29,2,0
BRDA:45,29,3,0
BRDA:45,29,4,0
BRDA:53,30,0,0
BRDA:53,30,1,0
BRDA:67,31,0,0
BRDA:67,31,1,0
BRDA:68,32,0,0
BRDA:68,32,1,0
BRDA:73,33,0,0
BRDA:73,33,1,0
BRDA:80,34,0,0
BRDA:80,34,1,0
BRDA:81,35,0,0
BRDA:81,35,1,0
BRF:85
BRH:6
end_of_record
TN:
SF:dist/ops/buildReplaceOp.js
FN:2,(anonymous_0)
FN:3,adopt
FN:3,(anonymous_2)
FN:4,(anonymous_3)
FN:5,fulfilled
FN:6,rejected
FN:7,step
FN:11,(anonymous_7)
FN:12,(anonymous_8)
FN:13,(anonymous_9)
FN:14,verb
FN:14,(anonymous_11)
FN:15,step
FN:40,(anonymous_13)
FN:42,(anonymous_14)
FN:42,(anonymous_15)
FN:45,(anonymous_16)
FNF:17
FNH:0
FNDA:0,(anonymous_0)
FNDA:0,adopt
FNDA:0,(anonymous_2)
FNDA:0,(anonymous_3)
FNDA:0,fulfilled
FNDA:0,rejected
FNDA:0,step
FNDA:0,(anonymous_7)
FNDA:0,(anonymous_8)
FNDA:0,(anonymous_9)
FNDA:0,verb
FNDA:0,(anonymous_11)
FNDA:0,step
FNDA:0,(anonymous_13)
FNDA:0,(anonymous_14)
FNDA:0,(anonymous_15)
FNDA:0,(anonymous_16)
DA:2,7
DA:3,0
DA:4,0
DA:5,0
DA:6,0
DA:7,0
DA:8,0
DA:11,7
DA:12,0
DA:13,0
DA:14,0
DA:16,0
DA:17,0
DA:18,0
DA:19,0
DA:20,0
DA:21,0
DA:22,0
DA:23,0
DA:24,0
DA:26,0
DA:27,0
DA:28,0
DA:29,0
DA:30,0
DA:31,0
DA:33,0
DA:34,0
DA:35,0
DA:38,7
DA:39,7
DA:40,7
DA:41,0
DA:42,0
DA:45,0
DA:46,0
DA:48,0
DA:49,0
DA:50,0
DA:52,0
DA:53,0
DA:55,0
DA:56,0
DA:58,0
DA:59,0
DA:60,0
DA:63,0
DA:65,0
DA:66,0
DA:71,0
DA:73,7
LF:51
LH:6
BRDA:2,0,0,7
BRDA:2,0,1,7
BRDA:2,0,2,7
BRDA:3,1,0,0
BRDA:3,1,1,0
BRDA:4,2,0,0
BRDA:4,2,1,0
BRDA:7,3,0,0
BRDA:7,3,1,0
BRDA:8,4,0,0
BRDA:8,4,1,0
BRDA:11,5,0,7
BRDA:11,5,1,7
BRDA:11,5,2,7
BRDA:12,6,0,0
BRDA:12,6,1,0
BRDA:13,7,0,0
BRDA:13,7,1,0
BRDA:16,8,0,0
BRDA:16,8,1,0
BRDA:18,9,0,0
BRDA:18,9,1,0
BRDA:18,10,0,0
BRDA:18,10,1,0
BRDA:18,10,2,0
BRDA:18,11,0,0
BRDA:18,11,1,0
BRDA:18,12,0,0
BRDA:18,12,1,0
BRDA:18,13,0,0
BRDA:18,13,1,0
BRDA:18,14,0,0
BRDA:18,14,1,0
BRDA:19,15,0,0
BRDA:19,15,1,0
BRDA:20,16,0,0
BRDA:20,16,1,0
BRDA:20,16,2,0
BRDA:20,16,3,0
BRDA:20,16,4,0
BRDA:20,16,5,0
BRDA:26,17,0,0
BRDA:26,17,1,0
BRDA:26,18,0,0
BRDA:26,18,1,0
BRDA:26,18,2,0
BRDA:26,19,0,0
BRDA:26,19,1,0
BRDA:27,20,0,0
BRDA:27,20,1,0
BRDA:27,21,0,0
BRDA:27,21,1,0
BRDA:27,21,2,0
BRDA:27,21,3,0
BRDA:28,22,0,0
BRDA:28,22,1,0
BRDA:28,23,0,0
BRDA:28,23,1,0
BRDA:29,24,0,0
BRDA:29,24,1,0
BRDA:29,25,0,0
BRDA:29,25,1,0
BRDA:30,26,0,0
BRDA:30,26,1,0
BRDA:35,27,0,0
BRDA:35,27,1,0
BRDA:35,28,0,0
BRDA:35,28,1,0
BRDA:46,29,0,0
BRDA:46,29,1,0
BRDA:46,29,2,0
BRDA:46,29,3,0
BRDA:46,29,4,0
BRDA:53,30,0,0
BRDA:53,30,1,0
BRDA:53,31,0,0
BRDA:53,31,1,0
BRDA:60,32,0,0
BRDA:60,32,1,0
BRDA:61,33,0,0
BRDA:61,33,1,0
BRF:81
BRH:6
end_of_record
TN:
SF:dist/ops/buildUpdateOp.js
FN:2,(anonymous_0)
FN:3,adopt
FN:3,(anonymous_2)
FN:4,(anonymous_3)
FN:5,fulfilled
FN:6,rejected
FN:7,step
FN:11,(anonymous_7)
FN:12,(anonymous_8)
FN:13,(anonymous_9)
FN:14,verb
FN:14,(anonymous_11)
FN:15,step
FN:40,(anonymous_13)
FN:42,(anonymous_14)
FN:42,(anonymous_15)
FN:44,(anonymous_16)
FNF:17
FNH:0
FNDA:0,(anonymous_0)
FNDA:0,adopt
FNDA:0,(anonymous_2)
FNDA:0,(anonymous_3)
FNDA:0,fulfilled
FNDA:0,rejected
FNDA:0,step
FNDA:0,(anonymous_7)
FNDA:0,(anonymous_8)
FNDA:0,(anonymous_9)
FNDA:0,verb
FNDA:0,(anonymous_11)
FNDA:0,step
FNDA:0,(anonymous_13)
FNDA:0,(anonymous_14)
FNDA:0,(anonymous_15)
FNDA:0,(anonymous_16)
DA:2,7
DA:3,0
DA:4,0
DA:5,0
DA:6,0
DA:7,0
DA:8,0
DA:11,7
DA:12,0
DA:13,0
DA:14,0
DA:16,0
DA:17,0
DA:18,0
DA:19,0
DA:20,0
DA:21,0
DA:22,0
DA:23,0
DA:24,0
DA:26,0
DA:27,0
DA:28,0
DA:29,0
DA:30,0
DA:31,0
DA:33,0
DA:34,0
DA:35,0
DA:38,7
DA:39,7
DA:40,7
DA:41,0
DA:42,0
DA:44,0
DA:45,0
DA:47,0
DA:48,0
DA:49,0
DA:51,0
DA:52,0
DA:53,0
DA:56,0
DA:57,0
DA:60,0
DA:62,0
DA:64,0
DA:65,0
DA:67,0
DA:68,0
DA:70,0
DA:71,0
DA:72,0
DA:75,0
DA:77,0
DA:78,0
DA:81,0
DA:85,0
DA:87,7
LF:59
LH:6
BRDA:2,0,0,7
BRDA:2,0,1,7
BRDA:2,0,2,7
BRDA:3,1,0,0
BRDA:3,1,1,0
BRDA:4,2,0,0
BRDA:4,2,1,0
BRDA:7,3,0,0
BRDA:7,3,1,0
BRDA:8,4,0,0
BRDA:8,4,1,0
BRDA:11,5,0,7
BRDA:11,5,1,7
BRDA:11,5,2,7
BRDA:12,6,0,0
BRDA:12,6,1,0
BRDA:13,7,0,0
BRDA:13,7,1,0
BRDA:16,8,0,0
BRDA:16,8,1,0
BRDA:18,9,0,0
BRDA:18,9,1,0
BRDA:18,10,0,0
BRDA:18,10,1,0
BRDA:18,10,2,0
BRDA:18,11,0,0
BRDA:18,11,1,0
BRDA:18,12,0,0
BRDA:18,12,1,0
BRDA:18,13,0,0
BRDA:18,13,1,0
BRDA:18,14,0,0
BRDA:18,14,1,0
BRDA:19,15,0,0
BRDA:19,15,1,0
BRDA:20,16,0,0
BRDA:20,16,1,0
BRDA:20,16,2,0
BRDA:20,16,3,0
BRDA:20,16,4,0
BRDA:20,16,5,0
BRDA:26,17,0,0
BRDA:26,17,1,0
BRDA:26,18,0,0
BRDA:26,18,1,0
BRDA:26,18,2,0
BRDA:26,19,0,0
BRDA:26,19,1,0
BRDA:27,20,0,0
BRDA:27,20,1,0
BRDA:27,21,0,0
BRDA:27,21,1,0
BRDA:27,21,2,0
BRDA:27,21,3,0
BRDA:28,22,0,0
BRDA:28,22,1,0
BRDA:28,23,0,0
BRDA:28,23,1,0
BRDA:29,24,0,0
BRDA:29,24,1,0
BRDA:29,25,0,0
BRDA:29,25,1,0
BRDA:30,26,0,0
BRDA:30,26,1,0
BRDA:35,27,0,0
BRDA:35,27,1,0
BRDA:35,28,0,0
BRDA:35,28,1,0
BRDA:45,29,0,0
BRDA:45,29,1,0
BRDA:45,29,2,0
BRDA:45,29,3,0
BRDA:45,29,4,0
BRDA:45,29,5,0
BRDA:48,30,0,0
BRDA:48,30,1,0
BRDA:72,31,0,0
BRDA:72,31,1,0
BRDA:73,32,0,0
BRDA:73,32,1,0
BRF:80
BRH:6
end_of_record
TN:
SF:dist/types/authorization.js
FN:2,(anonymous_0)
FN:4,(anonymous_1)
FN:5,(anonymous_2)
FN:9,(anonymous_3)
FN:11,(anonymous_4)
FN:14,(anonymous_5)
FN:42,(anonymous_6)
FN:43,(anonymous_7)
FNF:8
FNH:1
FNDA:0,(anonymous_0)
FNDA:0,(anonymous_1)
FNDA:0,(anonymous_2)
FNDA:0,(anonymous_3)
FNDA:0,(anonymous_4)
FNDA:7,(anonymous_5)
FNDA:0,(anonymous_6)
FNDA:0,(anonymous_7)
DA:2,7
DA:3,0
DA:4,0
DA:6,0
DA:7,0
DA:9,7
DA:10,0
DA:12,0
DA:14,7
DA:15,7
DA:16,0
DA:17,0
DA:18,0
DA:19,0
DA:21,7
DA:22,7
DA:23,7
DA:24,7
DA:28,7
DA:32,7
DA:35,7
DA:39,7
DA:41,7
DA:42,0
DA:43,0
LF:25
LH:13
BRDA:2,0,0,7
BRDA:2,0,1,7
BRDA:2,0,2,7
BRDA:2,1,0,7
BRDA:2,1,1,0
BRDA:3,2,0,0
BRDA:3,2,1,0
BRDA:6,3,0,0
BRDA:6,3,1,0
BRDA:9,4,0,7
BRDA:9,4,1,7
BRDA:9,4,2,7
BRDA:9,5,0,7
BRDA:9,5,1,0
BRDA:14,6,0,7
BRDA:14,6,1,7
BRDA:14,6,2,7
BRDA:15,7,0,7
BRDA:15,7,1,0
BRDA:15,8,0,7
BRDA:15,8,1,7
BRDA:17,9,0,0
BRDA:17,9,1,0
BRDA:17,10,0,0
BRDA:17,10,1,0
BRDA:17,11,0,0
BRDA:17,11,1,0
BRF:27
BRH:14
end_of_record
TN:
SF:dist/types/database.js
FN:2,(anonymous_0)
FN:4,(anonymous_1)
FN:5,(anonymous_2)
FN:9,(anonymous_3)
FN:11,(anonymous_4)
FN:14,(anonymous_5)
FNF:6
FNH:1
FNDA:0,(anonymous_0)
FNDA:0,(anonymous_1)
FNDA:0,(anonymous_2)
FNDA:0,(anonymous_3)
FNDA:0,(anonymous_4)
FNDA:7,(anonymous_5)
DA:2,7
DA:3,0
DA:4,0
DA:6,0
DA:7,0
DA:9,7
DA:10,0
DA:12,0
DA:14,7
DA:15,7
DA:16,0
DA:17,0
DA:18,0
DA:19,0
DA:21,7
DA:22,7
DA:23,7
DA:24,7
LF:18
LH:8
BRDA:2,0,0,7
BRDA:2,0,1,7
BRDA:2,0,2,7
BRDA:2,1,0,7
BRDA:2,1,1,0
BRDA:3,2,0,0
BRDA:3,2,1,0
BRDA:6,3,0,0
BRDA:6,3,1,0
BRDA:9,4,0,7
BRDA:9,4,1,7
BRDA:9,4,2,7
BRDA:9,5,0,7
BRDA:9,5,1,0
BRDA:14,6,0,7
BRDA:14,6,1,7
BRDA:14,6,2,7
BRDA:15,7,0,7
BRDA:15,7,1,0
BRDA:15,8,0,7
BRDA:15,8,1,7
BRDA:17,9,0,0
BRDA:17,9,1,0
BRDA:17,10,0,0
BRDA:17,10,1,0
BRDA:17,11,0,0
BRDA:17,11,1,0
BRF:27
BRH:14
end_of_record
TN:
SF:dist/types/operation.js
FN:2,(anonymous_0)
FN:4,(anonymous_1)
FN:5,(anonymous_2)
FN:9,(anonymous_3)
FN:11,(anonymous_4)
FN:14,(anonymous_5)
FNF:6
FNH:1
FNDA:0,(anonymous_0)
FNDA:0,(anonymous_1)
FNDA:0,(anonymous_2)
FNDA:0,(anonymous_3)
FNDA:0,(anonymous_4)
FNDA:7,(anonymous_5)
DA:2,7
DA:3,0
DA:4,0
DA:6,0
DA:7,0
DA:9,7
DA:10,0
DA:12,0
DA:14,7
DA:15,7
DA:16,0
DA:17,0
DA:18,0
DA:19,0
DA:21,7
DA:22,7
DA:23,7
DA:24,7
DA:25,7
DA:28,7
DA:32,7
LF:21
LH:11
BRDA:2,0,0,7
BRDA:2,0,1,7
BRDA:2,0,2,7
BRDA:2,1,0,7
BRDA:2,1,1,0
BRDA:3,2,0,0
BRDA:3,2,1,0
BRDA:6,3,0,0
BRDA:6,3,1,0
BRDA:9,4,0,7
BRDA:9,4,1,7
BRDA:9,4,2,7
BRDA:9,5,0,7
BRDA:9,5,1,0
BRDA:14,6,0,7
BRDA:14,6,1,7
BRDA:14,6,2,7
BRDA:15,7,0,7
BRDA:15,7,1,0
BRDA:15,8,0,7
BRDA:15,8,1,7
BRDA:17,9,0,0
BRDA:17,9,1,0
BRDA:17,10,0,0
BRDA:17,10,1,0
BRDA:17,11,0,0
BRDA:17,11,1,0
BRF:27
BRH:14
end_of_record
TN:
SF:dist/types/resource.js
FN:2,(anonymous_0)
FN:4,(anonymous_1)
FN:5,(anonymous_2)
FN:9,(anonymous_3)
FN:11,(anonymous_4)
FN:14,(anonymous_5)
FNF:6
FNH:1
FNDA:0,(anonymous_0)
FNDA:0,(anonymous_1)
FNDA:0,(anonymous_2)
FNDA:0,(anonymous_3)
FNDA:0,(anonymous_4)
FNDA:7,(anonymous_5)
DA:2,7
DA:3,0
DA:4,0
DA:6,0
DA:7,0
DA:9,7
DA:10,0
DA:12,0
DA:14,7
DA:15,7
DA:16,0
DA:17,0
DA:18,0
DA:19,0
DA:21,7
DA:22,7
DA:23,7
DA:24,7
DA:25,7
LF:19
LH:9
BRDA:2,0,0,7
BRDA:2,0,1,7
BRDA:2,0,2,7
BRDA:2,1,0,7
BRDA:2,1,1,0
BRDA:3,2,0,0
BRDA:3,2,1,0
BRDA:6,3,0,0
BRDA:6,3,1,0
BRDA:9,4,0,7
BRDA:9,4,1,7
BRDA:9,4,2,7
BRDA:9,5,0,7
BRDA:9,5,1,0
BRDA:14,6,0,7
BRDA:14,6,1,7
BRDA:14,6,2,7
BRDA:15,7,0,7
BRDA:15,7,1,0
BRDA:15,8,0,7
BRDA:15,8,1,7
BRDA:17,9,0,0
BRDA:17,9,1,0
BRDA:17,10,0,0
BRDA:17,10,1,0
BRDA:17,11,0,0
BRDA:17,11,1,0
BRF:27
BRH:14
end_of_record
TN:
SF:dist/types/schema.js
FN:2,(anonymous_0)
FN:4,(anonymous_1)
FN:5,(anonymous_2)
FN:9,(anonymous_3)
FN:11,(anonymous_4)
FN:14,(anonymous_5)
FNF:6
FNH:1
FNDA:0,(anonymous_0)
FNDA:0,(anonymous_1)
FNDA:0,(anonymous_2)
FNDA:0,(anonymous_3)
FNDA:0,(anonymous_4)
FNDA:7,(anonymous_5)
DA:2,7
DA:3,0
DA:4,0
DA:6,0
DA:7,0
DA:9,7
DA:10,0
DA:12,0
DA:14,7
DA:15,7
DA:16,0
DA:17,0
DA:18,0
DA:19,0
DA:21,7
DA:22,7
DA:23,7
DA:24,7
DA:25,7
DA:26,7
LF:20
LH:10
BRDA:2,0,0,7
BRDA:2,0,1,7
BRDA:2,0,2,7
BRDA:2,1,0,7
BRDA:2,1,1,0
BRDA:3,2,0,0
BRDA:3,2,1,0
BRDA:6,3,0,0
BRDA:6,3,1,0
BRDA:9,4,0,7
BRDA:9,4,1,7
BRDA:9,4,2,7
BRDA:9,5,0,7
BRDA:9,5,1,0
BRDA:14,6,0,7
BRDA:14,6,1,7
BRDA:14,6,2,7
BRDA:15,7,0,7
BRDA:15,7,1,0
BRDA:15,8,0,7
BRDA:15,8,1,7
BRDA:17,9,0,0
BRDA:17,9,1,0
BRDA:17,10,0,0
BRDA:17,10,1,0
BRDA:17,11,0,0
BRDA:17,11,1,0
BRF:27
BRH:14
end_of_record
TN:
SF:dist/util/index.js
FN:2,(anonymous_0)
FN:18,(anonymous_1)
FN:25,(anonymous_2)
FN:53,(anonymous_3)
FN:54,(anonymous_4)
FN:55,(anonymous_5)
FN:61,(anonymous_6)
FN:63,(anonymous_7)
FNF:8
FNH:0
FNDA:0,(anonymous_0)
FNDA:0,(anonymous_1)
FNDA:0,(anonymous_2)
FNDA:0,(anonymous_3)
FNDA:0,(anonymous_4)
FNDA:0,(anonymous_5)
FNDA:0,(anonymous_6)
FNDA:0,(anonymous_7)
DA:2,7
DA:3,0
DA:4,0
DA:5,0
DA:6,0
DA:7,0
DA:9,0
DA:11,0
DA:12,0
DA:14,0
DA:16,0
DA:18,7
DA:19,0
DA:20,0
DA:21,0
DA:23,7
DA:24,7
DA:25,7
DA:26,0
DA:27,0
DA:32,0
DA:44,7
DA:45,7
DA:53,7
DA:54,7
DA:56,0
DA:57,0
DA:58,0
DA:61,0
DA:63,0
DA:64,7
LF:31
LH:10
BRDA:2,0,0,7
BRDA:2,0,1,7
BRDA:2,0,2,7
BRDA:3,1,0,0
BRDA:3,1,1,0
BRDA:4,2,0,0
BRDA:4,2,1,0
BRDA:7,3,0,0
BRDA:7,3,1,0
BRDA:7,3,2,0
BRDA:12,4,0,0
BRDA:12,4,1,0
BRDA:12,5,0,0
BRDA:12,5,1,0
BRDA:12,5,2,0
BRDA:14,6,0,0
BRDA:14,6,1,0
BRDA:18,7,0,7
BRDA:18,7,1,7
BRDA:18,7,2,7
BRDA:26,8,0,0
BRDA:26,8,1,0
BRDA:26,9,0,0
BRDA:26,9,1,0
BRDA:53,10,0,0
BRDA:53,10,1,0
BRDA:57,11,0,0
BRDA:57,11,1,0
BRF:28
BRH:6
end_of_record
TN:
SF:dist/validation/ValidatorProvider.js
FN:4,(anonymous_0)
FN:5,ValidatorProvider
FN:7,(anonymous_2)
FN:10,(anonymous_3)
FNF:4
FNH:1
FNDA:8,(anonymous_0)
FNDA:0,ValidatorProvider
FNDA:0,(anonymous_2)
FNDA:0,(anonymous_3)
DA:2,8
DA:3,8
DA:4,8
DA:7,8
DA:8,0
DA:10,8
DA:11,0
DA:12,0
DA:13,0
DA:15,8
DA:16,8
DA:18,8
LF:12
LH:8
BRDA:11,0,0,0
BRDA:11,0,1,0
BRF:2
BRH:0
end_of_record
TN:
SF:dist/validation/buildCreateValidator.js
FN:6,(anonymous_0)
FN:8,(anonymous_1)
FN:11,(anonymous_2)
FNF:3
FNH:0
FNDA:0,(anonymous_0)
FNDA:0,(anonymous_1)
FNDA:0,(anonymous_2)
DA:2,7
DA:3,7
DA:4,7
DA:6,7
DA:7,0
DA:8,0
DA:9,0
DA:10,0
DA:11,0
DA:12,0
DA:13,0
DA:18,0
DA:20,0
DA:22,7
LF:14
LH:5
BRDA:9,0,0,0
BRDA:9,0,1,0
BRDA:9,1,0,0
BRDA:9,1,1,0
BRDA:10,2,0,0
BRDA:10,2,1,0
BRDA:10,3,0,0
BRDA:10,3,1,0
BRDA:10,4,0,0
BRDA:10,4,1,0
BRF:10
BRH:0
end_of_record
TN:
SF:dist/validation/buildListValidator.js
FN:5,(anonymous_0)
FN:12,(anonymous_1)
FN:14,(anonymous_2)
FNF:3
FNH:0
FNDA:0,(anonymous_0)
FNDA:0,(anonymous_1)
FNDA:0,(anonymous_2)
DA:2,7
DA:3,7
DA:4,7
DA:5,7
DA:6,0
DA:7,0
DA:8,0
DA:9,0
DA:10,0
DA:12,7
DA:14,0
DA:16,0
DA:17,0
DA:18,0
DA:19,0
DA:20,0
DA:21,0
DA:22,0
DA:23,0
DA:24,0
DA:25,0
DA:26,0
DA:27,0
DA:28,0
DA:31,0
DA:32,0
DA:37,0
DA:39,0
DA:41,7
LF:29
LH:6
BRDA:18,0,0,0
BRDA:18,0,1,0
BRDA:18,0,2,0
BRDA:19,1,0,0
BRDA:19,1,1,0
BRDA:19,1,2,0
BRDA:25,2,0,0
BRDA:25,2,1,0
BRDA:25,3,0,0
BRDA:25,3,1,0
BRDA:25,4,0,0
BRDA:25,4,1,0
BRDA:25,5,0,0
BRDA:25,5,1,0
BRDA:25,6,0,0
BRDA:25,6,1,0
BRDA:32,7,0,0
BRDA:32,7,1,0
BRDA:33,8,0,0
BRDA:33,8,1,0
BRF:20
BRH:0
end_of_record
TN:
SF:dist/validation/buildPatchValidator.js
FN:2,(anonymous_0)
FN:6,(anonymous_1)
FN:13,(anonymous_2)
FN:34,(anonymous_3)
FN:41,(anonymous_4)
FN:63,(anonymous_5)
FN:84,(anonymous_6)
FNF:7
FNH:3
FNDA:1,(anonymous_0)
FNDA:0,(anonymous_1)
FNDA:6,(anonymous_2)
FNDA:0,(anonymous_3)
FNDA:0,(anonymous_4)
FNDA:1,(anonymous_5)
FNDA:0,(anonymous_6)
DA:2,8
DA:3,1
DA:4,1
DA:5,0
DA:7,0
DA:8,0
DA:11,0
DA:13,8
DA:14,6
DA:15,6
DA:16,6
DA:17,6
DA:18,12
DA:20,0
DA:22,6
DA:23,6
DA:25,6
DA:27,6
DA:29,8
DA:30,8
DA:31,8
DA:32,8
DA:33,8
DA:34,8
DA:36,0
DA:38,0
DA:39,0
DA:41,0
DA:42,0
DA:43,0
DA:44,0
DA:45,0
DA:50,0
DA:51,0
DA:52,0
DA:53,0
DA:54,0
DA:58,0
DA:60,0
DA:62,8
DA:63,8
DA:65,1
DA:66,1
DA:67,1
DA:68,1
DA:69,6
DA:70,6
DA:71,6
DA:72,6
DA:73,6
DA:74,6
DA:77,0
DA:79,1
DA:80,1
DA:82,1
DA:84,1
DA:86,0
DA:87,0
DA:88,0
DA:89,0
DA:90,0
DA:91,0
DA:92,0
DA:93,0
DA:95,0
DA:97,0
DA:98,0
DA:99,0
DA:100,0
DA:101,0
DA:102,0
DA:103,0
DA:106,0
DA:108,0
DA:109,0
DA:111,0
DA:115,0
DA:117,0
DA:118,0
DA:120,0
DA:122,0
DA:125,8
LF:82
LH:36
BRDA:2,0,0,8
BRDA:2,0,1,8
BRDA:2,0,2,8
BRDA:3,1,0,1
BRDA:3,1,1,1
BRDA:3,2,0,1
BRDA:3,2,1,1
BRDA:4,3,0,1
BRDA:4,3,1,0
BRDA:5,4,0,0
BRDA:5,4,1,0
BRDA:5,5,0,0
BRDA:5,5,1,0
BRDA:7,6,0,0
BRDA:7,6,1,0
BRDA:7,7,0,0
BRDA:7,7,1,0
BRDA:8,8,0,0
BRDA:8,8,1,0
BRDA:11,9,0,0
BRDA:11,9,1,0
BRDA:13,10,0,8
BRDA:13,10,1,8
BRDA:13,10,2,8
BRDA:14,11,0,6
BRDA:14,11,1,6
BRDA:15,12,0,0
BRDA:15,12,1,6
BRDA:18,13,0,18
BRDA:18,13,1,18
BRDA:18,13,2,12
BRDA:23,14,0,0
BRDA:23,14,1,6
BRDA:23,15,0,6
BRDA:23,15,1,6
BRDA:23,15,2,6
BRDA:25,16,0,0
BRDA:25,16,1,6
BRDA:38,17,0,0
BRDA:38,17,1,0
BRDA:39,18,0,0
BRDA:39,18,1,0
BRDA:39,19,0,0
BRDA:39,19,1,0
BRDA:39,20,0,0
BRDA:39,20,1,0
BRDA:39,21,0,0
BRDA:39,21,1,0
BRDA:43,22,0,0
BRDA:43,22,1,0
BRDA:50,23,0,0
BRDA:50,23,1,0
BRDA:52,24,0,0
BRDA:52,24,1,0
BRDA:65,25,0,0
BRDA:65,25,1,1
BRDA:80,26,0,0
BRDA:80,26,1,1
BRDA:80,27,0,1
BRDA:80,27,1,1
BRDA:80,27,2,0
BRDA:82,28,0,0
BRDA:82,28,1,1
BRDA:91,29,0,0
BRDA:91,29,1,0
BRDA:92,30,0,0
BRDA:92,30,1,0
BRDA:109,31,0,0
BRDA:109,31,1,0
BRDA:109,32,0,0
BRDA:109,32,1,0
BRDA:109,32,2,0
BRDA:111,33,0,0
BRDA:111,33,1,0
BRDA:118,34,0,0
BRDA:118,34,1,0
BRDA:118,35,0,0
BRDA:118,35,1,0
BRDA:118,35,2,0
BRDA:120,36,0,0
BRDA:120,36,1,0
BRF:81
BRH:27
end_of_record
TN:
SF:dist/validation/index.js
FN:2,(anonymous_0)
FN:24,(anonymous_1)
FN:31,(anonymous_2)
FN:47,(anonymous_3)
FN:58,(anonymous_4)
FN:61,(anonymous_5)
FN:66,(anonymous_6)
FN:70,(anonymous_7)
FN:75,(anonymous_8)
FN:88,(anonymous_9)
FN:89,(anonymous_10)
FN:98,(anonymous_11)
FNF:12
FNH:0
FNDA:0,(anonymous_0)
FNDA:0,(anonymous_1)
FNDA:0,(anonymous_2)
FNDA:0,(anonymous_3)
FNDA:0,(anonymous_4)
FNDA:0,(anonymous_5)
FNDA:0,(anonymous_6)
FNDA:0,(anonymous_7)
FNDA:0,(anonymous_8)
FNDA:0,(anonymous_9)
FNDA:0,(anonymous_10)
FNDA:0,(anonymous_11)
DA:2,7
DA:3,0
DA:4,0
DA:5,0
DA:6,0
DA:7,0
DA:9,0
DA:11,0
DA:12,0
DA:14,0
DA:16,0
DA:18,7
DA:19,7
DA:20,7
DA:21,7
DA:24,7
DA:26,0
DA:27,0
DA:28,0
DA:30,0
DA:31,0
DA:32,0
DA:33,0
DA:34,0
DA:35,0
DA:36,0
DA:37,0
DA:40,0
DA:41,0
DA:43,0
DA:44,0
DA:47,0
DA:49,0
DA:52,0
DA:53,0
DA:55,0
DA:57,7
DA:58,7
DA:59,0
DA:61,7
DA:62,0
DA:63,0
DA:65,0
DA:66,0
DA:68,0
DA:69,0
DA:71,0
DA:72,0
DA:74,0
DA:75,0
DA:76,0
DA:77,0
DA:79,0
DA:83,0
DA:86,7
DA:88,0
DA:89,0
DA:92,7
DA:98,7
DA:99,0
DA:100,0
LF:61
LH:12
BRDA:2,0,0,7
BRDA:2,0,1,7
BRDA:2,0,2,7
BRDA:3,1,0,0
BRDA:3,1,1,0
BRDA:4,2,0,0
BRDA:4,2,1,0
BRDA:7,3,0,0
BRDA:7,3,1,0
BRDA:7,3,2,0
BRDA:12,4,0,0
BRDA:12,4,1,0
BRDA:12,5,0,0
BRDA:12,5,1,0
BRDA:12,5,2,0
BRDA:14,6,0,0
BRDA:14,6,1,0
BRDA:27,7,0,0
BRDA:27,7,1,0
BRDA:33,8,0,0
BRDA:33,8,1,0
BRDA:33,9,0,0
BRDA:33,9,1,0
BRDA:35,10,0,0
BRDA:35,10,1,0
BRDA:36,11,0,0
BRDA:36,11,1,0
BRDA:44,12,0,0
BRDA:44,12,1,0
BRDA:44,13,0,0
BRDA:44,13,1,0
BRDA:62,14,0,0
BRDA:62,14,1,0
BRDA:65,15,0,0
BRDA:65,15,1,0
BRDA:68,16,0,0
BRDA:68,16,1,0
BRDA:99,17,0,0
BRDA:99,17,1,0
BRF:39
BRH:3
end_of_record
TN:
SF:src/RouterBuilder.ts
FN:37,(anonymous_5)
FN:46,RouterBuilder
FN:53,(anonymous_7)
FN:68,(anonymous_8)
FN:71,(anonymous_9)
FN:106,(anonymous_10)
FN:112,(anonymous_11)
FN:123,(anonymous_12)
FN:158,(anonymous_13)
FN:162,(anonymous_14)
FN:179,(anonymous_15)
FN:183,(anonymous_16)
FN:193,(anonymous_17)
FN:194,(anonymous_18)
FN:202,(anonymous_19)
FN:209,(anonymous_20)
FN:225,(anonymous_21)
FN:226,(anonymous_22)
FN:233,(anonymous_23)
FN:246,(anonymous_24)
FN:247,(anonymous_25)
FN:255,(anonymous_26)
FNF:22
FNH:11
FNDA:8,(anonymous_5)
FNDA:1,RouterBuilder
FNDA:1,(anonymous_7)
FNDA:1,(anonymous_8)
FNDA:0,(anonymous_9)
FNDA:1,(anonymous_10)
FNDA:1,(anonymous_11)
FNDA:1,(anonymous_12)
FNDA:0,(anonymous_13)
FNDA:1,(anonymous_14)
FNDA:1,(anonymous_15)
FNDA:0,(anonymous_16)
FNDA:0,(anonymous_17)
FNDA:0,(anonymous_18)
FNDA:0,(anonymous_19)
FNDA:0,(anonymous_20)
FNDA:0,(anonymous_21)
FNDA:0,(anonymous_22)
FNDA:1,(anonymous_23)
FNDA:0,(anonymous_24)
FNDA:0,(anonymous_25)
FNDA:1,(anonymous_26)
DA:1,8
DA:2,8
DA:3,8
DA:6,8
DA:8,8
DA:9,8
DA:10,8
DA:11,8
DA:12,8
DA:13,8
DA:14,8
DA:15,8
DA:16,8
DA:17,8
DA:19,8
DA:21,8
DA:22,8
DA:23,8
DA:24,8
DA:25,8
DA:26,8
DA:37,8
DA:38,1
DA:40,1
DA:46,1
DA:47,1
DA:53,8
DA:54,1
DA:55,1
DA:58,1
DA:59,1
DA:61,1
DA:62,1
DA:64,1
DA:67,1
DA:68,1
DA:70,1
DA:71,0
DA:73,1
DA:83,1
DA:85,1
DA:86,1
DA:88,3
DA:89,3
DA:93,1
DA:94,1
DA:96,1
DA:98,1
DA:106,8
DA:110,1
DA:112,1
DA:116,1
DA:123,8
DA:124,1
DA:125,1
DA:127,1
DA:128,1
DA:130,1
DA:131,1
DA:134,1
DA:135,0
DA:136,0
DA:139,1
DA:140,1
DA:141,1
DA:142,1
DA:145,1
DA:147,1
DA:152,1
DA:155,1
DA:157,1
DA:158,0
DA:162,1
DA:163,1
DA:164,1
DA:166,1
DA:167,1
DA:170,1
DA:172,1
DA:179,8
DA:180,1
DA:183,8
DA:184,0
DA:185,0
DA:188,0
DA:189,0
DA:190,0
DA:193,8
DA:194,0
DA:195,0
DA:196,0
DA:199,0
DA:201,0
DA:203,0
DA:204,0
DA:207,0
DA:209,0
DA:210,0
DA:215,0
DA:218,0
DA:222,8
DA:225,8
DA:226,0
DA:227,0
DA:230,0
DA:233,8
DA:234,1
DA:243,1
DA:246,8
DA:247,0
DA:248,0
DA:251,0
DA:255,8
DA:256,1
DA:263,1
LF:115
LH:88
BRDA:55,0,0,1
BRDA:55,0,1,0
BRDA:59,1,0,0
BRDA:59,1,1,1
BRDA:62,2,0,0
BRDA:62,2,1,1
BRDA:111,3,0,1
BRDA:111,3,1,0
BRDA:125,4,0,0
BRDA:125,4,1,1
BRDA:125,5,0,1
BRDA:125,5,1,1
BRDA:130,6,0,1
BRDA:130,6,1,0
BRDA:130,7,0,0
BRDA:130,7,1,1
BRDA:130,8,0,1
BRDA:130,8,1,1
BRDA:134,9,0,0
BRDA:134,9,1,1
BRDA:134,10,0,0
BRDA:134,10,1,1
BRDA:134,11,0,1
BRDA:134,11,1,1
BRDA:139,12,0,1
BRDA:139,12,1,0
BRDA:155,13,0,1
BRDA:155,13,1,0
BRDA:155,14,0,1
BRDA:155,14,1,1
BRDA:157,15,0,0
BRDA:157,15,1,1
BRDA:163,16,0,1
BRDA:163,16,1,0
BRDA:184,17,0,0
BRDA:184,17,1,0
BRDA:188,18,0,0
BRDA:188,18,1,0
BRDA:189,19,0,0
BRDA:189,19,1,0
BRDA:195,20,0,0
BRDA:195,20,1,0
BRDA:203,21,0,0
BRDA:203,21,1,0
BRDA:203,22,0,0
BRDA:203,22,1,0
BRDA:243,23,0,1
BRDA:243,23,1,0
BRDA:263,24,0,1
BRDA:263,24,1,0
BRF:50
BRH:23
end_of_record
TN:
SF:src/buildResourceSchemas.ts
FN:7,(anonymous_7)
FN:18,(anonymous_8)
FN:30,(anonymous_9)
FN:39,(anonymous_10)
FNF:4
FNH:3
FNDA:1,(anonymous_7)
FNDA:2,(anonymous_8)
FNDA:0,(anonymous_9)
FNDA:2,(anonymous_10)
DA:1,8
DA:2,8
DA:3,8
DA:4,8
DA:7,8
DA:8,1
DA:10,1
DA:12,1
DA:14,1
DA:18,8
DA:19,2
DA:21,2
DA:22,0
DA:23,2
DA:24,2
DA:25,0
DA:27,2
DA:30,8
DA:31,0
DA:32,0
DA:34,0
DA:37,8
DA:39,8
DA:40,2
DA:42,2
DA:44,2
DA:46,1
DA:48,1
DA:50,1
DA:51,0
DA:54,1
DA:56,1
LF:32
LH:26
BRDA:19,0,0,0
BRDA:19,0,1,2
BRDA:21,1,0,0
BRDA:21,1,1,2
BRDA:21,2,0,2
BRDA:21,2,1,2
BRDA:23,3,0,2
BRDA:23,3,1,0
BRDA:40,4,0,0
BRDA:40,4,1,2
BRDA:44,5,0,1
BRDA:44,5,1,1
BRDA:50,6,0,0
BRDA:50,6,1,1
BRF:14
BRH:9
end_of_record
TN:
SF:src/eighty.ts
FN:24,(anonymous_6)
FN:27,(anonymous_7)
FN:33,(anonymous_8)
FNF:3
FNH:1
FNDA:0,(anonymous_6)
FNDA:0,(anonymous_7)
FNDA:1,(anonymous_8)
DA:1,8
DA:2,8
DA:5,8
DA:6,8
DA:24,8
DA:27,8
DA:28,0
DA:30,0
DA:33,8
DA:35,1
DA:36,1
DA:37,0
DA:38,0
DA:39,0
DA:40,0
DA:41,0
DA:43,0
DA:46,1
DA:51,1
LF:19
LH:11
BRDA:35,0,0,1
BRDA:35,0,1,0
BRDA:37,1,0,0
BRDA:37,1,1,0
BRDA:39,2,0,0
BRDA:39,2,1,0
BRF:6
BRH:1
end_of_record
TN:
SF:src/errors.ts
FN:1,(anonymous_6)
FN:4,NotFoundError
FN:10,(anonymous_8)
FN:13,BadRequestError
FN:19,(anonymous_10)
FN:23,AuthorizationError
FNF:6
FNH:3
FNDA:8,(anonymous_6)
FNDA:0,NotFoundError
FNDA:8,(anonymous_8)
FNDA:0,BadRequestError
FNDA:8,(anonymous_10)
FNDA:0,AuthorizationError
DA:1,8
DA:2,0
DA:3,0
DA:4,0
DA:5,0
DA:6,0
DA:8,8
DA:10,8
DA:11,0
DA:12,0
DA:13,0
DA:14,0
DA:15,0
DA:17,8
DA:19,8
DA:20,0
DA:21,0
DA:23,0
DA:24,0
DA:25,0
DA:27,8
LF:21
LH:6
BRDA:4,0,0,0
BRDA:4,0,1,0
BRDA:5,1,0,0
BRDA:5,1,1,0
BRDA:13,2,0,0
BRDA:13,2,1,0
BRDA:14,3,0,0
BRDA:14,3,1,0
BRDA:23,4,0,0
BRDA:23,4,1,0
BRDA:24,5,0,0
BRDA:24,5,1,0
BRF:12
BRH:0
end_of_record
TN:
SF:src/index.ts
FN:1,(anonymous_0)
FN:2,(anonymous_1)
FN:2,(anonymous_2)
FNF:3
FNH:1
FNDA:1,(anonymous_0)
FNDA:0,(anonymous_1)
FNDA:0,(anonymous_2)
DA:1,2
DA:2,1
LF:2
LH:2
BRF:0
BRH:0
end_of_record
TN:
SF:src/auth/authentication.ts
FN:3,(anonymous_0)
FNF:1
FNH:1
FNDA:1,(anonymous_0)
DA:3,8
DA:4,1
DA:5,0
DA:6,0
DA:9,1
LF:5
LH:3
BRDA:4,0,0,0
BRDA:4,0,1,1
BRF:2
BRH:1
end_of_record
TN:
SF:src/auth/authorization.ts
FN:21,(anonymous_0)
FN:22,inGroup
FN:31,(anonymous_2)
FN:32,hasRole
FN:42,(anonymous_4)
FN:43,isResource
FN:46,(anonymous_6)
FN:47,isOwner
FN:57,(anonymous_8)
FN:58,(anonymous_9)
FN:61,(anonymous_10)
FN:70,(anonymous_11)
FN:71,(anonymous_12)
FN:79,(anonymous_13)
FN:88,(anonymous_14)
FN:89,(anonymous_15)
FN:97,(anonymous_16)
FN:100,(anonymous_17)
FN:101,(anonymous_18)
FN:101,(anonymous_19)
FN:102,(anonymous_20)
FN:102,(anonymous_21)
FN:104,(anonymous_22)
FN:107,(anonymous_23)
FN:127,(anonymous_24)
FN:128,(anonymous_25)
FNF:26
FNH:0
FNDA:0,(anonymous_0)
FNDA:0,inGroup
FNDA:0,(anonymous_2)
FNDA:0,hasRole
FNDA:0,(anonymous_4)
FNDA:0,isResource
FNDA:0,(anonymous_6)
FNDA:0,isOwner
FNDA:0,(anonymous_8)
FNDA:0,(anonymous_9)
FNDA:0,(anonymous_10)
FNDA:0,(anonymous_11)
FNDA:0,(anonymous_12)
FNDA:0,(anonymous_13)
FNDA:0,(anonymous_14)
FNDA:0,(anonymous_15)
FNDA:0,(anonymous_16)
FNDA:0,(anonymous_17)
FNDA:0,(anonymous_18)
FNDA:0,(anonymous_19)
FNDA:0,(anonymous_20)
FNDA:0,(anonymous_21)
FNDA:0,(anonymous_22)
FNDA:0,(anonymous_23)
FNDA:0,(anonymous_24)
FNDA:0,(anonymous_25)
DA:6,8
DA:21,8
DA:23,0
DA:24,0
DA:25,0
DA:27,0
DA:31,8
DA:33,0
DA:35,0
DA:36,0
DA:38,0
DA:42,8
DA:43,0
DA:46,8
DA:47,0
DA:50,8
DA:57,8
DA:58,8
DA:61,8
DA:66,0
DA:67,0
DA:69,0
DA:70,0
DA:71,0
DA:74,0
DA:76,0
DA:79,8
DA:84,0
DA:85,0
DA:87,0
DA:88,0
DA:89,0
DA:92,0
DA:94,0
DA:97,8
DA:98,0
DA:100,0
DA:101,0
DA:102,0
DA:104,0
DA:105,0
DA:106,0
DA:107,0
DA:108,0
DA:109,0
DA:110,0
DA:111,0
DA:113,0
DA:116,0
DA:117,0
DA:118,0
DA:120,0
DA:123,0
DA:124,0
DA:127,0
DA:128,0
DA:129,0
DA:132,0
DA:133,0
DA:135,0
DA:138,0
DA:139,0
DA:140,0
DA:144,0
DA:147,0
LF:65
LH:11
BRDA:25,0,0,0
BRDA:25,0,1,0
BRDA:27,1,0,0
BRDA:27,1,1,0
BRDA:36,2,0,0
BRDA:36,2,1,0
BRDA:38,3,0,0
BRDA:38,3,1,0
BRDA:57,4,0,0
BRDA:57,4,1,0
BRDA:58,5,0,0
BRDA:58,5,1,0
BRDA:66,6,0,0
BRDA:66,6,1,0
BRDA:84,7,0,0
BRDA:84,7,1,0
BRDA:98,8,0,0
BRDA:98,8,1,0
BRDA:105,9,0,0
BRDA:105,9,1,0
BRDA:108,10,0,0
BRDA:108,10,1,0
BRDA:110,11,0,0
BRDA:110,11,1,0
BRDA:116,12,0,0
BRDA:116,12,1,0
BRDA:123,13,0,0
BRDA:123,13,1,0
BRDA:129,14,0,0
BRDA:129,14,1,0
BRDA:132,15,0,0
BRDA:132,15,1,0
BRDA:138,16,0,0
BRDA:138,16,1,0
BRF:34
BRH:0
end_of_record
TN:
SF:src/auth/index.ts
FNF:0
FNH:0
DA:1,8
LF:1
LH:1
BRF:0
BRH:0
end_of_record
TN:
SF:src/const/operations.ts
FNF:0
FNH:0
DA:11,8
DA:21,8
LF:2
LH:2
BRF:0
BRH:0
end_of_record
TN:
SF:src/db/db.ts
FN:28,(anonymous_0)
FN:35,(anonymous_1)
FNF:2
FNH:2
FNDA:1,(anonymous_0)
FNDA:1,(anonymous_1)
DA:4,8
DA:28,8
DA:29,1
DA:32,8
DA:35,1
LF:5
LH:5
BRF:0
BRH:0
end_of_record
TN:
SF:src/db/mongodb.ts
FN:13,(anonymous_19)
FN:20,MongoDbClient
FN:26,(anonymous_21)
FN:33,(anonymous_24)
FN:37,(anonymous_27)
FN:64,(anonymous_30)
FN:79,(anonymous_31)
FN:96,(anonymous_34)
FN:119,(anonymous_37)
FN:141,(anonymous_40)
FN:152,(anonymous_41)
FN:162,(anonymous_44)
FN:170,(anonymous_47)
FN:204,(anonymous_48)
FN:206,(anonymous_49)
FN:222,(anonymous_50)
FN:223,(anonymous_51)
FNF:17
FNH:5
FNDA:8,(anonymous_19)
FNDA:1,MongoDbClient
FNDA:1,(anonymous_21)
FNDA:1,(anonymous_24)
FNDA:0,(anonymous_27)
FNDA:0,(anonymous_30)
FNDA:0,(anonymous_31)
FNDA:1,(anonymous_34)
FNDA:0,(anonymous_37)
FNDA:0,(anonymous_40)
FNDA:0,(anonymous_41)
FNDA:0,(anonymous_44)
FNDA:0,(anonymous_47)
FNDA:0,(anonymous_48)
FNDA:0,(anonymous_49)
FNDA:0,(anonymous_50)
FNDA:0,(anonymous_51)
DA:1,8
DA:3,8
DA:7,8
DA:9,8
DA:13,8
DA:14,1
DA:21,1
DA:22,1
DA:23,1
DA:26,8
DA:27,1
DA:28,1
DA:29,1
DA:30,1
DA:33,8
DA:34,2
DA:37,8
DA:38,0
DA:39,0
DA:40,0
DA:41,0
DA:42,0
DA:43,0
DA:45,0
DA:47,0
DA:49,0
DA:53,0
DA:54,0
DA:55,0
DA:59,0
DA:63,0
DA:64,0
DA:65,0
DA:66,0
DA:67,0
DA:70,0
DA:72,0
DA:79,8
DA:80,0
DA:82,0
DA:86,0
DA:90,0
DA:91,0
DA:93,0
DA:96,8
DA:97,2
DA:101,1
DA:105,1
DA:108,0
DA:109,0
DA:112,1
DA:114,1
DA:115,1
DA:116,1
DA:119,8
DA:120,0
DA:123,0
DA:125,0
DA:126,0
DA:127,0
DA:128,0
DA:130,0
DA:131,0
DA:132,0
DA:136,0
DA:137,0
DA:138,0
DA:139,0
DA:140,0
DA:141,0
DA:143,0
DA:147,0
DA:149,0
DA:152,8
DA:153,0
DA:155,0
DA:162,8
DA:163,0
DA:165,0
DA:168,8
DA:170,8
DA:171,0
DA:173,0
DA:174,0
DA:176,0
DA:178,0
DA:179,0
DA:180,0
DA:181,0
DA:182,0
DA:183,0
DA:184,0
DA:185,0
DA:186,0
DA:187,0
DA:188,0
DA:190,0
DA:193,0
DA:197,0
DA:198,0
DA:201,0
DA:204,8
DA:205,0
DA:206,0
DA:207,0
DA:208,0
DA:209,0
DA:212,0
DA:213,0
DA:214,0
DA:215,0
DA:216,0
DA:218,0
DA:222,8
DA:223,0
DA:224,0
DA:225,0
DA:228,0
DA:229,0
DA:230,0
DA:233,0
DA:236,8
LF:122
LH:34
BRDA:22,0,0,1
BRDA:22,0,1,1
BRDA:23,1,0,0
BRDA:23,1,1,1
BRDA:27,2,0,0
BRDA:27,2,1,1
BRDA:34,3,0,1
BRDA:34,4,0,0
BRDA:34,4,1,1
BRDA:34,5,0,1
BRDA:34,5,1,1
BRDA:39,6,0,0
BRDA:39,6,1,0
BRDA:40,7,0,0
BRDA:40,7,1,0
BRDA:42,8,0,0
BRDA:42,8,1,0
BRDA:43,9,0,0
BRDA:43,9,1,0
BRDA:45,10,0,0
BRDA:49,11,0,0
BRDA:49,11,1,0
BRDA:49,12,0,0
BRDA:49,12,1,0
BRDA:53,13,0,0
BRDA:53,13,1,0
BRDA:54,14,0,0
BRDA:54,14,1,0
BRDA:55,15,0,0
BRDA:55,15,1,0
BRDA:55,16,0,0
BRDA:55,16,1,0
BRDA:63,17,0,0
BRDA:63,17,1,0
BRDA:63,18,0,0
BRDA:63,18,1,0
BRDA:64,19,0,0
BRDA:64,19,1,0
BRDA:80,20,0,0
BRDA:86,21,0,0
BRDA:86,21,1,0
BRDA:97,22,0,1
BRDA:120,23,0,0
BRDA:130,24,0,0
BRDA:130,24,1,0
BRDA:137,25,0,0
BRDA:137,25,1,0
BRDA:139,26,0,0
BRDA:139,26,1,0
BRDA:153,27,0,0
BRDA:163,28,0,0
BRDA:171,29,0,0
BRDA:171,29,1,0
BRDA:179,30,0,0
BRDA:179,30,1,0
BRDA:181,31,0,0
BRDA:181,31,1,0
BRDA:183,32,0,0
BRDA:183,32,1,0
BRDA:185,33,0,0
BRDA:185,33,1,0
BRDA:187,34,0,0
BRDA:187,34,1,0
BRDA:197,35,0,0
BRDA:197,35,1,0
BRDA:205,36,0,0
BRDA:205,36,1,0
BRDA:207,37,0,0
BRDA:207,37,1,0
BRDA:213,38,0,0
BRDA:213,38,1,0
BRDA:215,39,0,0
BRDA:215,39,1,0
BRDA:224,40,0,0
BRDA:224,40,1,0
BRDA:229,41,0,0
BRDA:229,41,1,0
BRDA:229,42,0,0
BRDA:229,42,1,0
BRF:79
BRH:9
end_of_record
TN:
SF:src/documentation/buildChecklist.ts
FN:4,(anonymous_4)
FN:15,(anonymous_5)
FN:38,(anonymous_6)
FN:50,(anonymous_7)
FNF:4
FNH:0
FNDA:0,(anonymous_4)
FNDA:0,(anonymous_5)
FNDA:0,(anonymous_6)
FNDA:0,(anonymous_7)
DA:4,8
DA:6,0
DA:7,0
DA:9,0
DA:15,8
DA:18,0
DA:20,0
DA:21,0
DA:22,0
DA:24,0
DA:25,0
DA:26,0
DA:28,0
DA:31,0
DA:38,8
DA:39,0
DA:40,0
DA:42,0
DA:43,0
DA:44,0
DA:47,0
DA:50,8
DA:51,0
DA:52,0
DA:53,0
DA:54,0
DA:58,0
DA:63,0
DA:66,8
LF:29
LH:5
BRDA:19,0,0,0
BRDA:19,0,1,0
BRDA:19,0,2,0
BRDA:39,1,0,0
BRDA:39,1,1,0
BRDA:51,2,0,0
BRDA:51,2,1,0
BRDA:53,3,0,0
BRDA:53,3,1,0
BRDA:53,4,0,0
BRDA:53,4,1,0
BRF:11
BRH:0
end_of_record
TN:
SF:src/documentation/buildDocs.ts
FN:14,(anonymous_6)
FN:27,(anonymous_7)
FN:28,(anonymous_8)
FN:32,(anonymous_9)
FN:37,(anonymous_10)
FN:61,(anonymous_11)
FN:69,(anonymous_12)
FN:100,(anonymous_13)
FN:123,(anonymous_14)
FN:132,(anonymous_15)
FN:164,(anonymous_16)
FN:168,(anonymous_17)
FN:182,(anonymous_18)
FN:204,(anonymous_19)
FN:217,(anonymous_20)
FN:224,(anonymous_21)
FN:225,(anonymous_22)
FN:226,(anonymous_23)
FN:229,(anonymous_24)
FN:232,(anonymous_25)
FN:235,(anonymous_26)
FN:241,(anonymous_27)
FN:246,(anonymous_28)
FN:257,(anonymous_29)
FN:266,(anonymous_30)
FN:297,(anonymous_31)
FN:321,(anonymous_32)
FN:329,(anonymous_33)
FN:353,(anonymous_34)
FN:367,(anonymous_35)
FNF:30
FNH:12
FNDA:1,(anonymous_6)
FNDA:1,(anonymous_7)
FNDA:1,(anonymous_8)
FNDA:1,(anonymous_9)
FNDA:1,(anonymous_10)
FNDA:1,(anonymous_11)
FNDA:0,(anonymous_12)
FNDA:0,(anonymous_13)
FNDA:1,(anonymous_14)
FNDA:0,(anonymous_15)
FNDA:1,(anonymous_16)
FNDA:0,(anonymous_17)
FNDA:0,(anonymous_18)
FNDA:0,(anonymous_19)
FNDA:0,(anonymous_20)
FNDA:0,(anonymous_21)
FNDA:0,(anonymous_22)
FNDA:0,(anonymous_23)
FNDA:0,(anonymous_24)
FNDA:0,(anonymous_25)
FNDA:0,(anonymous_26)
FNDA:0,(anonymous_27)
FNDA:24,(anonymous_28)
FNDA:32,(anonymous_29)
FNDA:32,(anonymous_30)
FNDA:0,(anonymous_31)
FNDA:0,(anonymous_32)
FNDA:0,(anonymous_33)
FNDA:7,(anonymous_34)
FNDA:0,(anonymous_35)
DA:6,8
DA:10,8
DA:11,8
DA:14,8
DA:15,1
DA:24,1
DA:27,8
DA:28,1
DA:29,1
DA:31,1
DA:32,1
DA:37,1
DA:39,1
DA:41,1
DA:42,3
DA:43,1
DA:49,1
DA:50,1
DA:54,0
DA:58,1
DA:61,8
DA:66,1
DA:68,1
DA:69,1
DA:76,1
DA:77,1
DA:78,1
DA:80,1
DA:81,1
DA:82,1
DA:83,1
DA:85,1
DA:94,4
DA:95,4
DA:100,1
DA:101,0
DA:112,1
DA:114,1
DA:123,8
DA:124,1
DA:125,1
DA:126,1
DA:129,1
DA:130,0
DA:131,0
DA:133,0
DA:135,0
DA:137,0
DA:139,0
DA:141,0
DA:143,0
DA:147,0
DA:148,0
DA:150,0
DA:151,0
DA:153,0
DA:154,0
DA:157,0
DA:161,1
DA:164,8
DA:165,1
DA:168,8
DA:182,8
DA:184,0
DA:204,8
DA:210,0
DA:212,0
DA:213,0
DA:215,0
DA:216,0
DA:217,0
DA:223,0
DA:224,0
DA:225,0
DA:226,0
DA:229,0
DA:231,0
DA:233,0
DA:234,0
DA:235,0
DA:241,0
DA:243,0
DA:246,24
DA:252,8
DA:257,32
DA:266,32
DA:283,8
DA:297,0
DA:321,0
DA:329,0
DA:334,8
DA:353,8
DA:360,7
DA:364,7
DA:366,0
DA:367,0
DA:368,0
DA:369,0
DA:372,0
LF:99
LH:56
BRDA:18,0,0,1
BRDA:18,0,1,1
BRDA:29,1,0,0
BRDA:29,1,1,1
BRDA:49,2,0,1
BRDA:49,2,1,0
BRDA:68,3,0,0
BRDA:68,3,1,1
BRDA:125,4,0,1
BRDA:125,4,1,0
BRDA:125,5,0,1
BRDA:125,5,1,0
BRDA:129,6,0,0
BRDA:129,6,1,1
BRDA:131,7,0,0
BRDA:131,7,1,0
BRDA:134,8,0,0
BRDA:134,8,1,0
BRDA:134,8,2,0
BRDA:134,8,3,0
BRDA:134,8,4,0
BRDA:147,9,0,0
BRDA:147,9,1,0
BRDA:150,10,0,0
BRDA:150,10,1,0
BRDA:151,11,0,0
BRDA:151,11,1,0
BRDA:165,12,0,1
BRDA:165,12,1,1
BRDA:165,12,2,0
BRDA:212,13,0,0
BRDA:212,13,1,0
BRDA:218,14,0,0
BRDA:218,14,1,0
BRDA:218,14,2,0
BRDA:225,15,0,0
BRDA:225,15,1,0
BRDA:225,15,2,0
BRDA:237,16,0,0
BRDA:237,16,1,0
BRDA:249,17,0,24
BRDA:249,17,1,8
BRDA:249,17,2,16
BRDA:249,17,3,8
BRDA:249,17,4,8
BRDA:249,17,5,8
BRDA:249,17,6,0
BRDA:364,18,0,7
BRDA:364,18,1,0
BRF:49
BRH:17
end_of_record
TN:
SF:src/documentation/index.ts
FN:1,(anonymous_0)
FN:2,(anonymous_1)
FNF:2
FNH:1
FNDA:1,(anonymous_0)
FNDA:0,(anonymous_1)
DA:1,9
DA:2,8
LF:2
LH:2
BRF:0
BRH:0
end_of_record
TN:
SF:src/fixtures/index.ts
FN:59,(anonymous_19)
FN:71,(anonymous_20)
FN:81,(anonymous_23)
FN:82,(anonymous_24)
FN:84,(anonymous_25)
FN:85,(anonymous_26)
FN:89,(anonymous_27)
FNF:7
FNH:7
FNDA:160,(anonymous_19)
FNDA:2,(anonymous_20)
FNDA:6,(anonymous_23)
FNDA:6,(anonymous_24)
FNDA:20,(anonymous_25)
FNDA:20,(anonymous_26)
FNDA:2,(anonymous_27)
DA:1,8
DA:3,8
DA:5,8
DA:58,8
DA:59,160
DA:71,9
DA:72,1
DA:73,1
DA:74,1
DA:77,2
DA:78,2
DA:79,2
DA:81,6
DA:82,6
DA:84,20
DA:85,20
DA:87,1
DA:89,9
DA:90,1
DA:91,2
DA:92,2
DA:93,2
DA:94,2
LF:23
LH:23
BRDA:77,0,0,1
BRDA:72,1,0,0
BRDA:72,1,1,1
BRDA:90,2,0,0
BRDA:90,2,1,1
BRF:5
BRH:3
end_of_record
TN:
SF:src/fixtures/mockAuth.ts
FN:26,(anonymous_2)
FN:40,(anonymous_3)
FN:40,(anonymous_4)
FN:43,(anonymous_5)
FNF:4
FNH:1
FNDA:1,(anonymous_2)
FNDA:0,(anonymous_3)
FNDA:0,(anonymous_4)
FNDA:0,(anonymous_5)
DA:3,8
DA:7,8
DA:11,8
DA:15,8
DA:20,8
DA:26,8
DA:27,1
DA:28,1
DA:35,1
DA:36,1
DA:37,1
DA:40,8
DA:41,0
DA:42,0
DA:43,0
DA:45,0
DA:46,0
LF:17
LH:12
BRDA:27,0,0,1
BRDA:27,0,1,0
BRDA:41,1,0,0
BRDA:41,1,1,0
BRF:4
BRH:1
end_of_record
TN:
SF:src/logging/Logger.ts
FN:3,(anonymous_2)
FN:5,Logger
FN:9,(anonymous_4)
FN:13,(anonymous_5)
FN:17,(anonymous_6)
FN:21,(anonymous_7)
FN:25,(anonymous_8)
FNF:7
FNH:3
FNDA:8,(anonymous_2)
FNDA:1,Logger
FNDA:0,(anonymous_4)
FNDA:0,(anonymous_5)
FNDA:0,(anonymous_6)
FNDA:2,(anonymous_7)
FNDA:0,(anonymous_8)
DA:3,8
DA:5,1
DA:6,1
DA:9,8
DA:10,0
DA:13,8
DA:14,0
DA:17,8
DA:18,0
DA:21,8
DA:22,2
DA:25,8
DA:28,0
DA:30,0
DA:37,8
LF:15
LH:10
BRDA:5,0,0,0
BRDA:5,0,1,1
BRDA:13,1,0,0
BRDA:13,1,1,0
BRDA:28,2,0,0
BRDA:28,2,1,0
BRF:6
BRH:1
end_of_record
TN:
SF:src/logging/buildInitLoggerMW.ts
FN:7,(anonymous_13)
FN:8,(anonymous_14)
FN:8,(anonymous_15)
FNF:3
FNH:3
FNDA:1,(anonymous_13)
FNDA:1,(anonymous_14)
FNDA:1,(anonymous_15)
DA:2,8
DA:5,8
DA:7,8
DA:8,1
DA:9,1
DA:18,1
DA:19,1
DA:21,1
DA:22,1
LF:9
LH:9
BRF:0
BRH:0
end_of_record
TN:
SF:src/ops/buildCreateOp.ts
FN:7,(anonymous_13)
FN:14,(anonymous_14)
FN:14,(anonymous_15)
FNF:3
FNH:3
FNDA:1,(anonymous_13)
FNDA:1,(anonymous_14)
FNDA:1,(anonymous_15)
DA:7,8
DA:8,1
DA:9,1
DA:14,1
DA:15,1
DA:16,1
DA:18,1
DA:19,0
DA:20,0
DA:22,0
DA:23,0
DA:27,0
DA:31,1
DA:32,1
DA:33,1
DA:36,1
DA:38,1
DA:39,1
DA:41,1
DA:44,1
LF:20
LH:15
BRDA:18,0,0,0
BRDA:18,0,1,1
BRDA:32,1,0,1
BRDA:32,1,1,0
BRF:4
BRH:2
end_of_record
TN:
SF:src/ops/buildDeleteOp.ts
FN:4,(anonymous_13)
FN:5,(anonymous_14)
FN:5,(anonymous_15)
FNF:3
FNH:0
FNDA:0,(anonymous_13)
FNDA:0,(anonymous_14)
FNDA:0,(anonymous_15)
DA:4,8
DA:5,0
DA:6,0
DA:7,0
DA:10,0
DA:12,0
DA:13,0
DA:16,0
DA:19,0
DA:21,0
DA:24,0
LF:11
LH:1
BRDA:13,0,0,0
BRDA:13,0,1,0
BRDA:14,1,0,0
BRDA:14,1,1,0
BRF:4
BRH:0
end_of_record
TN:
SF:src/ops/buildGetOneOp.ts
FN:5,(anonymous_13)
FN:12,(anonymous_14)
FN:12,(anonymous_15)
FNF:3
FNH:0
FNDA:0,(anonymous_13)
FNDA:0,(anonymous_14)
FNDA:0,(anonymous_15)
DA:5,8
DA:6,0
DA:7,0
DA:12,0
DA:13,0
DA:17,0
DA:19,0
DA:20,0
DA:24,0
DA:27,0
DA:28,0
DA:29,0
DA:31,0
DA:32,0
DA:36,0
DA:40,0
DA:41,0
DA:43,0
DA:46,0
LF:19
LH:1
BRDA:21,0,0,0
BRDA:21,0,1,0
BRDA:27,1,0,0
BRDA:27,1,1,0
BRF:4
BRH:0
end_of_record
TN:
SF:src/ops/buildListOp.ts
FN:7,(anonymous_13)
FN:14,(anonymous_14)
FN:14,(anonymous_15)
FN:48,(anonymous_17)
FNF:4
FNH:0
FNDA:0,(anonymous_13)
FNDA:0,(anonymous_14)
FNDA:0,(anonymous_15)
FNDA:0,(anonymous_17)
DA:7,8
DA:8,0
DA:9,0
DA:14,0
DA:15,0
DA:23,0
DA:34,0
DA:36,0
DA:37,0
DA:41,0
DA:44,0
DA:46,0
DA:47,0
DA:48,0
DA:50,0
DA:51,0
DA:55,0
DA:59,0
DA:60,0
DA:62,0
DA:65,0
LF:21
LH:1
BRDA:28,0,0,0
BRDA:28,0,1,0
BRDA:38,1,0,0
BRDA:38,1,1,0
BRDA:39,2,0,0
BRDA:39,2,1,0
BRDA:46,3,0,0
BRDA:46,3,1,0
BRDA:52,4,0,0
BRDA:52,4,1,0
BRDA:53,5,0,0
BRDA:53,5,1,0
BRF:12
BRH:0
end_of_record
TN:
SF:src/ops/buildReplaceOp.ts
FN:4,(anonymous_13)
FN:5,(anonymous_14)
FN:5,(anonymous_15)
FNF:3
FNH:0
FNDA:0,(anonymous_13)
FNDA:0,(anonymous_14)
FNDA:0,(anonymous_15)
DA:4,8
DA:5,0
DA:6,0
DA:7,0
DA:10,0
DA:12,0
DA:13,0
DA:16,0
DA:20,0
DA:22,0
DA:25,0
LF:11
LH:1
BRDA:10,0,0,0
BRDA:10,0,1,0
BRDA:10,1,0,0
BRDA:10,1,1,0
BRDA:13,2,0,0
BRDA:13,2,1,0
BRDA:14,3,0,0
BRDA:14,3,1,0
BRF:8
BRH:0
end_of_record
TN:
SF:src/ops/buildUpdateOp.ts
FN:8,(anonymous_13)
FN:9,(anonymous_14)
FN:9,(anonymous_15)
FNF:3
FNH:0
FNDA:0,(anonymous_13)
FNDA:0,(anonymous_14)
FNDA:0,(anonymous_15)
DA:8,8
DA:9,0
DA:10,0
DA:12,0
DA:14,0
DA:15,0
DA:16,0
DA:18,0
DA:19,0
DA:22,0
DA:28,0
DA:35,0
DA:36,0
DA:39,0
DA:42,0
DA:43,0
DA:45,0
DA:48,0
LF:18
LH:1
BRDA:12,0,0,0
BRDA:12,0,1,0
BRDA:36,1,0,0
BRDA:36,1,1,0
BRDA:37,2,0,0
BRDA:37,2,1,0
BRF:6
BRH:0
end_of_record
TN:
SF:src/types/authorization.ts
FN:37,(anonymous_6)
FN:38,(anonymous_7)
FNF:2
FNH:0
FNDA:0,(anonymous_6)
FNDA:0,(anonymous_7)
DA:1,8
DA:3,8
DA:9,8
DA:15,8
DA:20,8
DA:26,8
DA:36,8
DA:37,0
DA:38,0
LF:9
LH:7
BRF:0
BRH:0
end_of_record
TN:
SF:src/types/database.ts
FNF:0
FNH:0
DA:1,8
DA:3,8
LF:2
LH:2
BRF:0
BRH:0
end_of_record
TN:
SF:src/types/operation.ts
FNF:0
FNH:0
DA:1,8
DA:2,8
DA:4,8
DA:16,8
DA:26,8
LF:5
LH:5
BRF:0
BRH:0
end_of_record
TN:
SF:src/types/resource.ts
FNF:0
FNH:0
DA:1,8
DA:2,8
DA:4,8
LF:3
LH:3
BRF:0
BRH:0
end_of_record
TN:
SF:src/types/schema.ts
FNF:0
FNH:0
DA:1,8
DA:2,8
DA:4,8
DA:6,8
LF:4
LH:4
BRF:0
BRH:0
end_of_record
TN:
SF:src/util/index.ts
FN:4,(anonymous_2)
FN:33,(anonymous_3)
FN:35,(anonymous_4)
FN:36,(anonymous_5)
FN:41,(anonymous_6)
FN:43,(anonymous_7)
FNF:6
FNH:1
FNDA:2,(anonymous_2)
FNDA:0,(anonymous_3)
FNDA:0,(anonymous_4)
FNDA:0,(anonymous_5)
FNDA:0,(anonymous_6)
FNDA:0,(anonymous_7)
DA:4,8
DA:5,2
DA:11,0
DA:24,8
DA:33,8
DA:35,8
DA:37,0
DA:38,0
DA:39,0
DA:41,0
DA:43,0
LF:11
LH:5
BRDA:5,0,0,2
BRDA:5,0,1,0
BRDA:5,1,0,2
BRDA:5,1,1,2
BRDA:33,2,0,0
BRDA:33,2,1,0
BRDA:38,3,0,0
BRDA:38,3,1,0
BRF:8
BRH:3
end_of_record
TN:
SF:src/validation/ValidatorProvider.ts
FN:4,(anonymous_0)
FN:7,(anonymous_2)
FN:11,(anonymous_3)
FNF:3
FNH:3
FNDA:9,(anonymous_0)
FNDA:1,(anonymous_2)
FNDA:1,(anonymous_3)
DA:4,9
DA:5,9
DA:7,9
DA:8,1
DA:11,9
DA:12,1
DA:13,1
DA:15,9
LF:8
LH:8
BRDA:12,0,0,0
BRDA:12,0,1,1
BRF:2
BRH:1
end_of_record
TN:
SF:src/validation/buildCreateValidator.ts
FN:6,(anonymous_0)
FN:8,(anonymous_1)
FN:12,(anonymous_2)
FNF:3
FNH:2
FNDA:1,(anonymous_0)
FNDA:1,(anonymous_1)
FNDA:0,(anonymous_2)
DA:3,8
DA:6,8
DA:7,1
DA:8,1
DA:9,1
DA:11,1
DA:12,0
DA:13,0
DA:14,0
DA:19,1
DA:22,1
LF:11
LH:8
BRDA:9,0,0,0
BRDA:9,0,1,1
BRDA:9,1,0,1
BRDA:9,1,1,1
BRDA:11,2,0,0
BRDA:11,2,1,1
BRDA:11,3,0,0
BRDA:11,3,1,1
BRDA:11,4,0,1
BRDA:11,4,1,1
BRF:10
BRH:7
end_of_record
TN:
SF:src/validation/buildListValidator.ts
FN:7,(anonymous_0)
FN:16,(anonymous_1)
FN:18,(anonymous_2)
FNF:3
FNH:0
FNDA:0,(anonymous_0)
FNDA:0,(anonymous_1)
FNDA:0,(anonymous_2)
DA:3,8
DA:7,8
DA:8,0
DA:9,0
DA:10,0
DA:11,0
DA:13,0
DA:16,8
DA:18,0
DA:19,0
DA:25,0
DA:26,0
DA:27,0
DA:28,0
DA:29,0
DA:30,0
DA:31,0
DA:33,0
DA:34,0
DA:36,0
DA:37,0
DA:38,0
DA:40,0
DA:41,0
DA:49,0
DA:52,0
LF:26
LH:3
BRDA:26,0,0,0
BRDA:26,0,1,0
BRDA:26,0,2,0
BRDA:27,1,0,0
BRDA:27,1,1,0
BRDA:27,1,2,0
BRDA:34,2,0,0
BRDA:34,2,1,0
BRDA:34,3,0,0
BRDA:34,3,1,0
BRDA:34,4,0,0
BRDA:34,4,1,0
BRDA:34,5,0,0
BRDA:34,5,1,0
BRDA:34,6,0,0
BRDA:34,6,1,0
BRDA:41,7,0,0
BRDA:41,7,1,0
BRDA:42,8,0,0
BRDA:42,8,1,0
BRF:20
BRH:0
end_of_record
TN:
SF:src/validation/buildPatchValidator.ts
FN:9,(anonymous_3)
FN:16,(anonymous_4)
FN:41,(anonymous_5)
FN:56,(anonymous_6)
FNF:4
FNH:1
FNDA:0,(anonymous_3)
FNDA:0,(anonymous_4)
FNDA:1,(anonymous_5)
FNDA:0,(anonymous_6)
DA:1,9
DA:3,9
DA:7,9
DA:9,9
DA:10,0
DA:12,0
DA:13,0
DA:16,0
DA:17,0
DA:18,0
DA:19,0
DA:20,0
DA:26,0
DA:27,0
DA:28,0
DA:29,0
DA:30,0
DA:35,0
DA:38,0
DA:41,9
DA:43,1
DA:46,1
DA:48,6
DA:49,6
DA:50,6
DA:51,6
DA:52,6
DA:53,6
DA:56,1
DA:57,0
DA:59,0
DA:60,0
DA:61,0
DA:62,0
DA:63,0
DA:66,0
DA:68,0
DA:69,0
DA:70,0
DA:71,0
DA:72,0
DA:76,0
LF:42
LH:14
BRDA:12,0,0,0
BRDA:12,0,1,0
BRDA:13,1,0,0
BRDA:13,1,1,0
BRDA:13,2,0,0
BRDA:13,2,1,0
BRDA:13,3,0,0
BRDA:13,3,1,0
BRDA:13,4,0,0
BRDA:13,4,1,0
BRDA:18,5,0,0
BRDA:18,5,1,0
BRDA:26,6,0,0
BRDA:26,6,1,0
BRDA:28,7,0,0
BRDA:28,7,1,0
BRDA:43,8,0,0
BRDA:43,8,1,1
BRDA:61,9,0,0
BRDA:61,9,1,0
BRDA:62,10,0,0
BRDA:62,10,1,0
BRF:22
BRH:1
end_of_record
TN:
SF:src/validation/index.ts
FN:16,(anonymous_1)
FN:45,(anonymous_3)
FN:54,(anonymous_4)
FN:58,(anonymous_5)
FN:62,(anonymous_6)
FN:65,(anonymous_7)
FN:68,(anonymous_8)
FN:78,(anonymous_9)
FN:79,(anonymous_10)
FN:90,(anonymous_11)
FNF:10
FNH:0
FNDA:0,(anonymous_1)
FNDA:0,(anonymous_3)
FNDA:0,(anonymous_4)
FNDA:0,(anonymous_5)
FNDA:0,(anonymous_6)
FNDA:0,(anonymous_7)
FNDA:0,(anonymous_8)
FNDA:0,(anonymous_9)
FNDA:0,(anonymous_10)
FNDA:0,(anonymous_11)
DA:8,8
DA:10,8
DA:16,8
DA:17,0
DA:18,0
DA:20,0
DA:22,0
DA:24,0
DA:25,0
DA:26,0
DA:28,0
DA:29,0
DA:30,0
DA:31,0
DA:36,0
DA:40,0
DA:42,0
DA:45,0
DA:48,0
DA:51,0
DA:54,8
DA:55,0
DA:58,8
DA:59,0
DA:60,0
DA:61,0
DA:62,0
DA:63,0
DA:64,0
DA:65,0
DA:67,0
DA:68,0
DA:69,0
DA:72,0
DA:76,8
DA:78,0
DA:79,0
DA:83,8
DA:90,8
DA:91,0
DA:92,0
LF:41
LH:8
BRDA:18,0,0,0
BRDA:18,0,1,0
BRDA:26,1,0,0
BRDA:26,1,1,0
BRDA:26,2,0,0
BRDA:26,2,1,0
BRDA:29,3,0,0
BRDA:29,3,1,0
BRDA:30,4,0,0
BRDA:30,4,1,0
BRDA:42,5,0,0
BRDA:42,5,1,0
BRDA:42,6,0,0
BRDA:42,6,1,0
BRDA:59,7,0,0
BRDA:59,7,1,0
BRDA:61,8,0,0
BRDA:61,8,1,0
BRDA:63,9,0,0
BRDA:63,9,1,0
BRDA:91,10,0,0
BRDA:91,10,1,0
BRF:22
BRH:0
end_of_record
