TN:
SF:src/RouterBuilder.ts
FN:36,(anonymous_15)
FN:44,RouterBuilder
FN:51,(anonymous_17)
FN:65,(anonymous_18)
FN:68,(anonymous_19)
FN:94,(anonymous_20)
FN:100,(anonymous_21)
FN:111,(anonymous_22)
FN:144,maybeRunCallbacks
FN:154,(anonymous_26)
FN:154,(anonymous_27)
FN:177,(anonymous_29)
FN:181,(anonymous_30)
FN:187,(anonymous_31)
FN:193,(anonymous_32)
FN:194,(anonymous_33)
FN:201,(anonymous_34)
FN:214,(anonymous_35)
FN:215,(anonymous_36)
FN:223,(anonymous_37)
FNF:20
FNH:17
FNDA:7,(anonymous_15)
FNDA:8,RouterBuilder
FNDA:8,(anonymous_17)
FNDA:13,(anonymous_18)
FNDA:5,(anonymous_19)
FNDA:13,(anonymous_20)
FNDA:19,(anonymous_21)
FNDA:19,(anonymous_22)
FNDA:60,maybeRunCallbacks
FNDA:6,(anonymous_26)
FNDA:6,(anonymous_27)
FNDA:8,(anonymous_29)
FNDA:6,(anonymous_30)
FNDA:0,(anonymous_31)
FNDA:0,(anonymous_32)
FNDA:0,(anonymous_33)
FNDA:19,(anonymous_34)
FNDA:9,(anonymous_35)
FNDA:21,(anonymous_36)
FNDA:18,(anonymous_37)
DA:2,7
DA:5,7
DA:7,7
DA:8,7
DA:9,7
DA:10,7
DA:11,7
DA:12,7
DA:13,7
DA:14,7
DA:15,7
DA:16,7
DA:18,7
DA:20,7
DA:21,7
DA:22,7
DA:23,7
DA:24,7
DA:25,7
DA:36,7
DA:38,8
DA:44,8
DA:45,8
DA:51,8
DA:52,8
DA:55,16
DA:56,13
DA:58,12
DA:59,12
DA:61,12
DA:64,8
DA:65,13
DA:67,8
DA:68,5
DA:70,8
DA:80,8
DA:83,8
DA:84,8
DA:86,8
DA:94,13
DA:98,13
DA:100,19
DA:104,13
DA:111,7
DA:112,19
DA:113,19
DA:115,19
DA:116,19
DA:118,19
DA:119,8
DA:122,19
DA:123,2
DA:124,2
DA:127,19
DA:128,18
DA:129,18
DA:130,18
DA:133,19
DA:135,19
DA:140,19
DA:142,19
DA:144,19
DA:145,60
DA:146,112
DA:147,8
DA:152,52
DA:153,52
DA:154,151
DA:156,12
DA:158,0
DA:163,6
DA:168,19
DA:170,19
DA:177,7
DA:178,8
DA:181,7
DA:182,6
DA:183,6
DA:184,6
DA:187,7
DA:190,7
DA:193,7
DA:194,0
DA:195,0
DA:198,0
DA:201,7
DA:202,19
DA:211,19
DA:214,7
DA:215,9
DA:216,21
DA:219,9
DA:223,7
DA:224,18
DA:231,18
LF:95
LH:91
BRDA:52,0,0,8
BRDA:52,0,1,0
BRDA:56,1,0,1
BRDA:56,1,1,12
BRDA:59,2,0,0
BRDA:59,2,1,12
BRDA:99,3,0,13
BRDA:99,3,1,0
BRDA:113,4,0,0
BRDA:113,4,1,19
BRDA:113,5,0,19
BRDA:113,5,1,19
BRDA:118,6,0,8
BRDA:118,6,1,11
BRDA:118,7,0,0
BRDA:118,7,1,19
BRDA:118,8,0,19
BRDA:118,8,1,19
BRDA:122,9,0,2
BRDA:122,9,1,17
BRDA:122,10,0,0
BRDA:122,10,1,19
BRDA:122,11,0,19
BRDA:122,11,1,19
BRDA:127,12,0,18
BRDA:127,12,1,1
BRDA:146,13,0,52
BRDA:146,13,1,8
BRDA:153,14,0,47
BRDA:153,14,1,5
BRDA:153,15,0,52
BRDA:153,15,1,52
BRDA:154,16,0,47
BRDA:154,16,1,5
BRDA:159,17,0,0
BRDA:159,17,1,0
BRDA:163,18,0,6
BRDA:163,18,1,6
BRDA:182,19,0,5
BRDA:182,19,1,1
BRDA:183,20,0,5
BRDA:183,20,1,1
BRDA:211,21,0,19
BRDA:211,21,1,0
BRDA:231,22,0,18
BRDA:231,22,1,9
BRF:46
BRH:37
end_of_record
TN:
SF:src/buildResourceSchemas.ts
FN:7,(anonymous_7)
FN:18,(anonymous_8)
FN:30,(anonymous_9)
FN:39,(anonymous_10)
FNF:4
FNH:4
FNDA:12,(anonymous_7)
FNDA:25,(anonymous_8)
FNDA:23,(anonymous_9)
FNDA:2,(anonymous_10)
DA:1,7
DA:2,7
DA:3,7
DA:4,7
DA:7,7
DA:8,12
DA:10,12
DA:12,12
DA:14,12
DA:18,7
DA:19,25
DA:21,25
DA:22,23
DA:23,2
DA:24,2
DA:25,0
DA:27,25
DA:30,7
DA:31,23
DA:32,23
DA:34,23
DA:37,7
DA:39,7
DA:40,2
DA:42,2
DA:44,2
DA:46,1
DA:48,1
DA:50,1
DA:51,0
DA:54,1
DA:56,1
LF:32
LH:30
BRDA:19,0,0,0
BRDA:19,0,1,25
BRDA:21,1,0,23
BRDA:21,1,1,2
BRDA:21,2,0,25
BRDA:21,2,1,2
BRDA:23,3,0,2
BRDA:23,3,1,0
BRDA:40,4,0,0
BRDA:40,4,1,2
BRDA:44,5,0,1
BRDA:44,5,1,1
BRDA:50,6,0,0
BRDA:50,6,1,1
BRF:14
BRH:10
end_of_record
TN:
SF:src/eighty.ts
FN:24,(anonymous_8)
FN:27,(anonymous_9)
FN:33,(anonymous_10)
FN:60,(anonymous_11)
FN:70,(anonymous_12)
FN:71,(anonymous_13)
FN:77,(anonymous_14)
FN:83,(anonymous_15)
FN:91,(anonymous_16)
FNF:9
FNH:7
FNDA:0,(anonymous_8)
FNDA:6,(anonymous_9)
FNDA:8,(anonymous_10)
FNDA:109,(anonymous_11)
FNDA:5,(anonymous_12)
FNDA:8,(anonymous_13)
FNDA:5,(anonymous_14)
FNDA:6,(anonymous_15)
FNDA:0,(anonymous_16)
DA:1,7
DA:2,7
DA:3,7
DA:4,7
DA:5,7
DA:6,7
DA:7,7
DA:24,7
DA:27,7
DA:28,6
DA:30,6
DA:33,7
DA:35,8
DA:36,2
DA:37,6
DA:38,6
DA:39,0
DA:40,0
DA:41,0
DA:43,0
DA:46,8
DA:49,8
DA:50,8
DA:51,8
DA:52,8
DA:54,8
DA:55,8
DA:57,8
DA:59,35
DA:60,109
DA:61,35
DA:65,8
DA:67,8
DA:68,8
DA:70,8
DA:71,8
DA:72,5
DA:73,0
DA:76,5
DA:78,5
DA:79,0
DA:82,5
DA:83,5
DA:84,6
DA:89,6
DA:91,5
DA:92,0
DA:97,0
DA:100,5
DA:105,8
DA:107,8
LF:51
LH:43
BRDA:35,0,0,2
BRDA:35,0,1,6
BRDA:37,1,0,6
BRDA:37,1,1,0
BRDA:39,2,0,0
BRDA:39,2,1,0
BRDA:72,3,0,0
BRDA:72,3,1,5
BRDA:78,4,0,0
BRDA:78,4,1,5
BRDA:78,5,0,5
BRDA:78,5,1,5
BRF:12
BRH:7
end_of_record
TN:
SF:src/errors.ts
FN:1,(anonymous_6)
FN:4,NotFoundError
FN:10,(anonymous_8)
FN:13,BadRequestError
FN:19,(anonymous_10)
FN:23,AuthorizationError
FNF:6
FNH:6
FNDA:7,(anonymous_6)
FNDA:3,NotFoundError
FNDA:7,(anonymous_8)
FNDA:4,BadRequestError
FNDA:7,(anonymous_10)
FNDA:2,AuthorizationError
DA:1,7
DA:2,3
DA:3,3
DA:4,3
DA:5,3
DA:6,3
DA:8,7
DA:10,7
DA:11,4
DA:12,4
DA:13,4
DA:14,4
DA:15,4
DA:17,7
DA:19,7
DA:20,2
DA:21,2
DA:23,2
DA:24,2
DA:25,2
DA:27,7
LF:21
LH:21
BRDA:4,0,0,0
BRDA:4,0,1,3
BRDA:5,1,0,3
BRDA:5,1,1,0
BRDA:13,2,0,0
BRDA:13,2,1,4
BRDA:14,3,0,4
BRDA:14,3,1,0
BRDA:23,4,0,0
BRDA:23,4,1,2
BRDA:24,5,0,2
BRDA:24,5,1,0
BRF:12
BRH:6
end_of_record
TN:
SF:src/auth/authentication.ts
FN:3,(anonymous_0)
FNF:1
FNH:1
FNDA:38,(anonymous_0)
DA:3,7
DA:4,38
DA:5,6
DA:6,6
DA:9,32
LF:5
LH:5
BRDA:4,0,0,6
BRDA:4,0,1,32
BRF:2
BRH:2
end_of_record
TN:
SF:src/auth/authorization.ts
FN:21,(anonymous_0)
FN:22,inGroup
FN:31,(anonymous_2)
FN:32,hasRole
FN:42,(anonymous_4)
FN:43,isResource
FN:46,(anonymous_6)
FN:47,isOwner
FN:57,(anonymous_8)
FN:58,(anonymous_9)
FN:61,(anonymous_10)
FN:70,(anonymous_11)
FN:71,(anonymous_12)
FN:79,(anonymous_13)
FN:88,(anonymous_14)
FN:89,(anonymous_15)
FN:97,(anonymous_16)
FN:100,(anonymous_17)
FN:101,(anonymous_18)
FN:101,(anonymous_19)
FN:102,(anonymous_20)
FN:102,(anonymous_21)
FN:104,(anonymous_22)
FN:107,(anonymous_23)
FN:127,(anonymous_24)
FN:128,(anonymous_25)
FNF:26
FNH:17
FNDA:0,(anonymous_0)
FNDA:0,inGroup
FNDA:1,(anonymous_2)
FNDA:1,hasRole
FNDA:1,(anonymous_4)
FNDA:2,isResource
FNDA:0,(anonymous_6)
FNDA:0,isOwner
FNDA:0,(anonymous_8)
FNDA:0,(anonymous_9)
FNDA:0,(anonymous_10)
FNDA:0,(anonymous_11)
FNDA:0,(anonymous_12)
FNDA:3,(anonymous_13)
FNDA:3,(anonymous_14)
FNDA:3,(anonymous_15)
FNDA:2,(anonymous_16)
FNDA:2,(anonymous_17)
FNDA:2,(anonymous_18)
FNDA:2,(anonymous_19)
FNDA:2,(anonymous_20)
FNDA:2,(anonymous_21)
FNDA:3,(anonymous_22)
FNDA:1,(anonymous_23)
FNDA:2,(anonymous_24)
FNDA:2,(anonymous_25)
DA:6,7
DA:21,7
DA:23,0
DA:24,0
DA:25,0
DA:27,0
DA:31,7
DA:33,1
DA:35,1
DA:36,1
DA:38,1
DA:42,7
DA:43,2
DA:46,7
DA:47,0
DA:50,7
DA:57,7
DA:58,7
DA:61,7
DA:66,0
DA:67,0
DA:69,0
DA:70,0
DA:71,0
DA:74,0
DA:76,0
DA:79,7
DA:84,3
DA:85,3
DA:87,3
DA:88,3
DA:89,3
DA:92,3
DA:94,3
DA:97,7
DA:98,2
DA:100,2
DA:101,2
DA:102,2
DA:104,2
DA:105,3
DA:106,1
DA:107,1
DA:108,1
DA:109,1
DA:110,1
DA:111,0
DA:113,1
DA:116,1
DA:117,1
DA:118,1
DA:120,0
DA:123,2
DA:124,0
DA:127,2
DA:128,2
DA:129,2
DA:132,2
DA:133,0
DA:135,2
DA:138,2
DA:139,2
DA:140,2
DA:144,2
DA:147,2
LF:65
LH:49
BRDA:25,0,0,0
BRDA:25,0,1,0
BRDA:27,1,0,0
BRDA:27,1,1,0
BRDA:36,2,0,1
BRDA:36,2,1,0
BRDA:38,3,0,1
BRDA:38,3,1,1
BRDA:57,4,0,0
BRDA:57,4,1,0
BRDA:58,5,0,0
BRDA:58,5,1,0
BRDA:66,6,0,0
BRDA:66,6,1,0
BRDA:84,7,0,3
BRDA:84,7,1,0
BRDA:98,8,0,2
BRDA:98,8,1,0
BRDA:105,9,0,1
BRDA:105,9,1,2
BRDA:108,10,0,1
BRDA:108,10,1,0
BRDA:110,11,0,0
BRDA:110,11,1,1
BRDA:116,12,0,1
BRDA:116,12,1,0
BRDA:123,13,0,0
BRDA:123,13,1,2
BRDA:129,14,0,2
BRDA:129,14,1,0
BRDA:132,15,0,0
BRDA:132,15,1,2
BRDA:138,16,0,2
BRDA:138,16,1,0
BRF:34
BRH:14
end_of_record
TN:
SF:src/auth/index.ts
FNF:0
FNH:0
DA:1,7
LF:1
LH:1
BRF:0
BRH:0
end_of_record
TN:
SF:src/const/operations.ts
FNF:0
FNH:0
DA:11,7
DA:21,7
LF:2
LH:2
BRF:0
BRH:0
end_of_record
TN:
SF:src/db/db.ts
FN:30,(anonymous_0)
FN:37,(anonymous_1)
FNF:2
FNH:2
FNDA:8,(anonymous_0)
FNDA:8,(anonymous_1)
DA:6,7
DA:30,7
DA:31,8
DA:34,7
DA:37,8
LF:5
LH:5
BRF:0
BRH:0
end_of_record
TN:
SF:src/db/mongodb.ts
FN:13,(anonymous_16)
FN:20,MongoDbClient
FN:26,(anonymous_18)
FN:33,(anonymous_21)
FN:37,(anonymous_24)
FN:64,(anonymous_27)
FN:79,(anonymous_28)
FN:96,(anonymous_31)
FN:119,(anonymous_34)
FN:141,(anonymous_37)
FN:152,(anonymous_38)
FN:162,(anonymous_41)
FN:170,(anonymous_44)
FN:204,(anonymous_45)
FN:206,(anonymous_46)
FN:222,(anonymous_47)
FN:223,(anonymous_48)
FNF:17
FNH:17
FNDA:7,(anonymous_16)
FNDA:8,MongoDbClient
FNDA:87,(anonymous_18)
FNDA:8,(anonymous_21)
FNDA:14,(anonymous_24)
FNDA:53,(anonymous_27)
FNDA:36,(anonymous_28)
FNDA:4,(anonymous_31)
FNDA:14,(anonymous_34)
FNDA:3,(anonymous_37)
FNDA:13,(anonymous_38)
FNDA:3,(anonymous_41)
FNDA:14,(anonymous_44)
FNDA:1,(anonymous_45)
FNDA:2,(anonymous_46)
FNDA:7,(anonymous_47)
FNDA:7,(anonymous_48)
DA:1,7
DA:3,7
DA:7,7
DA:9,7
DA:13,7
DA:14,8
DA:21,8
DA:22,8
DA:23,8
DA:26,7
DA:27,87
DA:28,7
DA:29,7
DA:30,7
DA:33,7
DA:34,16
DA:37,7
DA:38,14
DA:39,14
DA:40,14
DA:41,14
DA:42,14
DA:43,14
DA:45,28
DA:47,14
DA:49,14
DA:53,14
DA:54,2
DA:55,2
DA:59,14
DA:63,14
DA:64,14
DA:65,53
DA:66,53
DA:67,53
DA:70,14
DA:72,14
DA:79,7
DA:80,72
DA:82,36
DA:86,36
DA:90,33
DA:91,33
DA:93,33
DA:96,7
DA:97,8
DA:101,4
DA:105,4
DA:108,0
DA:109,0
DA:112,4
DA:114,4
DA:115,4
DA:116,4
DA:119,7
DA:120,28
DA:123,14
DA:125,14
DA:126,17
DA:127,17
DA:128,17
DA:130,2
DA:131,1
DA:132,1
DA:136,12
DA:137,12
DA:138,12
DA:139,12
DA:140,2
DA:141,3
DA:143,2
DA:147,20
DA:149,10
DA:152,7
DA:153,26
DA:155,13
DA:162,7
DA:163,6
DA:165,6
DA:168,7
DA:170,7
DA:171,14
DA:173,14
DA:174,14
DA:176,14
DA:178,28
DA:179,8
DA:180,1
DA:181,7
DA:182,0
DA:183,7
DA:184,0
DA:185,7
DA:186,7
DA:187,7
DA:188,7
DA:190,0
DA:193,0
DA:197,14
DA:198,0
DA:201,14
DA:204,7
DA:205,1
DA:206,1
DA:207,2
DA:208,0
DA:209,2
DA:212,1
DA:213,0
DA:214,0
DA:215,0
DA:216,0
DA:218,0
DA:222,7
DA:223,7
DA:224,7
DA:225,0
DA:228,7
DA:229,7
DA:230,1
DA:233,7
DA:236,7
LF:122
LH:108
BRDA:22,0,0,8
BRDA:22,0,1,8
BRDA:23,1,0,0
BRDA:23,1,1,8
BRDA:27,2,0,80
BRDA:27,2,1,7
BRDA:34,3,0,8
BRDA:34,4,0,1
BRDA:34,4,1,7
BRDA:34,5,0,8
BRDA:34,5,1,8
BRDA:39,6,0,0
BRDA:39,6,1,14
BRDA:40,7,0,0
BRDA:40,7,1,14
BRDA:42,8,0,12
BRDA:42,8,1,2
BRDA:43,9,0,0
BRDA:43,9,1,14
BRDA:45,10,0,14
BRDA:49,11,0,0
BRDA:49,11,1,14
BRDA:49,12,0,14
BRDA:49,12,1,14
BRDA:53,13,0,2
BRDA:53,13,1,12
BRDA:54,14,0,1
BRDA:54,14,1,1
BRDA:55,15,0,0
BRDA:55,15,1,2
BRDA:55,16,0,2
BRDA:55,16,1,2
BRDA:63,17,0,0
BRDA:63,17,1,14
BRDA:63,18,0,14
BRDA:63,18,1,14
BRDA:64,19,0,14
BRDA:64,19,1,0
BRDA:80,20,0,36
BRDA:86,21,0,3
BRDA:86,21,1,33
BRDA:97,22,0,4
BRDA:120,23,0,14
BRDA:130,24,0,1
BRDA:130,24,1,1
BRDA:137,25,0,12
BRDA:137,25,1,0
BRDA:139,26,0,2
BRDA:139,26,1,10
BRDA:153,27,0,13
BRDA:163,28,0,3
BRDA:171,29,0,0
BRDA:171,29,1,14
BRDA:179,30,0,1
BRDA:179,30,1,7
BRDA:181,31,0,0
BRDA:181,31,1,7
BRDA:183,32,0,0
BRDA:183,32,1,7
BRDA:185,33,0,7
BRDA:185,33,1,0
BRDA:187,34,0,7
BRDA:187,34,1,0
BRDA:197,35,0,0
BRDA:197,35,1,14
BRDA:205,36,0,1
BRDA:205,36,1,0
BRDA:207,37,0,0
BRDA:207,37,1,2
BRDA:213,38,0,0
BRDA:213,38,1,0
BRDA:215,39,0,0
BRDA:215,39,1,0
BRDA:224,40,0,0
BRDA:224,40,1,7
BRDA:229,41,0,1
BRDA:229,41,1,6
BRDA:229,42,0,7
BRDA:229,42,1,2
BRF:79
BRH:57
end_of_record
TN:
SF:src/documentation/buildChecklist.ts
FN:4,(anonymous_1)
FN:15,(anonymous_2)
FN:38,(anonymous_3)
FN:50,(anonymous_4)
FNF:4
FNH:4
FNDA:8,(anonymous_1)
FNDA:8,(anonymous_2)
FNDA:8,(anonymous_3)
FNDA:13,(anonymous_4)
DA:4,7
DA:6,8
DA:7,8
DA:9,8
DA:15,7
DA:18,8
DA:20,8
DA:21,8
DA:22,8
DA:24,0
DA:25,0
DA:26,0
DA:28,0
DA:31,8
DA:38,7
DA:39,8
DA:40,8
DA:42,13
DA:43,13
DA:44,13
DA:47,8
DA:50,7
DA:51,13
DA:52,13
DA:53,13
DA:54,0
DA:58,13
DA:63,13
DA:66,7
LF:29
LH:24
BRDA:19,0,0,8
BRDA:19,0,1,0
BRDA:19,0,2,0
BRDA:39,1,0,8
BRDA:39,1,1,0
BRDA:51,2,0,0
BRDA:51,2,1,13
BRDA:53,3,0,0
BRDA:53,3,1,13
BRDA:53,4,0,13
BRDA:53,4,1,8
BRF:11
BRH:6
end_of_record
TN:
SF:src/documentation/buildDocs.ts
FN:12,(anonymous_3)
FN:25,(anonymous_4)
FN:26,(anonymous_5)
FN:30,(anonymous_6)
FN:35,(anonymous_7)
FN:59,(anonymous_8)
FN:89,(anonymous_9)
FN:107,(anonymous_10)
FN:116,(anonymous_11)
FN:148,(anonymous_12)
FN:152,(anonymous_13)
FN:166,(anonymous_14)
FN:201,(anonymous_15)
FN:225,(anonymous_16)
FN:233,(anonymous_17)
FN:257,(anonymous_18)
FNF:16
FNH:16
FNDA:8,(anonymous_3)
FNDA:8,(anonymous_4)
FNDA:13,(anonymous_5)
FNDA:19,(anonymous_6)
FNDA:13,(anonymous_7)
FNDA:19,(anonymous_8)
FNDA:15,(anonymous_9)
FNDA:19,(anonymous_10)
FNDA:2,(anonymous_11)
FNDA:14,(anonymous_12)
FNDA:2,(anonymous_13)
FNDA:3,(anonymous_14)
FNDA:2,(anonymous_15)
FNDA:3,(anonymous_16)
FNDA:2,(anonymous_17)
FNDA:148,(anonymous_18)
DA:4,7
DA:8,7
DA:9,7
DA:12,7
DA:13,8
DA:22,8
DA:25,7
DA:26,8
DA:27,13
DA:29,13
DA:30,19
DA:35,13
DA:37,8
DA:39,19
DA:40,57
DA:41,19
DA:47,19
DA:48,14
DA:52,5
DA:56,8
DA:59,7
DA:64,19
DA:65,19
DA:66,19
DA:67,19
DA:69,19
DA:70,19
DA:71,19
DA:72,19
DA:74,19
DA:83,76
DA:84,76
DA:89,19
DA:98,19
DA:107,7
DA:108,19
DA:109,19
DA:110,8
DA:113,19
DA:114,2
DA:115,2
DA:117,2
DA:119,1
DA:121,0
DA:123,1
DA:125,0
DA:127,0
DA:131,2
DA:132,2
DA:134,0
DA:135,0
DA:137,0
DA:138,0
DA:141,0
DA:145,19
DA:148,7
DA:149,14
DA:152,7
DA:166,7
DA:168,3
DA:187,7
DA:201,2
DA:225,3
DA:233,2
DA:238,7
DA:257,7
DA:261,148
LF:67
LH:59
BRDA:16,0,0,8
BRDA:16,0,1,8
BRDA:27,1,0,0
BRDA:27,1,1,13
BRDA:47,2,0,14
BRDA:47,2,1,5
BRDA:109,3,0,8
BRDA:109,3,1,11
BRDA:109,4,0,19
BRDA:109,4,1,11
BRDA:113,5,0,2
BRDA:113,5,1,17
BRDA:115,6,0,2
BRDA:115,6,1,0
BRDA:118,7,0,1
BRDA:118,7,1,0
BRDA:118,7,2,1
BRDA:118,7,3,0
BRDA:118,7,4,0
BRDA:131,8,0,2
BRDA:131,8,1,0
BRDA:134,9,0,0
BRDA:134,9,1,0
BRDA:135,10,0,0
BRDA:135,10,1,0
BRDA:149,11,0,14
BRDA:149,11,1,13
BRDA:149,11,2,1
BRF:28
BRH:18
end_of_record
TN:
SF:src/documentation/index.ts
FN:1,(anonymous_0)
FN:2,(anonymous_1)
FNF:2
FNH:2
FNDA:8,(anonymous_0)
FNDA:8,(anonymous_1)
DA:1,15
DA:2,15
LF:2
LH:2
BRF:0
BRH:0
end_of_record
TN:
SF:src/fixtures/index.ts
FN:59,(anonymous_19)
FN:71,(anonymous_20)
FN:81,(anonymous_23)
FN:82,(anonymous_24)
FN:84,(anonymous_25)
FN:85,(anonymous_26)
FN:89,(anonymous_27)
FNF:7
FNH:7
FNDA:140,(anonymous_19)
FNDA:14,(anonymous_20)
FNDA:42,(anonymous_23)
FNDA:42,(anonymous_24)
FNDA:140,(anonymous_25)
FNDA:140,(anonymous_26)
FNDA:14,(anonymous_27)
DA:1,7
DA:3,7
DA:5,7
DA:58,7
DA:59,140
DA:71,14
DA:72,7
DA:73,7
DA:74,7
DA:77,14
DA:78,14
DA:79,14
DA:81,42
DA:82,42
DA:84,140
DA:85,140
DA:87,7
DA:89,14
DA:90,7
DA:91,14
DA:92,14
DA:93,14
DA:94,14
LF:23
LH:23
BRDA:77,0,0,7
BRDA:72,1,0,0
BRDA:72,1,1,7
BRDA:90,2,0,0
BRDA:90,2,1,7
BRF:5
BRH:3
end_of_record
TN:
SF:src/fixtures/mockAuth.ts
FN:26,(anonymous_2)
FN:39,(anonymous_3)
FN:39,(anonymous_4)
FN:42,(anonymous_5)
FNF:4
FNH:1
FNDA:74,(anonymous_2)
FNDA:0,(anonymous_3)
FNDA:0,(anonymous_4)
FNDA:0,(anonymous_5)
DA:3,7
DA:7,7
DA:11,7
DA:15,7
DA:20,7
DA:26,7
DA:27,74
DA:28,74
DA:35,74
DA:36,74
DA:39,7
DA:40,0
DA:41,0
DA:42,0
DA:44,0
DA:45,0
LF:16
LH:11
BRDA:27,0,0,74
BRDA:27,0,1,40
BRDA:40,1,0,0
BRDA:40,1,1,0
BRF:4
BRH:2
end_of_record
TN:
SF:src/logging/Logger.ts
FN:3,(anonymous_2)
FN:5,Logger
FN:9,(anonymous_4)
FN:13,(anonymous_5)
FN:17,(anonymous_6)
FN:21,(anonymous_7)
FN:25,(anonymous_8)
FNF:7
FNH:6
FNDA:7,(anonymous_2)
FNDA:74,Logger
FNDA:58,(anonymous_4)
FNDA:24,(anonymous_5)
FNDA:0,(anonymous_6)
FNDA:148,(anonymous_7)
FNDA:82,(anonymous_8)
DA:3,7
DA:5,74
DA:6,74
DA:9,7
DA:10,58
DA:13,48
DA:14,24
DA:17,7
DA:18,0
DA:21,7
DA:22,148
DA:25,7
DA:28,140
DA:30,82
DA:37,7
LF:15
LH:14
BRDA:5,0,0,0
BRDA:5,0,1,74
BRDA:13,1,0,24
BRDA:13,1,1,0
BRDA:28,2,0,58
BRDA:28,2,1,24
BRF:6
BRH:4
end_of_record
TN:
SF:src/logging/buildInitLoggerMW.ts
FN:7,(anonymous_13)
FN:8,(anonymous_14)
FN:8,(anonymous_15)
FNF:3
FNH:3
FNDA:19,(anonymous_13)
FNDA:74,(anonymous_14)
FNDA:74,(anonymous_15)
DA:2,7
DA:5,7
DA:7,7
DA:8,74
DA:9,74
DA:18,74
DA:19,74
DA:21,74
DA:22,74
LF:9
LH:9
BRF:0
BRH:0
end_of_record
TN:
SF:src/ops/buildCreateOp.ts
FN:7,(anonymous_13)
FN:14,(anonymous_14)
FN:14,(anonymous_15)
FNF:3
FNH:3
FNDA:2,(anonymous_13)
FNDA:4,(anonymous_14)
FNDA:4,(anonymous_15)
DA:7,7
DA:8,2
DA:9,2
DA:14,4
DA:15,4
DA:16,4
DA:18,4
DA:19,0
DA:20,0
DA:22,0
DA:23,0
DA:27,0
DA:31,4
DA:32,4
DA:33,3
DA:36,4
DA:38,4
DA:42,4
DA:43,4
DA:46,2
LF:20
LH:15
BRDA:18,0,0,0
BRDA:18,0,1,4
BRDA:32,1,0,3
BRDA:32,1,1,1
BRF:4
BRH:3
end_of_record
TN:
SF:src/ops/buildDeleteOp.ts
FN:4,(anonymous_13)
FN:5,(anonymous_14)
FN:5,(anonymous_15)
FNF:3
FNH:3
FNDA:2,(anonymous_13)
FNDA:3,(anonymous_14)
FNDA:3,(anonymous_15)
DA:4,7
DA:5,3
DA:6,3
DA:7,3
DA:10,6
DA:12,0
DA:13,0
DA:16,0
DA:19,3
DA:20,3
DA:23,2
LF:11
LH:8
BRDA:13,0,0,0
BRDA:13,0,1,0
BRDA:14,1,0,0
BRDA:14,1,1,0
BRF:4
BRH:0
end_of_record
TN:
SF:src/ops/buildGetOneOp.ts
FN:5,(anonymous_13)
FN:12,(anonymous_14)
FN:12,(anonymous_15)
FNF:3
FNH:3
FNDA:8,(anonymous_13)
FNDA:20,(anonymous_14)
FNDA:20,(anonymous_15)
DA:5,7
DA:6,8
DA:7,8
DA:12,20
DA:13,20
DA:17,20
DA:19,3
DA:20,3
DA:24,3
DA:27,17
DA:28,0
DA:29,0
DA:31,0
DA:32,0
DA:36,0
DA:40,17
DA:41,17
DA:45,17
DA:48,8
LF:19
LH:14
BRDA:21,0,0,3
BRDA:21,0,1,0
BRDA:27,1,0,0
BRDA:27,1,1,17
BRF:4
BRH:2
end_of_record
TN:
SF:src/ops/buildListOp.ts
FN:7,(anonymous_13)
FN:14,(anonymous_14)
FN:14,(anonymous_15)
FN:48,(anonymous_17)
FNF:4
FNH:3
FNDA:2,(anonymous_13)
FNDA:14,(anonymous_14)
FNDA:14,(anonymous_15)
FNDA:0,(anonymous_17)
DA:7,7
DA:8,2
DA:9,2
DA:14,14
DA:15,14
DA:23,14
DA:34,14
DA:36,0
DA:37,0
DA:41,0
DA:44,14
DA:46,14
DA:47,0
DA:48,0
DA:50,0
DA:51,0
DA:55,0
DA:59,14
DA:62,14
DA:65,2
LF:20
LH:12
BRDA:28,0,0,2
BRDA:28,0,1,12
BRDA:38,1,0,0
BRDA:38,1,1,0
BRDA:39,2,0,0
BRDA:39,2,1,0
BRDA:46,3,0,0
BRDA:46,3,1,14
BRDA:52,4,0,0
BRDA:52,4,1,0
BRDA:53,5,0,0
BRDA:53,5,1,0
BRF:12
BRH:3
end_of_record
TN:
SF:src/ops/buildReplaceOp.ts
FN:4,(anonymous_13)
FN:5,(anonymous_14)
FN:5,(anonymous_15)
FNF:3
FNH:3
FNDA:2,(anonymous_13)
FNDA:3,(anonymous_14)
FNDA:3,(anonymous_15)
DA:4,7
DA:5,3
DA:6,3
DA:7,3
DA:10,6
DA:12,0
DA:13,0
DA:16,0
DA:20,3
DA:21,3
DA:24,2
LF:11
LH:8
BRDA:10,0,0,2
BRDA:10,0,1,1
BRDA:10,1,0,3
BRDA:10,1,1,3
BRDA:13,2,0,0
BRDA:13,2,1,0
BRDA:14,3,0,0
BRDA:14,3,1,0
BRF:8
BRH:4
end_of_record
TN:
SF:src/ops/buildUpdateOp.ts
FN:8,(anonymous_13)
FN:9,(anonymous_14)
FN:9,(anonymous_15)
FNF:3
FNH:3
FNDA:3,(anonymous_13)
FNDA:16,(anonymous_14)
FNDA:16,(anonymous_15)
DA:8,7
DA:9,16
DA:10,16
DA:12,16
DA:14,2
DA:15,2
DA:16,2
DA:18,2
DA:19,2
DA:22,2
DA:28,14
DA:35,3
DA:36,3
DA:39,3
DA:42,11
DA:44,11
DA:47,11
DA:50,3
LF:18
LH:18
BRDA:12,0,0,14
BRDA:12,0,1,2
BRDA:36,1,0,3
BRDA:36,1,1,0
BRDA:37,2,0,3
BRDA:37,2,1,0
BRF:6
BRH:4
end_of_record
TN:
SF:src/types/authorization.ts
FN:37,(anonymous_6)
FN:38,(anonymous_7)
FNF:2
FNH:0
FNDA:0,(anonymous_6)
FNDA:0,(anonymous_7)
DA:1,7
DA:3,7
DA:9,7
DA:15,7
DA:20,7
DA:26,7
DA:36,7
DA:37,0
DA:38,0
LF:9
LH:7
BRF:0
BRH:0
end_of_record
TN:
SF:src/types/database.ts
FNF:0
FNH:0
DA:1,7
DA:3,7
LF:2
LH:2
BRF:0
BRH:0
end_of_record
TN:
SF:src/types/operation.ts
FNF:0
FNH:0
DA:1,7
DA:2,7
DA:4,7
DA:16,7
DA:26,7
LF:5
LH:5
BRF:0
BRH:0
end_of_record
TN:
SF:src/types/resource.ts
FNF:0
FNH:0
DA:1,7
DA:2,7
DA:4,7
LF:3
LH:3
BRF:0
BRH:0
end_of_record
TN:
SF:src/types/schema.ts
FNF:0
FNH:0
DA:1,7
DA:2,7
DA:4,7
DA:6,7
LF:4
LH:4
BRF:0
BRH:0
end_of_record
TN:
SF:src/util/index.ts
FN:4,(anonymous_0)
FNF:1
FNH:1
FNDA:38,(anonymous_0)
DA:4,7
DA:5,38
DA:11,30
DA:24,7
LF:4
LH:4
BRDA:5,0,0,8
BRDA:5,0,1,30
BRDA:5,1,0,38
BRDA:5,1,1,34
BRF:4
BRH:4
end_of_record
TN:
SF:src/validation/ValidatorProvider.ts
FN:4,(anonymous_0)
FN:7,(anonymous_2)
FN:11,(anonymous_3)
FNF:3
FNH:3
FNDA:8,(anonymous_0)
FNDA:12,(anonymous_2)
FNDA:34,(anonymous_3)
DA:4,8
DA:5,8
DA:7,8
DA:8,12
DA:11,8
DA:12,34
DA:13,34
DA:15,8
LF:8
LH:8
BRDA:12,0,0,0
BRDA:12,0,1,34
BRF:2
BRH:1
end_of_record
TN:
SF:src/validation/buildCreateValidator.ts
FN:6,(anonymous_0)
FN:8,(anonymous_1)
FN:12,(anonymous_2)
FNF:3
FNH:3
FNDA:4,(anonymous_0)
FNDA:11,(anonymous_1)
FNDA:6,(anonymous_2)
DA:3,7
DA:6,7
DA:7,4
DA:8,4
DA:9,11
DA:11,11
DA:12,6
DA:13,4
DA:14,4
DA:19,7
DA:22,4
LF:11
LH:11
BRDA:9,0,0,0
BRDA:9,0,1,11
BRDA:9,1,0,11
BRDA:9,1,1,11
BRDA:11,2,0,4
BRDA:11,2,1,7
BRDA:11,3,0,0
BRDA:11,3,1,11
BRDA:11,4,0,11
BRDA:11,4,1,11
BRF:10
BRH:8
end_of_record
TN:
SF:src/validation/buildListValidator.ts
FN:7,(anonymous_0)
FN:16,(anonymous_1)
FN:18,(anonymous_2)
FNF:3
FNH:3
FNDA:15,(anonymous_0)
FNDA:2,(anonymous_1)
FNDA:15,(anonymous_2)
DA:3,7
DA:7,7
DA:8,15
DA:9,15
DA:10,15
DA:11,15
DA:13,15
DA:16,7
DA:18,2
DA:19,15
DA:25,60
DA:26,15
DA:27,15
DA:28,15
DA:29,15
DA:30,15
DA:31,15
DA:33,15
DA:34,15
DA:36,15
DA:37,15
DA:38,14
DA:40,1
DA:41,1
DA:49,14
DA:52,2
LF:26
LH:26
BRDA:26,0,0,15
BRDA:26,0,1,2
BRDA:26,0,2,13
BRDA:27,1,0,15
BRDA:27,1,1,1
BRDA:27,1,2,14
BRDA:34,2,0,15
BRDA:34,2,1,0
BRDA:34,3,0,0
BRDA:34,3,1,15
BRDA:34,4,0,15
BRDA:34,4,1,15
BRDA:34,5,0,0
BRDA:34,5,1,15
BRDA:34,6,0,15
BRDA:34,6,1,15
BRDA:41,7,0,1
BRDA:41,7,1,0
BRDA:42,8,0,1
BRDA:42,8,1,0
BRF:20
BRH:15
end_of_record
TN:
SF:src/validation/buildPatchValidator.ts
FN:9,(anonymous_0)
FN:16,(anonymous_1)
FN:41,(anonymous_2)
FN:56,(anonymous_3)
FNF:4
FNH:4
FNDA:3,(anonymous_0)
FNDA:18,(anonymous_1)
FNDA:4,(anonymous_2)
FNDA:22,(anonymous_3)
DA:1,8
DA:3,8
DA:7,8
DA:9,8
DA:10,3
DA:12,3
DA:13,3
DA:16,3
DA:17,18
DA:18,18
DA:19,1
DA:20,1
DA:26,17
DA:27,17
DA:28,17
DA:29,1
DA:30,1
DA:35,16
DA:38,3
DA:41,8
DA:43,6
DA:46,4
DA:48,33
DA:49,33
DA:50,33
DA:51,33
DA:52,33
DA:53,33
DA:56,4
DA:57,22
DA:59,44
DA:60,26
DA:61,26
DA:62,7
DA:63,0
DA:66,7
DA:68,19
DA:69,19
DA:70,19
DA:71,4
DA:72,4
DA:76,22
LF:42
LH:41
BRDA:12,0,0,3
BRDA:12,0,1,0
BRDA:13,1,0,0
BRDA:13,1,1,3
BRDA:13,2,0,3
BRDA:13,2,1,3
BRDA:13,3,0,0
BRDA:13,3,1,3
BRDA:13,4,0,3
BRDA:13,4,1,3
BRDA:18,5,0,1
BRDA:18,5,1,17
BRDA:26,6,0,17
BRDA:26,6,1,0
BRDA:28,7,0,1
BRDA:28,7,1,16
BRDA:43,8,0,2
BRDA:43,8,1,2
BRDA:61,9,0,7
BRDA:61,9,1,19
BRDA:62,10,0,0
BRDA:62,10,1,7
BRF:22
BRH:17
end_of_record
TN:
SF:src/validation/index.ts
FN:16,(anonymous_0)
FN:45,(anonymous_2)
FN:54,(anonymous_3)
FN:58,(anonymous_4)
FN:62,(anonymous_5)
FN:65,(anonymous_6)
FN:68,(anonymous_7)
FN:78,(anonymous_8)
FN:79,(anonymous_9)
FN:90,(anonymous_10)
FNF:10
FNH:10
FNDA:15,(anonymous_0)
FNDA:6,(anonymous_2)
FNDA:9,(anonymous_3)
FNDA:12,(anonymous_4)
FNDA:4,(anonymous_5)
FNDA:6,(anonymous_6)
FNDA:6,(anonymous_7)
FNDA:2,(anonymous_8)
FNDA:3,(anonymous_9)
FNDA:6,(anonymous_10)
DA:8,7
DA:10,7
DA:16,7
DA:17,15
DA:18,15
DA:20,0
DA:22,15
DA:24,15
DA:25,9
DA:26,9
DA:28,9
DA:29,9
DA:30,3
DA:31,1
DA:36,2
DA:40,6
DA:42,6
DA:45,6
DA:48,6
DA:51,14
DA:54,7
DA:55,9
DA:58,7
DA:59,12
DA:60,4
DA:61,8
DA:62,4
DA:63,6
DA:64,6
DA:65,6
DA:67,6
DA:68,6
DA:69,6
DA:72,0
DA:76,7
DA:78,2
DA:79,3
DA:83,7
DA:90,7
DA:91,6
DA:92,0
LF:41
LH:38
BRDA:18,0,0,0
BRDA:18,0,1,15
BRDA:26,1,0,3
BRDA:26,1,1,6
BRDA:26,2,0,9
BRDA:26,2,1,9
BRDA:29,3,0,3
BRDA:29,3,1,6
BRDA:30,4,0,1
BRDA:30,4,1,2
BRDA:42,5,0,6
BRDA:42,5,1,0
BRDA:42,6,0,6
BRDA:42,6,1,6
BRDA:59,7,0,4
BRDA:59,7,1,8
BRDA:61,8,0,2
BRDA:61,8,1,6
BRDA:63,9,0,6
BRDA:63,9,1,0
BRDA:91,10,0,0
BRDA:91,10,1,6
BRF:22
BRH:18
end_of_record
